-- Install configuration: ""
-- Up-to-date: /home/vincent/pfe/ws/install/crawler/share/crawler/description
-- Up-to-date: /home/vincent/pfe/ws/install/crawler/share/crawler/description/ros2_control.xacro
-- Up-to-date: /home/vincent/pfe/ws/install/crawler/share/crawler/description/robot_core.xacro
-- Up-to-date: /home/vincent/pfe/ws/install/crawler/share/crawler/description/robot.urdf.xacro
-- Up-to-date: /home/vincent/pfe/ws/install/crawler/share/crawler/launch
-- Up-to-date: /home/vincent/pfe/ws/install/crawler/share/crawler/launch/robot.launch.py
-- Up-to-date: /home/vincent/pfe/ws/install/crawler/share/crawler/launch/rsp.launch.py
-- Up-to-date: /home/vincent/pfe/ws/install/crawler/share/crawler/meshes
-- Up-to-date: /home/vincent/pfe/ws/install/crawler/share/crawler/meshes/chassis.dae
-- Up-to-date: /home/vincent/pfe/ws/install/crawler/share/crawler/meshes/chassis.stl
-- Up-to-date: /home/vincent/pfe/ws/install/crawler/share/ament_index/resource_index/package_run_dependencies/crawler
-- Up-to-date: /home/vincent/pfe/ws/install/crawler/share/ament_index/resource_index/parent_prefix_path/crawler
-- Up-to-date: /home/vincent/pfe/ws/install/crawler/share/crawler/environment/ament_prefix_path.sh
-- Up-to-date: /home/vincent/pfe/ws/install/crawler/share/crawler/environment/ament_prefix_path.dsv
-- Up-to-date: /home/vincent/pfe/ws/install/crawler/share/crawler/environment/path.sh
-- Up-to-date: /home/vincent/pfe/ws/install/crawler/share/crawler/environment/path.dsv
-- Up-to-date: /home/vincent/pfe/ws/install/crawler/share/crawler/local_setup.bash
-- Up-to-date: /home/vincent/pfe/ws/install/crawler/share/crawler/local_setup.sh
-- Up-to-date: /home/vincent/pfe/ws/install/crawler/share/crawler/local_setup.zsh
-- Up-to-date: /home/vincent/pfe/ws/install/crawler/share/crawler/local_setup.dsv
-- Installing: /home/vincent/pfe/ws/install/crawler/share/crawler/package.dsv
-- Up-to-date: /home/vincent/pfe/ws/install/crawler/share/ament_index/resource_index/packages/crawler
-- Up-to-date: /home/vincent/pfe/ws/install/crawler/share/crawler/cmake/crawlerConfig.cmake
-- Up-to-date: /home/vincent/pfe/ws/install/crawler/share/crawler/cmake/crawlerConfig-version.cmake
-- Up-to-date: /home/vincent/pfe/ws/install/crawler/share/crawler/package.xml
