[0.015s] Invoking command in '/home/vincent/pfe/ws/build/skid_drive_controller': CMAKE_PREFIX_PATH=${CMAKE_PREFIX_PATH}:/opt/ros/humble /usr/bin/cmake --build /home/vincent/pfe/ws/build/skid_drive_controller -- -j16 -l16
[0.070s] [ 20%] Built target skid_drive_controller_parameters
[0.102s] [100%] Built target skid_drive_controller
[0.122s] Invoked command in '/home/vincent/pfe/ws/build/skid_drive_controller' returned '0': CMAKE_PREFIX_PATH=${CMAKE_PREFIX_PATH}:/opt/ros/humble /usr/bin/cmake --build /home/vincent/pfe/ws/build/skid_drive_controller -- -j16 -l16
[0.158s] Invoking command in '/home/vincent/pfe/ws/build/skid_drive_controller': CMAKE_PREFIX_PATH=${CMAKE_PREFIX_PATH}:/opt/ros/humble /usr/bin/cmake --install /home/vincent/pfe/ws/build/skid_drive_controller
[0.167s] -- Install configuration: "RelWithDebInfo"
[0.167s] -- Execute custom install script
[0.167s] -- Up-to-date symlink: /home/vincent/pfe/ws/install/skid_drive_controller/include/skid_drive_controller_parameters/skid_drive_controller_parameters.hpp
[0.168s] -- Up-to-date symlink: /home/vincent/pfe/ws/install/skid_drive_controller/share/skid_drive_controller//skid_drive_plugin.xml
[0.168s] -- Up-to-date symlink: /home/vincent/pfe/ws/install/skid_drive_controller/include/skid_drive_controller/skid_drive_controller/odometry.hpp
[0.168s] -- Up-to-date symlink: /home/vincent/pfe/ws/install/skid_drive_controller/include/skid_drive_controller/skid_drive_controller/skid_drive_controller.hpp
[0.168s] -- Up-to-date symlink: /home/vincent/pfe/ws/install/skid_drive_controller/include/skid_drive_controller/skid_drive_controller/speed_limiter.hpp
[0.168s] -- Up-to-date symlink: /home/vincent/pfe/ws/install/skid_drive_controller/include/skid_drive_controller/skid_drive_controller/visibility_control.h
[0.168s] -- Up-to-date symlink: /home/vincent/pfe/ws/install/skid_drive_controller/share/skid_drive_controller/environment/library_path.sh
[0.168s] -- Up-to-date symlink: /home/vincent/pfe/ws/install/skid_drive_controller/share/skid_drive_controller/environment/library_path.dsv
[0.169s] -- Up-to-date symlink: /home/vincent/pfe/ws/install/skid_drive_controller/share/ament_index/resource_index/package_run_dependencies/skid_drive_controller
[0.169s] -- Up-to-date symlink: /home/vincent/pfe/ws/install/skid_drive_controller/share/ament_index/resource_index/parent_prefix_path/skid_drive_controller
[0.169s] -- Up-to-date symlink: /home/vincent/pfe/ws/install/skid_drive_controller/share/skid_drive_controller/environment/ament_prefix_path.sh
[0.169s] -- Up-to-date symlink: /home/vincent/pfe/ws/install/skid_drive_controller/share/skid_drive_controller/environment/ament_prefix_path.dsv
[0.169s] -- Up-to-date symlink: /home/vincent/pfe/ws/install/skid_drive_controller/share/skid_drive_controller/environment/path.sh
[0.169s] -- Up-to-date symlink: /home/vincent/pfe/ws/install/skid_drive_controller/share/skid_drive_controller/environment/path.dsv
[0.169s] -- Up-to-date symlink: /home/vincent/pfe/ws/install/skid_drive_controller/share/skid_drive_controller/local_setup.bash
[0.169s] -- Up-to-date symlink: /home/vincent/pfe/ws/install/skid_drive_controller/share/skid_drive_controller/local_setup.sh
[0.170s] -- Up-to-date symlink: /home/vincent/pfe/ws/install/skid_drive_controller/share/skid_drive_controller/local_setup.zsh
[0.170s] -- Up-to-date symlink: /home/vincent/pfe/ws/install/skid_drive_controller/share/skid_drive_controller/local_setup.dsv
[0.170s] -- Symlinking: /home/vincent/pfe/ws/install/skid_drive_controller/share/skid_drive_controller/package.dsv
[0.182s] -- Up-to-date symlink: /home/vincent/pfe/ws/install/skid_drive_controller/share/ament_index/resource_index/packages/skid_drive_controller
[0.182s] -- Up-to-date symlink: /home/vincent/pfe/ws/install/skid_drive_controller/share/ament_index/resource_index/controller_interface__pluginlib__plugin/skid_drive_controller
[0.182s] -- Up-to-date symlink: /home/vincent/pfe/ws/install/skid_drive_controller/share/skid_drive_controller/cmake/ament_cmake_export_targets-extras.cmake
[0.182s] -- Up-to-date symlink: /home/vincent/pfe/ws/install/skid_drive_controller/share/skid_drive_controller/cmake/ament_cmake_export_dependencies-extras.cmake
[0.182s] -- Up-to-date symlink: /home/vincent/pfe/ws/install/skid_drive_controller/share/skid_drive_controller/cmake/skid_drive_controllerConfig.cmake
[0.182s] -- Up-to-date symlink: /home/vincent/pfe/ws/install/skid_drive_controller/share/skid_drive_controller/cmake/skid_drive_controllerConfig-version.cmake
[0.182s] -- Up-to-date symlink: /home/vincent/pfe/ws/install/skid_drive_controller/share/skid_drive_controller/package.xml
[0.182s] -- Up-to-date: /home/vincent/pfe/ws/install/skid_drive_controller/lib/libskid_drive_controller.so
[0.183s] -- Up-to-date: /home/vincent/pfe/ws/install/skid_drive_controller/share/skid_drive_controller/cmake/export_skid_drive_controllerExport.cmake
[0.183s] -- Up-to-date: /home/vincent/pfe/ws/install/skid_drive_controller/share/skid_drive_controller/cmake/export_skid_drive_controllerExport-relwithdebinfo.cmake
[0.186s] Invoked command in '/home/vincent/pfe/ws/build/skid_drive_controller' returned '0': CMAKE_PREFIX_PATH=${CMAKE_PREFIX_PATH}:/opt/ros/humble /usr/bin/cmake --install /home/vincent/pfe/ws/build/skid_drive_controller
