[0.025s] Invoking command in '/home/vincent/pfe/ws/build/crawler': CMAKE_PREFIX_PATH=${CMAKE_PREFIX_PATH}:/opt/ros/humble /usr/bin/cmake --build /home/vincent/pfe/ws/build/crawler -- -j16 -l16
[0.092s] Invoked command in '/home/vincent/pfe/ws/build/crawler' returned '0': CMAKE_PREFIX_PATH=${CMAKE_PREFIX_PATH}:/opt/ros/humble /usr/bin/cmake --build /home/vincent/pfe/ws/build/crawler -- -j16 -l16
[0.153s] Invoking command in '/home/vincent/pfe/ws/build/crawler': CMAKE_PREFIX_PATH=${CMAKE_PREFIX_PATH}:/opt/ros/humble /usr/bin/cmake --install /home/vincent/pfe/ws/build/crawler
[0.167s] -- Install configuration: "RelWithDebInfo"
[0.168s] -- Execute custom install script
[0.168s] -- Up-to-date symlink: /home/vincent/pfe/ws/install/crawler/share/crawler/description/robot.urdf.xacro
[0.168s] -- Up-to-date symlink: /home/vincent/pfe/ws/install/crawler/share/crawler/description/robot_core.xacro
[0.168s] -- Up-to-date symlink: /home/vincent/pfe/ws/install/crawler/share/crawler/description/ros2_control.xacro
[0.169s] -- Up-to-date symlink: /home/vincent/pfe/ws/install/crawler/share/crawler/launch/robot.launch.py
[0.169s] -- Up-to-date symlink: /home/vincent/pfe/ws/install/crawler/share/crawler/launch/rsp.launch.py
[0.169s] -- Up-to-date symlink: /home/vincent/pfe/ws/install/crawler/share/crawler/meshes/chassis.dae
[0.169s] -- Up-to-date symlink: /home/vincent/pfe/ws/install/crawler/share/crawler/meshes/chassis.stl
[0.170s] -- Up-to-date symlink: /home/vincent/pfe/ws/install/crawler/share/ament_index/resource_index/package_run_dependencies/crawler
[0.170s] -- Up-to-date symlink: /home/vincent/pfe/ws/install/crawler/share/ament_index/resource_index/parent_prefix_path/crawler
[0.170s] -- Up-to-date symlink: /home/vincent/pfe/ws/install/crawler/share/crawler/environment/ament_prefix_path.sh
[0.171s] -- Up-to-date symlink: /home/vincent/pfe/ws/install/crawler/share/crawler/environment/ament_prefix_path.dsv
[0.171s] -- Up-to-date symlink: /home/vincent/pfe/ws/install/crawler/share/crawler/environment/path.sh
[0.171s] -- Up-to-date symlink: /home/vincent/pfe/ws/install/crawler/share/crawler/environment/path.dsv
[0.171s] -- Up-to-date symlink: /home/vincent/pfe/ws/install/crawler/share/crawler/local_setup.bash
[0.172s] -- Up-to-date symlink: /home/vincent/pfe/ws/install/crawler/share/crawler/local_setup.sh
[0.172s] -- Up-to-date symlink: /home/vincent/pfe/ws/install/crawler/share/crawler/local_setup.zsh
[0.172s] -- Up-to-date symlink: /home/vincent/pfe/ws/install/crawler/share/crawler/local_setup.dsv
[0.172s] -- Symlinking: /home/vincent/pfe/ws/install/crawler/share/crawler/package.dsv
[0.193s] -- Up-to-date symlink: /home/vincent/pfe/ws/install/crawler/share/ament_index/resource_index/packages/crawler
[0.193s] -- Up-to-date symlink: /home/vincent/pfe/ws/install/crawler/share/crawler/cmake/crawlerConfig.cmake
[0.193s] -- Up-to-date symlink: /home/vincent/pfe/ws/install/crawler/share/crawler/cmake/crawlerConfig-version.cmake
[0.194s] -- Up-to-date symlink: /home/vincent/pfe/ws/install/crawler/share/crawler/package.xml
[0.198s] Invoked command in '/home/vincent/pfe/ws/build/crawler' returned '0': CMAKE_PREFIX_PATH=${CMAKE_PREFIX_PATH}:/opt/ros/humble /usr/bin/cmake --install /home/vincent/pfe/ws/build/crawler
