[0.014s] Invoking command in '/home/vincent/pfe/ws/build/diffdrive_arduino': CMAKE_PREFIX_PATH=${CMAKE_PREFIX_PATH}:/opt/ros/humble /usr/bin/cmake /home/vincent/pfe/ws/src/diffdrive_arduino -DCMAKE_INSTALL_PREFIX=/home/vincent/pfe/ws/install/diffdrive_arduino
[0.070s] -- The CXX compiler identification is GNU 11.4.0
[0.077s] -- Detecting CXX compiler ABI info
[0.155s] -- Detecting CXX compiler ABI info - done
[0.161s] -- Check for working CXX compiler: /usr/bin/c++ - skipped
[0.162s] -- Detecting CXX compile features
[0.162s] -- Detecting CXX compile features - done
[0.167s] -- Found ament_cmake: 1.3.9 (/opt/ros/humble/share/ament_cmake/cmake)
[0.290s] -- Found Python3: /usr/bin/python3 (found version "3.10.12") found components: Interpreter 
[0.370s] -- Found hardware_interface: 2.41.0 (/opt/ros/humble/share/hardware_interface/cmake)
[0.416s] -- Found rosidl_generator_c: 3.1.5 (/opt/ros/humble/share/rosidl_generator_c/cmake)
[0.422s] -- Found rosidl_adapter: 3.1.5 (/opt/ros/humble/share/rosidl_adapter/cmake)
[0.430s] -- Found rosidl_generator_cpp: 3.1.5 (/opt/ros/humble/share/rosidl_generator_cpp/cmake)
[0.442s] -- Using all available rosidl_typesupport_c: rosidl_typesupport_fastrtps_c;rosidl_typesupport_introspection_c
[0.459s] -- Using all available rosidl_typesupport_cpp: rosidl_typesupport_fastrtps_cpp;rosidl_typesupport_introspection_cpp
[0.946s] -- Found rmw_implementation_cmake: 6.1.2 (/opt/ros/humble/share/rmw_implementation_cmake/cmake)
[0.949s] -- Found rmw_fastrtps_cpp: 6.2.6 (/opt/ros/humble/share/rmw_fastrtps_cpp/cmake)
[0.979s] -- Found TinyXML2 via Config file: TinyXML2_DIR-NOTFOUND
[1.044s] -- Found OpenSSL: /usr/lib/x86_64-linux-gnu/libcrypto.so (found version "3.0.2")  
[1.046s] -- Found TinyXML2 via Config file: TinyXML2_DIR-NOTFOUND
[1.061s] -- Found FastRTPS: /opt/ros/humble/include  
[1.067s] -- Found TinyXML2 via Config file: TinyXML2_DIR-NOTFOUND
[1.076s] -- Found TinyXML2 via Config file: TinyXML2_DIR-NOTFOUND
[1.090s] -- Using RMW implementation 'rmw_fastrtps_cpp' as default
[1.100s] -- Looking for C++ include pthread.h
[1.184s] -- Looking for C++ include pthread.h - found
[1.184s] -- Performing Test CMAKE_HAVE_LIBC_PTHREAD
[1.268s] -- Performing Test CMAKE_HAVE_LIBC_PTHREAD - Success
[1.269s] -- Found Threads: TRUE  
[1.438s] -- Found ament_cmake_gtest: 1.3.9 (/opt/ros/humble/share/ament_cmake_gtest/cmake)
[1.490s] -- Configuring done
[1.512s] -- Generating done
[1.513s] -- Build files have been written to: /home/vincent/pfe/ws/build/diffdrive_arduino
[1.523s] Invoked command in '/home/vincent/pfe/ws/build/diffdrive_arduino' returned '0': CMAKE_PREFIX_PATH=${CMAKE_PREFIX_PATH}:/opt/ros/humble /usr/bin/cmake /home/vincent/pfe/ws/src/diffdrive_arduino -DCMAKE_INSTALL_PREFIX=/home/vincent/pfe/ws/install/diffdrive_arduino
[1.525s] Invoking command in '/home/vincent/pfe/ws/build/diffdrive_arduino': CMAKE_PREFIX_PATH=${CMAKE_PREFIX_PATH}:/opt/ros/humble /usr/bin/cmake --build /home/vincent/pfe/ws/build/diffdrive_arduino -- -j16 -l16
[1.580s] [ 50%] [32mBuilding CXX object CMakeFiles/diffdrive_arduino.dir/hardware/diffbot_system.cpp.o[0m
[4.250s] [100%] [32m[1mLinking CXX shared library libdiffdrive_arduino.so[0m
[4.390s] [100%] Built target diffdrive_arduino
[4.401s] Invoked command in '/home/vincent/pfe/ws/build/diffdrive_arduino' returned '0': CMAKE_PREFIX_PATH=${CMAKE_PREFIX_PATH}:/opt/ros/humble /usr/bin/cmake --build /home/vincent/pfe/ws/build/diffdrive_arduino -- -j16 -l16
[4.436s] Invoking command in '/home/vincent/pfe/ws/build/diffdrive_arduino': CMAKE_PREFIX_PATH=${CMAKE_PREFIX_PATH}:/opt/ros/humble /usr/bin/cmake --install /home/vincent/pfe/ws/build/diffdrive_arduino
[4.443s] -- Install configuration: ""
[4.443s] -- Installing: /home/vincent/pfe/ws/install/diffdrive_arduino/share/diffdrive_arduino/diffdrive_arduino.xml
[4.443s] -- Installing: /home/vincent/pfe/ws/install/diffdrive_arduino/include/diffdrive_arduino
[4.444s] -- Installing: /home/vincent/pfe/ws/install/diffdrive_arduino/include/diffdrive_arduino/diffdrive_arduino
[4.444s] -- Installing: /home/vincent/pfe/ws/install/diffdrive_arduino/include/diffdrive_arduino/diffdrive_arduino/visibility_control.h
[4.444s] -- Installing: /home/vincent/pfe/ws/install/diffdrive_arduino/include/diffdrive_arduino/diffdrive_arduino/wheel.hpp
[4.444s] -- Installing: /home/vincent/pfe/ws/install/diffdrive_arduino/include/diffdrive_arduino/diffdrive_arduino/diffbot_system.hpp
[4.444s] -- Installing: /home/vincent/pfe/ws/install/diffdrive_arduino/include/diffdrive_arduino/diffdrive_arduino/arduino_comms.hpp
[4.444s] -- Installing: /home/vincent/pfe/ws/install/diffdrive_arduino/share/diffdrive_arduino/launch
[4.444s] -- Installing: /home/vincent/pfe/ws/install/diffdrive_arduino/share/diffdrive_arduino/launch/view_robot.launch.py
[4.444s] -- Installing: /home/vincent/pfe/ws/install/diffdrive_arduino/share/diffdrive_arduino/ros2_control
[4.444s] -- Installing: /home/vincent/pfe/ws/install/diffdrive_arduino/share/diffdrive_arduino/ros2_control/diffbot.ros2_control.xacro
[4.445s] -- Installing: /home/vincent/pfe/ws/install/diffdrive_arduino/share/diffdrive_arduino/urdf
[4.445s] -- Installing: /home/vincent/pfe/ws/install/diffdrive_arduino/share/diffdrive_arduino/urdf/diffbot.materials.xacro
[4.445s] -- Installing: /home/vincent/pfe/ws/install/diffdrive_arduino/share/diffdrive_arduino/urdf/diffbot_description.urdf.xacro
[4.445s] -- Installing: /home/vincent/pfe/ws/install/diffdrive_arduino/share/diffdrive_arduino/urdf/diffbot.urdf.xacro
[4.445s] -- Installing: /home/vincent/pfe/ws/install/diffdrive_arduino/share/diffdrive_arduino/rviz
[4.445s] -- Installing: /home/vincent/pfe/ws/install/diffdrive_arduino/share/diffdrive_arduino/rviz/diffbot_view.rviz
[4.445s] -- Installing: /home/vincent/pfe/ws/install/diffdrive_arduino/share/diffdrive_arduino/rviz/diffbot.rviz
[4.445s] -- Up-to-date: /home/vincent/pfe/ws/install/diffdrive_arduino/share/diffdrive_arduino/launch
[4.445s] -- Installing: /home/vincent/pfe/ws/install/diffdrive_arduino/share/diffdrive_arduino/launch/diffbot.launch.py
[4.445s] -- Installing: /home/vincent/pfe/ws/install/diffdrive_arduino/share/diffdrive_arduino/config
[4.445s] -- Installing: /home/vincent/pfe/ws/install/diffdrive_arduino/share/diffdrive_arduino/config/diffbot_controllers.yaml
[4.446s] -- Installing: /home/vincent/pfe/ws/install/diffdrive_arduino/lib/libdiffdrive_arduino.so
[4.447s] -- Set runtime path of "/home/vincent/pfe/ws/install/diffdrive_arduino/lib/libdiffdrive_arduino.so" to ""
[4.447s] -- Installing: /home/vincent/pfe/ws/install/diffdrive_arduino/share/diffdrive_arduino/environment/library_path.sh
[4.447s] -- Installing: /home/vincent/pfe/ws/install/diffdrive_arduino/share/diffdrive_arduino/environment/library_path.dsv
[4.447s] -- Installing: /home/vincent/pfe/ws/install/diffdrive_arduino/share/ament_index/resource_index/package_run_dependencies/diffdrive_arduino
[4.447s] -- Installing: /home/vincent/pfe/ws/install/diffdrive_arduino/share/ament_index/resource_index/parent_prefix_path/diffdrive_arduino
[4.447s] -- Installing: /home/vincent/pfe/ws/install/diffdrive_arduino/share/diffdrive_arduino/environment/ament_prefix_path.sh
[4.448s] -- Installing: /home/vincent/pfe/ws/install/diffdrive_arduino/share/diffdrive_arduino/environment/ament_prefix_path.dsv
[4.448s] -- Installing: /home/vincent/pfe/ws/install/diffdrive_arduino/share/diffdrive_arduino/environment/path.sh
[4.448s] -- Installing: /home/vincent/pfe/ws/install/diffdrive_arduino/share/diffdrive_arduino/environment/path.dsv
[4.448s] -- Installing: /home/vincent/pfe/ws/install/diffdrive_arduino/share/diffdrive_arduino/local_setup.bash
[4.448s] -- Installing: /home/vincent/pfe/ws/install/diffdrive_arduino/share/diffdrive_arduino/local_setup.sh
[4.448s] -- Installing: /home/vincent/pfe/ws/install/diffdrive_arduino/share/diffdrive_arduino/local_setup.zsh
[4.448s] -- Installing: /home/vincent/pfe/ws/install/diffdrive_arduino/share/diffdrive_arduino/local_setup.dsv
[4.448s] -- Installing: /home/vincent/pfe/ws/install/diffdrive_arduino/share/diffdrive_arduino/package.dsv
[4.449s] -- Installing: /home/vincent/pfe/ws/install/diffdrive_arduino/share/ament_index/resource_index/packages/diffdrive_arduino
[4.449s] -- Installing: /home/vincent/pfe/ws/install/diffdrive_arduino/share/ament_index/resource_index/hardware_interface__pluginlib__plugin/diffdrive_arduino
[4.449s] -- Installing: /home/vincent/pfe/ws/install/diffdrive_arduino/share/diffdrive_arduino/cmake/export_diffdrive_arduinoExport.cmake
[4.449s] -- Installing: /home/vincent/pfe/ws/install/diffdrive_arduino/share/diffdrive_arduino/cmake/export_diffdrive_arduinoExport-noconfig.cmake
[4.449s] -- Installing: /home/vincent/pfe/ws/install/diffdrive_arduino/share/diffdrive_arduino/cmake/ament_cmake_export_targets-extras.cmake
[4.449s] -- Installing: /home/vincent/pfe/ws/install/diffdrive_arduino/share/diffdrive_arduino/cmake/ament_cmake_export_dependencies-extras.cmake
[4.449s] -- Installing: /home/vincent/pfe/ws/install/diffdrive_arduino/share/diffdrive_arduino/cmake/diffdrive_arduinoConfig.cmake
[4.450s] -- Installing: /home/vincent/pfe/ws/install/diffdrive_arduino/share/diffdrive_arduino/cmake/diffdrive_arduinoConfig-version.cmake
[4.450s] -- Installing: /home/vincent/pfe/ws/install/diffdrive_arduino/share/diffdrive_arduino/package.xml
[4.452s] Invoked command in '/home/vincent/pfe/ws/build/diffdrive_arduino' returned '0': CMAKE_PREFIX_PATH=${CMAKE_PREFIX_PATH}:/opt/ros/humble /usr/bin/cmake --install /home/vincent/pfe/ws/build/diffdrive_arduino
