[0.083s] DEBUG:colcon:Command line arguments: ['/usr/bin/colcon', 'build', '--symlink-install']
[0.083s] DEBUG:colcon:Parsed command line arguments: Namespace(log_base=None, log_level=None, verb_name='build', build_base='build', install_base='install', merge_install=False, symlink_install=True, test_result_base=None, continue_on_error=False, executor='parallel', parallel_workers=16, event_handlers=None, ignore_user_meta=False, metas=['./colcon.meta'], base_paths=['.'], packages_ignore=None, packages_ignore_regex=None, paths=None, packages_up_to=None, packages_up_to_regex=None, packages_above=None, packages_above_and_dependencies=None, packages_above_depth=None, packages_select_by_dep=None, packages_skip_by_dep=None, packages_skip_up_to=None, packages_select_build_failed=False, packages_skip_build_finished=False, packages_select_test_failures=False, packages_skip_test_passed=False, packages_select=None, packages_skip=None, packages_select_regex=None, packages_skip_regex=None, packages_start=None, packages_end=None, allow_overriding=[], cmake_args=None, cmake_target=None, cmake_target_skip_unavailable=False, cmake_clean_cache=False, cmake_clean_first=False, cmake_force_configure=False, ament_cmake_args=None, catkin_cmake_args=None, catkin_skip_building_tests=False, mixin_files=None, mixin=None, verb_parser=<colcon_mixin.mixin.mixin_argument.MixinArgumentDecorator object at 0x74df1954eb00>, verb_extension=<colcon_core.verb.build.BuildVerb object at 0x74df1965f1c0>, main=<bound method BuildVerb.main of <colcon_core.verb.build.BuildVerb object at 0x74df1965f1c0>>, mixin_verb=('build',))
[0.221s] Level 1:colcon.colcon_core.package_discovery:discover_packages(colcon_meta) check parameters
[0.221s] Level 1:colcon.colcon_core.package_discovery:discover_packages(recursive) check parameters
[0.221s] Level 1:colcon.colcon_core.package_discovery:discover_packages(ignore) check parameters
[0.221s] Level 1:colcon.colcon_core.package_discovery:discover_packages(path) check parameters
[0.221s] Level 1:colcon.colcon_core.package_discovery:discover_packages(colcon_meta) discover
[0.221s] Level 1:colcon.colcon_core.package_discovery:discover_packages(recursive) discover
[0.221s] INFO:colcon.colcon_core.package_discovery:Crawling recursively for packages in '/home/vincent/pfe/ws'
[0.221s] Level 1:colcon.colcon_core.package_identification:_identify(.) by extensions ['ignore', 'ignore_ament_install']
[0.222s] Level 1:colcon.colcon_core.package_identification:_identify(.) by extension 'ignore'
[0.222s] Level 1:colcon.colcon_core.package_identification:_identify(.) by extension 'ignore_ament_install'
[0.222s] Level 1:colcon.colcon_core.package_identification:_identify(.) by extensions ['colcon_pkg']
[0.222s] Level 1:colcon.colcon_core.package_identification:_identify(.) by extension 'colcon_pkg'
[0.222s] Level 1:colcon.colcon_core.package_identification:_identify(.) by extensions ['colcon_meta']
[0.222s] Level 1:colcon.colcon_core.package_identification:_identify(.) by extension 'colcon_meta'
[0.222s] Level 1:colcon.colcon_core.package_identification:_identify(.) by extensions ['ros']
[0.222s] Level 1:colcon.colcon_core.package_identification:_identify(.) by extension 'ros'
[0.230s] Level 1:colcon.colcon_core.package_identification:_identify(.) by extensions ['cmake', 'python']
[0.230s] Level 1:colcon.colcon_core.package_identification:_identify(.) by extension 'cmake'
[0.230s] Level 1:colcon.colcon_core.package_identification:_identify(.) by extension 'python'
[0.230s] Level 1:colcon.colcon_core.package_identification:_identify(.) by extensions ['python_setup_py']
[0.230s] Level 1:colcon.colcon_core.package_identification:_identify(.) by extension 'python_setup_py'
[0.230s] Level 1:colcon.colcon_core.package_identification:_identify(build) by extensions ['ignore', 'ignore_ament_install']
[0.230s] Level 1:colcon.colcon_core.package_identification:_identify(build) by extension 'ignore'
[0.230s] Level 1:colcon.colcon_core.package_identification:_identify(build) ignored
[0.230s] Level 1:colcon.colcon_core.package_identification:_identify(crawler) by extensions ['ignore', 'ignore_ament_install']
[0.230s] Level 1:colcon.colcon_core.package_identification:_identify(crawler) by extension 'ignore'
[0.230s] Level 1:colcon.colcon_core.package_identification:_identify(crawler) by extension 'ignore_ament_install'
[0.230s] Level 1:colcon.colcon_core.package_identification:_identify(crawler) by extensions ['colcon_pkg']
[0.230s] Level 1:colcon.colcon_core.package_identification:_identify(crawler) by extension 'colcon_pkg'
[0.230s] Level 1:colcon.colcon_core.package_identification:_identify(crawler) by extensions ['colcon_meta']
[0.230s] Level 1:colcon.colcon_core.package_identification:_identify(crawler) by extension 'colcon_meta'
[0.230s] Level 1:colcon.colcon_core.package_identification:_identify(crawler) by extensions ['ros']
[0.230s] Level 1:colcon.colcon_core.package_identification:_identify(crawler) by extension 'ros'
[0.232s] DEBUG:colcon.colcon_core.package_identification:Package 'crawler' with type 'ros.ament_cmake' and name 'crawler'
[0.232s] Level 1:colcon.colcon_core.package_identification:_identify(install) by extensions ['ignore', 'ignore_ament_install']
[0.232s] Level 1:colcon.colcon_core.package_identification:_identify(install) by extension 'ignore'
[0.232s] Level 1:colcon.colcon_core.package_identification:_identify(install) ignored
[0.232s] Level 1:colcon.colcon_core.package_identification:_identify(log) by extensions ['ignore', 'ignore_ament_install']
[0.232s] Level 1:colcon.colcon_core.package_identification:_identify(log) by extension 'ignore'
[0.232s] Level 1:colcon.colcon_core.package_identification:_identify(log) ignored
[0.232s] Level 1:colcon.colcon_core.package_identification:_identify(src) by extensions ['ignore', 'ignore_ament_install']
[0.233s] Level 1:colcon.colcon_core.package_identification:_identify(src) by extension 'ignore'
[0.233s] Level 1:colcon.colcon_core.package_identification:_identify(src) by extension 'ignore_ament_install'
[0.233s] Level 1:colcon.colcon_core.package_identification:_identify(src) by extensions ['colcon_pkg']
[0.233s] Level 1:colcon.colcon_core.package_identification:_identify(src) by extension 'colcon_pkg'
[0.233s] Level 1:colcon.colcon_core.package_identification:_identify(src) by extensions ['colcon_meta']
[0.233s] Level 1:colcon.colcon_core.package_identification:_identify(src) by extension 'colcon_meta'
[0.233s] Level 1:colcon.colcon_core.package_identification:_identify(src) by extensions ['ros']
[0.233s] Level 1:colcon.colcon_core.package_identification:_identify(src) by extension 'ros'
[0.233s] Level 1:colcon.colcon_core.package_identification:_identify(src) by extensions ['cmake', 'python']
[0.233s] Level 1:colcon.colcon_core.package_identification:_identify(src) by extension 'cmake'
[0.233s] Level 1:colcon.colcon_core.package_identification:_identify(src) by extension 'python'
[0.233s] Level 1:colcon.colcon_core.package_identification:_identify(src) by extensions ['python_setup_py']
[0.233s] Level 1:colcon.colcon_core.package_identification:_identify(src) by extension 'python_setup_py'
[0.233s] Level 1:colcon.colcon_core.package_identification:_identify(src/diffdrive_arduino) by extensions ['ignore', 'ignore_ament_install']
[0.233s] Level 1:colcon.colcon_core.package_identification:_identify(src/diffdrive_arduino) by extension 'ignore'
[0.233s] Level 1:colcon.colcon_core.package_identification:_identify(src/diffdrive_arduino) by extension 'ignore_ament_install'
[0.233s] Level 1:colcon.colcon_core.package_identification:_identify(src/diffdrive_arduino) by extensions ['colcon_pkg']
[0.233s] Level 1:colcon.colcon_core.package_identification:_identify(src/diffdrive_arduino) by extension 'colcon_pkg'
[0.233s] Level 1:colcon.colcon_core.package_identification:_identify(src/diffdrive_arduino) by extensions ['colcon_meta']
[0.233s] Level 1:colcon.colcon_core.package_identification:_identify(src/diffdrive_arduino) by extension 'colcon_meta'
[0.233s] Level 1:colcon.colcon_core.package_identification:_identify(src/diffdrive_arduino) by extensions ['ros']
[0.233s] Level 1:colcon.colcon_core.package_identification:_identify(src/diffdrive_arduino) by extension 'ros'
[0.234s] DEBUG:colcon.colcon_core.package_identification:Package 'src/diffdrive_arduino' with type 'ros.ament_cmake' and name 'diffdrive_arduino'
[0.234s] Level 1:colcon.colcon_core.package_identification:_identify(src/skid_drive_controller) by extensions ['ignore', 'ignore_ament_install']
[0.234s] Level 1:colcon.colcon_core.package_identification:_identify(src/skid_drive_controller) by extension 'ignore'
[0.234s] Level 1:colcon.colcon_core.package_identification:_identify(src/skid_drive_controller) by extension 'ignore_ament_install'
[0.234s] Level 1:colcon.colcon_core.package_identification:_identify(src/skid_drive_controller) by extensions ['colcon_pkg']
[0.234s] Level 1:colcon.colcon_core.package_identification:_identify(src/skid_drive_controller) by extension 'colcon_pkg'
[0.234s] Level 1:colcon.colcon_core.package_identification:_identify(src/skid_drive_controller) by extensions ['colcon_meta']
[0.234s] Level 1:colcon.colcon_core.package_identification:_identify(src/skid_drive_controller) by extension 'colcon_meta'
[0.234s] Level 1:colcon.colcon_core.package_identification:_identify(src/skid_drive_controller) by extensions ['ros']
[0.234s] Level 1:colcon.colcon_core.package_identification:_identify(src/skid_drive_controller) by extension 'ros'
[0.235s] DEBUG:colcon.colcon_core.package_identification:Package 'src/skid_drive_controller' with type 'ros.ament_cmake' and name 'skid_drive_controller'
[0.235s] Level 1:colcon.colcon_core.package_discovery:discover_packages(recursive) using defaults
[0.235s] Level 1:colcon.colcon_core.package_discovery:discover_packages(ignore) discover
[0.235s] Level 1:colcon.colcon_core.package_discovery:discover_packages(ignore) using defaults
[0.235s] Level 1:colcon.colcon_core.package_discovery:discover_packages(path) discover
[0.235s] Level 1:colcon.colcon_core.package_discovery:discover_packages(path) using defaults
[0.260s] Level 1:colcon.colcon_core.package_discovery:discover_packages(prefix_path) check parameters
[0.260s] Level 1:colcon.colcon_core.package_discovery:discover_packages(prefix_path) discover
[0.262s] DEBUG:colcon.colcon_installed_package_information.package_discovery:Found 3 installed packages in /home/vincent/pfe/ws/install
[0.262s] DEBUG:colcon.colcon_installed_package_information.package_discovery:Found 2 installed packages in /home/vincent/ros2_ws/install
[0.263s] DEBUG:colcon.colcon_installed_package_information.package_discovery:Found 443 installed packages in /opt/ros/humble
[0.265s] Level 1:colcon.colcon_core.package_discovery:discover_packages(prefix_path) using defaults
[0.302s] Level 5:colcon.colcon_core.verb:set package 'crawler' build argument 'cmake_args' from command line to 'None'
[0.303s] Level 5:colcon.colcon_core.verb:set package 'crawler' build argument 'cmake_target' from command line to 'None'
[0.303s] Level 5:colcon.colcon_core.verb:set package 'crawler' build argument 'cmake_target_skip_unavailable' from command line to 'False'
[0.303s] Level 5:colcon.colcon_core.verb:set package 'crawler' build argument 'cmake_clean_cache' from command line to 'False'
[0.303s] Level 5:colcon.colcon_core.verb:set package 'crawler' build argument 'cmake_clean_first' from command line to 'False'
[0.303s] Level 5:colcon.colcon_core.verb:set package 'crawler' build argument 'cmake_force_configure' from command line to 'False'
[0.303s] Level 5:colcon.colcon_core.verb:set package 'crawler' build argument 'ament_cmake_args' from command line to 'None'
[0.303s] Level 5:colcon.colcon_core.verb:set package 'crawler' build argument 'catkin_cmake_args' from command line to 'None'
[0.303s] Level 5:colcon.colcon_core.verb:set package 'crawler' build argument 'catkin_skip_building_tests' from command line to 'False'
[0.303s] DEBUG:colcon.colcon_core.verb:Building package 'crawler' with the following arguments: {'ament_cmake_args': None, 'build_base': '/home/vincent/pfe/ws/build/crawler', 'catkin_cmake_args': None, 'catkin_skip_building_tests': False, 'cmake_args': None, 'cmake_clean_cache': False, 'cmake_clean_first': False, 'cmake_force_configure': False, 'cmake_target': None, 'cmake_target_skip_unavailable': False, 'install_base': '/home/vincent/pfe/ws/install/crawler', 'merge_install': False, 'path': '/home/vincent/pfe/ws/crawler', 'symlink_install': True, 'test_result_base': None}
[0.303s] Level 5:colcon.colcon_core.verb:set package 'diffdrive_arduino' build argument 'cmake_args' from command line to 'None'
[0.303s] Level 5:colcon.colcon_core.verb:set package 'diffdrive_arduino' build argument 'cmake_target' from command line to 'None'
[0.303s] Level 5:colcon.colcon_core.verb:set package 'diffdrive_arduino' build argument 'cmake_target_skip_unavailable' from command line to 'False'
[0.303s] Level 5:colcon.colcon_core.verb:set package 'diffdrive_arduino' build argument 'cmake_clean_cache' from command line to 'False'
[0.303s] Level 5:colcon.colcon_core.verb:set package 'diffdrive_arduino' build argument 'cmake_clean_first' from command line to 'False'
[0.303s] Level 5:colcon.colcon_core.verb:set package 'diffdrive_arduino' build argument 'cmake_force_configure' from command line to 'False'
[0.303s] Level 5:colcon.colcon_core.verb:set package 'diffdrive_arduino' build argument 'ament_cmake_args' from command line to 'None'
[0.303s] Level 5:colcon.colcon_core.verb:set package 'diffdrive_arduino' build argument 'catkin_cmake_args' from command line to 'None'
[0.303s] Level 5:colcon.colcon_core.verb:set package 'diffdrive_arduino' build argument 'catkin_skip_building_tests' from command line to 'False'
[0.303s] DEBUG:colcon.colcon_core.verb:Building package 'diffdrive_arduino' with the following arguments: {'ament_cmake_args': None, 'build_base': '/home/vincent/pfe/ws/build/diffdrive_arduino', 'catkin_cmake_args': None, 'catkin_skip_building_tests': False, 'cmake_args': None, 'cmake_clean_cache': False, 'cmake_clean_first': False, 'cmake_force_configure': False, 'cmake_target': None, 'cmake_target_skip_unavailable': False, 'install_base': '/home/vincent/pfe/ws/install/diffdrive_arduino', 'merge_install': False, 'path': '/home/vincent/pfe/ws/src/diffdrive_arduino', 'symlink_install': True, 'test_result_base': None}
[0.303s] Level 5:colcon.colcon_core.verb:set package 'skid_drive_controller' build argument 'cmake_args' from command line to 'None'
[0.303s] Level 5:colcon.colcon_core.verb:set package 'skid_drive_controller' build argument 'cmake_target' from command line to 'None'
[0.303s] Level 5:colcon.colcon_core.verb:set package 'skid_drive_controller' build argument 'cmake_target_skip_unavailable' from command line to 'False'
[0.303s] Level 5:colcon.colcon_core.verb:set package 'skid_drive_controller' build argument 'cmake_clean_cache' from command line to 'False'
[0.303s] Level 5:colcon.colcon_core.verb:set package 'skid_drive_controller' build argument 'cmake_clean_first' from command line to 'False'
[0.303s] Level 5:colcon.colcon_core.verb:set package 'skid_drive_controller' build argument 'cmake_force_configure' from command line to 'False'
[0.303s] Level 5:colcon.colcon_core.verb:set package 'skid_drive_controller' build argument 'ament_cmake_args' from command line to 'None'
[0.303s] Level 5:colcon.colcon_core.verb:set package 'skid_drive_controller' build argument 'catkin_cmake_args' from command line to 'None'
[0.304s] Level 5:colcon.colcon_core.verb:set package 'skid_drive_controller' build argument 'catkin_skip_building_tests' from command line to 'False'
[0.304s] DEBUG:colcon.colcon_core.verb:Building package 'skid_drive_controller' with the following arguments: {'ament_cmake_args': None, 'build_base': '/home/vincent/pfe/ws/build/skid_drive_controller', 'catkin_cmake_args': None, 'catkin_skip_building_tests': False, 'cmake_args': None, 'cmake_clean_cache': False, 'cmake_clean_first': False, 'cmake_force_configure': False, 'cmake_target': None, 'cmake_target_skip_unavailable': False, 'install_base': '/home/vincent/pfe/ws/install/skid_drive_controller', 'merge_install': False, 'path': '/home/vincent/pfe/ws/src/skid_drive_controller', 'symlink_install': True, 'test_result_base': None}
[0.304s] INFO:colcon.colcon_core.executor:Executing jobs using 'parallel' executor
[0.305s] DEBUG:colcon.colcon_parallel_executor.executor.parallel:run_until_complete
[0.305s] INFO:colcon.colcon_ros.task.ament_cmake.build:Building ROS package in '/home/vincent/pfe/ws/crawler' with build type 'ament_cmake'
[0.305s] INFO:colcon.colcon_cmake.task.cmake.build:Building CMake package in '/home/vincent/pfe/ws/crawler'
[0.307s] INFO:colcon.colcon_core.plugin_system:Skipping extension 'colcon_core.shell.bat': Not used on non-Windows systems
[0.307s] INFO:colcon.colcon_core.shell:Skip shell extension 'powershell' for command environment: Not usable outside of PowerShell
[0.307s] DEBUG:colcon.colcon_core.shell:Skip shell extension 'dsv' for command environment
[0.311s] INFO:colcon.colcon_ros.task.ament_cmake.build:Building ROS package in '/home/vincent/pfe/ws/src/diffdrive_arduino' with build type 'ament_cmake'
[0.311s] INFO:colcon.colcon_cmake.task.cmake.build:Building CMake package in '/home/vincent/pfe/ws/src/diffdrive_arduino'
[0.311s] INFO:colcon.colcon_core.shell:Skip shell extension 'powershell' for command environment: Not usable outside of PowerShell
[0.311s] DEBUG:colcon.colcon_core.shell:Skip shell extension 'dsv' for command environment
[0.314s] INFO:colcon.colcon_ros.task.ament_cmake.build:Building ROS package in '/home/vincent/pfe/ws/src/skid_drive_controller' with build type 'ament_cmake'
[0.314s] INFO:colcon.colcon_cmake.task.cmake.build:Building CMake package in '/home/vincent/pfe/ws/src/skid_drive_controller'
[0.314s] INFO:colcon.colcon_core.shell:Skip shell extension 'powershell' for command environment: Not usable outside of PowerShell
[0.314s] DEBUG:colcon.colcon_core.shell:Skip shell extension 'dsv' for command environment
[0.322s] DEBUG:colcon.colcon_core.event_handler.log_command:Invoking command in '/home/vincent/pfe/ws/build/crawler': CMAKE_PREFIX_PATH=${CMAKE_PREFIX_PATH}:/opt/ros/humble /usr/bin/cmake --build /home/vincent/pfe/ws/build/crawler -- -j16 -l16
[0.324s] DEBUG:colcon.colcon_core.event_handler.log_command:Invoking command in '/home/vincent/pfe/ws/build/diffdrive_arduino': CMAKE_PREFIX_PATH=${CMAKE_PREFIX_PATH}:/opt/ros/humble /usr/bin/cmake --build /home/vincent/pfe/ws/build/diffdrive_arduino -- -j16 -l16
[0.327s] DEBUG:colcon.colcon_core.event_handler.log_command:Invoking command in '/home/vincent/pfe/ws/build/skid_drive_controller': CMAKE_PREFIX_PATH=${CMAKE_PREFIX_PATH}:/opt/ros/humble /usr/bin/cmake --build /home/vincent/pfe/ws/build/skid_drive_controller -- -j16 -l16
[0.363s] DEBUG:colcon.colcon_core.event_handler.log_command:Invoked command in '/home/vincent/pfe/ws/build/crawler' returned '0': CMAKE_PREFIX_PATH=${CMAKE_PREFIX_PATH}:/opt/ros/humble /usr/bin/cmake --build /home/vincent/pfe/ws/build/crawler -- -j16 -l16
[0.401s] DEBUG:colcon.colcon_core.event_handler.log_command:Invoking command in '/home/vincent/pfe/ws/build/crawler': CMAKE_PREFIX_PATH=${CMAKE_PREFIX_PATH}:/opt/ros/humble /usr/bin/cmake --install /home/vincent/pfe/ws/build/crawler
[0.402s] DEBUG:colcon.colcon_core.event_handler.log_command:Invoked command in '/home/vincent/pfe/ws/build/diffdrive_arduino' returned '0': CMAKE_PREFIX_PATH=${CMAKE_PREFIX_PATH}:/opt/ros/humble /usr/bin/cmake --build /home/vincent/pfe/ws/build/diffdrive_arduino -- -j16 -l16
[0.423s] DEBUG:colcon.colcon_core.event_handler.log_command:Invoked command in '/home/vincent/pfe/ws/build/skid_drive_controller' returned '0': CMAKE_PREFIX_PATH=${CMAKE_PREFIX_PATH}:/opt/ros/humble /usr/bin/cmake --build /home/vincent/pfe/ws/build/skid_drive_controller -- -j16 -l16
[0.425s] Level 1:colcon.colcon_core.environment:create_environment_scripts_only(crawler)
[0.426s] DEBUG:colcon.colcon_core.event_handler.log_command:Invoked command in '/home/vincent/pfe/ws/build/crawler' returned '0': CMAKE_PREFIX_PATH=${CMAKE_PREFIX_PATH}:/opt/ros/humble /usr/bin/cmake --install /home/vincent/pfe/ws/build/crawler
[0.428s] Level 1:colcon.colcon_core.environment:checking '/home/vincent/pfe/ws/install/crawler' for CMake module files
[0.428s] Level 1:colcon.colcon_core.environment:checking '/home/vincent/pfe/ws/install/crawler' for CMake config files
[0.428s] Level 1:colcon.colcon_core.shell:create_environment_hook('crawler', 'cmake_prefix_path')
[0.428s] INFO:colcon.colcon_core.shell:Creating environment hook '/home/vincent/pfe/ws/install/crawler/share/crawler/hook/cmake_prefix_path.ps1'
[0.429s] INFO:colcon.colcon_core.shell:Creating environment descriptor '/home/vincent/pfe/ws/install/crawler/share/crawler/hook/cmake_prefix_path.dsv'
[0.429s] INFO:colcon.colcon_core.shell:Creating environment hook '/home/vincent/pfe/ws/install/crawler/share/crawler/hook/cmake_prefix_path.sh'
[0.430s] Level 1:colcon.colcon_core.environment:checking '/home/vincent/pfe/ws/install/crawler/bin'
[0.430s] Level 1:colcon.colcon_core.environment:checking '/home/vincent/pfe/ws/install/crawler/lib/pkgconfig/crawler.pc'
[0.430s] Level 1:colcon.colcon_core.environment:checking '/home/vincent/pfe/ws/install/crawler/lib/python3.10/site-packages'
[0.430s] Level 1:colcon.colcon_core.environment:checking '/home/vincent/pfe/ws/install/crawler/bin'
[0.431s] INFO:colcon.colcon_core.shell:Creating package script '/home/vincent/pfe/ws/install/crawler/share/crawler/package.ps1'
[0.431s] INFO:colcon.colcon_core.shell:Creating package descriptor '/home/vincent/pfe/ws/install/crawler/share/crawler/package.dsv'
[0.432s] INFO:colcon.colcon_core.shell:Creating package script '/home/vincent/pfe/ws/install/crawler/share/crawler/package.sh'
[0.432s] INFO:colcon.colcon_core.shell:Creating package script '/home/vincent/pfe/ws/install/crawler/share/crawler/package.bash'
[0.433s] INFO:colcon.colcon_core.shell:Creating package script '/home/vincent/pfe/ws/install/crawler/share/crawler/package.zsh'
[0.434s] Level 1:colcon.colcon_core.environment:create_file_with_runtime_dependencies(/home/vincent/pfe/ws/install/crawler/share/colcon-core/packages/crawler)
[0.436s] DEBUG:colcon.colcon_core.event_handler.log_command:Invoking command in '/home/vincent/pfe/ws/build/diffdrive_arduino': CMAKE_PREFIX_PATH=${CMAKE_PREFIX_PATH}:/opt/ros/humble /usr/bin/cmake --install /home/vincent/pfe/ws/build/diffdrive_arduino
[0.459s] Level 1:colcon.colcon_core.environment:create_environment_scripts_only(crawler)
[0.459s] Level 1:colcon.colcon_core.environment:checking '/home/vincent/pfe/ws/install/crawler' for CMake module files
[0.461s] Level 1:colcon.colcon_core.environment:checking '/home/vincent/pfe/ws/install/crawler' for CMake config files
[0.462s] Level 1:colcon.colcon_core.shell:create_environment_hook('crawler', 'cmake_prefix_path')
[0.462s] INFO:colcon.colcon_core.shell:Creating environment hook '/home/vincent/pfe/ws/install/crawler/share/crawler/hook/cmake_prefix_path.ps1'
[0.462s] INFO:colcon.colcon_core.shell:Creating environment descriptor '/home/vincent/pfe/ws/install/crawler/share/crawler/hook/cmake_prefix_path.dsv'
[0.462s] INFO:colcon.colcon_core.shell:Creating environment hook '/home/vincent/pfe/ws/install/crawler/share/crawler/hook/cmake_prefix_path.sh'
[0.463s] Level 1:colcon.colcon_core.environment:checking '/home/vincent/pfe/ws/install/crawler/bin'
[0.463s] Level 1:colcon.colcon_core.environment:checking '/home/vincent/pfe/ws/install/crawler/lib/pkgconfig/crawler.pc'
[0.463s] Level 1:colcon.colcon_core.environment:checking '/home/vincent/pfe/ws/install/crawler/lib/python3.10/site-packages'
[0.463s] Level 1:colcon.colcon_core.environment:checking '/home/vincent/pfe/ws/install/crawler/bin'
[0.464s] INFO:colcon.colcon_core.shell:Creating package script '/home/vincent/pfe/ws/install/crawler/share/crawler/package.ps1'
[0.464s] INFO:colcon.colcon_core.shell:Creating package descriptor '/home/vincent/pfe/ws/install/crawler/share/crawler/package.dsv'
[0.464s] INFO:colcon.colcon_core.shell:Creating package script '/home/vincent/pfe/ws/install/crawler/share/crawler/package.sh'
[0.465s] INFO:colcon.colcon_core.shell:Creating package script '/home/vincent/pfe/ws/install/crawler/share/crawler/package.bash'
[0.465s] INFO:colcon.colcon_core.shell:Creating package script '/home/vincent/pfe/ws/install/crawler/share/crawler/package.zsh'
[0.465s] Level 1:colcon.colcon_core.environment:create_file_with_runtime_dependencies(/home/vincent/pfe/ws/install/crawler/share/colcon-core/packages/crawler)
[0.468s] Level 1:colcon.colcon_core.environment:create_environment_scripts_only(diffdrive_arduino)
[0.468s] Level 1:colcon.colcon_core.environment:checking '/home/vincent/pfe/ws/install/diffdrive_arduino' for CMake module files
[0.468s] DEBUG:colcon.colcon_core.event_handler.log_command:Invoking command in '/home/vincent/pfe/ws/build/skid_drive_controller': CMAKE_PREFIX_PATH=${CMAKE_PREFIX_PATH}:/opt/ros/humble /usr/bin/cmake --install /home/vincent/pfe/ws/build/skid_drive_controller
[0.469s] DEBUG:colcon.colcon_core.event_handler.log_command:Invoked command in '/home/vincent/pfe/ws/build/diffdrive_arduino' returned '0': CMAKE_PREFIX_PATH=${CMAKE_PREFIX_PATH}:/opt/ros/humble /usr/bin/cmake --install /home/vincent/pfe/ws/build/diffdrive_arduino
[0.469s] Level 1:colcon.colcon_core.environment:checking '/home/vincent/pfe/ws/install/diffdrive_arduino' for CMake config files
[0.469s] Level 1:colcon.colcon_core.shell:create_environment_hook('diffdrive_arduino', 'cmake_prefix_path')
[0.469s] INFO:colcon.colcon_core.shell:Creating environment hook '/home/vincent/pfe/ws/install/diffdrive_arduino/share/diffdrive_arduino/hook/cmake_prefix_path.ps1'
[0.470s] INFO:colcon.colcon_core.shell:Creating environment descriptor '/home/vincent/pfe/ws/install/diffdrive_arduino/share/diffdrive_arduino/hook/cmake_prefix_path.dsv'
[0.470s] INFO:colcon.colcon_core.shell:Creating environment hook '/home/vincent/pfe/ws/install/diffdrive_arduino/share/diffdrive_arduino/hook/cmake_prefix_path.sh'
[0.470s] Level 1:colcon.colcon_core.environment:checking '/home/vincent/pfe/ws/install/diffdrive_arduino/lib'
[0.470s] Level 1:colcon.colcon_core.shell:create_environment_hook('diffdrive_arduino', 'ld_library_path_lib')
[0.471s] INFO:colcon.colcon_core.shell:Creating environment hook '/home/vincent/pfe/ws/install/diffdrive_arduino/share/diffdrive_arduino/hook/ld_library_path_lib.ps1'
[0.471s] INFO:colcon.colcon_core.shell:Creating environment descriptor '/home/vincent/pfe/ws/install/diffdrive_arduino/share/diffdrive_arduino/hook/ld_library_path_lib.dsv'
[0.471s] INFO:colcon.colcon_core.shell:Creating environment hook '/home/vincent/pfe/ws/install/diffdrive_arduino/share/diffdrive_arduino/hook/ld_library_path_lib.sh'
[0.471s] Level 1:colcon.colcon_core.environment:checking '/home/vincent/pfe/ws/install/diffdrive_arduino/bin'
[0.471s] Level 1:colcon.colcon_core.environment:checking '/home/vincent/pfe/ws/install/diffdrive_arduino/lib/pkgconfig/diffdrive_arduino.pc'
[0.472s] Level 1:colcon.colcon_core.environment:checking '/home/vincent/pfe/ws/install/diffdrive_arduino/lib/python3.10/site-packages'
[0.472s] Level 1:colcon.colcon_core.environment:checking '/home/vincent/pfe/ws/install/diffdrive_arduino/bin'
[0.472s] INFO:colcon.colcon_core.shell:Creating package script '/home/vincent/pfe/ws/install/diffdrive_arduino/share/diffdrive_arduino/package.ps1'
[0.472s] INFO:colcon.colcon_core.shell:Creating package descriptor '/home/vincent/pfe/ws/install/diffdrive_arduino/share/diffdrive_arduino/package.dsv'
[0.473s] INFO:colcon.colcon_core.shell:Creating package script '/home/vincent/pfe/ws/install/diffdrive_arduino/share/diffdrive_arduino/package.sh'
[0.473s] INFO:colcon.colcon_core.shell:Creating package script '/home/vincent/pfe/ws/install/diffdrive_arduino/share/diffdrive_arduino/package.bash'
[0.473s] INFO:colcon.colcon_core.shell:Creating package script '/home/vincent/pfe/ws/install/diffdrive_arduino/share/diffdrive_arduino/package.zsh'
[0.473s] Level 1:colcon.colcon_core.environment:create_file_with_runtime_dependencies(/home/vincent/pfe/ws/install/diffdrive_arduino/share/colcon-core/packages/diffdrive_arduino)
[0.492s] Level 1:colcon.colcon_core.environment:create_environment_scripts_only(skid_drive_controller)
[0.492s] Level 1:colcon.colcon_core.environment:checking '/home/vincent/pfe/ws/install/skid_drive_controller' for CMake module files
[0.493s] DEBUG:colcon.colcon_core.event_handler.log_command:Invoked command in '/home/vincent/pfe/ws/build/skid_drive_controller' returned '0': CMAKE_PREFIX_PATH=${CMAKE_PREFIX_PATH}:/opt/ros/humble /usr/bin/cmake --install /home/vincent/pfe/ws/build/skid_drive_controller
[0.493s] Level 1:colcon.colcon_core.environment:checking '/home/vincent/pfe/ws/install/skid_drive_controller' for CMake config files
[0.494s] Level 1:colcon.colcon_core.shell:create_environment_hook('skid_drive_controller', 'cmake_prefix_path')
[0.494s] INFO:colcon.colcon_core.shell:Creating environment hook '/home/vincent/pfe/ws/install/skid_drive_controller/share/skid_drive_controller/hook/cmake_prefix_path.ps1'
[0.494s] INFO:colcon.colcon_core.shell:Creating environment descriptor '/home/vincent/pfe/ws/install/skid_drive_controller/share/skid_drive_controller/hook/cmake_prefix_path.dsv'
[0.495s] INFO:colcon.colcon_core.shell:Creating environment hook '/home/vincent/pfe/ws/install/skid_drive_controller/share/skid_drive_controller/hook/cmake_prefix_path.sh'
[0.495s] Level 1:colcon.colcon_core.environment:checking '/home/vincent/pfe/ws/install/skid_drive_controller/lib'
[0.495s] Level 1:colcon.colcon_core.shell:create_environment_hook('skid_drive_controller', 'ld_library_path_lib')
[0.495s] INFO:colcon.colcon_core.shell:Creating environment hook '/home/vincent/pfe/ws/install/skid_drive_controller/share/skid_drive_controller/hook/ld_library_path_lib.ps1'
[0.495s] INFO:colcon.colcon_core.shell:Creating environment descriptor '/home/vincent/pfe/ws/install/skid_drive_controller/share/skid_drive_controller/hook/ld_library_path_lib.dsv'
[0.496s] INFO:colcon.colcon_core.shell:Creating environment hook '/home/vincent/pfe/ws/install/skid_drive_controller/share/skid_drive_controller/hook/ld_library_path_lib.sh'
[0.496s] Level 1:colcon.colcon_core.environment:checking '/home/vincent/pfe/ws/install/skid_drive_controller/bin'
[0.496s] Level 1:colcon.colcon_core.environment:checking '/home/vincent/pfe/ws/install/skid_drive_controller/lib/pkgconfig/skid_drive_controller.pc'
[0.496s] Level 1:colcon.colcon_core.environment:checking '/home/vincent/pfe/ws/install/skid_drive_controller/lib/python3.10/site-packages'
[0.496s] Level 1:colcon.colcon_core.environment:checking '/home/vincent/pfe/ws/install/skid_drive_controller/bin'
[0.496s] INFO:colcon.colcon_core.shell:Creating package script '/home/vincent/pfe/ws/install/skid_drive_controller/share/skid_drive_controller/package.ps1'
[0.497s] INFO:colcon.colcon_core.shell:Creating package descriptor '/home/vincent/pfe/ws/install/skid_drive_controller/share/skid_drive_controller/package.dsv'
[0.497s] INFO:colcon.colcon_core.shell:Creating package script '/home/vincent/pfe/ws/install/skid_drive_controller/share/skid_drive_controller/package.sh'
[0.497s] INFO:colcon.colcon_core.shell:Creating package script '/home/vincent/pfe/ws/install/skid_drive_controller/share/skid_drive_controller/package.bash'
[0.498s] INFO:colcon.colcon_core.shell:Creating package script '/home/vincent/pfe/ws/install/skid_drive_controller/share/skid_drive_controller/package.zsh'
[0.498s] Level 1:colcon.colcon_core.environment:create_file_with_runtime_dependencies(/home/vincent/pfe/ws/install/skid_drive_controller/share/colcon-core/packages/skid_drive_controller)
[0.509s] Level 1:colcon.colcon_core.environment:create_environment_scripts_only(diffdrive_arduino)
[0.509s] Level 1:colcon.colcon_core.environment:checking '/home/vincent/pfe/ws/install/diffdrive_arduino' for CMake module files
[0.510s] Level 1:colcon.colcon_core.environment:checking '/home/vincent/pfe/ws/install/diffdrive_arduino' for CMake config files
[0.510s] Level 1:colcon.colcon_core.shell:create_environment_hook('diffdrive_arduino', 'cmake_prefix_path')
[0.510s] INFO:colcon.colcon_core.shell:Creating environment hook '/home/vincent/pfe/ws/install/diffdrive_arduino/share/diffdrive_arduino/hook/cmake_prefix_path.ps1'
[0.511s] INFO:colcon.colcon_core.shell:Creating environment descriptor '/home/vincent/pfe/ws/install/diffdrive_arduino/share/diffdrive_arduino/hook/cmake_prefix_path.dsv'
[0.511s] INFO:colcon.colcon_core.shell:Creating environment hook '/home/vincent/pfe/ws/install/diffdrive_arduino/share/diffdrive_arduino/hook/cmake_prefix_path.sh'
[0.511s] Level 1:colcon.colcon_core.environment:checking '/home/vincent/pfe/ws/install/diffdrive_arduino/lib'
[0.511s] Level 1:colcon.colcon_core.shell:create_environment_hook('diffdrive_arduino', 'ld_library_path_lib')
[0.511s] INFO:colcon.colcon_core.shell:Creating environment hook '/home/vincent/pfe/ws/install/diffdrive_arduino/share/diffdrive_arduino/hook/ld_library_path_lib.ps1'
[0.512s] INFO:colcon.colcon_core.shell:Creating environment descriptor '/home/vincent/pfe/ws/install/diffdrive_arduino/share/diffdrive_arduino/hook/ld_library_path_lib.dsv'
[0.512s] INFO:colcon.colcon_core.shell:Creating environment hook '/home/vincent/pfe/ws/install/diffdrive_arduino/share/diffdrive_arduino/hook/ld_library_path_lib.sh'
[0.512s] Level 1:colcon.colcon_core.environment:checking '/home/vincent/pfe/ws/install/diffdrive_arduino/bin'
[0.512s] Level 1:colcon.colcon_core.environment:checking '/home/vincent/pfe/ws/install/diffdrive_arduino/lib/pkgconfig/diffdrive_arduino.pc'
[0.512s] Level 1:colcon.colcon_core.environment:checking '/home/vincent/pfe/ws/install/diffdrive_arduino/lib/python3.10/site-packages'
[0.513s] Level 1:colcon.colcon_core.environment:checking '/home/vincent/pfe/ws/install/diffdrive_arduino/bin'
[0.513s] INFO:colcon.colcon_core.shell:Creating package script '/home/vincent/pfe/ws/install/diffdrive_arduino/share/diffdrive_arduino/package.ps1'
[0.513s] INFO:colcon.colcon_core.shell:Creating package descriptor '/home/vincent/pfe/ws/install/diffdrive_arduino/share/diffdrive_arduino/package.dsv'
[0.514s] INFO:colcon.colcon_core.shell:Creating package script '/home/vincent/pfe/ws/install/diffdrive_arduino/share/diffdrive_arduino/package.sh'
[0.514s] INFO:colcon.colcon_core.shell:Creating package script '/home/vincent/pfe/ws/install/diffdrive_arduino/share/diffdrive_arduino/package.bash'
[0.514s] INFO:colcon.colcon_core.shell:Creating package script '/home/vincent/pfe/ws/install/diffdrive_arduino/share/diffdrive_arduino/package.zsh'
[0.515s] Level 1:colcon.colcon_core.environment:create_file_with_runtime_dependencies(/home/vincent/pfe/ws/install/diffdrive_arduino/share/colcon-core/packages/diffdrive_arduino)
[0.540s] Level 1:colcon.colcon_core.environment:create_environment_scripts_only(skid_drive_controller)
[0.541s] Level 1:colcon.colcon_core.environment:checking '/home/vincent/pfe/ws/install/skid_drive_controller' for CMake module files
[0.541s] Level 1:colcon.colcon_core.environment:checking '/home/vincent/pfe/ws/install/skid_drive_controller' for CMake config files
[0.541s] Level 1:colcon.colcon_core.shell:create_environment_hook('skid_drive_controller', 'cmake_prefix_path')
[0.542s] INFO:colcon.colcon_core.shell:Creating environment hook '/home/vincent/pfe/ws/install/skid_drive_controller/share/skid_drive_controller/hook/cmake_prefix_path.ps1'
[0.542s] INFO:colcon.colcon_core.shell:Creating environment descriptor '/home/vincent/pfe/ws/install/skid_drive_controller/share/skid_drive_controller/hook/cmake_prefix_path.dsv'
[0.542s] INFO:colcon.colcon_core.shell:Creating environment hook '/home/vincent/pfe/ws/install/skid_drive_controller/share/skid_drive_controller/hook/cmake_prefix_path.sh'
[0.543s] Level 1:colcon.colcon_core.environment:checking '/home/vincent/pfe/ws/install/skid_drive_controller/lib'
[0.543s] Level 1:colcon.colcon_core.shell:create_environment_hook('skid_drive_controller', 'ld_library_path_lib')
[0.543s] INFO:colcon.colcon_core.shell:Creating environment hook '/home/vincent/pfe/ws/install/skid_drive_controller/share/skid_drive_controller/hook/ld_library_path_lib.ps1'
[0.543s] INFO:colcon.colcon_core.shell:Creating environment descriptor '/home/vincent/pfe/ws/install/skid_drive_controller/share/skid_drive_controller/hook/ld_library_path_lib.dsv'
[0.543s] INFO:colcon.colcon_core.shell:Creating environment hook '/home/vincent/pfe/ws/install/skid_drive_controller/share/skid_drive_controller/hook/ld_library_path_lib.sh'
[0.544s] Level 1:colcon.colcon_core.environment:checking '/home/vincent/pfe/ws/install/skid_drive_controller/bin'
[0.544s] Level 1:colcon.colcon_core.environment:checking '/home/vincent/pfe/ws/install/skid_drive_controller/lib/pkgconfig/skid_drive_controller.pc'
[0.544s] Level 1:colcon.colcon_core.environment:checking '/home/vincent/pfe/ws/install/skid_drive_controller/lib/python3.10/site-packages'
[0.544s] Level 1:colcon.colcon_core.environment:checking '/home/vincent/pfe/ws/install/skid_drive_controller/bin'
[0.544s] INFO:colcon.colcon_core.shell:Creating package script '/home/vincent/pfe/ws/install/skid_drive_controller/share/skid_drive_controller/package.ps1'
[0.544s] INFO:colcon.colcon_core.shell:Creating package descriptor '/home/vincent/pfe/ws/install/skid_drive_controller/share/skid_drive_controller/package.dsv'
[0.545s] INFO:colcon.colcon_core.shell:Creating package script '/home/vincent/pfe/ws/install/skid_drive_controller/share/skid_drive_controller/package.sh'
[0.545s] INFO:colcon.colcon_core.shell:Creating package script '/home/vincent/pfe/ws/install/skid_drive_controller/share/skid_drive_controller/package.bash'
[0.545s] INFO:colcon.colcon_core.shell:Creating package script '/home/vincent/pfe/ws/install/skid_drive_controller/share/skid_drive_controller/package.zsh'
[0.546s] Level 1:colcon.colcon_core.environment:create_file_with_runtime_dependencies(/home/vincent/pfe/ws/install/skid_drive_controller/share/colcon-core/packages/skid_drive_controller)
[0.546s] DEBUG:colcon.colcon_parallel_executor.executor.parallel:closing loop
[0.546s] DEBUG:colcon.colcon_parallel_executor.executor.parallel:loop closed
[0.546s] DEBUG:colcon.colcon_parallel_executor.executor.parallel:run_until_complete finished with '0'
[0.546s] DEBUG:colcon.colcon_core.event_reactor:joining thread
[0.551s] INFO:colcon.colcon_core.plugin_system:Skipping extension 'colcon_notification.desktop_notification.notify_send': Could not find 'notify-send'
[0.551s] INFO:colcon.colcon_core.plugin_system:Skipping extension 'colcon_notification.desktop_notification.terminal_notifier': Not used on non-Darwin systems
[0.551s] INFO:colcon.colcon_core.plugin_system:Skipping extension 'colcon_notification.desktop_notification.win32': Not used on non-Windows systems
[0.551s] INFO:colcon.colcon_notification.desktop_notification:Sending desktop notification using 'notify2'
[0.570s] DEBUG:colcon.colcon_core.event_reactor:joined thread
[0.571s] INFO:colcon.colcon_core.shell:Creating prefix script '/home/vincent/pfe/ws/install/local_setup.ps1'
[0.572s] INFO:colcon.colcon_core.shell:Creating prefix util module '/home/vincent/pfe/ws/install/_local_setup_util_ps1.py'
[0.573s] INFO:colcon.colcon_core.shell:Creating prefix chain script '/home/vincent/pfe/ws/install/setup.ps1'
[0.574s] INFO:colcon.colcon_core.shell:Creating prefix script '/home/vincent/pfe/ws/install/local_setup.sh'
[0.574s] INFO:colcon.colcon_core.shell:Creating prefix util module '/home/vincent/pfe/ws/install/_local_setup_util_sh.py'
[0.575s] INFO:colcon.colcon_core.shell:Creating prefix chain script '/home/vincent/pfe/ws/install/setup.sh'
[0.576s] INFO:colcon.colcon_core.shell:Creating prefix script '/home/vincent/pfe/ws/install/local_setup.bash'
[0.576s] INFO:colcon.colcon_core.shell:Creating prefix chain script '/home/vincent/pfe/ws/install/setup.bash'
[0.577s] INFO:colcon.colcon_core.shell:Creating prefix script '/home/vincent/pfe/ws/install/local_setup.zsh'
[0.577s] INFO:colcon.colcon_core.shell:Creating prefix chain script '/home/vincent/pfe/ws/install/setup.zsh'
