[0.015s] Invoking command in '/home/vincent/pfe/open-manipulator/build/open-manipulator-moveit': CMAKE_PREFIX_PATH=/home/vincent/pfe/open-manipulator/install/open_manipulator_x_description:/home/vincent/pfe/open-manipulator/install/open-manipulator-moveit:/home/vincent/pfe/open-manipulator/install/open_manipulator:/home/vincent/pfe/open-manipulator/install/open_manipulator_x_controller:/home/vincent/pfe/open-manipulator/install/open_manipulator_x_libs:/home/vincent/pfe/open-manipulator/install/robotis_manipulator:/home/vincent/pfe/open-manipulator/install/open_manipulator_msgs:/home/vincent/pfe/open-manipulator/install/cmake_modules:/home/vincent/turtlebot3_manipulation/install/turtlebot3_manipulation:/home/vincent/turtlebot3_manipulation/install/turtlebot3_manipulation_teleop:/home/vincent/turtlebot3_manipulation/install/turtlebot3_manipulation_navigation2:/home/vincent/turtlebot3_manipulation/install/turtlebot3_manipulation_moveit_config:/home/vincent/turtlebot3_manipulation/install/turtlebot3_manipulation_hardware:/home/vincent/turtlebot3_manipulation/install/turtlebot3_manipulation_bringup:/home/vincent/turtlebot3_manipulation/install/turtlebot3_manipulation_description:/home/vincent/turtlebot3_manipulation/install/turtlebot3_manipulation_cartographer:/home/vincent/ros2_ws/install/zed_interfaces:/home/vincent/pfe/open-manipulator/install/open_manipulator_x_teleop:/opt/ros/humble /usr/bin/cmake /home/vincent/pfe/open-manipulator/open-manipulator-moveit -DAMENT_CMAKE_SYMLINK_INSTALL=1 -DCMAKE_INSTALL_PREFIX=/home/vincent/pfe/open-manipulator/install/open-manipulator-moveit
[0.088s] -- The C compiler identification is GNU 11.4.0
[0.163s] -- The CXX compiler identification is GNU 11.4.0
[0.170s] -- Detecting C compiler ABI info
[0.267s] -- Detecting C compiler ABI info - done
[0.273s] -- Check for working C compiler: /usr/bin/cc - skipped
[0.273s] -- Detecting C compile features
[0.273s] -- Detecting C compile features - done
[0.276s] -- Detecting CXX compiler ABI info
[0.379s] -- Detecting CXX compiler ABI info - done
[0.389s] -- Check for working CXX compiler: /usr/bin/c++ - skipped
[0.389s] -- Detecting CXX compile features
[0.390s] -- Detecting CXX compile features - done
[0.395s] -- Found ament_cmake: 1.3.9 (/opt/ros/humble/share/ament_cmake/cmake)
[0.574s] -- Found Python3: /usr/bin/python3 (found version "3.10.12") found components: Interpreter 
[0.639s] -- Override CMake install command with custom implementation using symlinks instead of copying resources
[0.750s] -- Configuring done
[0.753s] -- Generating done
[0.754s] -- Build files have been written to: /home/vincent/pfe/open-manipulator/build/open-manipulator-moveit
[0.759s] Invoked command in '/home/vincent/pfe/open-manipulator/build/open-manipulator-moveit' returned '0': CMAKE_PREFIX_PATH=/home/vincent/pfe/open-manipulator/install/open_manipulator_x_description:/home/vincent/pfe/open-manipulator/install/open-manipulator-moveit:/home/vincent/pfe/open-manipulator/install/open_manipulator:/home/vincent/pfe/open-manipulator/install/open_manipulator_x_controller:/home/vincent/pfe/open-manipulator/install/open_manipulator_x_libs:/home/vincent/pfe/open-manipulator/install/robotis_manipulator:/home/vincent/pfe/open-manipulator/install/open_manipulator_msgs:/home/vincent/pfe/open-manipulator/install/cmake_modules:/home/vincent/turtlebot3_manipulation/install/turtlebot3_manipulation:/home/vincent/turtlebot3_manipulation/install/turtlebot3_manipulation_teleop:/home/vincent/turtlebot3_manipulation/install/turtlebot3_manipulation_navigation2:/home/vincent/turtlebot3_manipulation/install/turtlebot3_manipulation_moveit_config:/home/vincent/turtlebot3_manipulation/install/turtlebot3_manipulation_hardware:/home/vincent/turtlebot3_manipulation/install/turtlebot3_manipulation_bringup:/home/vincent/turtlebot3_manipulation/install/turtlebot3_manipulation_description:/home/vincent/turtlebot3_manipulation/install/turtlebot3_manipulation_cartographer:/home/vincent/ros2_ws/install/zed_interfaces:/home/vincent/pfe/open-manipulator/install/open_manipulator_x_teleop:/opt/ros/humble /usr/bin/cmake /home/vincent/pfe/open-manipulator/open-manipulator-moveit -DAMENT_CMAKE_SYMLINK_INSTALL=1 -DCMAKE_INSTALL_PREFIX=/home/vincent/pfe/open-manipulator/install/open-manipulator-moveit
[0.760s] Invoking command in '/home/vincent/pfe/open-manipulator/build/open-manipulator-moveit': CMAKE_PREFIX_PATH=/home/vincent/pfe/open-manipulator/install/open_manipulator_x_description:/home/vincent/pfe/open-manipulator/install/open-manipulator-moveit:/home/vincent/pfe/open-manipulator/install/open_manipulator:/home/vincent/pfe/open-manipulator/install/open_manipulator_x_controller:/home/vincent/pfe/open-manipulator/install/open_manipulator_x_libs:/home/vincent/pfe/open-manipulator/install/robotis_manipulator:/home/vincent/pfe/open-manipulator/install/open_manipulator_msgs:/home/vincent/pfe/open-manipulator/install/cmake_modules:/home/vincent/turtlebot3_manipulation/install/turtlebot3_manipulation:/home/vincent/turtlebot3_manipulation/install/turtlebot3_manipulation_teleop:/home/vincent/turtlebot3_manipulation/install/turtlebot3_manipulation_navigation2:/home/vincent/turtlebot3_manipulation/install/turtlebot3_manipulation_moveit_config:/home/vincent/turtlebot3_manipulation/install/turtlebot3_manipulation_hardware:/home/vincent/turtlebot3_manipulation/install/turtlebot3_manipulation_bringup:/home/vincent/turtlebot3_manipulation/install/turtlebot3_manipulation_description:/home/vincent/turtlebot3_manipulation/install/turtlebot3_manipulation_cartographer:/home/vincent/ros2_ws/install/zed_interfaces:/home/vincent/pfe/open-manipulator/install/open_manipulator_x_teleop:/opt/ros/humble /usr/bin/cmake --build /home/vincent/pfe/open-manipulator/build/open-manipulator-moveit -- -j16 -l16
[0.805s] Invoked command in '/home/vincent/pfe/open-manipulator/build/open-manipulator-moveit' returned '0': CMAKE_PREFIX_PATH=/home/vincent/pfe/open-manipulator/install/open_manipulator_x_description:/home/vincent/pfe/open-manipulator/install/open-manipulator-moveit:/home/vincent/pfe/open-manipulator/install/open_manipulator:/home/vincent/pfe/open-manipulator/install/open_manipulator_x_controller:/home/vincent/pfe/open-manipulator/install/open_manipulator_x_libs:/home/vincent/pfe/open-manipulator/install/robotis_manipulator:/home/vincent/pfe/open-manipulator/install/open_manipulator_msgs:/home/vincent/pfe/open-manipulator/install/cmake_modules:/home/vincent/turtlebot3_manipulation/install/turtlebot3_manipulation:/home/vincent/turtlebot3_manipulation/install/turtlebot3_manipulation_teleop:/home/vincent/turtlebot3_manipulation/install/turtlebot3_manipulation_navigation2:/home/vincent/turtlebot3_manipulation/install/turtlebot3_manipulation_moveit_config:/home/vincent/turtlebot3_manipulation/install/turtlebot3_manipulation_hardware:/home/vincent/turtlebot3_manipulation/install/turtlebot3_manipulation_bringup:/home/vincent/turtlebot3_manipulation/install/turtlebot3_manipulation_description:/home/vincent/turtlebot3_manipulation/install/turtlebot3_manipulation_cartographer:/home/vincent/ros2_ws/install/zed_interfaces:/home/vincent/pfe/open-manipulator/install/open_manipulator_x_teleop:/opt/ros/humble /usr/bin/cmake --build /home/vincent/pfe/open-manipulator/build/open-manipulator-moveit -- -j16 -l16
[0.835s] Invoking command in '/home/vincent/pfe/open-manipulator/build/open-manipulator-moveit': CMAKE_PREFIX_PATH=/home/vincent/pfe/open-manipulator/install/open_manipulator_x_description:/home/vincent/pfe/open-manipulator/install/open-manipulator-moveit:/home/vincent/pfe/open-manipulator/install/open_manipulator:/home/vincent/pfe/open-manipulator/install/open_manipulator_x_controller:/home/vincent/pfe/open-manipulator/install/open_manipulator_x_libs:/home/vincent/pfe/open-manipulator/install/robotis_manipulator:/home/vincent/pfe/open-manipulator/install/open_manipulator_msgs:/home/vincent/pfe/open-manipulator/install/cmake_modules:/home/vincent/turtlebot3_manipulation/install/turtlebot3_manipulation:/home/vincent/turtlebot3_manipulation/install/turtlebot3_manipulation_teleop:/home/vincent/turtlebot3_manipulation/install/turtlebot3_manipulation_navigation2:/home/vincent/turtlebot3_manipulation/install/turtlebot3_manipulation_moveit_config:/home/vincent/turtlebot3_manipulation/install/turtlebot3_manipulation_hardware:/home/vincent/turtlebot3_manipulation/install/turtlebot3_manipulation_bringup:/home/vincent/turtlebot3_manipulation/install/turtlebot3_manipulation_description:/home/vincent/turtlebot3_manipulation/install/turtlebot3_manipulation_cartographer:/home/vincent/ros2_ws/install/zed_interfaces:/home/vincent/pfe/open-manipulator/install/open_manipulator_x_teleop:/opt/ros/humble /usr/bin/cmake --install /home/vincent/pfe/open-manipulator/build/open-manipulator-moveit
[0.842s] -- Install configuration: ""
[0.843s] -- Execute custom install script
[0.843s] -- Symlinking: /home/vincent/pfe/open-manipulator/install/open-manipulator-moveit/share/ament_index/resource_index/package_run_dependencies/open-manipulator-moveit
[0.852s] -- Symlinking: /home/vincent/pfe/open-manipulator/install/open-manipulator-moveit/share/ament_index/resource_index/parent_prefix_path/open-manipulator-moveit
[0.861s] -- Symlinking: /home/vincent/pfe/open-manipulator/install/open-manipulator-moveit/share/open-manipulator-moveit/environment/ament_prefix_path.sh
[0.871s] -- Symlinking: /home/vincent/pfe/open-manipulator/install/open-manipulator-moveit/share/open-manipulator-moveit/environment/ament_prefix_path.dsv
[0.881s] -- Symlinking: /home/vincent/pfe/open-manipulator/install/open-manipulator-moveit/share/open-manipulator-moveit/environment/path.sh
[0.891s] -- Symlinking: /home/vincent/pfe/open-manipulator/install/open-manipulator-moveit/share/open-manipulator-moveit/environment/path.dsv
[0.902s] -- Symlinking: /home/vincent/pfe/open-manipulator/install/open-manipulator-moveit/share/open-manipulator-moveit/local_setup.bash
[0.912s] -- Symlinking: /home/vincent/pfe/open-manipulator/install/open-manipulator-moveit/share/open-manipulator-moveit/local_setup.sh
[0.921s] -- Symlinking: /home/vincent/pfe/open-manipulator/install/open-manipulator-moveit/share/open-manipulator-moveit/local_setup.zsh
[0.930s] -- Symlinking: /home/vincent/pfe/open-manipulator/install/open-manipulator-moveit/share/open-manipulator-moveit/local_setup.dsv
[0.940s] -- Symlinking: /home/vincent/pfe/open-manipulator/install/open-manipulator-moveit/share/open-manipulator-moveit/package.dsv
[0.950s] -- Symlinking: /home/vincent/pfe/open-manipulator/install/open-manipulator-moveit/share/ament_index/resource_index/packages/open-manipulator-moveit
[0.960s] -- Symlinking: /home/vincent/pfe/open-manipulator/install/open-manipulator-moveit/share/open-manipulator-moveit/cmake/open-manipulator-moveitConfig.cmake
[0.969s] -- Symlinking: /home/vincent/pfe/open-manipulator/install/open-manipulator-moveit/share/open-manipulator-moveit/cmake/open-manipulator-moveitConfig-version.cmake
[0.980s] -- Symlinking: /home/vincent/pfe/open-manipulator/install/open-manipulator-moveit/share/open-manipulator-moveit/package.xml
[0.991s] -- Symlinking: /home/vincent/pfe/open-manipulator/install/open-manipulator-moveit/share/open-manipulator-moveit/launch/demo.launch.py
[1.003s] -- Symlinking: /home/vincent/pfe/open-manipulator/install/open-manipulator-moveit/share/open-manipulator-moveit/launch/move_group.launch.py
[1.013s] -- Symlinking: /home/vincent/pfe/open-manipulator/install/open-manipulator-moveit/share/open-manipulator-moveit/launch/moveit_rviz.launch.py
[1.024s] -- Symlinking: /home/vincent/pfe/open-manipulator/install/open-manipulator-moveit/share/open-manipulator-moveit/launch/rsp.launch.py
[1.034s] -- Symlinking: /home/vincent/pfe/open-manipulator/install/open-manipulator-moveit/share/open-manipulator-moveit/launch/setup_assistant.launch.py
[1.045s] -- Symlinking: /home/vincent/pfe/open-manipulator/install/open-manipulator-moveit/share/open-manipulator-moveit/launch/spawn_controllers.launch.py
[1.056s] -- Symlinking: /home/vincent/pfe/open-manipulator/install/open-manipulator-moveit/share/open-manipulator-moveit/launch/static_virtual_joint_tfs.launch.py
[1.067s] -- Symlinking: /home/vincent/pfe/open-manipulator/install/open-manipulator-moveit/share/open-manipulator-moveit/launch/warehouse_db.launch.py
[1.077s] -- Symlinking: /home/vincent/pfe/open-manipulator/install/open-manipulator-moveit/share/open-manipulator-moveit/config/initial_positions.yaml
[1.089s] -- Symlinking: /home/vincent/pfe/open-manipulator/install/open-manipulator-moveit/share/open-manipulator-moveit/config/joint_limits.yaml
[1.099s] -- Symlinking: /home/vincent/pfe/open-manipulator/install/open-manipulator-moveit/share/open-manipulator-moveit/config/kinematics.yaml
[1.110s] -- Symlinking: /home/vincent/pfe/open-manipulator/install/open-manipulator-moveit/share/open-manipulator-moveit/config/moveit.rviz
[1.120s] -- Symlinking: /home/vincent/pfe/open-manipulator/install/open-manipulator-moveit/share/open-manipulator-moveit/config/moveit_controllers.yaml
[1.130s] -- Symlinking: /home/vincent/pfe/open-manipulator/install/open-manipulator-moveit/share/open-manipulator-moveit/config/open_manipulator_x.ros2_control.xacro
[1.141s] -- Symlinking: /home/vincent/pfe/open-manipulator/install/open-manipulator-moveit/share/open-manipulator-moveit/config/open_manipulator_x.srdf
[1.151s] -- Symlinking: /home/vincent/pfe/open-manipulator/install/open-manipulator-moveit/share/open-manipulator-moveit/config/open_manipulator_x.urdf.xacro
[1.161s] -- Symlinking: /home/vincent/pfe/open-manipulator/install/open-manipulator-moveit/share/open-manipulator-moveit/config/pilz_cartesian_limits.yaml
[1.172s] -- Symlinking: /home/vincent/pfe/open-manipulator/install/open-manipulator-moveit/share/open-manipulator-moveit/config/sensors_3d.yaml
[1.182s] -- Symlinking: /home/vincent/pfe/open-manipulator/install/open-manipulator-moveit/share/open-manipulator-moveit/.setup_assistant
[1.197s] Invoked command in '/home/vincent/pfe/open-manipulator/build/open-manipulator-moveit' returned '0': CMAKE_PREFIX_PATH=/home/vincent/pfe/open-manipulator/install/open_manipulator_x_description:/home/vincent/pfe/open-manipulator/install/open-manipulator-moveit:/home/vincent/pfe/open-manipulator/install/open_manipulator:/home/vincent/pfe/open-manipulator/install/open_manipulator_x_controller:/home/vincent/pfe/open-manipulator/install/open_manipulator_x_libs:/home/vincent/pfe/open-manipulator/install/robotis_manipulator:/home/vincent/pfe/open-manipulator/install/open_manipulator_msgs:/home/vincent/pfe/open-manipulator/install/cmake_modules:/home/vincent/turtlebot3_manipulation/install/turtlebot3_manipulation:/home/vincent/turtlebot3_manipulation/install/turtlebot3_manipulation_teleop:/home/vincent/turtlebot3_manipulation/install/turtlebot3_manipulation_navigation2:/home/vincent/turtlebot3_manipulation/install/turtlebot3_manipulation_moveit_config:/home/vincent/turtlebot3_manipulation/install/turtlebot3_manipulation_hardware:/home/vincent/turtlebot3_manipulation/install/turtlebot3_manipulation_bringup:/home/vincent/turtlebot3_manipulation/install/turtlebot3_manipulation_description:/home/vincent/turtlebot3_manipulation/install/turtlebot3_manipulation_cartographer:/home/vincent/ros2_ws/install/zed_interfaces:/home/vincent/pfe/open-manipulator/install/open_manipulator_x_teleop:/opt/ros/humble /usr/bin/cmake --install /home/vincent/pfe/open-manipulator/build/open-manipulator-moveit
