[0.011s] Invoking command in '/home/vincent/pfe/ws/src/skid_drive_controller/build/skid_drive_controller': CMAKE_PREFIX_PATH=${CMAKE_PREFIX_PATH}:/opt/ros/humble /usr/bin/cmake --build /home/vincent/pfe/ws/src/skid_drive_controller/build/skid_drive_controller -- -j16 -l16
[0.064s] [ 20%] Built target skid_drive_controller_parameters
[0.075s] [35m[1mConsolidate compiler generated dependencies of target skid_drive_controller[0m
[0.091s] [ 40%] [32mBuilding CXX object CMakeFiles/skid_drive_controller.dir/src/skid_drive_controller.cpp.o[0m
[12.175s] [ 60%] [32m[1mLinking CXX shared library libskid_drive_controller.so[0m
[12.858s] [100%] Built target skid_drive_controller
[12.872s] Invoked command in '/home/vincent/pfe/ws/src/skid_drive_controller/build/skid_drive_controller' returned '0': CMAKE_PREFIX_PATH=${CMAKE_PREFIX_PATH}:/opt/ros/humble /usr/bin/cmake --build /home/vincent/pfe/ws/src/skid_drive_controller/build/skid_drive_controller -- -j16 -l16
[12.922s] Invoking command in '/home/vincent/pfe/ws/src/skid_drive_controller/build/skid_drive_controller': CMAKE_PREFIX_PATH=${CMAKE_PREFIX_PATH}:/opt/ros/humble /usr/bin/cmake --install /home/vincent/pfe/ws/src/skid_drive_controller/build/skid_drive_controller
[12.930s] -- Install configuration: ""
[12.930s] -- Installing: /home/vincent/pfe/ws/src/skid_drive_controller/install/skid_drive_controller/include/skid_drive_controller_parameters
[12.930s] -- Installing: /home/vincent/pfe/ws/src/skid_drive_controller/install/skid_drive_controller/include/skid_drive_controller_parameters/skid_drive_controller_parameters.hpp
[12.930s] -- Installing: /home/vincent/pfe/ws/src/skid_drive_controller/install/skid_drive_controller/share/skid_drive_controller/skid_drive_plugin.xml
[12.931s] -- Installing: /home/vincent/pfe/ws/src/skid_drive_controller/install/skid_drive_controller/include/skid_drive_controller
[12.931s] -- Installing: /home/vincent/pfe/ws/src/skid_drive_controller/install/skid_drive_controller/include/skid_drive_controller/skid_drive_controller
[12.931s] -- Installing: /home/vincent/pfe/ws/src/skid_drive_controller/install/skid_drive_controller/include/skid_drive_controller/skid_drive_controller/odometry.hpp
[12.931s] -- Installing: /home/vincent/pfe/ws/src/skid_drive_controller/install/skid_drive_controller/include/skid_drive_controller/skid_drive_controller/visibility_control.h
[12.931s] -- Installing: /home/vincent/pfe/ws/src/skid_drive_controller/install/skid_drive_controller/include/skid_drive_controller/skid_drive_controller/skid_drive_controller.hpp
[12.931s] -- Installing: /home/vincent/pfe/ws/src/skid_drive_controller/install/skid_drive_controller/include/skid_drive_controller/skid_drive_controller/speed_limiter.hpp
[12.931s] -- Installing: /home/vincent/pfe/ws/src/skid_drive_controller/install/skid_drive_controller/lib/libskid_drive_controller.so
[12.950s] -- Set runtime path of "/home/vincent/pfe/ws/src/skid_drive_controller/install/skid_drive_controller/lib/libskid_drive_controller.so" to ""
[12.950s] -- Installing: /home/vincent/pfe/ws/src/skid_drive_controller/install/skid_drive_controller/share/skid_drive_controller/environment/library_path.sh
[12.950s] -- Installing: /home/vincent/pfe/ws/src/skid_drive_controller/install/skid_drive_controller/share/skid_drive_controller/environment/library_path.dsv
[12.951s] -- Installing: /home/vincent/pfe/ws/src/skid_drive_controller/install/skid_drive_controller/share/ament_index/resource_index/package_run_dependencies/skid_drive_controller
[12.951s] -- Installing: /home/vincent/pfe/ws/src/skid_drive_controller/install/skid_drive_controller/share/ament_index/resource_index/parent_prefix_path/skid_drive_controller
[12.951s] -- Installing: /home/vincent/pfe/ws/src/skid_drive_controller/install/skid_drive_controller/share/skid_drive_controller/environment/ament_prefix_path.sh
[12.951s] -- Installing: /home/vincent/pfe/ws/src/skid_drive_controller/install/skid_drive_controller/share/skid_drive_controller/environment/ament_prefix_path.dsv
[12.951s] -- Installing: /home/vincent/pfe/ws/src/skid_drive_controller/install/skid_drive_controller/share/skid_drive_controller/environment/path.sh
[12.952s] -- Installing: /home/vincent/pfe/ws/src/skid_drive_controller/install/skid_drive_controller/share/skid_drive_controller/environment/path.dsv
[12.952s] -- Installing: /home/vincent/pfe/ws/src/skid_drive_controller/install/skid_drive_controller/share/skid_drive_controller/local_setup.bash
[12.952s] -- Installing: /home/vincent/pfe/ws/src/skid_drive_controller/install/skid_drive_controller/share/skid_drive_controller/local_setup.sh
[12.952s] -- Installing: /home/vincent/pfe/ws/src/skid_drive_controller/install/skid_drive_controller/share/skid_drive_controller/local_setup.zsh
[12.952s] -- Installing: /home/vincent/pfe/ws/src/skid_drive_controller/install/skid_drive_controller/share/skid_drive_controller/local_setup.dsv
[12.952s] -- Installing: /home/vincent/pfe/ws/src/skid_drive_controller/install/skid_drive_controller/share/skid_drive_controller/package.dsv
[12.952s] -- Installing: /home/vincent/pfe/ws/src/skid_drive_controller/install/skid_drive_controller/share/ament_index/resource_index/packages/skid_drive_controller
[12.952s] -- Installing: /home/vincent/pfe/ws/src/skid_drive_controller/install/skid_drive_controller/share/ament_index/resource_index/controller_interface__pluginlib__plugin/skid_drive_controller
[12.952s] -- Installing: /home/vincent/pfe/ws/src/skid_drive_controller/install/skid_drive_controller/share/skid_drive_controller/cmake/export_skid_drive_controllerExport.cmake
[12.953s] -- Installing: /home/vincent/pfe/ws/src/skid_drive_controller/install/skid_drive_controller/share/skid_drive_controller/cmake/export_skid_drive_controllerExport-noconfig.cmake
[12.953s] -- Installing: /home/vincent/pfe/ws/src/skid_drive_controller/install/skid_drive_controller/share/skid_drive_controller/cmake/ament_cmake_export_targets-extras.cmake
[12.953s] -- Installing: /home/vincent/pfe/ws/src/skid_drive_controller/install/skid_drive_controller/share/skid_drive_controller/cmake/ament_cmake_export_dependencies-extras.cmake
[12.953s] -- Installing: /home/vincent/pfe/ws/src/skid_drive_controller/install/skid_drive_controller/share/skid_drive_controller/cmake/skid_drive_controllerConfig.cmake
[12.953s] -- Installing: /home/vincent/pfe/ws/src/skid_drive_controller/install/skid_drive_controller/share/skid_drive_controller/cmake/skid_drive_controllerConfig-version.cmake
[12.953s] -- Installing: /home/vincent/pfe/ws/src/skid_drive_controller/install/skid_drive_controller/share/skid_drive_controller/package.xml
[12.956s] Invoked command in '/home/vincent/pfe/ws/src/skid_drive_controller/build/skid_drive_controller' returned '0': CMAKE_PREFIX_PATH=${CMAKE_PREFIX_PATH}:/opt/ros/humble /usr/bin/cmake --install /home/vincent/pfe/ws/src/skid_drive_controller/build/skid_drive_controller
