[0.015s] Invoking command in '/home/vincent/ws_livox/build/livox_ros_driver2': CMAKE_PREFIX_PATH=${CMAKE_PREFIX_PATH}:/opt/ros/humble /usr/bin/cmake /home/vincent/ws_livox/src/livox_ros_driver2 -DROS_EDITION=ROS2 -DHUMBLE_ROS=humble -DAMENT_CMAKE_SYMLINK_INSTALL=1 -DCMAKE_INSTALL_PREFIX=/home/vincent/ws_livox/install/livox_ros_driver2
[0.205s] -- The C compiler identification is GNU 11.4.0
[0.311s] -- The CXX compiler identification is GNU 11.4.0
[0.323s] -- Detecting C compiler ABI info
[0.412s] -- Detecting C compiler ABI info - done
[0.418s] -- Check for working C compiler: /usr/bin/cc - skipped
[0.418s] -- Detecting C compile features
[0.419s] -- Detecting C compile features - done
[0.423s] -- Detecting CXX compiler ABI info
[0.515s] -- Detecting CXX compiler ABI info - done
[0.520s] -- Check for working CXX compiler: /usr/bin/c++ - skipped
[0.520s] -- Detecting CXX compile features
[0.521s] -- Detecting CXX compile features - done
[0.522s] -- livox_ros_driver2 version: 1.0.0
[0.525s] -- Found ament_cmake_auto: 1.3.9 (/opt/ros/humble/share/ament_cmake_auto/cmake)
[0.679s] -- Found Python3: /usr/bin/python3 (found version "3.10.12") found components: Interpreter 
[0.742s] -- Override CMake install command with custom implementation using symlinks instead of copying resources
[0.853s] -- Using all available rosidl_typesupport_c: rosidl_typesupport_fastrtps_c;rosidl_typesupport_introspection_c
[0.864s] -- Found rosidl_adapter: 3.1.5 (/opt/ros/humble/share/rosidl_adapter/cmake)
[0.932s] -- Using all available rosidl_typesupport_cpp: rosidl_typesupport_fastrtps_cpp;rosidl_typesupport_introspection_cpp
[1.081s] -- Found rmw_implementation_cmake: 6.1.2 (/opt/ros/humble/share/rmw_implementation_cmake/cmake)
[1.085s] -- Found rmw_fastrtps_cpp: 6.2.6 (/opt/ros/humble/share/rmw_fastrtps_cpp/cmake)
[1.222s] -- Found OpenSSL: /usr/lib/x86_64-linux-gnu/libcrypto.so (found version "3.0.2")  
[1.257s] -- Found FastRTPS: /opt/ros/humble/include  
[1.311s] -- Using RMW implementation 'rmw_fastrtps_cpp' as default
[1.326s] -- Looking for pthread.h
[1.420s] -- Looking for pthread.h - found
[1.420s] -- Performing Test CMAKE_HAVE_LIBC_PTHREAD
[1.522s] -- Performing Test CMAKE_HAVE_LIBC_PTHREAD - Success
[1.523s] -- Found Threads: TRUE  
[2.023s] -- Checking for module 'eigen3'
[2.042s] --   Found eigen3, version 3.4.0
[2.096s] -- Found Eigen: /usr/include/eigen3 (Required is at least version "3.1") 
[2.096s] -- Eigen found (include: /usr/include/eigen3, version: 3.4.0)
[2.125s] -- Found Boost: /usr/lib/x86_64-linux-gnu/cmake/Boost-1.74.0/BoostConfig.cmake (found suitable version "1.74.0", minimum required is "1.65.0") found components: system filesystem date_time iostreams serialization 
[2.146s] -- Checking for module 'flann'
[2.168s] --   Found flann, version 1.9.1
[2.235s] -- Found FLANN: /usr/lib/x86_64-linux-gnu/libflann_cpp.so  
[2.235s] -- FLANN found (include: /usr/include, lib: /usr/lib/x86_64-linux-gnu/libflann_cpp.so)
[2.268s] -- Found GLEW: /usr/lib/x86_64-linux-gnu/libGLEW.so  
[2.277s] -- Found OpenGL: /usr/lib/x86_64-linux-gnu/libOpenGL.so  found components: OpenGL GLX 
[2.451s] -- Found MPI_C: /usr/lib/x86_64-linux-gnu/libmpi.so (found version "3.1") 
[2.451s] -- Found MPI: TRUE (found version "3.1") found components: C 
[2.453s] -- Found JsonCpp: /usr/lib/x86_64-linux-gnu/libjsoncpp.so (found suitable version "1.9.5", minimum required is "0.7.0") 
[2.462s] -- Found ZLIB: /usr/lib/x86_64-linux-gnu/libz.so (found version "1.2.11") 
[2.479s] -- Found PNG: /usr/lib/x86_64-linux-gnu/libpng.so (found version "1.6.37") 
[2.498s] -- Found Eigen3: /usr/include/eigen3 (found version "3.4.0") 
[2.611s] -- Found X11: /usr/include   
[2.612s] -- Looking for XOpenDisplay in /usr/lib/x86_64-linux-gnu/libX11.so;/usr/lib/x86_64-linux-gnu/libXext.so
[2.694s] -- Looking for XOpenDisplay in /usr/lib/x86_64-linux-gnu/libX11.so;/usr/lib/x86_64-linux-gnu/libXext.so - found
[2.694s] -- Looking for gethostbyname
[2.773s] -- Looking for gethostbyname - found
[2.773s] -- Looking for connect
[2.850s] -- Looking for connect - found
[2.850s] -- Looking for remove
[2.929s] -- Looking for remove - found
[2.929s] -- Looking for shmat
[3.005s] -- Looking for shmat - found
[3.005s] -- Looking for IceConnectionNumber in ICE
[3.085s] -- Looking for IceConnectionNumber in ICE - found
[3.179s] -- Found EXPAT: /usr/lib/x86_64-linux-gnu/libexpat.so (found version "2.4.7") 
[3.181s] -- Found double-conversion: /usr/lib/x86_64-linux-gnu/libdouble-conversion.so  
[3.183s] -- Found LZ4: /usr/lib/x86_64-linux-gnu/liblz4.so (found version "1.9.3") 
[3.184s] -- Found LZMA: /usr/lib/x86_64-linux-gnu/liblzma.so (found version "5.2.5") 
[3.215s] -- Found JPEG: /usr/lib/x86_64-linux-gnu/libjpeg.so (found version "80") 
[3.222s] -- Found TIFF: /usr/lib/x86_64-linux-gnu/libtiff.so (found version "4.3.0")  
[3.225s] -- Found Freetype: /usr/lib/x86_64-linux-gnu/libfreetype.so (found version "2.11.1") 
[3.230s] -- Found utf8cpp: /usr/include/utf8cpp  
[3.324s] -- Checking for module 'libusb-1.0'
[3.341s] --   Found libusb-1.0, version 1.0.25
[3.392s] -- Found libusb: /usr/lib/x86_64-linux-gnu/libusb-1.0.so  
[3.393s] -- Found OpenNI: /usr/lib/libOpenNI.so;libusb::libusb (found version "1.5.4.0") 
[3.393s] -- OpenNI found (version: 1.5.4.0, include: /usr/include/ni, lib: /usr/lib/libOpenNI.so;libusb::libusb)
[3.478s] -- Found OpenNI2: /usr/lib/x86_64-linux-gnu/libOpenNI2.so;libusb::libusb (found version "2.2.0.33") 
[3.478s] -- OpenNI2 found (version: 2.2.0.33, include: /usr/include/openni2, lib: /usr/lib/x86_64-linux-gnu/libOpenNI2.so;libusb::libusb)
[3.478s] [0m** WARNING ** io features related to pcap will be disabled[0m
[3.643s] -- Eigen found (include: /usr/include/eigen3, version: 3.4.0)
[3.651s] -- OpenNI found (version: 1.5.4.0, include: /usr/include/ni, lib: /usr/lib/libOpenNI.so;libusb::libusb)
[3.659s] -- OpenNI2 found (version: 2.2.0.33, include: /usr/include/openni2, lib: /usr/lib/x86_64-linux-gnu/libOpenNI2.so;libusb::libusb)
[3.831s] -- Found Qhull version 8.0.2
[3.999s] -- OpenNI found (version: 1.5.4.0, include: /usr/include/ni, lib: /usr/lib/libOpenNI.so;libusb::libusb)
[4.174s] -- looking for PCL_COMMON
[4.175s] -- Found PCL_COMMON: /usr/lib/x86_64-linux-gnu/libpcl_common.so  
[4.176s] -- looking for PCL_KDTREE
[4.177s] -- Found PCL_KDTREE: /usr/lib/x86_64-linux-gnu/libpcl_kdtree.so  
[4.177s] -- looking for PCL_OCTREE
[4.177s] -- Found PCL_OCTREE: /usr/lib/x86_64-linux-gnu/libpcl_octree.so  
[4.177s] -- looking for PCL_SEARCH
[4.178s] -- Found PCL_SEARCH: /usr/lib/x86_64-linux-gnu/libpcl_search.so  
[4.178s] -- looking for PCL_SAMPLE_CONSENSUS
[4.179s] -- Found PCL_SAMPLE_CONSENSUS: /usr/lib/x86_64-linux-gnu/libpcl_sample_consensus.so  
[4.179s] -- looking for PCL_FILTERS
[4.179s] -- Found PCL_FILTERS: /usr/lib/x86_64-linux-gnu/libpcl_filters.so  
[4.180s] -- looking for PCL_2D
[4.180s] -- Found PCL_2D: /usr/include/pcl-1.12  
[4.180s] -- looking for PCL_GEOMETRY
[4.180s] -- Found PCL_GEOMETRY: /usr/include/pcl-1.12  
[4.180s] -- looking for PCL_IO
[4.181s] -- Found PCL_IO: /usr/lib/x86_64-linux-gnu/libpcl_io.so  
[4.181s] -- looking for PCL_FEATURES
[4.187s] -- Found PCL_FEATURES: /usr/lib/x86_64-linux-gnu/libpcl_features.so  
[4.187s] -- looking for PCL_ML
[4.188s] -- Found PCL_ML: /usr/lib/x86_64-linux-gnu/libpcl_ml.so  
[4.188s] -- looking for PCL_SEGMENTATION
[4.189s] -- Found PCL_SEGMENTATION: /usr/lib/x86_64-linux-gnu/libpcl_segmentation.so  
[4.189s] -- looking for PCL_VISUALIZATION
[4.190s] -- Found PCL_VISUALIZATION: /usr/lib/x86_64-linux-gnu/libpcl_visualization.so  
[4.190s] -- looking for PCL_SURFACE
[4.191s] -- Found PCL_SURFACE: /usr/lib/x86_64-linux-gnu/libpcl_surface.so  
[4.191s] -- looking for PCL_REGISTRATION
[4.192s] -- Found PCL_REGISTRATION: /usr/lib/x86_64-linux-gnu/libpcl_registration.so  
[4.192s] -- looking for PCL_KEYPOINTS
[4.193s] -- Found PCL_KEYPOINTS: /usr/lib/x86_64-linux-gnu/libpcl_keypoints.so  
[4.193s] -- looking for PCL_TRACKING
[4.193s] -- Found PCL_TRACKING: /usr/lib/x86_64-linux-gnu/libpcl_tracking.so  
[4.194s] -- looking for PCL_RECOGNITION
[4.194s] -- Found PCL_RECOGNITION: /usr/lib/x86_64-linux-gnu/libpcl_recognition.so  
[4.194s] -- looking for PCL_STEREO
[4.195s] -- Found PCL_STEREO: /usr/lib/x86_64-linux-gnu/libpcl_stereo.so  
[4.195s] -- looking for PCL_APPS
[4.196s] -- Found PCL_APPS: /usr/lib/x86_64-linux-gnu/libpcl_apps.so  
[4.196s] -- looking for PCL_IN_HAND_SCANNER
[4.196s] -- Found PCL_IN_HAND_SCANNER: /usr/include/pcl-1.12  
[4.196s] -- looking for PCL_MODELER
[4.197s] -- Found PCL_MODELER: /usr/include/pcl-1.12  
[4.197s] -- looking for PCL_POINT_CLOUD_EDITOR
[4.197s] -- Found PCL_POINT_CLOUD_EDITOR: /usr/include/pcl-1.12  
[4.197s] -- looking for PCL_OUTOFCORE
[4.198s] -- Found PCL_OUTOFCORE: /usr/lib/x86_64-linux-gnu/libpcl_outofcore.so  
[4.198s] -- looking for PCL_PEOPLE
[4.199s] -- Found PCL_PEOPLE: /usr/lib/x86_64-linux-gnu/libpcl_people.so  
[4.199s] -- Found PCL: pcl_common;pcl_kdtree;pcl_octree;pcl_search;pcl_sample_consensus;pcl_filters;pcl_io;pcl_features;pcl_ml;pcl_segmentation;pcl_visualization;pcl_surface;pcl_registration;pcl_keypoints;pcl_tracking;pcl_recognition;pcl_stereo;pcl_apps;pcl_outofcore;pcl_people;Boost::system;Boost::filesystem;Boost::date_time;Boost::iostreams;Boost::serialization;/usr/lib/libOpenNI.so;libusb::libusb;/usr/lib/x86_64-linux-gnu/libOpenNI2.so;libusb::libusb;VTK::ChartsCore;VTK::CommonColor;VTK::CommonComputationalGeometry;VTK::CommonCore;VTK::CommonDataModel;VTK::CommonExecutionModel;VTK::CommonMath;VTK::CommonMisc;VTK::CommonTransforms;VTK::FiltersCore;VTK::FiltersExtraction;VTK::FiltersGeneral;VTK::FiltersGeometry;VTK::FiltersModeling;VTK::FiltersSources;VTK::ImagingCore;VTK::ImagingSources;VTK::InteractionImage;VTK::InteractionStyle;VTK::InteractionWidgets;VTK::IOCore;VTK::IOGeometry;VTK::IOImage;VTK::IOLegacy;VTK::IOPLY;VTK::RenderingAnnotation;VTK::RenderingCore;VTK::RenderingContext2D;VTK::RenderingLOD;VTK::RenderingFreeType;VTK::ViewsCore;VTK::ViewsContext2D;VTK::RenderingOpenGL2;VTK::GUISupportQt;FLANN::FLANN;QHULL::QHULL  
[4.206s] -- Found PkgConfig: /usr/bin/pkg-config (found version "0.29.2") 
[4.207s] -- Checking for module 'apr-1'
[4.211s] --   No package 'apr-1' found
[4.419s] -- Found ament_cmake_ros: 0.10.0 (/opt/ros/humble/share/ament_cmake_ros/cmake)
[4.634s] -- Using all available rosidl_typesupport_c: rosidl_typesupport_fastrtps_c;rosidl_typesupport_introspection_c
[4.888s] -- Using all available rosidl_typesupport_cpp: rosidl_typesupport_fastrtps_cpp;rosidl_typesupport_introspection_cpp
[4.909s] -- Found PythonInterp: /usr/bin/python3 (found suitable version "3.10.12", minimum required is "3.6") 
[4.911s] -- Found python_cmake_module: 0.10.0 (/opt/ros/humble/share/python_cmake_module/cmake)
[4.936s] -- Found PythonLibs: /usr/lib/x86_64-linux-gnu/libpython3.10.so (found suitable version "3.10.12", minimum required is "3.5") 
[4.937s] -- Using PYTHON_EXECUTABLE: /usr/bin/python3
[4.937s] -- Using PYTHON_INCLUDE_DIRS: /usr/include/python3.10
[4.937s] -- Using PYTHON_LIBRARIES: /usr/lib/x86_64-linux-gnu/libpython3.10.so
[4.955s] -- Found PythonExtra: .so  
[5.064s] -- Found ament_lint_auto: 0.12.11 (/opt/ros/humble/share/ament_lint_auto/cmake)
[5.096s] -- Added test 'copyright' to check source files copyright and LICENSE
[5.106s] -- Added test 'cppcheck' to perform static code analysis on C / C++ code
[5.107s] -- Configured cppcheck include dirs: /home/vincent/ws_livox/src/livox_ros_driver2/3rdparty;/home/vincent/ws_livox/src/livox_ros_driver2/src
[5.107s] -- Configured cppcheck exclude dirs and/or files: 
[5.114s] -- Added test 'cpplint' to check C / C++ code against the Google style
[5.114s] -- Configured cpplint exclude dirs and/or files: 
[5.116s] -- Added test 'flake8' to check Python code syntax and style conventions
[5.118s] -- Added test 'lint_cmake' to check CMake code style
[5.119s] -- Added test 'pep257' to check Python code against some of the docstring style conventions in PEP 257
[5.127s] -- Added test 'uncrustify' to check C / C++ code style
[5.128s] -- Configured uncrustify additional arguments: 
[5.129s] -- Added test 'xmllint' to check XML markup files
[5.133s] -- Configuring done
[5.217s] -- Generating done
[5.222s] -- Build files have been written to: /home/vincent/ws_livox/build/livox_ros_driver2
[5.251s] Invoked command in '/home/vincent/ws_livox/build/livox_ros_driver2' returned '0': CMAKE_PREFIX_PATH=${CMAKE_PREFIX_PATH}:/opt/ros/humble /usr/bin/cmake /home/vincent/ws_livox/src/livox_ros_driver2 -DROS_EDITION=ROS2 -DHUMBLE_ROS=humble -DAMENT_CMAKE_SYMLINK_INSTALL=1 -DCMAKE_INSTALL_PREFIX=/home/vincent/ws_livox/install/livox_ros_driver2
[5.254s] Invoking command in '/home/vincent/ws_livox/build/livox_ros_driver2': CMAKE_PREFIX_PATH=${CMAKE_PREFIX_PATH}:/opt/ros/humble /usr/bin/cmake --build /home/vincent/ws_livox/build/livox_ros_driver2 -- -j16 -l16
[5.309s] [  1%] [34m[1mGenerating C code for ROS interfaces[0m
[5.321s] [  3%] [34m[1mGenerating C++ code for ROS interfaces[0m
[5.321s] [  5%] [32mBuilding CXX object CMakeFiles/livox_ros_driver2_node.dir/rclcpp_components/node_main_livox_ros_driver2_node.cpp.o[0m
[5.333s] [  5%] Built target ament_cmake_python_symlink_livox_ros_driver2
[5.563s] running egg_info
[5.564s] creating livox_ros_driver2.egg-info
[5.564s] writing livox_ros_driver2.egg-info/PKG-INFO
[5.564s] writing dependency_links to livox_ros_driver2.egg-info/dependency_links.txt
[5.564s] writing top-level names to livox_ros_driver2.egg-info/top_level.txt
[5.564s] writing manifest file 'livox_ros_driver2.egg-info/SOURCES.txt'
[5.566s] reading manifest file 'livox_ros_driver2.egg-info/SOURCES.txt'
[5.566s] writing manifest file 'livox_ros_driver2.egg-info/SOURCES.txt'
[5.598s] [  5%] Built target ament_cmake_python_build_livox_ros_driver2_egg
[5.693s] [  5%] Built target livox_interfaces2__cpp
[5.708s] [  8%] [34m[1mGenerating C++ type support dispatch for ROS interfaces[0m
[5.708s] [  8%] [34m[1mGenerating C++ introspection for ROS interfaces[0m
[5.708s] [ 10%] [34m[1mGenerating C++ type support for eProsima Fast-RTPS[0m
[5.734s] [ 14%] [32mBuilding C object CMakeFiles/livox_interfaces2__rosidl_generator_c.dir/rosidl_generator_c/livox_ros_driver2/msg/detail/custom_msg__functions.c.o[0m
[5.734s] [ 14%] [32mBuilding C object CMakeFiles/livox_interfaces2__rosidl_generator_c.dir/rosidl_generator_c/livox_ros_driver2/msg/detail/custom_point__functions.c.o[0m
[5.789s] [ 15%] [32m[1mLinking C shared library liblivox_ros_driver2__rosidl_generator_c.so[0m
[5.838s] [ 15%] Built target livox_interfaces2__rosidl_generator_c
[5.852s] [ 21%] [34m[1mGenerating C type support for eProsima Fast-RTPS[0m
[5.852s] [ 21%] [34m[1mGenerating C introspection for ROS interfaces[0m
[5.852s] [ 21%] [34m[1mGenerating C type support dispatch for ROS interfaces[0m
[6.133s] [ 24%] [32mBuilding CXX object CMakeFiles/livox_interfaces2__rosidl_typesupport_fastrtps_cpp.dir/rosidl_typesupport_fastrtps_cpp/livox_ros_driver2/msg/detail/dds_fastrtps/custom_msg__type_support.cpp.o[0m
[6.133s] [ 24%] [32mBuilding CXX object CMakeFiles/livox_interfaces2__rosidl_typesupport_fastrtps_cpp.dir/rosidl_typesupport_fastrtps_cpp/livox_ros_driver2/msg/detail/dds_fastrtps/custom_point__type_support.cpp.o[0m
[6.180s] [ 26%] [32mBuilding CXX object CMakeFiles/livox_interfaces2__rosidl_typesupport_cpp.dir/rosidl_typesupport_cpp/livox_ros_driver2/msg/custom_point__type_support.cpp.o[0m
[6.181s] [ 28%] [32mBuilding CXX object CMakeFiles/livox_interfaces2__rosidl_typesupport_cpp.dir/rosidl_typesupport_cpp/livox_ros_driver2/msg/custom_msg__type_support.cpp.o[0m
[6.189s] [ 29%] [32mBuilding CXX object CMakeFiles/livox_interfaces2__rosidl_typesupport_introspection_cpp.dir/rosidl_typesupport_introspection_cpp/livox_ros_driver2/msg/detail/custom_point__type_support.cpp.o[0m
[6.193s] [ 31%] [32mBuilding CXX object CMakeFiles/livox_interfaces2__rosidl_typesupport_introspection_cpp.dir/rosidl_typesupport_introspection_cpp/livox_ros_driver2/msg/detail/custom_msg__type_support.cpp.o[0m
[6.342s] [ 33%] [32mBuilding CXX object CMakeFiles/livox_interfaces2__rosidl_typesupport_c.dir/rosidl_typesupport_c/livox_ros_driver2/msg/custom_msg__type_support.cpp.o[0m
[6.343s] [ 35%] [32mBuilding CXX object CMakeFiles/livox_interfaces2__rosidl_typesupport_c.dir/rosidl_typesupport_c/livox_ros_driver2/msg/custom_point__type_support.cpp.o[0m
[6.381s] [ 36%] [32mBuilding C object CMakeFiles/livox_interfaces2__rosidl_typesupport_introspection_c.dir/rosidl_typesupport_introspection_c/livox_ros_driver2/msg/detail/custom_point__type_support.c.o[0m
[6.388s] [ 38%] [32mBuilding C object CMakeFiles/livox_interfaces2__rosidl_typesupport_introspection_c.dir/rosidl_typesupport_introspection_c/livox_ros_driver2/msg/detail/custom_msg__type_support.c.o[0m
[6.403s] [ 42%] [32mBuilding CXX object CMakeFiles/livox_interfaces2__rosidl_typesupport_fastrtps_c.dir/rosidl_typesupport_fastrtps_c/livox_ros_driver2/msg/detail/custom_msg__type_support_c.cpp.o[0m
[6.403s] [ 42%] [32mBuilding CXX object CMakeFiles/livox_interfaces2__rosidl_typesupport_fastrtps_c.dir/rosidl_typesupport_fastrtps_c/livox_ros_driver2/msg/detail/custom_point__type_support_c.cpp.o[0m
[6.428s] [ 43%] [32m[1mLinking CXX shared library liblivox_ros_driver2__rosidl_typesupport_c.so[0m
[6.461s] [ 45%] [32m[1mLinking C shared library liblivox_ros_driver2__rosidl_typesupport_introspection_c.so[0m
[6.500s] [ 45%] Built target livox_interfaces2__rosidl_typesupport_c
[6.520s] [ 45%] Built target livox_interfaces2__rosidl_typesupport_introspection_c
[6.592s] [ 47%] [32m[1mLinking CXX shared library liblivox_ros_driver2__rosidl_typesupport_cpp.so[0m
[6.656s] [ 47%] Built target livox_interfaces2__rosidl_typesupport_cpp
[6.689s] [ 50%] [32mBuilding CXX object CMakeFiles/livox_ros_driver2.dir/src/lds_lidar.cpp.o[0m
[6.689s] [ 52%] [32mBuilding CXX object CMakeFiles/livox_ros_driver2.dir/src/livox_ros_driver2.cpp.o[0m
[6.691s] [ 52%] [32mBuilding CXX object CMakeFiles/livox_ros_driver2.dir/src/lds.cpp.o[0m
[6.692s] [ 56%] [32mBuilding CXX object CMakeFiles/livox_ros_driver2.dir/src/comm/ldq.cpp.o[0m
[6.692s] [ 56%] [32mBuilding CXX object CMakeFiles/livox_ros_driver2.dir/src/lddc.cpp.o[0m
[6.696s] [ 57%] [32mBuilding CXX object CMakeFiles/livox_ros_driver2.dir/src/comm/comm.cpp.o[0m
[6.703s] [ 59%] [32mBuilding CXX object CMakeFiles/livox_ros_driver2.dir/src/driver_node.cpp.o[0m
[6.721s] [ 61%] [32mBuilding CXX object CMakeFiles/livox_ros_driver2.dir/src/comm/semaphore.cpp.o[0m
[6.723s] [ 63%] [32mBuilding CXX object CMakeFiles/livox_ros_driver2.dir/src/comm/lidar_imu_data_queue.cpp.o[0m
[6.740s] [ 64%] [32mBuilding CXX object CMakeFiles/livox_ros_driver2.dir/src/comm/cache_index.cpp.o[0m
[6.740s] [ 66%] [32mBuilding CXX object CMakeFiles/livox_ros_driver2.dir/src/comm/pub_handler.cpp.o[0m
[6.818s] [ 68%] [32m[1mLinking CXX shared library liblivox_ros_driver2__rosidl_typesupport_fastrtps_cpp.so[0m
[6.844s] [ 70%] [32m[1mLinking CXX shared library liblivox_ros_driver2__rosidl_typesupport_introspection_cpp.so[0m
[7.002s] [ 71%] [32mBuilding CXX object CMakeFiles/livox_ros_driver2.dir/src/parse_cfg_file/parse_cfg_file.cpp.o[0m
[7.020s] [ 73%] [32m[1mLinking CXX shared library liblivox_ros_driver2__rosidl_typesupport_fastrtps_c.so[0m
[7.120s] [ 73%] Built target livox_interfaces2__rosidl_typesupport_fastrtps_cpp
[7.204s] [ 75%] [32mBuilding CXX object CMakeFiles/livox_ros_driver2.dir/src/parse_cfg_file/parse_livox_lidar_cfg.cpp.o[0m
[7.233s] [ 75%] Built target livox_interfaces2__rosidl_typesupport_introspection_cpp
[7.286s] [ 77%] [32mBuilding CXX object CMakeFiles/livox_ros_driver2.dir/src/call_back/lidar_common_callback.cpp.o[0m
[7.401s] [ 78%] [32mBuilding CXX object CMakeFiles/livox_ros_driver2.dir/src/call_back/livox_lidar_callback.cpp.o[0m
[7.426s] [ 78%] Built target livox_interfaces2__rosidl_typesupport_fastrtps_c
[7.518s] [ 78%] Built target livox_interfaces2
[7.617s] [ 80%] [34m[1mGenerating Python code for ROS interfaces[0m
[8.743s] [ 80%] Built target livox_interfaces2__py
[8.770s] [ 82%] [32mBuilding C object CMakeFiles/livox_interfaces2__rosidl_generator_py.dir/rosidl_generator_py/livox_ros_driver2/msg/_custom_point_s.c.o[0m
[8.770s] [ 84%] [32mBuilding C object CMakeFiles/livox_interfaces2__rosidl_generator_py.dir/rosidl_generator_py/livox_ros_driver2/msg/_custom_msg_s.c.o[0m
[8.899s] [ 85%] [32m[1mLinking C shared library rosidl_generator_py/livox_ros_driver2/liblivox_interfaces2__rosidl_generator_py.so[0m
[8.949s] [ 85%] Built target livox_interfaces2__rosidl_generator_py
[8.976s] [ 91%] [32mBuilding C object CMakeFiles/livox_ros_driver2__rosidl_typesupport_fastrtps_c__pyext.dir/rosidl_generator_py/livox_ros_driver2/_livox_ros_driver2_s.ep.rosidl_typesupport_fastrtps_c.c.o[0m
[8.976s] [ 91%] [32mBuilding C object CMakeFiles/livox_ros_driver2__rosidl_typesupport_c__pyext.dir/rosidl_generator_py/livox_ros_driver2/_livox_ros_driver2_s.ep.rosidl_typesupport_c.c.o[0m
[8.976s] [ 91%] [32mBuilding C object CMakeFiles/livox_ros_driver2__rosidl_typesupport_introspection_c__pyext.dir/rosidl_generator_py/livox_ros_driver2/_livox_ros_driver2_s.ep.rosidl_typesupport_introspection_c.c.o[0m
[9.090s] [ 92%] [32m[1mLinking C shared library rosidl_generator_py/livox_ros_driver2/livox_ros_driver2_s__rosidl_typesupport_introspection_c.cpython-310-x86_64-linux-gnu.so[0m
[9.090s] [ 94%] [32m[1mLinking C shared library rosidl_generator_py/livox_ros_driver2/livox_ros_driver2_s__rosidl_typesupport_fastrtps_c.cpython-310-x86_64-linux-gnu.so[0m
[9.094s] [ 96%] [32m[1mLinking C shared library rosidl_generator_py/livox_ros_driver2/livox_ros_driver2_s__rosidl_typesupport_c.cpython-310-x86_64-linux-gnu.so[0m
[9.139s] [ 96%] Built target livox_ros_driver2__rosidl_typesupport_introspection_c__pyext
[9.145s] [ 96%] Built target livox_ros_driver2__rosidl_typesupport_c__pyext
[9.150s] [ 96%] Built target livox_ros_driver2__rosidl_typesupport_fastrtps_c__pyext
[10.206s] [ 98%] [32m[1mLinking CXX executable livox_ros_driver2_node[0m
[10.385s] [ 98%] Built target livox_ros_driver2_node
[15.995s] [100%] [32m[1mLinking CXX shared library liblivox_ros_driver2.so[0m
[16.914s] [100%] Built target livox_ros_driver2
[16.933s] Invoked command in '/home/vincent/ws_livox/build/livox_ros_driver2' returned '0': CMAKE_PREFIX_PATH=${CMAKE_PREFIX_PATH}:/opt/ros/humble /usr/bin/cmake --build /home/vincent/ws_livox/build/livox_ros_driver2 -- -j16 -l16
[17.088s] Invoking command in '/home/vincent/ws_livox/build/livox_ros_driver2': CMAKE_PREFIX_PATH=${CMAKE_PREFIX_PATH}:/opt/ros/humble /usr/bin/cmake --install /home/vincent/ws_livox/build/livox_ros_driver2
[17.098s] -- Install configuration: ""
[17.099s] -- Execute custom install script
[17.099s] -- Symlinking: /home/vincent/ws_livox/install/livox_ros_driver2/share/ament_index/resource_index/rosidl_interfaces/livox_ros_driver2
[17.112s] -- Symlinking: /home/vincent/ws_livox/install/livox_ros_driver2/include/livox_ros_driver2/livox_ros_driver2/msg/custom_msg.h
[17.123s] -- Symlinking: /home/vincent/ws_livox/install/livox_ros_driver2/include/livox_ros_driver2/livox_ros_driver2/msg/custom_point.h
[17.133s] -- Symlinking: /home/vincent/ws_livox/install/livox_ros_driver2/include/livox_ros_driver2/livox_ros_driver2/msg/detail/custom_msg__functions.h
[17.144s] -- Symlinking: /home/vincent/ws_livox/install/livox_ros_driver2/include/livox_ros_driver2/livox_ros_driver2/msg/detail/custom_msg__struct.h
[17.156s] -- Symlinking: /home/vincent/ws_livox/install/livox_ros_driver2/include/livox_ros_driver2/livox_ros_driver2/msg/detail/custom_msg__type_support.h
[17.167s] -- Symlinking: /home/vincent/ws_livox/install/livox_ros_driver2/include/livox_ros_driver2/livox_ros_driver2/msg/detail/custom_point__functions.h
[17.177s] -- Symlinking: /home/vincent/ws_livox/install/livox_ros_driver2/include/livox_ros_driver2/livox_ros_driver2/msg/detail/custom_point__struct.h
[17.188s] -- Symlinking: /home/vincent/ws_livox/install/livox_ros_driver2/include/livox_ros_driver2/livox_ros_driver2/msg/detail/custom_point__type_support.h
[17.198s] -- Symlinking: /home/vincent/ws_livox/install/livox_ros_driver2/include/livox_ros_driver2/livox_ros_driver2/msg/rosidl_generator_c__visibility_control.h
[17.208s] -- Symlinking: /home/vincent/ws_livox/install/livox_ros_driver2/share/livox_ros_driver2/environment/library_path.sh
[17.222s] -- Symlinking: /home/vincent/ws_livox/install/livox_ros_driver2/share/livox_ros_driver2/environment/library_path.dsv
[17.233s] -- Symlinking: /home/vincent/ws_livox/install/livox_ros_driver2/include/livox_ros_driver2/livox_ros_driver2/msg/detail/custom_msg__rosidl_typesupport_fastrtps_c.h
[17.245s] -- Symlinking: /home/vincent/ws_livox/install/livox_ros_driver2/include/livox_ros_driver2/livox_ros_driver2/msg/detail/custom_point__rosidl_typesupport_fastrtps_c.h
[17.257s] -- Symlinking: /home/vincent/ws_livox/install/livox_ros_driver2/include/livox_ros_driver2/livox_ros_driver2/msg/rosidl_typesupport_fastrtps_c__visibility_control.h
[17.270s] -- Symlinking: /home/vincent/ws_livox/install/livox_ros_driver2/include/livox_ros_driver2/livox_ros_driver2/msg/detail/custom_msg__rosidl_typesupport_introspection_c.h
[17.280s] -- Symlinking: /home/vincent/ws_livox/install/livox_ros_driver2/include/livox_ros_driver2/livox_ros_driver2/msg/detail/custom_point__rosidl_typesupport_introspection_c.h
[17.291s] -- Symlinking: /home/vincent/ws_livox/install/livox_ros_driver2/include/livox_ros_driver2/livox_ros_driver2/msg/rosidl_typesupport_introspection_c__visibility_control.h
[17.302s] -- Symlinking: /home/vincent/ws_livox/install/livox_ros_driver2/include/livox_ros_driver2/livox_ros_driver2/msg/custom_msg.hpp
[17.313s] -- Symlinking: /home/vincent/ws_livox/install/livox_ros_driver2/include/livox_ros_driver2/livox_ros_driver2/msg/custom_point.hpp
[17.323s] -- Symlinking: /home/vincent/ws_livox/install/livox_ros_driver2/include/livox_ros_driver2/livox_ros_driver2/msg/detail/custom_msg__builder.hpp
[17.334s] -- Symlinking: /home/vincent/ws_livox/install/livox_ros_driver2/include/livox_ros_driver2/livox_ros_driver2/msg/detail/custom_msg__struct.hpp
[17.345s] -- Symlinking: /home/vincent/ws_livox/install/livox_ros_driver2/include/livox_ros_driver2/livox_ros_driver2/msg/detail/custom_msg__traits.hpp
[17.357s] -- Symlinking: /home/vincent/ws_livox/install/livox_ros_driver2/include/livox_ros_driver2/livox_ros_driver2/msg/detail/custom_point__builder.hpp
[17.368s] -- Symlinking: /home/vincent/ws_livox/install/livox_ros_driver2/include/livox_ros_driver2/livox_ros_driver2/msg/detail/custom_point__struct.hpp
[17.381s] -- Symlinking: /home/vincent/ws_livox/install/livox_ros_driver2/include/livox_ros_driver2/livox_ros_driver2/msg/detail/custom_point__traits.hpp
[17.392s] -- Symlinking: /home/vincent/ws_livox/install/livox_ros_driver2/include/livox_ros_driver2/livox_ros_driver2/msg/detail/custom_msg__rosidl_typesupport_fastrtps_cpp.hpp
[17.403s] -- Symlinking: /home/vincent/ws_livox/install/livox_ros_driver2/include/livox_ros_driver2/livox_ros_driver2/msg/detail/custom_point__rosidl_typesupport_fastrtps_cpp.hpp
[17.414s] -- Symlinking: /home/vincent/ws_livox/install/livox_ros_driver2/include/livox_ros_driver2/livox_ros_driver2/msg/rosidl_typesupport_fastrtps_cpp__visibility_control.h
[17.427s] -- Symlinking: /home/vincent/ws_livox/install/livox_ros_driver2/include/livox_ros_driver2/livox_ros_driver2/msg/detail/custom_msg__rosidl_typesupport_introspection_cpp.hpp
[17.439s] -- Symlinking: /home/vincent/ws_livox/install/livox_ros_driver2/include/livox_ros_driver2/livox_ros_driver2/msg/detail/custom_point__rosidl_typesupport_introspection_cpp.hpp
[17.450s] -- Symlinking: /home/vincent/ws_livox/install/livox_ros_driver2/share/livox_ros_driver2/environment/pythonpath.sh
[17.461s] -- Symlinking: /home/vincent/ws_livox/install/livox_ros_driver2/share/livox_ros_driver2/environment/pythonpath.dsv
[17.473s] -- Symlinking: /home/vincent/ws_livox/install/livox_ros_driver2/local/lib/python3.10/dist-packages/livox_ros_driver2-1.0.0-py3.10.egg-info/PKG-INFO
[17.487s] -- Symlinking: /home/vincent/ws_livox/install/livox_ros_driver2/local/lib/python3.10/dist-packages/livox_ros_driver2-1.0.0-py3.10.egg-info/SOURCES.txt
[17.501s] -- Symlinking: /home/vincent/ws_livox/install/livox_ros_driver2/local/lib/python3.10/dist-packages/livox_ros_driver2-1.0.0-py3.10.egg-info/dependency_links.txt
[17.513s] -- Symlinking: /home/vincent/ws_livox/install/livox_ros_driver2/local/lib/python3.10/dist-packages/livox_ros_driver2-1.0.0-py3.10.egg-info/top_level.txt
[17.526s] -- Symlinking: /home/vincent/ws_livox/install/livox_ros_driver2/local/lib/python3.10/dist-packages/livox_ros_driver2/__init__.py
[17.538s] -- Symlinking: /home/vincent/ws_livox/install/livox_ros_driver2/local/lib/python3.10/dist-packages/livox_ros_driver2/_livox_ros_driver2_s.ep.rosidl_typesupport_c.c
[17.550s] -- Symlinking: /home/vincent/ws_livox/install/livox_ros_driver2/local/lib/python3.10/dist-packages/livox_ros_driver2/_livox_ros_driver2_s.ep.rosidl_typesupport_fastrtps_c.c
[17.562s] -- Symlinking: /home/vincent/ws_livox/install/livox_ros_driver2/local/lib/python3.10/dist-packages/livox_ros_driver2/_livox_ros_driver2_s.ep.rosidl_typesupport_introspection_c.c
[17.573s] -- Symlinking: /home/vincent/ws_livox/install/livox_ros_driver2/local/lib/python3.10/dist-packages/livox_ros_driver2/liblivox_interfaces2__rosidl_generator_py.so
[17.585s] -- Symlinking: /home/vincent/ws_livox/install/livox_ros_driver2/local/lib/python3.10/dist-packages/livox_ros_driver2/livox_ros_driver2_s__rosidl_typesupport_c.cpython-310-x86_64-linux-gnu.so
[17.596s] -- Symlinking: /home/vincent/ws_livox/install/livox_ros_driver2/local/lib/python3.10/dist-packages/livox_ros_driver2/livox_ros_driver2_s__rosidl_typesupport_fastrtps_c.cpython-310-x86_64-linux-gnu.so
[17.606s] -- Symlinking: /home/vincent/ws_livox/install/livox_ros_driver2/local/lib/python3.10/dist-packages/livox_ros_driver2/livox_ros_driver2_s__rosidl_typesupport_introspection_c.cpython-310-x86_64-linux-gnu.so
[17.617s] -- Symlinking: /home/vincent/ws_livox/install/livox_ros_driver2/local/lib/python3.10/dist-packages/livox_ros_driver2/msg/__init__.py
[17.627s] -- Symlinking: /home/vincent/ws_livox/install/livox_ros_driver2/local/lib/python3.10/dist-packages/livox_ros_driver2/msg/_custom_msg.py
[17.638s] -- Symlinking: /home/vincent/ws_livox/install/livox_ros_driver2/local/lib/python3.10/dist-packages/livox_ros_driver2/msg/_custom_msg_s.c
[17.650s] -- Symlinking: /home/vincent/ws_livox/install/livox_ros_driver2/local/lib/python3.10/dist-packages/livox_ros_driver2/msg/_custom_point.py
[17.660s] -- Symlinking: /home/vincent/ws_livox/install/livox_ros_driver2/local/lib/python3.10/dist-packages/livox_ros_driver2/msg/_custom_point_s.c
[17.671s] -- Up-to-date symlink: /home/vincent/ws_livox/install/livox_ros_driver2/local/lib/python3.10/dist-packages/livox_ros_driver2/livox_ros_driver2_s__rosidl_typesupport_fastrtps_c.cpython-310-x86_64-linux-gnu.so
[17.672s] -- Up-to-date symlink: /home/vincent/ws_livox/install/livox_ros_driver2/local/lib/python3.10/dist-packages/livox_ros_driver2/livox_ros_driver2_s__rosidl_typesupport_introspection_c.cpython-310-x86_64-linux-gnu.so
[17.672s] -- Up-to-date symlink: /home/vincent/ws_livox/install/livox_ros_driver2/local/lib/python3.10/dist-packages/livox_ros_driver2/livox_ros_driver2_s__rosidl_typesupport_c.cpython-310-x86_64-linux-gnu.so
[17.672s] -- Symlinking: /home/vincent/ws_livox/install/livox_ros_driver2/share/livox_ros_driver2/msg/CustomPoint.idl
[17.684s] -- Symlinking: /home/vincent/ws_livox/install/livox_ros_driver2/share/livox_ros_driver2/msg/CustomMsg.idl
[17.695s] -- Symlinking: /home/vincent/ws_livox/install/livox_ros_driver2/share/livox_ros_driver2/msg/CustomPoint.msg
[17.706s] -- Symlinking: /home/vincent/ws_livox/install/livox_ros_driver2/share/livox_ros_driver2/msg/CustomMsg.msg
[17.717s] -- Symlinking: /home/vincent/ws_livox/install/livox_ros_driver2/lib/livox_ros_driver2/livox_ros_driver2_node
[17.729s] -- Symlinking: /home/vincent/ws_livox/install/livox_ros_driver2/lib/liblivox_ros_driver2.so
[17.740s] -- Symlinking: /home/vincent/ws_livox/install/livox_ros_driver2/share/livox_ros_driver2/config/HAP_config.json
[17.751s] -- Symlinking: /home/vincent/ws_livox/install/livox_ros_driver2/share/livox_ros_driver2/config/MID360_config.json
[17.764s] -- Symlinking: /home/vincent/ws_livox/install/livox_ros_driver2/share/livox_ros_driver2/config/display_point_cloud_ROS1.rviz
[17.774s] -- Symlinking: /home/vincent/ws_livox/install/livox_ros_driver2/share/livox_ros_driver2/config/display_point_cloud_ROS2.rviz
[17.786s] -- Symlinking: /home/vincent/ws_livox/install/livox_ros_driver2/share/livox_ros_driver2/config/mixed_HAP_MID360_config.json
[17.797s] -- Symlinking: /home/vincent/ws_livox/install/livox_ros_driver2/share/livox_ros_driver2/launch_ROS2/msg_HAP_launch.py
[17.808s] -- Symlinking: /home/vincent/ws_livox/install/livox_ros_driver2/share/livox_ros_driver2/launch_ROS2/msg_MID360_launch.py
[17.820s] -- Symlinking: /home/vincent/ws_livox/install/livox_ros_driver2/share/livox_ros_driver2/launch_ROS2/rviz_HAP_launch.py
[17.831s] -- Symlinking: /home/vincent/ws_livox/install/livox_ros_driver2/share/livox_ros_driver2/launch_ROS2/rviz_MID360_launch.py
[17.842s] -- Symlinking: /home/vincent/ws_livox/install/livox_ros_driver2/share/livox_ros_driver2/launch_ROS2/rviz_mixed.py
[17.852s] -- Symlinking: /home/vincent/ws_livox/install/livox_ros_driver2/share/ament_index/resource_index/package_run_dependencies/livox_ros_driver2
[17.863s] -- Symlinking: /home/vincent/ws_livox/install/livox_ros_driver2/share/ament_index/resource_index/parent_prefix_path/livox_ros_driver2
[17.875s] -- Symlinking: /home/vincent/ws_livox/install/livox_ros_driver2/share/livox_ros_driver2/environment/ament_prefix_path.sh
[17.887s] -- Symlinking: /home/vincent/ws_livox/install/livox_ros_driver2/share/livox_ros_driver2/environment/ament_prefix_path.dsv
[17.899s] -- Symlinking: /home/vincent/ws_livox/install/livox_ros_driver2/share/livox_ros_driver2/environment/path.sh
[17.910s] -- Symlinking: /home/vincent/ws_livox/install/livox_ros_driver2/share/livox_ros_driver2/environment/path.dsv
[17.923s] -- Symlinking: /home/vincent/ws_livox/install/livox_ros_driver2/share/livox_ros_driver2/local_setup.bash
[17.934s] -- Symlinking: /home/vincent/ws_livox/install/livox_ros_driver2/share/livox_ros_driver2/local_setup.sh
[17.946s] -- Symlinking: /home/vincent/ws_livox/install/livox_ros_driver2/share/livox_ros_driver2/local_setup.zsh
[17.958s] -- Symlinking: /home/vincent/ws_livox/install/livox_ros_driver2/share/livox_ros_driver2/local_setup.dsv
[17.970s] -- Symlinking: /home/vincent/ws_livox/install/livox_ros_driver2/share/livox_ros_driver2/package.dsv
[17.983s] -- Symlinking: /home/vincent/ws_livox/install/livox_ros_driver2/share/ament_index/resource_index/packages/livox_ros_driver2
[17.997s] -- Symlinking: /home/vincent/ws_livox/install/livox_ros_driver2/share/ament_index/resource_index/rclcpp_components/livox_ros_driver2
[18.009s] -- Symlinking: /home/vincent/ws_livox/install/livox_ros_driver2/share/livox_ros_driver2/cmake/rosidl_cmake-extras.cmake
[18.021s] -- Symlinking: /home/vincent/ws_livox/install/livox_ros_driver2/share/livox_ros_driver2/cmake/ament_cmake_export_dependencies-extras.cmake
[18.033s] -- Symlinking: /home/vincent/ws_livox/install/livox_ros_driver2/share/livox_ros_driver2/cmake/ament_cmake_export_include_directories-extras.cmake
[18.045s] -- Symlinking: /home/vincent/ws_livox/install/livox_ros_driver2/share/livox_ros_driver2/cmake/ament_cmake_export_libraries-extras.cmake
[18.057s] -- Symlinking: /home/vincent/ws_livox/install/livox_ros_driver2/share/livox_ros_driver2/cmake/ament_cmake_export_targets-extras.cmake
[18.072s] -- Symlinking: /home/vincent/ws_livox/install/livox_ros_driver2/share/livox_ros_driver2/cmake/rosidl_cmake_export_typesupport_targets-extras.cmake
[18.086s] -- Symlinking: /home/vincent/ws_livox/install/livox_ros_driver2/share/livox_ros_driver2/cmake/rosidl_cmake_export_typesupport_libraries-extras.cmake
[18.103s] -- Symlinking: /home/vincent/ws_livox/install/livox_ros_driver2/share/livox_ros_driver2/cmake/livox_ros_driver2Config.cmake
[18.119s] -- Symlinking: /home/vincent/ws_livox/install/livox_ros_driver2/share/livox_ros_driver2/cmake/livox_ros_driver2Config-version.cmake
[18.144s] -- Symlinking: /home/vincent/ws_livox/install/livox_ros_driver2/share/livox_ros_driver2/package.xml
[18.156s] -- Installing: /home/vincent/ws_livox/install/livox_ros_driver2/lib/liblivox_ros_driver2__rosidl_generator_c.so
[18.156s] -- Set runtime path of "/home/vincent/ws_livox/install/livox_ros_driver2/lib/liblivox_ros_driver2__rosidl_generator_c.so" to ""
[18.156s] -- Installing: /home/vincent/ws_livox/install/livox_ros_driver2/lib/liblivox_ros_driver2__rosidl_typesupport_fastrtps_c.so
[18.157s] -- Set runtime path of "/home/vincent/ws_livox/install/livox_ros_driver2/lib/liblivox_ros_driver2__rosidl_typesupport_fastrtps_c.so" to ""
[18.157s] -- Installing: /home/vincent/ws_livox/install/livox_ros_driver2/lib/liblivox_ros_driver2__rosidl_typesupport_introspection_c.so
[18.157s] -- Set runtime path of "/home/vincent/ws_livox/install/livox_ros_driver2/lib/liblivox_ros_driver2__rosidl_typesupport_introspection_c.so" to ""
[18.157s] -- Installing: /home/vincent/ws_livox/install/livox_ros_driver2/lib/liblivox_ros_driver2__rosidl_typesupport_c.so
[18.158s] -- Set runtime path of "/home/vincent/ws_livox/install/livox_ros_driver2/lib/liblivox_ros_driver2__rosidl_typesupport_c.so" to ""
[18.158s] -- Installing: /home/vincent/ws_livox/install/livox_ros_driver2/lib/liblivox_ros_driver2__rosidl_typesupport_fastrtps_cpp.so
[18.159s] -- Set runtime path of "/home/vincent/ws_livox/install/livox_ros_driver2/lib/liblivox_ros_driver2__rosidl_typesupport_fastrtps_cpp.so" to ""
[18.159s] -- Installing: /home/vincent/ws_livox/install/livox_ros_driver2/lib/liblivox_ros_driver2__rosidl_typesupport_introspection_cpp.so
[18.159s] -- Set runtime path of "/home/vincent/ws_livox/install/livox_ros_driver2/lib/liblivox_ros_driver2__rosidl_typesupport_introspection_cpp.so" to ""
[18.159s] -- Installing: /home/vincent/ws_livox/install/livox_ros_driver2/lib/liblivox_ros_driver2__rosidl_typesupport_cpp.so
[18.160s] -- Set runtime path of "/home/vincent/ws_livox/install/livox_ros_driver2/lib/liblivox_ros_driver2__rosidl_typesupport_cpp.so" to ""
[18.208s] Listing '/home/vincent/ws_livox/install/livox_ros_driver2/local/lib/python3.10/dist-packages/livox_ros_driver2'...
[18.208s] Compiling '/home/vincent/ws_livox/install/livox_ros_driver2/local/lib/python3.10/dist-packages/livox_ros_driver2/__init__.py'...
[18.208s] Listing '/home/vincent/ws_livox/install/livox_ros_driver2/local/lib/python3.10/dist-packages/livox_ros_driver2/msg'...
[18.208s] Compiling '/home/vincent/ws_livox/install/livox_ros_driver2/local/lib/python3.10/dist-packages/livox_ros_driver2/msg/__init__.py'...
[18.209s] Compiling '/home/vincent/ws_livox/install/livox_ros_driver2/local/lib/python3.10/dist-packages/livox_ros_driver2/msg/_custom_msg.py'...
[18.209s] Compiling '/home/vincent/ws_livox/install/livox_ros_driver2/local/lib/python3.10/dist-packages/livox_ros_driver2/msg/_custom_point.py'...
[18.213s] -- Installing: /home/vincent/ws_livox/install/livox_ros_driver2/lib/liblivox_interfaces2__rosidl_generator_py.so
[18.214s] -- Set runtime path of "/home/vincent/ws_livox/install/livox_ros_driver2/lib/liblivox_interfaces2__rosidl_generator_py.so" to ""
[18.214s] -- Installing: /home/vincent/ws_livox/install/livox_ros_driver2/share/livox_ros_driver2/cmake/export_livox_interfaces2__rosidl_generator_cExport.cmake
[18.214s] -- Installing: /home/vincent/ws_livox/install/livox_ros_driver2/share/livox_ros_driver2/cmake/export_livox_interfaces2__rosidl_generator_cExport-noconfig.cmake
[18.214s] -- Installing: /home/vincent/ws_livox/install/livox_ros_driver2/share/livox_ros_driver2/cmake/export_livox_interfaces2__rosidl_typesupport_fastrtps_cExport.cmake
[18.214s] -- Installing: /home/vincent/ws_livox/install/livox_ros_driver2/share/livox_ros_driver2/cmake/export_livox_interfaces2__rosidl_typesupport_fastrtps_cExport-noconfig.cmake
[18.214s] -- Installing: /home/vincent/ws_livox/install/livox_ros_driver2/share/livox_ros_driver2/cmake/livox_interfaces2__rosidl_typesupport_introspection_cExport.cmake
[18.215s] -- Installing: /home/vincent/ws_livox/install/livox_ros_driver2/share/livox_ros_driver2/cmake/livox_interfaces2__rosidl_typesupport_introspection_cExport-noconfig.cmake
[18.215s] -- Installing: /home/vincent/ws_livox/install/livox_ros_driver2/share/livox_ros_driver2/cmake/livox_interfaces2__rosidl_typesupport_cExport.cmake
[18.215s] -- Installing: /home/vincent/ws_livox/install/livox_ros_driver2/share/livox_ros_driver2/cmake/livox_interfaces2__rosidl_typesupport_cExport-noconfig.cmake
[18.215s] -- Installing: /home/vincent/ws_livox/install/livox_ros_driver2/share/livox_ros_driver2/cmake/export_livox_interfaces2__rosidl_generator_cppExport.cmake
[18.215s] -- Installing: /home/vincent/ws_livox/install/livox_ros_driver2/share/livox_ros_driver2/cmake/export_livox_interfaces2__rosidl_typesupport_fastrtps_cppExport.cmake
[18.215s] -- Installing: /home/vincent/ws_livox/install/livox_ros_driver2/share/livox_ros_driver2/cmake/export_livox_interfaces2__rosidl_typesupport_fastrtps_cppExport-noconfig.cmake
[18.216s] -- Installing: /home/vincent/ws_livox/install/livox_ros_driver2/share/livox_ros_driver2/cmake/livox_interfaces2__rosidl_typesupport_introspection_cppExport.cmake
[18.216s] -- Installing: /home/vincent/ws_livox/install/livox_ros_driver2/share/livox_ros_driver2/cmake/livox_interfaces2__rosidl_typesupport_introspection_cppExport-noconfig.cmake
[18.216s] -- Installing: /home/vincent/ws_livox/install/livox_ros_driver2/share/livox_ros_driver2/cmake/livox_interfaces2__rosidl_typesupport_cppExport.cmake
[18.216s] -- Installing: /home/vincent/ws_livox/install/livox_ros_driver2/share/livox_ros_driver2/cmake/livox_interfaces2__rosidl_typesupport_cppExport-noconfig.cmake
[18.216s] -- Installing: /home/vincent/ws_livox/install/livox_ros_driver2/share/livox_ros_driver2/cmake/export_livox_interfaces2__rosidl_generator_pyExport.cmake
[18.216s] -- Installing: /home/vincent/ws_livox/install/livox_ros_driver2/share/livox_ros_driver2/cmake/export_livox_interfaces2__rosidl_generator_pyExport-noconfig.cmake
[18.220s] Invoked command in '/home/vincent/ws_livox/build/livox_ros_driver2' returned '0': CMAKE_PREFIX_PATH=${CMAKE_PREFIX_PATH}:/opt/ros/humble /usr/bin/cmake --install /home/vincent/ws_livox/build/livox_ros_driver2
