-- The C compiler identification is GNU 11.4.0
-- The CXX compiler identification is GNU 11.4.0
-- Detecting C compiler ABI info
-- Detecting C compiler ABI info - done
-- Check for working C compiler: /usr/bin/cc - skipped
-- Detecting C compile features
-- Detecting C compile features - done
-- Detecting CXX compiler ABI info
-- Detecting CXX compiler ABI info - done
-- Check for working CXX compiler: /usr/bin/c++ - skipped
-- Detecting CXX compile features
-- Detecting CXX compile features - done
-- Found ament_cmake: 1.3.9 (/opt/ros/humble/share/ament_cmake/cmake)
-- Found Python3: /usr/bin/python3 (found version "3.10.12") found components: Interpreter 
-- Configuring done
-- Generating done
-- Build files have been written to: /home/vincent/pfe/ws/build/crawler
-- Install configuration: ""
-- Installing: /home/vincent/pfe/ws/install/crawler/share/crawler/description
-- Installing: /home/vincent/pfe/ws/install/crawler/share/crawler/description/ros2_control.xacro
-- Installing: /home/vincent/pfe/ws/install/crawler/share/crawler/description/robot_core.xacro
-- Installing: /home/vincent/pfe/ws/install/crawler/share/crawler/description/robot.urdf.xacro
-- Installing: /home/vincent/pfe/ws/install/crawler/share/crawler/launch
-- Installing: /home/vincent/pfe/ws/install/crawler/share/crawler/launch/robot.launch.py
-- Installing: /home/vincent/pfe/ws/install/crawler/share/crawler/launch/rsp.launch.py
-- Installing: /home/vincent/pfe/ws/install/crawler/share/crawler/meshes
-- Installing: /home/vincent/pfe/ws/install/crawler/share/crawler/meshes/chassis.dae
-- Installing: /home/vincent/pfe/ws/install/crawler/share/crawler/meshes/chassis.stl
-- Installing: /home/vincent/pfe/ws/install/crawler/share/ament_index/resource_index/package_run_dependencies/crawler
-- Installing: /home/vincent/pfe/ws/install/crawler/share/ament_index/resource_index/parent_prefix_path/crawler
-- Installing: /home/vincent/pfe/ws/install/crawler/share/crawler/environment/ament_prefix_path.sh
-- Installing: /home/vincent/pfe/ws/install/crawler/share/crawler/environment/ament_prefix_path.dsv
-- Installing: /home/vincent/pfe/ws/install/crawler/share/crawler/environment/path.sh
-- Installing: /home/vincent/pfe/ws/install/crawler/share/crawler/environment/path.dsv
-- Installing: /home/vincent/pfe/ws/install/crawler/share/crawler/local_setup.bash
-- Installing: /home/vincent/pfe/ws/install/crawler/share/crawler/local_setup.sh
-- Installing: /home/vincent/pfe/ws/install/crawler/share/crawler/local_setup.zsh
-- Installing: /home/vincent/pfe/ws/install/crawler/share/crawler/local_setup.dsv
-- Installing: /home/vincent/pfe/ws/install/crawler/share/crawler/package.dsv
-- Installing: /home/vincent/pfe/ws/install/crawler/share/ament_index/resource_index/packages/crawler
-- Installing: /home/vincent/pfe/ws/install/crawler/share/crawler/cmake/crawlerConfig.cmake
-- Installing: /home/vincent/pfe/ws/install/crawler/share/crawler/cmake/crawlerConfig-version.cmake
-- Installing: /home/vincent/pfe/ws/install/crawler/share/crawler/package.xml
