[0.013s] Invoking command in '/home/vincent/pfe/ws/build/crawler': CMAKE_PREFIX_PATH=${CMAKE_PREFIX_PATH}:/opt/ros/humble /usr/bin/cmake /home/vincent/pfe/ws/crawler -DCMAKE_INSTALL_PREFIX=/home/vincent/pfe/ws/install/crawler
[0.161s] -- The C compiler identification is GNU 11.4.0
[0.209s] -- The CXX compiler identification is GNU 11.4.0
[0.217s] -- Detecting C compiler ABI info
[0.291s] -- Detecting C compiler ABI info - done
[0.296s] -- Check for working C compiler: /usr/bin/cc - skipped
[0.296s] -- Detecting C compile features
[0.296s] -- Detecting C compile features - done
[0.299s] -- Detecting CXX compiler ABI info
[0.383s] -- Detecting CXX compiler ABI info - done
[0.389s] -- Check for working CXX compiler: /usr/bin/c++ - skipped
[0.389s] -- Detecting CXX compile features
[0.389s] -- Detecting CXX compile features - done
[0.392s] -- Found ament_cmake: 1.3.9 (/opt/ros/humble/share/ament_cmake/cmake)
[0.521s] -- Found Python3: /usr/bin/python3 (found version "3.10.12") found components: Interpreter 
[0.662s] -- Configuring done
[0.664s] -- Generating done
[0.665s] -- Build files have been written to: /home/vincent/pfe/ws/build/crawler
[0.670s] Invoked command in '/home/vincent/pfe/ws/build/crawler' returned '0': CMAKE_PREFIX_PATH=${CMAKE_PREFIX_PATH}:/opt/ros/humble /usr/bin/cmake /home/vincent/pfe/ws/crawler -DCMAKE_INSTALL_PREFIX=/home/vincent/pfe/ws/install/crawler
[0.672s] Invoking command in '/home/vincent/pfe/ws/build/crawler': CMAKE_PREFIX_PATH=${CMAKE_PREFIX_PATH}:/opt/ros/humble /usr/bin/cmake --build /home/vincent/pfe/ws/build/crawler -- -j16 -l16
[0.711s] Invoked command in '/home/vincent/pfe/ws/build/crawler' returned '0': CMAKE_PREFIX_PATH=${CMAKE_PREFIX_PATH}:/opt/ros/humble /usr/bin/cmake --build /home/vincent/pfe/ws/build/crawler -- -j16 -l16
[0.747s] Invoking command in '/home/vincent/pfe/ws/build/crawler': CMAKE_PREFIX_PATH=${CMAKE_PREFIX_PATH}:/opt/ros/humble /usr/bin/cmake --install /home/vincent/pfe/ws/build/crawler
[0.754s] -- Install configuration: ""
[0.754s] -- Installing: /home/vincent/pfe/ws/install/crawler/share/crawler/description
[0.754s] -- Installing: /home/vincent/pfe/ws/install/crawler/share/crawler/description/ros2_control.xacro
[0.754s] -- Installing: /home/vincent/pfe/ws/install/crawler/share/crawler/description/robot_core.xacro
[0.754s] -- Installing: /home/vincent/pfe/ws/install/crawler/share/crawler/description/robot.urdf.xacro
[0.755s] -- Installing: /home/vincent/pfe/ws/install/crawler/share/crawler/launch
[0.755s] -- Installing: /home/vincent/pfe/ws/install/crawler/share/crawler/launch/robot.launch.py
[0.755s] -- Installing: /home/vincent/pfe/ws/install/crawler/share/crawler/launch/rsp.launch.py
[0.755s] -- Installing: /home/vincent/pfe/ws/install/crawler/share/crawler/meshes
[0.755s] -- Installing: /home/vincent/pfe/ws/install/crawler/share/crawler/meshes/chassis.dae
[0.755s] -- Installing: /home/vincent/pfe/ws/install/crawler/share/crawler/meshes/chassis.stl
[0.756s] -- Installing: /home/vincent/pfe/ws/install/crawler/share/ament_index/resource_index/package_run_dependencies/crawler
[0.756s] -- Installing: /home/vincent/pfe/ws/install/crawler/share/ament_index/resource_index/parent_prefix_path/crawler
[0.756s] -- Installing: /home/vincent/pfe/ws/install/crawler/share/crawler/environment/ament_prefix_path.sh
[0.756s] -- Installing: /home/vincent/pfe/ws/install/crawler/share/crawler/environment/ament_prefix_path.dsv
[0.756s] -- Installing: /home/vincent/pfe/ws/install/crawler/share/crawler/environment/path.sh
[0.756s] -- Installing: /home/vincent/pfe/ws/install/crawler/share/crawler/environment/path.dsv
[0.756s] -- Installing: /home/vincent/pfe/ws/install/crawler/share/crawler/local_setup.bash
[0.757s] -- Installing: /home/vincent/pfe/ws/install/crawler/share/crawler/local_setup.sh
[0.757s] -- Installing: /home/vincent/pfe/ws/install/crawler/share/crawler/local_setup.zsh
[0.757s] -- Installing: /home/vincent/pfe/ws/install/crawler/share/crawler/local_setup.dsv
[0.757s] -- Installing: /home/vincent/pfe/ws/install/crawler/share/crawler/package.dsv
[0.757s] -- Installing: /home/vincent/pfe/ws/install/crawler/share/ament_index/resource_index/packages/crawler
[0.757s] -- Installing: /home/vincent/pfe/ws/install/crawler/share/crawler/cmake/crawlerConfig.cmake
[0.757s] -- Installing: /home/vincent/pfe/ws/install/crawler/share/crawler/cmake/crawlerConfig-version.cmake
[0.757s] -- Installing: /home/vincent/pfe/ws/install/crawler/share/crawler/package.xml
[0.760s] Invoked command in '/home/vincent/pfe/ws/build/crawler' returned '0': CMAKE_PREFIX_PATH=${CMAKE_PREFIX_PATH}:/opt/ros/humble /usr/bin/cmake --install /home/vincent/pfe/ws/build/crawler
