[0.013s] Invoking command in '/home/vincent/pfe/ws/build/diffdrive_arduino': CMAKE_PREFIX_PATH=${CMAKE_PREFIX_PATH}:/opt/ros/humble /usr/bin/cmake --build /home/vincent/pfe/ws/build/diffdrive_arduino -- -j16 -l16
[0.060s] [35m[1mConsolidate compiler generated dependencies of target diffdrive_arduino[0m
[0.084s] [ 50%] [32mBuilding CXX object CMakeFiles/diffdrive_arduino.dir/hardware/diffbot_system.cpp.o[0m
[0.962s] In file included from [01m[K/home/vincent/pfe/ws/src/diffdrive_arduino/hardware/include/diffdrive_arduino/diffbot_system.hpp:34[m[K,
[0.962s]                  from [01m[K/home/vincent/pfe/ws/src/diffdrive_arduino/hardware/diffbot_system.cpp:15[m[K:
[0.962s] [01m[K/home/vincent/pfe/ws/src/diffdrive_arduino/hardware/include/diffdrive_arduino/arduino_comms.hpp:[m[K In member function ‘[01m[Kstd::string ArduinoComms::send_msg(const string&, bool)[m[K’:
[0.963s] [01m[K/home/vincent/pfe/ws/src/diffdrive_arduino/hardware/include/diffdrive_arduino/arduino_comms.hpp:58:61:[m[K [01;35m[Kwarning: [m[Kunused parameter ‘[01m[Kprint_output[m[K’ [[01;35m[K]8;;https://gcc.gnu.org/onlinedocs/gcc/Warning-Options.html#index-Wunused-parameter-Wunused-parameter]8;;[m[K]
[0.963s]    58 |   std::string send_msg(const std::string &msg_to_send, [01;35m[Kbool print_output = false[m[K)
[0.963s]       |                                                        [01;35m[K~~~~~^~~~~~~~~~~~~~~~~~~~[m[K
[6.035s] [100%] [32m[1mLinking CXX shared library libdiffdrive_arduino.so[0m
[6.191s] [100%] Built target diffdrive_arduino
[6.207s] Invoked command in '/home/vincent/pfe/ws/build/diffdrive_arduino' returned '0': CMAKE_PREFIX_PATH=${CMAKE_PREFIX_PATH}:/opt/ros/humble /usr/bin/cmake --build /home/vincent/pfe/ws/build/diffdrive_arduino -- -j16 -l16
[6.246s] Invoking command in '/home/vincent/pfe/ws/build/diffdrive_arduino': CMAKE_PREFIX_PATH=${CMAKE_PREFIX_PATH}:/opt/ros/humble /usr/bin/cmake --install /home/vincent/pfe/ws/build/diffdrive_arduino
[6.256s] -- Install configuration: "RelWithDebInfo"
[6.256s] -- Execute custom install script
[6.256s] -- Up-to-date symlink: /home/vincent/pfe/ws/install/diffdrive_arduino/share/diffdrive_arduino//diffdrive_arduino.xml
[6.257s] -- Up-to-date symlink: /home/vincent/pfe/ws/install/diffdrive_arduino/include/diffdrive_arduino/diffdrive_arduino/arduino_comms.hpp
[6.257s] -- Up-to-date symlink: /home/vincent/pfe/ws/install/diffdrive_arduino/include/diffdrive_arduino/diffdrive_arduino/diffbot_system.hpp
[6.257s] -- Up-to-date symlink: /home/vincent/pfe/ws/install/diffdrive_arduino/include/diffdrive_arduino/diffdrive_arduino/visibility_control.h
[6.257s] -- Up-to-date symlink: /home/vincent/pfe/ws/install/diffdrive_arduino/include/diffdrive_arduino/diffdrive_arduino/wheel.hpp
[6.257s] -- Up-to-date symlink: /home/vincent/pfe/ws/install/diffdrive_arduino/share/diffdrive_arduino/launch/view_robot.launch.py
[6.257s] -- Up-to-date symlink: /home/vincent/pfe/ws/install/diffdrive_arduino/share/diffdrive_arduino/ros2_control/diffbot.ros2_control.xacro
[6.258s] -- Up-to-date symlink: /home/vincent/pfe/ws/install/diffdrive_arduino/share/diffdrive_arduino/urdf/diffbot.materials.xacro
[6.258s] -- Up-to-date symlink: /home/vincent/pfe/ws/install/diffdrive_arduino/share/diffdrive_arduino/urdf/diffbot.urdf.xacro
[6.258s] -- Up-to-date symlink: /home/vincent/pfe/ws/install/diffdrive_arduino/share/diffdrive_arduino/urdf/diffbot_description.urdf.xacro
[6.258s] -- Up-to-date symlink: /home/vincent/pfe/ws/install/diffdrive_arduino/share/diffdrive_arduino/rviz/diffbot.rviz
[6.258s] -- Up-to-date symlink: /home/vincent/pfe/ws/install/diffdrive_arduino/share/diffdrive_arduino/rviz/diffbot_view.rviz
[6.258s] -- Up-to-date symlink: /home/vincent/pfe/ws/install/diffdrive_arduino/share/diffdrive_arduino/launch/diffbot.launch.py
[6.259s] -- Up-to-date symlink: /home/vincent/pfe/ws/install/diffdrive_arduino/share/diffdrive_arduino/config/diffbot_controllers.yaml
[6.259s] -- Up-to-date symlink: /home/vincent/pfe/ws/install/diffdrive_arduino/share/diffdrive_arduino/environment/library_path.sh
[6.259s] -- Up-to-date symlink: /home/vincent/pfe/ws/install/diffdrive_arduino/share/diffdrive_arduino/environment/library_path.dsv
[6.259s] -- Up-to-date symlink: /home/vincent/pfe/ws/install/diffdrive_arduino/share/ament_index/resource_index/package_run_dependencies/diffdrive_arduino
[6.259s] -- Up-to-date symlink: /home/vincent/pfe/ws/install/diffdrive_arduino/share/ament_index/resource_index/parent_prefix_path/diffdrive_arduino
[6.259s] -- Up-to-date symlink: /home/vincent/pfe/ws/install/diffdrive_arduino/share/diffdrive_arduino/environment/ament_prefix_path.sh
[6.260s] -- Up-to-date symlink: /home/vincent/pfe/ws/install/diffdrive_arduino/share/diffdrive_arduino/environment/ament_prefix_path.dsv
[6.260s] -- Up-to-date symlink: /home/vincent/pfe/ws/install/diffdrive_arduino/share/diffdrive_arduino/environment/path.sh
[6.260s] -- Up-to-date symlink: /home/vincent/pfe/ws/install/diffdrive_arduino/share/diffdrive_arduino/environment/path.dsv
[6.260s] -- Up-to-date symlink: /home/vincent/pfe/ws/install/diffdrive_arduino/share/diffdrive_arduino/local_setup.bash
[6.260s] -- Up-to-date symlink: /home/vincent/pfe/ws/install/diffdrive_arduino/share/diffdrive_arduino/local_setup.sh
[6.260s] -- Up-to-date symlink: /home/vincent/pfe/ws/install/diffdrive_arduino/share/diffdrive_arduino/local_setup.zsh
[6.260s] -- Up-to-date symlink: /home/vincent/pfe/ws/install/diffdrive_arduino/share/diffdrive_arduino/local_setup.dsv
[6.260s] -- Symlinking: /home/vincent/pfe/ws/install/diffdrive_arduino/share/diffdrive_arduino/package.dsv
[6.274s] -- Up-to-date symlink: /home/vincent/pfe/ws/install/diffdrive_arduino/share/ament_index/resource_index/packages/diffdrive_arduino
[6.274s] -- Up-to-date symlink: /home/vincent/pfe/ws/install/diffdrive_arduino/share/ament_index/resource_index/hardware_interface__pluginlib__plugin/diffdrive_arduino
[6.274s] -- Up-to-date symlink: /home/vincent/pfe/ws/install/diffdrive_arduino/share/diffdrive_arduino/cmake/ament_cmake_export_targets-extras.cmake
[6.275s] -- Up-to-date symlink: /home/vincent/pfe/ws/install/diffdrive_arduino/share/diffdrive_arduino/cmake/ament_cmake_export_dependencies-extras.cmake
[6.275s] -- Up-to-date symlink: /home/vincent/pfe/ws/install/diffdrive_arduino/share/diffdrive_arduino/cmake/diffdrive_arduinoConfig.cmake
[6.275s] -- Up-to-date symlink: /home/vincent/pfe/ws/install/diffdrive_arduino/share/diffdrive_arduino/cmake/diffdrive_arduinoConfig-version.cmake
[6.275s] -- Up-to-date symlink: /home/vincent/pfe/ws/install/diffdrive_arduino/share/diffdrive_arduino/package.xml
[6.275s] -- Installing: /home/vincent/pfe/ws/install/diffdrive_arduino/lib/libdiffdrive_arduino.so
[6.281s] -- Set runtime path of "/home/vincent/pfe/ws/install/diffdrive_arduino/lib/libdiffdrive_arduino.so" to ""
[6.281s] -- Up-to-date: /home/vincent/pfe/ws/install/diffdrive_arduino/share/diffdrive_arduino/cmake/export_diffdrive_arduinoExport.cmake
[6.281s] -- Up-to-date: /home/vincent/pfe/ws/install/diffdrive_arduino/share/diffdrive_arduino/cmake/export_diffdrive_arduinoExport-relwithdebinfo.cmake
[6.285s] Invoked command in '/home/vincent/pfe/ws/build/diffdrive_arduino' returned '0': CMAKE_PREFIX_PATH=${CMAKE_PREFIX_PATH}:/opt/ros/humble /usr/bin/cmake --install /home/vincent/pfe/ws/build/diffdrive_arduino
