[0.024s] Invoking command in '/home/vincent/pfe/ws/build/skid_drive_controller': CMAKE_PREFIX_PATH=${CMAKE_PREFIX_PATH}:/opt/ros/humble /usr/bin/cmake --build /home/vincent/pfe/ws/build/skid_drive_controller -- -j16 -l16
[0.117s] [ 20%] Built target skid_drive_controller_parameters
[0.144s] [35m[1mConsolidate compiler generated dependencies of target skid_drive_controller[0m
[0.201s] [ 40%] [32mBuilding CXX object CMakeFiles/skid_drive_controller.dir/src/skid_drive_controller.cpp.o[0m
[34.030s] [ 60%] [32m[1mLinking CXX shared library libskid_drive_controller.so[0m
[34.529s] [100%] Built target skid_drive_controller
[34.540s] Invoked command in '/home/vincent/pfe/ws/build/skid_drive_controller' returned '0': CMAKE_PREFIX_PATH=${CMAKE_PREFIX_PATH}:/opt/ros/humble /usr/bin/cmake --build /home/vincent/pfe/ws/build/skid_drive_controller -- -j16 -l16
[34.586s] Invoking command in '/home/vincent/pfe/ws/build/skid_drive_controller': CMAKE_PREFIX_PATH=${CMAKE_PREFIX_PATH}:/opt/ros/humble /usr/bin/cmake --install /home/vincent/pfe/ws/build/skid_drive_controller
[34.594s] -- Install configuration: "RelWithDebInfo"
[34.594s] -- Execute custom install script
[34.594s] -- Up-to-date symlink: /home/vincent/pfe/ws/install/skid_drive_controller/include/skid_drive_controller_parameters/skid_drive_controller_parameters.hpp
[34.595s] -- Up-to-date symlink: /home/vincent/pfe/ws/install/skid_drive_controller/share/skid_drive_controller//skid_drive_plugin.xml
[34.595s] -- Up-to-date symlink: /home/vincent/pfe/ws/install/skid_drive_controller/include/skid_drive_controller/skid_drive_controller/odometry.hpp
[34.595s] -- Up-to-date symlink: /home/vincent/pfe/ws/install/skid_drive_controller/include/skid_drive_controller/skid_drive_controller/skid_drive_controller.hpp
[34.595s] -- Up-to-date symlink: /home/vincent/pfe/ws/install/skid_drive_controller/include/skid_drive_controller/skid_drive_controller/speed_limiter.hpp
[34.595s] -- Up-to-date symlink: /home/vincent/pfe/ws/install/skid_drive_controller/include/skid_drive_controller/skid_drive_controller/visibility_control.h
[34.595s] -- Up-to-date symlink: /home/vincent/pfe/ws/install/skid_drive_controller/share/skid_drive_controller/environment/library_path.sh
[34.595s] -- Up-to-date symlink: /home/vincent/pfe/ws/install/skid_drive_controller/share/skid_drive_controller/environment/library_path.dsv
[34.595s] -- Up-to-date symlink: /home/vincent/pfe/ws/install/skid_drive_controller/share/ament_index/resource_index/package_run_dependencies/skid_drive_controller
[34.596s] -- Up-to-date symlink: /home/vincent/pfe/ws/install/skid_drive_controller/share/ament_index/resource_index/parent_prefix_path/skid_drive_controller
[34.596s] -- Up-to-date symlink: /home/vincent/pfe/ws/install/skid_drive_controller/share/skid_drive_controller/environment/ament_prefix_path.sh
[34.596s] -- Up-to-date symlink: /home/vincent/pfe/ws/install/skid_drive_controller/share/skid_drive_controller/environment/ament_prefix_path.dsv
[34.596s] -- Up-to-date symlink: /home/vincent/pfe/ws/install/skid_drive_controller/share/skid_drive_controller/environment/path.sh
[34.596s] -- Up-to-date symlink: /home/vincent/pfe/ws/install/skid_drive_controller/share/skid_drive_controller/environment/path.dsv
[34.596s] -- Up-to-date symlink: /home/vincent/pfe/ws/install/skid_drive_controller/share/skid_drive_controller/local_setup.bash
[34.596s] -- Up-to-date symlink: /home/vincent/pfe/ws/install/skid_drive_controller/share/skid_drive_controller/local_setup.sh
[34.596s] -- Up-to-date symlink: /home/vincent/pfe/ws/install/skid_drive_controller/share/skid_drive_controller/local_setup.zsh
[34.597s] -- Up-to-date symlink: /home/vincent/pfe/ws/install/skid_drive_controller/share/skid_drive_controller/local_setup.dsv
[34.597s] -- Symlinking: /home/vincent/pfe/ws/install/skid_drive_controller/share/skid_drive_controller/package.dsv
[34.608s] -- Up-to-date symlink: /home/vincent/pfe/ws/install/skid_drive_controller/share/ament_index/resource_index/packages/skid_drive_controller
[34.608s] -- Up-to-date symlink: /home/vincent/pfe/ws/install/skid_drive_controller/share/ament_index/resource_index/controller_interface__pluginlib__plugin/skid_drive_controller
[34.609s] -- Up-to-date symlink: /home/vincent/pfe/ws/install/skid_drive_controller/share/skid_drive_controller/cmake/ament_cmake_export_targets-extras.cmake
[34.609s] -- Up-to-date symlink: /home/vincent/pfe/ws/install/skid_drive_controller/share/skid_drive_controller/cmake/ament_cmake_export_dependencies-extras.cmake
[34.609s] -- Up-to-date symlink: /home/vincent/pfe/ws/install/skid_drive_controller/share/skid_drive_controller/cmake/skid_drive_controllerConfig.cmake
[34.609s] -- Up-to-date symlink: /home/vincent/pfe/ws/install/skid_drive_controller/share/skid_drive_controller/cmake/skid_drive_controllerConfig-version.cmake
[34.609s] -- Up-to-date symlink: /home/vincent/pfe/ws/install/skid_drive_controller/share/skid_drive_controller/package.xml
[34.609s] -- Installing: /home/vincent/pfe/ws/install/skid_drive_controller/lib/libskid_drive_controller.so
[34.674s] -- Set runtime path of "/home/vincent/pfe/ws/install/skid_drive_controller/lib/libskid_drive_controller.so" to ""
[34.674s] -- Up-to-date: /home/vincent/pfe/ws/install/skid_drive_controller/share/skid_drive_controller/cmake/export_skid_drive_controllerExport.cmake
[34.674s] -- Up-to-date: /home/vincent/pfe/ws/install/skid_drive_controller/share/skid_drive_controller/cmake/export_skid_drive_controllerExport-relwithdebinfo.cmake
[34.678s] Invoked command in '/home/vincent/pfe/ws/build/skid_drive_controller' returned '0': CMAKE_PREFIX_PATH=${CMAKE_PREFIX_PATH}:/opt/ros/humble /usr/bin/cmake --install /home/vincent/pfe/ws/build/skid_drive_controller
