[0.081s] DEBUG:colcon:Command line arguments: ['/usr/bin/colcon', 'build']
[0.081s] DEBUG:colcon:Parsed command line arguments: Namespace(log_base=None, log_level=None, verb_name='build', build_base='build', install_base='install', merge_install=False, symlink_install=False, test_result_base=None, continue_on_error=False, executor='parallel', parallel_workers=16, event_handlers=None, ignore_user_meta=False, metas=['./colcon.meta'], base_paths=['.'], packages_ignore=None, packages_ignore_regex=None, paths=None, packages_up_to=None, packages_up_to_regex=None, packages_above=None, packages_above_and_dependencies=None, packages_above_depth=None, packages_select_by_dep=None, packages_skip_by_dep=None, packages_skip_up_to=None, packages_select_build_failed=False, packages_skip_build_finished=False, packages_select_test_failures=False, packages_skip_test_passed=False, packages_select=None, packages_skip=None, packages_select_regex=None, packages_skip_regex=None, packages_start=None, packages_end=None, allow_overriding=[], cmake_args=None, cmake_target=None, cmake_target_skip_unavailable=False, cmake_clean_cache=False, cmake_clean_first=False, cmake_force_configure=False, ament_cmake_args=None, catkin_cmake_args=None, catkin_skip_building_tests=False, mixin_files=None, mixin=None, verb_parser=<colcon_mixin.mixin.mixin_argument.MixinArgumentDecorator object at 0x7c3190c46b00>, verb_extension=<colcon_core.verb.build.BuildVerb object at 0x7c3190d571c0>, main=<bound method BuildVerb.main of <colcon_core.verb.build.BuildVerb object at 0x7c3190d571c0>>, mixin_verb=('build',))
[0.217s] Level 1:colcon.colcon_core.package_discovery:discover_packages(colcon_meta) check parameters
[0.217s] Level 1:colcon.colcon_core.package_discovery:discover_packages(recursive) check parameters
[0.217s] Level 1:colcon.colcon_core.package_discovery:discover_packages(ignore) check parameters
[0.217s] Level 1:colcon.colcon_core.package_discovery:discover_packages(path) check parameters
[0.217s] Level 1:colcon.colcon_core.package_discovery:discover_packages(colcon_meta) discover
[0.218s] Level 1:colcon.colcon_core.package_discovery:discover_packages(recursive) discover
[0.218s] INFO:colcon.colcon_core.package_discovery:Crawling recursively for packages in '/home/vincent/pfe/ws/src/skid_drive_controller'
[0.218s] Level 1:colcon.colcon_core.package_identification:_identify(.) by extensions ['ignore', 'ignore_ament_install']
[0.218s] Level 1:colcon.colcon_core.package_identification:_identify(.) by extension 'ignore'
[0.218s] Level 1:colcon.colcon_core.package_identification:_identify(.) by extension 'ignore_ament_install'
[0.218s] Level 1:colcon.colcon_core.package_identification:_identify(.) by extensions ['colcon_pkg']
[0.218s] Level 1:colcon.colcon_core.package_identification:_identify(.) by extension 'colcon_pkg'
[0.218s] Level 1:colcon.colcon_core.package_identification:_identify(.) by extensions ['colcon_meta']
[0.218s] Level 1:colcon.colcon_core.package_identification:_identify(.) by extension 'colcon_meta'
[0.218s] Level 1:colcon.colcon_core.package_identification:_identify(.) by extensions ['ros']
[0.218s] Level 1:colcon.colcon_core.package_identification:_identify(.) by extension 'ros'
[0.228s] DEBUG:colcon.colcon_core.package_identification:Package '.' with type 'ros.ament_cmake' and name 'skid_drive_controller'
[0.228s] Level 1:colcon.colcon_core.package_discovery:discover_packages(recursive) using defaults
[0.228s] Level 1:colcon.colcon_core.package_discovery:discover_packages(ignore) discover
[0.228s] Level 1:colcon.colcon_core.package_discovery:discover_packages(ignore) using defaults
[0.228s] Level 1:colcon.colcon_core.package_discovery:discover_packages(path) discover
[0.228s] Level 1:colcon.colcon_core.package_discovery:discover_packages(path) using defaults
[0.253s] Level 1:colcon.colcon_core.package_discovery:discover_packages(prefix_path) check parameters
[0.254s] Level 1:colcon.colcon_core.package_discovery:discover_packages(prefix_path) discover
[0.255s] DEBUG:colcon.colcon_installed_package_information.package_discovery:Found 2 installed packages in /home/vincent/ros2_ws/install
[0.256s] DEBUG:colcon.colcon_installed_package_information.package_discovery:Found 443 installed packages in /opt/ros/humble
[0.258s] Level 1:colcon.colcon_core.package_discovery:discover_packages(prefix_path) using defaults
[0.298s] Level 5:colcon.colcon_core.verb:set package 'skid_drive_controller' build argument 'cmake_args' from command line to 'None'
[0.298s] Level 5:colcon.colcon_core.verb:set package 'skid_drive_controller' build argument 'cmake_target' from command line to 'None'
[0.298s] Level 5:colcon.colcon_core.verb:set package 'skid_drive_controller' build argument 'cmake_target_skip_unavailable' from command line to 'False'
[0.298s] Level 5:colcon.colcon_core.verb:set package 'skid_drive_controller' build argument 'cmake_clean_cache' from command line to 'False'
[0.298s] Level 5:colcon.colcon_core.verb:set package 'skid_drive_controller' build argument 'cmake_clean_first' from command line to 'False'
[0.298s] Level 5:colcon.colcon_core.verb:set package 'skid_drive_controller' build argument 'cmake_force_configure' from command line to 'False'
[0.298s] Level 5:colcon.colcon_core.verb:set package 'skid_drive_controller' build argument 'ament_cmake_args' from command line to 'None'
[0.298s] Level 5:colcon.colcon_core.verb:set package 'skid_drive_controller' build argument 'catkin_cmake_args' from command line to 'None'
[0.298s] Level 5:colcon.colcon_core.verb:set package 'skid_drive_controller' build argument 'catkin_skip_building_tests' from command line to 'False'
[0.298s] DEBUG:colcon.colcon_core.verb:Building package 'skid_drive_controller' with the following arguments: {'ament_cmake_args': None, 'build_base': '/home/vincent/pfe/ws/src/skid_drive_controller/build/skid_drive_controller', 'catkin_cmake_args': None, 'catkin_skip_building_tests': False, 'cmake_args': None, 'cmake_clean_cache': False, 'cmake_clean_first': False, 'cmake_force_configure': False, 'cmake_target': None, 'cmake_target_skip_unavailable': False, 'install_base': '/home/vincent/pfe/ws/src/skid_drive_controller/install/skid_drive_controller', 'merge_install': False, 'path': '/home/vincent/pfe/ws/src/skid_drive_controller', 'symlink_install': False, 'test_result_base': None}
[0.298s] INFO:colcon.colcon_core.executor:Executing jobs using 'parallel' executor
[0.299s] DEBUG:colcon.colcon_parallel_executor.executor.parallel:run_until_complete
[0.300s] INFO:colcon.colcon_ros.task.ament_cmake.build:Building ROS package in '/home/vincent/pfe/ws/src/skid_drive_controller' with build type 'ament_cmake'
[0.300s] INFO:colcon.colcon_cmake.task.cmake.build:Building CMake package in '/home/vincent/pfe/ws/src/skid_drive_controller'
[0.301s] INFO:colcon.colcon_core.plugin_system:Skipping extension 'colcon_core.shell.bat': Not used on non-Windows systems
[0.301s] INFO:colcon.colcon_core.shell:Skip shell extension 'powershell' for command environment: Not usable outside of PowerShell
[0.302s] DEBUG:colcon.colcon_core.shell:Skip shell extension 'dsv' for command environment
[0.312s] DEBUG:colcon.colcon_core.event_handler.log_command:Invoking command in '/home/vincent/pfe/ws/src/skid_drive_controller/build/skid_drive_controller': CMAKE_PREFIX_PATH=${CMAKE_PREFIX_PATH}:/opt/ros/humble /usr/bin/cmake --build /home/vincent/pfe/ws/src/skid_drive_controller/build/skid_drive_controller -- -j16 -l16
[12.651s] DEBUG:colcon.colcon_core.event_handler.log_command:Invoked command in '/home/vincent/pfe/ws/src/skid_drive_controller/build/skid_drive_controller' returned '0': CMAKE_PREFIX_PATH=${CMAKE_PREFIX_PATH}:/opt/ros/humble /usr/bin/cmake --build /home/vincent/pfe/ws/src/skid_drive_controller/build/skid_drive_controller -- -j16 -l16
[12.700s] DEBUG:colcon.colcon_core.event_handler.log_command:Invoking command in '/home/vincent/pfe/ws/src/skid_drive_controller/build/skid_drive_controller': CMAKE_PREFIX_PATH=${CMAKE_PREFIX_PATH}:/opt/ros/humble /usr/bin/cmake --install /home/vincent/pfe/ws/src/skid_drive_controller/build/skid_drive_controller
[12.732s] Level 1:colcon.colcon_core.environment:create_environment_scripts_only(skid_drive_controller)
[12.732s] DEBUG:colcon.colcon_core.event_handler.log_command:Invoked command in '/home/vincent/pfe/ws/src/skid_drive_controller/build/skid_drive_controller' returned '0': CMAKE_PREFIX_PATH=${CMAKE_PREFIX_PATH}:/opt/ros/humble /usr/bin/cmake --install /home/vincent/pfe/ws/src/skid_drive_controller/build/skid_drive_controller
[12.734s] Level 1:colcon.colcon_core.environment:checking '/home/vincent/pfe/ws/src/skid_drive_controller/install/skid_drive_controller' for CMake module files
[12.735s] Level 1:colcon.colcon_core.environment:checking '/home/vincent/pfe/ws/src/skid_drive_controller/install/skid_drive_controller' for CMake config files
[12.735s] Level 1:colcon.colcon_core.shell:create_environment_hook('skid_drive_controller', 'cmake_prefix_path')
[12.735s] INFO:colcon.colcon_core.shell:Creating environment hook '/home/vincent/pfe/ws/src/skid_drive_controller/install/skid_drive_controller/share/skid_drive_controller/hook/cmake_prefix_path.ps1'
[12.736s] INFO:colcon.colcon_core.shell:Creating environment descriptor '/home/vincent/pfe/ws/src/skid_drive_controller/install/skid_drive_controller/share/skid_drive_controller/hook/cmake_prefix_path.dsv'
[12.736s] INFO:colcon.colcon_core.shell:Creating environment hook '/home/vincent/pfe/ws/src/skid_drive_controller/install/skid_drive_controller/share/skid_drive_controller/hook/cmake_prefix_path.sh'
[12.737s] Level 1:colcon.colcon_core.environment:checking '/home/vincent/pfe/ws/src/skid_drive_controller/install/skid_drive_controller/lib'
[12.737s] Level 1:colcon.colcon_core.shell:create_environment_hook('skid_drive_controller', 'ld_library_path_lib')
[12.737s] INFO:colcon.colcon_core.shell:Creating environment hook '/home/vincent/pfe/ws/src/skid_drive_controller/install/skid_drive_controller/share/skid_drive_controller/hook/ld_library_path_lib.ps1'
[12.737s] INFO:colcon.colcon_core.shell:Creating environment descriptor '/home/vincent/pfe/ws/src/skid_drive_controller/install/skid_drive_controller/share/skid_drive_controller/hook/ld_library_path_lib.dsv'
[12.737s] INFO:colcon.colcon_core.shell:Creating environment hook '/home/vincent/pfe/ws/src/skid_drive_controller/install/skid_drive_controller/share/skid_drive_controller/hook/ld_library_path_lib.sh'
[12.738s] Level 1:colcon.colcon_core.environment:checking '/home/vincent/pfe/ws/src/skid_drive_controller/install/skid_drive_controller/bin'
[12.738s] Level 1:colcon.colcon_core.environment:checking '/home/vincent/pfe/ws/src/skid_drive_controller/install/skid_drive_controller/lib/pkgconfig/skid_drive_controller.pc'
[12.738s] Level 1:colcon.colcon_core.environment:checking '/home/vincent/pfe/ws/src/skid_drive_controller/install/skid_drive_controller/lib/python3.10/site-packages'
[12.738s] Level 1:colcon.colcon_core.environment:checking '/home/vincent/pfe/ws/src/skid_drive_controller/install/skid_drive_controller/bin'
[12.738s] INFO:colcon.colcon_core.shell:Creating package script '/home/vincent/pfe/ws/src/skid_drive_controller/install/skid_drive_controller/share/skid_drive_controller/package.ps1'
[12.739s] INFO:colcon.colcon_core.shell:Creating package descriptor '/home/vincent/pfe/ws/src/skid_drive_controller/install/skid_drive_controller/share/skid_drive_controller/package.dsv'
[12.739s] INFO:colcon.colcon_core.shell:Creating package script '/home/vincent/pfe/ws/src/skid_drive_controller/install/skid_drive_controller/share/skid_drive_controller/package.sh'
[12.740s] INFO:colcon.colcon_core.shell:Creating package script '/home/vincent/pfe/ws/src/skid_drive_controller/install/skid_drive_controller/share/skid_drive_controller/package.bash'
[12.740s] INFO:colcon.colcon_core.shell:Creating package script '/home/vincent/pfe/ws/src/skid_drive_controller/install/skid_drive_controller/share/skid_drive_controller/package.zsh'
[12.741s] Level 1:colcon.colcon_core.environment:create_file_with_runtime_dependencies(/home/vincent/pfe/ws/src/skid_drive_controller/install/skid_drive_controller/share/colcon-core/packages/skid_drive_controller)
[12.781s] Level 1:colcon.colcon_core.environment:create_environment_scripts_only(skid_drive_controller)
[12.782s] Level 1:colcon.colcon_core.environment:checking '/home/vincent/pfe/ws/src/skid_drive_controller/install/skid_drive_controller' for CMake module files
[12.782s] Level 1:colcon.colcon_core.environment:checking '/home/vincent/pfe/ws/src/skid_drive_controller/install/skid_drive_controller' for CMake config files
[12.782s] Level 1:colcon.colcon_core.shell:create_environment_hook('skid_drive_controller', 'cmake_prefix_path')
[12.782s] INFO:colcon.colcon_core.shell:Creating environment hook '/home/vincent/pfe/ws/src/skid_drive_controller/install/skid_drive_controller/share/skid_drive_controller/hook/cmake_prefix_path.ps1'
[12.783s] INFO:colcon.colcon_core.shell:Creating environment descriptor '/home/vincent/pfe/ws/src/skid_drive_controller/install/skid_drive_controller/share/skid_drive_controller/hook/cmake_prefix_path.dsv'
[12.783s] INFO:colcon.colcon_core.shell:Creating environment hook '/home/vincent/pfe/ws/src/skid_drive_controller/install/skid_drive_controller/share/skid_drive_controller/hook/cmake_prefix_path.sh'
[12.784s] Level 1:colcon.colcon_core.environment:checking '/home/vincent/pfe/ws/src/skid_drive_controller/install/skid_drive_controller/lib'
[12.784s] Level 1:colcon.colcon_core.shell:create_environment_hook('skid_drive_controller', 'ld_library_path_lib')
[12.784s] INFO:colcon.colcon_core.shell:Creating environment hook '/home/vincent/pfe/ws/src/skid_drive_controller/install/skid_drive_controller/share/skid_drive_controller/hook/ld_library_path_lib.ps1'
[12.784s] INFO:colcon.colcon_core.shell:Creating environment descriptor '/home/vincent/pfe/ws/src/skid_drive_controller/install/skid_drive_controller/share/skid_drive_controller/hook/ld_library_path_lib.dsv'
[12.784s] INFO:colcon.colcon_core.shell:Creating environment hook '/home/vincent/pfe/ws/src/skid_drive_controller/install/skid_drive_controller/share/skid_drive_controller/hook/ld_library_path_lib.sh'
[12.784s] Level 1:colcon.colcon_core.environment:checking '/home/vincent/pfe/ws/src/skid_drive_controller/install/skid_drive_controller/bin'
[12.784s] Level 1:colcon.colcon_core.environment:checking '/home/vincent/pfe/ws/src/skid_drive_controller/install/skid_drive_controller/lib/pkgconfig/skid_drive_controller.pc'
[12.785s] Level 1:colcon.colcon_core.environment:checking '/home/vincent/pfe/ws/src/skid_drive_controller/install/skid_drive_controller/lib/python3.10/site-packages'
[12.785s] Level 1:colcon.colcon_core.environment:checking '/home/vincent/pfe/ws/src/skid_drive_controller/install/skid_drive_controller/bin'
[12.785s] INFO:colcon.colcon_core.shell:Creating package script '/home/vincent/pfe/ws/src/skid_drive_controller/install/skid_drive_controller/share/skid_drive_controller/package.ps1'
[12.785s] INFO:colcon.colcon_core.shell:Creating package descriptor '/home/vincent/pfe/ws/src/skid_drive_controller/install/skid_drive_controller/share/skid_drive_controller/package.dsv'
[12.786s] INFO:colcon.colcon_core.shell:Creating package script '/home/vincent/pfe/ws/src/skid_drive_controller/install/skid_drive_controller/share/skid_drive_controller/package.sh'
[12.786s] INFO:colcon.colcon_core.shell:Creating package script '/home/vincent/pfe/ws/src/skid_drive_controller/install/skid_drive_controller/share/skid_drive_controller/package.bash'
[12.786s] INFO:colcon.colcon_core.shell:Creating package script '/home/vincent/pfe/ws/src/skid_drive_controller/install/skid_drive_controller/share/skid_drive_controller/package.zsh'
[12.787s] Level 1:colcon.colcon_core.environment:create_file_with_runtime_dependencies(/home/vincent/pfe/ws/src/skid_drive_controller/install/skid_drive_controller/share/colcon-core/packages/skid_drive_controller)
[12.787s] DEBUG:colcon.colcon_parallel_executor.executor.parallel:closing loop
[12.787s] DEBUG:colcon.colcon_parallel_executor.executor.parallel:loop closed
[12.787s] DEBUG:colcon.colcon_parallel_executor.executor.parallel:run_until_complete finished with '0'
[12.787s] DEBUG:colcon.colcon_core.event_reactor:joining thread
[12.792s] INFO:colcon.colcon_core.plugin_system:Skipping extension 'colcon_notification.desktop_notification.notify_send': Could not find 'notify-send'
[12.792s] INFO:colcon.colcon_core.plugin_system:Skipping extension 'colcon_notification.desktop_notification.terminal_notifier': Not used on non-Darwin systems
[12.792s] INFO:colcon.colcon_core.plugin_system:Skipping extension 'colcon_notification.desktop_notification.win32': Not used on non-Windows systems
[12.792s] INFO:colcon.colcon_notification.desktop_notification:Sending desktop notification using 'notify2'
[12.809s] DEBUG:colcon.colcon_core.event_reactor:joined thread
[12.810s] INFO:colcon.colcon_core.shell:Creating prefix script '/home/vincent/pfe/ws/src/skid_drive_controller/install/local_setup.ps1'
[12.811s] INFO:colcon.colcon_core.shell:Creating prefix util module '/home/vincent/pfe/ws/src/skid_drive_controller/install/_local_setup_util_ps1.py'
[12.812s] INFO:colcon.colcon_core.shell:Creating prefix chain script '/home/vincent/pfe/ws/src/skid_drive_controller/install/setup.ps1'
[12.812s] INFO:colcon.colcon_core.shell:Creating prefix script '/home/vincent/pfe/ws/src/skid_drive_controller/install/local_setup.sh'
[12.813s] INFO:colcon.colcon_core.shell:Creating prefix util module '/home/vincent/pfe/ws/src/skid_drive_controller/install/_local_setup_util_sh.py'
[12.813s] INFO:colcon.colcon_core.shell:Creating prefix chain script '/home/vincent/pfe/ws/src/skid_drive_controller/install/setup.sh'
[12.814s] INFO:colcon.colcon_core.shell:Creating prefix script '/home/vincent/pfe/ws/src/skid_drive_controller/install/local_setup.bash'
[12.814s] INFO:colcon.colcon_core.shell:Creating prefix chain script '/home/vincent/pfe/ws/src/skid_drive_controller/install/setup.bash'
[12.815s] INFO:colcon.colcon_core.shell:Creating prefix script '/home/vincent/pfe/ws/src/skid_drive_controller/install/local_setup.zsh'
[12.815s] INFO:colcon.colcon_core.shell:Creating prefix chain script '/home/vincent/pfe/ws/src/skid_drive_controller/install/setup.zsh'
