[0.013s] Invoking command in '/home/vincent/pfe/ws/build/diffdrive_arduino': CMAKE_PREFIX_PATH=${CMAKE_PREFIX_PATH}:/opt/ros/humble /usr/bin/cmake /home/vincent/pfe/ws/src/diffdrive_arduino -DAMENT_CMAKE_SYMLINK_INSTALL=1 -DCMAKE_INSTALL_PREFIX=/home/vincent/pfe/ws/install/diffdrive_arduino
[0.022s] -- Found ament_cmake: 1.3.9 (/opt/ros/humble/share/ament_cmake/cmake)
[0.129s] -- Override CMake install command with custom implementation using symlinks instead of copying resources
[0.137s] -- Found hardware_interface: 2.41.0 (/opt/ros/humble/share/hardware_interface/cmake)
[0.162s] -- Found rosidl_generator_c: 3.1.5 (/opt/ros/humble/share/rosidl_generator_c/cmake)
[0.164s] -- Found rosidl_adapter: 3.1.5 (/opt/ros/humble/share/rosidl_adapter/cmake)
[0.169s] -- Found rosidl_generator_cpp: 3.1.5 (/opt/ros/humble/share/rosidl_generator_cpp/cmake)
[0.177s] -- Using all available rosidl_typesupport_c: rosidl_typesupport_fastrtps_c;rosidl_typesupport_introspection_c
[0.189s] -- Using all available rosidl_typesupport_cpp: rosidl_typesupport_fastrtps_cpp;rosidl_typesupport_introspection_cpp
[0.682s] -- Found rmw_implementation_cmake: 6.1.2 (/opt/ros/humble/share/rmw_implementation_cmake/cmake)
[0.683s] -- Found rmw_fastrtps_cpp: 6.2.6 (/opt/ros/humble/share/rmw_fastrtps_cpp/cmake)
[0.705s] -- Found TinyXML2 via Config file: TinyXML2_DIR-NOTFOUND
[0.713s] -- Found TinyXML2 via Config file: TinyXML2_DIR-NOTFOUND
[0.735s] -- Found TinyXML2 via Config file: TinyXML2_DIR-NOTFOUND
[0.743s] -- Found TinyXML2 via Config file: TinyXML2_DIR-NOTFOUND
[0.756s] -- Using RMW implementation 'rmw_fastrtps_cpp' as default
[0.909s] -- Found ament_cmake_gtest: 1.3.9 (/opt/ros/humble/share/ament_cmake_gtest/cmake)
[0.965s] -- Configuring done
[0.987s] -- Generating done
[0.989s] -- Build files have been written to: /home/vincent/pfe/ws/build/diffdrive_arduino
[1.003s] Invoked command in '/home/vincent/pfe/ws/build/diffdrive_arduino' returned '0': CMAKE_PREFIX_PATH=${CMAKE_PREFIX_PATH}:/opt/ros/humble /usr/bin/cmake /home/vincent/pfe/ws/src/diffdrive_arduino -DAMENT_CMAKE_SYMLINK_INSTALL=1 -DCMAKE_INSTALL_PREFIX=/home/vincent/pfe/ws/install/diffdrive_arduino
[1.005s] Invoking command in '/home/vincent/pfe/ws/build/diffdrive_arduino': CMAKE_PREFIX_PATH=${CMAKE_PREFIX_PATH}:/opt/ros/humble /usr/bin/cmake --build /home/vincent/pfe/ws/build/diffdrive_arduino -- -j16 -l16
[1.051s] [35m[1mConsolidate compiler generated dependencies of target diffdrive_arduino[0m
[1.072s] [100%] Built target diffdrive_arduino
[1.084s] Invoked command in '/home/vincent/pfe/ws/build/diffdrive_arduino' returned '0': CMAKE_PREFIX_PATH=${CMAKE_PREFIX_PATH}:/opt/ros/humble /usr/bin/cmake --build /home/vincent/pfe/ws/build/diffdrive_arduino -- -j16 -l16
[1.121s] Invoking command in '/home/vincent/pfe/ws/build/diffdrive_arduino': CMAKE_PREFIX_PATH=${CMAKE_PREFIX_PATH}:/opt/ros/humble /usr/bin/cmake --install /home/vincent/pfe/ws/build/diffdrive_arduino
[1.129s] -- Install configuration: ""
[1.130s] -- Execute custom install script
[1.130s] -- Symlinking: /home/vincent/pfe/ws/install/diffdrive_arduino/share/diffdrive_arduino//diffdrive_arduino.xml
[1.140s] -- Symlinking: /home/vincent/pfe/ws/install/diffdrive_arduino/include/diffdrive_arduino/diffdrive_arduino/arduino_comms.hpp
[1.149s] -- Symlinking: /home/vincent/pfe/ws/install/diffdrive_arduino/include/diffdrive_arduino/diffdrive_arduino/diffbot_system.hpp
[1.158s] -- Symlinking: /home/vincent/pfe/ws/install/diffdrive_arduino/include/diffdrive_arduino/diffdrive_arduino/visibility_control.h
[1.168s] -- Symlinking: /home/vincent/pfe/ws/install/diffdrive_arduino/include/diffdrive_arduino/diffdrive_arduino/wheel.hpp
[1.179s] -- Symlinking: /home/vincent/pfe/ws/install/diffdrive_arduino/share/diffdrive_arduino/launch/view_robot.launch.py
[1.189s] -- Symlinking: /home/vincent/pfe/ws/install/diffdrive_arduino/share/diffdrive_arduino/ros2_control/diffbot.ros2_control.xacro
[1.199s] -- Symlinking: /home/vincent/pfe/ws/install/diffdrive_arduino/share/diffdrive_arduino/urdf/diffbot.materials.xacro
[1.210s] -- Symlinking: /home/vincent/pfe/ws/install/diffdrive_arduino/share/diffdrive_arduino/urdf/diffbot.urdf.xacro
[1.221s] -- Symlinking: /home/vincent/pfe/ws/install/diffdrive_arduino/share/diffdrive_arduino/urdf/diffbot_description.urdf.xacro
[1.230s] -- Symlinking: /home/vincent/pfe/ws/install/diffdrive_arduino/share/diffdrive_arduino/rviz/diffbot.rviz
[1.238s] -- Symlinking: /home/vincent/pfe/ws/install/diffdrive_arduino/share/diffdrive_arduino/rviz/diffbot_view.rviz
[1.247s] -- Symlinking: /home/vincent/pfe/ws/install/diffdrive_arduino/share/diffdrive_arduino/launch/diffbot.launch.py
[1.255s] -- Symlinking: /home/vincent/pfe/ws/install/diffdrive_arduino/share/diffdrive_arduino/config/diffbot_controllers.yaml
[1.265s] -- Symlinking: /home/vincent/pfe/ws/install/diffdrive_arduino/share/diffdrive_arduino/environment/library_path.sh
[1.273s] -- Symlinking: /home/vincent/pfe/ws/install/diffdrive_arduino/share/diffdrive_arduino/environment/library_path.dsv
[1.284s] -- Symlinking: /home/vincent/pfe/ws/install/diffdrive_arduino/share/ament_index/resource_index/package_run_dependencies/diffdrive_arduino
[1.294s] -- Symlinking: /home/vincent/pfe/ws/install/diffdrive_arduino/share/ament_index/resource_index/parent_prefix_path/diffdrive_arduino
[1.305s] -- Symlinking: /home/vincent/pfe/ws/install/diffdrive_arduino/share/diffdrive_arduino/environment/ament_prefix_path.sh
[1.316s] -- Symlinking: /home/vincent/pfe/ws/install/diffdrive_arduino/share/diffdrive_arduino/environment/ament_prefix_path.dsv
[1.326s] -- Symlinking: /home/vincent/pfe/ws/install/diffdrive_arduino/share/diffdrive_arduino/environment/path.sh
[1.337s] -- Symlinking: /home/vincent/pfe/ws/install/diffdrive_arduino/share/diffdrive_arduino/environment/path.dsv
[1.347s] -- Symlinking: /home/vincent/pfe/ws/install/diffdrive_arduino/share/diffdrive_arduino/local_setup.bash
[1.357s] -- Symlinking: /home/vincent/pfe/ws/install/diffdrive_arduino/share/diffdrive_arduino/local_setup.sh
[1.368s] -- Symlinking: /home/vincent/pfe/ws/install/diffdrive_arduino/share/diffdrive_arduino/local_setup.zsh
[1.378s] -- Symlinking: /home/vincent/pfe/ws/install/diffdrive_arduino/share/diffdrive_arduino/local_setup.dsv
[1.387s] -- Symlinking: /home/vincent/pfe/ws/install/diffdrive_arduino/share/diffdrive_arduino/package.dsv
[1.397s] -- Symlinking: /home/vincent/pfe/ws/install/diffdrive_arduino/share/ament_index/resource_index/packages/diffdrive_arduino
[1.407s] -- Symlinking: /home/vincent/pfe/ws/install/diffdrive_arduino/share/ament_index/resource_index/hardware_interface__pluginlib__plugin/diffdrive_arduino
[1.417s] -- Symlinking: /home/vincent/pfe/ws/install/diffdrive_arduino/share/diffdrive_arduino/cmake/ament_cmake_export_targets-extras.cmake
[1.427s] -- Symlinking: /home/vincent/pfe/ws/install/diffdrive_arduino/share/diffdrive_arduino/cmake/ament_cmake_export_dependencies-extras.cmake
[1.438s] -- Symlinking: /home/vincent/pfe/ws/install/diffdrive_arduino/share/diffdrive_arduino/cmake/diffdrive_arduinoConfig.cmake
[1.448s] -- Symlinking: /home/vincent/pfe/ws/install/diffdrive_arduino/share/diffdrive_arduino/cmake/diffdrive_arduinoConfig-version.cmake
[1.458s] -- Symlinking: /home/vincent/pfe/ws/install/diffdrive_arduino/share/diffdrive_arduino/package.xml
[1.468s] -- Up-to-date: /home/vincent/pfe/ws/install/diffdrive_arduino/lib/libdiffdrive_arduino.so
[1.468s] -- Up-to-date: /home/vincent/pfe/ws/install/diffdrive_arduino/share/diffdrive_arduino/cmake/export_diffdrive_arduinoExport.cmake
[1.468s] -- Up-to-date: /home/vincent/pfe/ws/install/diffdrive_arduino/share/diffdrive_arduino/cmake/export_diffdrive_arduinoExport-noconfig.cmake
[1.472s] Invoked command in '/home/vincent/pfe/ws/build/diffdrive_arduino' returned '0': CMAKE_PREFIX_PATH=${CMAKE_PREFIX_PATH}:/opt/ros/humble /usr/bin/cmake --install /home/vincent/pfe/ws/build/diffdrive_arduino
