[0.012s] Invoking command in '/home/vincent/pfe/ws/build/diffdrive_arduino': CMAKE_PREFIX_PATH=${CMAKE_PREFIX_PATH}:/opt/ros/humble /usr/bin/cmake --build /home/vincent/pfe/ws/build/diffdrive_arduino -- -j16 -l16
[0.068s] [ 50%] [32mBuilding CXX object CMakeFiles/diffdrive_arduino.dir/hardware/diffbot_system.cpp.o[0m
[0.857s] In file included from [01m[K/home/vincent/pfe/ws/src/diffdrive_arduino/hardware/include/diffdrive_arduino/diffbot_system.hpp:34[m[K,
[0.857s]                  from [01m[K/home/vincent/pfe/ws/src/diffdrive_arduino/hardware/diffbot_system.cpp:15[m[K:
[0.858s] [01m[K/home/vincent/pfe/ws/src/diffdrive_arduino/hardware/include/diffdrive_arduino/arduino_comms.hpp:[m[K In member function ‘[01m[Kstd::string ArduinoComms::send_msg(const string&, bool)[m[K’:
[0.858s] [01m[K/home/vincent/pfe/ws/src/diffdrive_arduino/hardware/include/diffdrive_arduino/arduino_comms.hpp:57:61:[m[K [01;35m[Kwarning: [m[Kunused parameter ‘[01m[Kprint_output[m[K’ [[01;35m[K]8;;https://gcc.gnu.org/onlinedocs/gcc/Warning-Options.html#index-Wunused-parameter-Wunused-parameter]8;;[m[K]
[0.858s]    57 |   std::string send_msg(const std::string &msg_to_send, [01;35m[Kbool print_output = false[m[K)
[0.858s]       |                                                        [01;35m[K~~~~~^~~~~~~~~~~~~~~~~~~~[m[K
[5.123s] [100%] [32m[1mLinking CXX shared library libdiffdrive_arduino.so[0m
[5.256s] [100%] Built target diffdrive_arduino
[5.267s] Invoked command in '/home/vincent/pfe/ws/build/diffdrive_arduino' returned '0': CMAKE_PREFIX_PATH=${CMAKE_PREFIX_PATH}:/opt/ros/humble /usr/bin/cmake --build /home/vincent/pfe/ws/build/diffdrive_arduino -- -j16 -l16
[5.303s] Invoking command in '/home/vincent/pfe/ws/build/diffdrive_arduino': CMAKE_PREFIX_PATH=${CMAKE_PREFIX_PATH}:/opt/ros/humble /usr/bin/cmake --install /home/vincent/pfe/ws/build/diffdrive_arduino
[5.311s] -- Install configuration: "RelWithDebInfo"
[5.311s] -- Execute custom install script
[5.311s] -- Up-to-date symlink: /home/vincent/pfe/ws/install/diffdrive_arduino/share/diffdrive_arduino//diffdrive_arduino.xml
[5.311s] -- Up-to-date symlink: /home/vincent/pfe/ws/install/diffdrive_arduino/include/diffdrive_arduino/diffdrive_arduino/arduino_comms.hpp
[5.312s] -- Up-to-date symlink: /home/vincent/pfe/ws/install/diffdrive_arduino/include/diffdrive_arduino/diffdrive_arduino/diffbot_system.hpp
[5.312s] -- Up-to-date symlink: /home/vincent/pfe/ws/install/diffdrive_arduino/include/diffdrive_arduino/diffdrive_arduino/visibility_control.h
[5.312s] -- Up-to-date symlink: /home/vincent/pfe/ws/install/diffdrive_arduino/include/diffdrive_arduino/diffdrive_arduino/wheel.hpp
[5.312s] -- Up-to-date symlink: /home/vincent/pfe/ws/install/diffdrive_arduino/share/diffdrive_arduino/launch/view_robot.launch.py
[5.312s] -- Up-to-date symlink: /home/vincent/pfe/ws/install/diffdrive_arduino/share/diffdrive_arduino/ros2_control/diffbot.ros2_control.xacro
[5.312s] -- Up-to-date symlink: /home/vincent/pfe/ws/install/diffdrive_arduino/share/diffdrive_arduino/urdf/diffbot.materials.xacro
[5.312s] -- Up-to-date symlink: /home/vincent/pfe/ws/install/diffdrive_arduino/share/diffdrive_arduino/urdf/diffbot.urdf.xacro
[5.312s] -- Up-to-date symlink: /home/vincent/pfe/ws/install/diffdrive_arduino/share/diffdrive_arduino/urdf/diffbot_description.urdf.xacro
[5.313s] -- Up-to-date symlink: /home/vincent/pfe/ws/install/diffdrive_arduino/share/diffdrive_arduino/rviz/diffbot.rviz
[5.313s] -- Up-to-date symlink: /home/vincent/pfe/ws/install/diffdrive_arduino/share/diffdrive_arduino/rviz/diffbot_view.rviz
[5.313s] -- Up-to-date symlink: /home/vincent/pfe/ws/install/diffdrive_arduino/share/diffdrive_arduino/launch/diffbot.launch.py
[5.313s] -- Up-to-date symlink: /home/vincent/pfe/ws/install/diffdrive_arduino/share/diffdrive_arduino/config/diffbot_controllers.yaml
[5.313s] -- Up-to-date symlink: /home/vincent/pfe/ws/install/diffdrive_arduino/share/diffdrive_arduino/environment/library_path.sh
[5.313s] -- Up-to-date symlink: /home/vincent/pfe/ws/install/diffdrive_arduino/share/diffdrive_arduino/environment/library_path.dsv
[5.313s] -- Up-to-date symlink: /home/vincent/pfe/ws/install/diffdrive_arduino/share/ament_index/resource_index/package_run_dependencies/diffdrive_arduino
[5.313s] -- Up-to-date symlink: /home/vincent/pfe/ws/install/diffdrive_arduino/share/ament_index/resource_index/parent_prefix_path/diffdrive_arduino
[5.314s] -- Up-to-date symlink: /home/vincent/pfe/ws/install/diffdrive_arduino/share/diffdrive_arduino/environment/ament_prefix_path.sh
[5.314s] -- Up-to-date symlink: /home/vincent/pfe/ws/install/diffdrive_arduino/share/diffdrive_arduino/environment/ament_prefix_path.dsv
[5.314s] -- Up-to-date symlink: /home/vincent/pfe/ws/install/diffdrive_arduino/share/diffdrive_arduino/environment/path.sh
[5.314s] -- Up-to-date symlink: /home/vincent/pfe/ws/install/diffdrive_arduino/share/diffdrive_arduino/environment/path.dsv
[5.314s] -- Up-to-date symlink: /home/vincent/pfe/ws/install/diffdrive_arduino/share/diffdrive_arduino/local_setup.bash
[5.314s] -- Up-to-date symlink: /home/vincent/pfe/ws/install/diffdrive_arduino/share/diffdrive_arduino/local_setup.sh
[5.314s] -- Up-to-date symlink: /home/vincent/pfe/ws/install/diffdrive_arduino/share/diffdrive_arduino/local_setup.zsh
[5.314s] -- Up-to-date symlink: /home/vincent/pfe/ws/install/diffdrive_arduino/share/diffdrive_arduino/local_setup.dsv
[5.315s] -- Symlinking: /home/vincent/pfe/ws/install/diffdrive_arduino/share/diffdrive_arduino/package.dsv
[5.323s] -- Up-to-date symlink: /home/vincent/pfe/ws/install/diffdrive_arduino/share/ament_index/resource_index/packages/diffdrive_arduino
[5.323s] -- Up-to-date symlink: /home/vincent/pfe/ws/install/diffdrive_arduino/share/ament_index/resource_index/hardware_interface__pluginlib__plugin/diffdrive_arduino
[5.324s] -- Up-to-date symlink: /home/vincent/pfe/ws/install/diffdrive_arduino/share/diffdrive_arduino/cmake/ament_cmake_export_targets-extras.cmake
[5.324s] -- Up-to-date symlink: /home/vincent/pfe/ws/install/diffdrive_arduino/share/diffdrive_arduino/cmake/ament_cmake_export_dependencies-extras.cmake
[5.324s] -- Up-to-date symlink: /home/vincent/pfe/ws/install/diffdrive_arduino/share/diffdrive_arduino/cmake/diffdrive_arduinoConfig.cmake
[5.324s] -- Up-to-date symlink: /home/vincent/pfe/ws/install/diffdrive_arduino/share/diffdrive_arduino/cmake/diffdrive_arduinoConfig-version.cmake
[5.324s] -- Up-to-date symlink: /home/vincent/pfe/ws/install/diffdrive_arduino/share/diffdrive_arduino/package.xml
[5.324s] -- Installing: /home/vincent/pfe/ws/install/diffdrive_arduino/lib/libdiffdrive_arduino.so
[5.329s] -- Set runtime path of "/home/vincent/pfe/ws/install/diffdrive_arduino/lib/libdiffdrive_arduino.so" to ""
[5.329s] -- Up-to-date: /home/vincent/pfe/ws/install/diffdrive_arduino/share/diffdrive_arduino/cmake/export_diffdrive_arduinoExport.cmake
[5.329s] -- Up-to-date: /home/vincent/pfe/ws/install/diffdrive_arduino/share/diffdrive_arduino/cmake/export_diffdrive_arduinoExport-relwithdebinfo.cmake
[5.332s] Invoked command in '/home/vincent/pfe/ws/build/diffdrive_arduino' returned '0': CMAKE_PREFIX_PATH=${CMAKE_PREFIX_PATH}:/opt/ros/humble /usr/bin/cmake --install /home/vincent/pfe/ws/build/diffdrive_arduino
