[0.016s] Invoking command in '/home/vincent/pfe/ws/build/diffdrive_arduino': CMAKE_PREFIX_PATH=${CMAKE_PREFIX_PATH}:/opt/ros/humble /usr/bin/cmake --build /home/vincent/pfe/ws/build/diffdrive_arduino -- -j16 -l16
[0.082s] [100%] Built target diffdrive_arduino
[0.109s] Invoked command in '/home/vincent/pfe/ws/build/diffdrive_arduino' returned '0': CMAKE_PREFIX_PATH=${CMAKE_PREFIX_PATH}:/opt/ros/humble /usr/bin/cmake --build /home/vincent/pfe/ws/build/diffdrive_arduino -- -j16 -l16
[0.153s] Invoking command in '/home/vincent/pfe/ws/build/diffdrive_arduino': CMAKE_PREFIX_PATH=${CMAKE_PREFIX_PATH}:/opt/ros/humble /usr/bin/cmake --install /home/vincent/pfe/ws/build/diffdrive_arduino
[0.162s] -- Install configuration: "RelWithDebInfo"
[0.163s] -- Execute custom install script
[0.163s] -- Up-to-date symlink: /home/vincent/pfe/ws/install/diffdrive_arduino/share/diffdrive_arduino//diffdrive_arduino.xml
[0.163s] -- Up-to-date symlink: /home/vincent/pfe/ws/install/diffdrive_arduino/include/diffdrive_arduino/diffdrive_arduino/arduino_comms.hpp
[0.164s] -- Up-to-date symlink: /home/vincent/pfe/ws/install/diffdrive_arduino/include/diffdrive_arduino/diffdrive_arduino/diffbot_system.hpp
[0.164s] -- Up-to-date symlink: /home/vincent/pfe/ws/install/diffdrive_arduino/include/diffdrive_arduino/diffdrive_arduino/visibility_control.h
[0.164s] -- Up-to-date symlink: /home/vincent/pfe/ws/install/diffdrive_arduino/include/diffdrive_arduino/diffdrive_arduino/wheel.hpp
[0.164s] -- Up-to-date symlink: /home/vincent/pfe/ws/install/diffdrive_arduino/share/diffdrive_arduino/launch/view_robot.launch.py
[0.164s] -- Up-to-date symlink: /home/vincent/pfe/ws/install/diffdrive_arduino/share/diffdrive_arduino/ros2_control/diffbot.ros2_control.xacro
[0.165s] -- Up-to-date symlink: /home/vincent/pfe/ws/install/diffdrive_arduino/share/diffdrive_arduino/urdf/diffbot.materials.xacro
[0.165s] -- Up-to-date symlink: /home/vincent/pfe/ws/install/diffdrive_arduino/share/diffdrive_arduino/urdf/diffbot.urdf.xacro
[0.165s] -- Up-to-date symlink: /home/vincent/pfe/ws/install/diffdrive_arduino/share/diffdrive_arduino/urdf/diffbot_description.urdf.xacro
[0.165s] -- Up-to-date symlink: /home/vincent/pfe/ws/install/diffdrive_arduino/share/diffdrive_arduino/rviz/diffbot.rviz
[0.165s] -- Up-to-date symlink: /home/vincent/pfe/ws/install/diffdrive_arduino/share/diffdrive_arduino/rviz/diffbot_view.rviz
[0.166s] -- Up-to-date symlink: /home/vincent/pfe/ws/install/diffdrive_arduino/share/diffdrive_arduino/launch/diffbot.launch.py
[0.166s] -- Up-to-date symlink: /home/vincent/pfe/ws/install/diffdrive_arduino/share/diffdrive_arduino/config/diffbot_controllers.yaml
[0.166s] -- Up-to-date symlink: /home/vincent/pfe/ws/install/diffdrive_arduino/share/diffdrive_arduino/environment/library_path.sh
[0.166s] -- Up-to-date symlink: /home/vincent/pfe/ws/install/diffdrive_arduino/share/diffdrive_arduino/environment/library_path.dsv
[0.166s] -- Up-to-date symlink: /home/vincent/pfe/ws/install/diffdrive_arduino/share/ament_index/resource_index/package_run_dependencies/diffdrive_arduino
[0.167s] -- Up-to-date symlink: /home/vincent/pfe/ws/install/diffdrive_arduino/share/ament_index/resource_index/parent_prefix_path/diffdrive_arduino
[0.167s] -- Up-to-date symlink: /home/vincent/pfe/ws/install/diffdrive_arduino/share/diffdrive_arduino/environment/ament_prefix_path.sh
[0.167s] -- Up-to-date symlink: /home/vincent/pfe/ws/install/diffdrive_arduino/share/diffdrive_arduino/environment/ament_prefix_path.dsv
[0.167s] -- Up-to-date symlink: /home/vincent/pfe/ws/install/diffdrive_arduino/share/diffdrive_arduino/environment/path.sh
[0.167s] -- Up-to-date symlink: /home/vincent/pfe/ws/install/diffdrive_arduino/share/diffdrive_arduino/environment/path.dsv
[0.167s] -- Up-to-date symlink: /home/vincent/pfe/ws/install/diffdrive_arduino/share/diffdrive_arduino/local_setup.bash
[0.167s] -- Up-to-date symlink: /home/vincent/pfe/ws/install/diffdrive_arduino/share/diffdrive_arduino/local_setup.sh
[0.168s] -- Up-to-date symlink: /home/vincent/pfe/ws/install/diffdrive_arduino/share/diffdrive_arduino/local_setup.zsh
[0.168s] -- Up-to-date symlink: /home/vincent/pfe/ws/install/diffdrive_arduino/share/diffdrive_arduino/local_setup.dsv
[0.168s] -- Symlinking: /home/vincent/pfe/ws/install/diffdrive_arduino/share/diffdrive_arduino/package.dsv
[0.182s] -- Up-to-date symlink: /home/vincent/pfe/ws/install/diffdrive_arduino/share/ament_index/resource_index/packages/diffdrive_arduino
[0.182s] -- Up-to-date symlink: /home/vincent/pfe/ws/install/diffdrive_arduino/share/ament_index/resource_index/hardware_interface__pluginlib__plugin/diffdrive_arduino
[0.183s] -- Up-to-date symlink: /home/vincent/pfe/ws/install/diffdrive_arduino/share/diffdrive_arduino/cmake/ament_cmake_export_targets-extras.cmake
[0.184s] -- Up-to-date symlink: /home/vincent/pfe/ws/install/diffdrive_arduino/share/diffdrive_arduino/cmake/ament_cmake_export_dependencies-extras.cmake
[0.184s] -- Up-to-date symlink: /home/vincent/pfe/ws/install/diffdrive_arduino/share/diffdrive_arduino/cmake/diffdrive_arduinoConfig.cmake
[0.184s] -- Up-to-date symlink: /home/vincent/pfe/ws/install/diffdrive_arduino/share/diffdrive_arduino/cmake/diffdrive_arduinoConfig-version.cmake
[0.184s] -- Up-to-date symlink: /home/vincent/pfe/ws/install/diffdrive_arduino/share/diffdrive_arduino/package.xml
[0.184s] -- Up-to-date: /home/vincent/pfe/ws/install/diffdrive_arduino/lib/libdiffdrive_arduino.so
[0.184s] -- Up-to-date: /home/vincent/pfe/ws/install/diffdrive_arduino/share/diffdrive_arduino/cmake/export_diffdrive_arduinoExport.cmake
[0.185s] -- Up-to-date: /home/vincent/pfe/ws/install/diffdrive_arduino/share/diffdrive_arduino/cmake/export_diffdrive_arduinoExport-relwithdebinfo.cmake
[0.192s] Invoked command in '/home/vincent/pfe/ws/build/diffdrive_arduino' returned '0': CMAKE_PREFIX_PATH=${CMAKE_PREFIX_PATH}:/opt/ros/humble /usr/bin/cmake --install /home/vincent/pfe/ws/build/diffdrive_arduino
