[0.009s] Invoking command in '/home/vincent/pfe/ws/build/skid_drive_controller': CMAKE_PREFIX_PATH=${CMAKE_PREFIX_PATH}:/opt/ros/humble /usr/bin/cmake --build /home/vincent/pfe/ws/build/skid_drive_controller -- -j16 -l16
[0.057s] [ 20%] Built target skid_drive_controller_parameters
[0.067s] [35m[1mConsolidate compiler generated dependencies of target skid_drive_controller[0m
[0.093s] [ 40%] [32mBuilding CXX object CMakeFiles/skid_drive_controller.dir/src/skid_drive_controller.cpp.o[0m
[12.285s] [ 60%] [32m[1mLinking CXX shared library libskid_drive_controller.so[0m
[13.084s] [100%] Built target skid_drive_controller
[13.096s] Invoked command in '/home/vincent/pfe/ws/build/skid_drive_controller' returned '0': CMAKE_PREFIX_PATH=${CMAKE_PREFIX_PATH}:/opt/ros/humble /usr/bin/cmake --build /home/vincent/pfe/ws/build/skid_drive_controller -- -j16 -l16
[13.137s] Invoking command in '/home/vincent/pfe/ws/build/skid_drive_controller': CMAKE_PREFIX_PATH=${CMAKE_PREFIX_PATH}:/opt/ros/humble /usr/bin/cmake --install /home/vincent/pfe/ws/build/skid_drive_controller
[13.145s] -- Install configuration: ""
[13.145s] -- Installing: /home/vincent/pfe/ws/install/skid_drive_controller/include/skid_drive_controller_parameters
[13.145s] -- Installing: /home/vincent/pfe/ws/install/skid_drive_controller/include/skid_drive_controller_parameters/skid_drive_controller_parameters.hpp
[13.145s] -- Installing: /home/vincent/pfe/ws/install/skid_drive_controller/share/skid_drive_controller/skid_drive_plugin.xml
[13.146s] -- Installing: /home/vincent/pfe/ws/install/skid_drive_controller/include/skid_drive_controller
[13.146s] -- Installing: /home/vincent/pfe/ws/install/skid_drive_controller/include/skid_drive_controller/skid_drive_controller
[13.146s] -- Installing: /home/vincent/pfe/ws/install/skid_drive_controller/include/skid_drive_controller/skid_drive_controller/odometry.hpp
[13.146s] -- Installing: /home/vincent/pfe/ws/install/skid_drive_controller/include/skid_drive_controller/skid_drive_controller/visibility_control.h
[13.147s] -- Installing: /home/vincent/pfe/ws/install/skid_drive_controller/include/skid_drive_controller/skid_drive_controller/skid_drive_controller.hpp
[13.147s] -- Installing: /home/vincent/pfe/ws/install/skid_drive_controller/include/skid_drive_controller/skid_drive_controller/speed_limiter.hpp
[13.147s] -- Installing: /home/vincent/pfe/ws/install/skid_drive_controller/lib/libskid_drive_controller.so
[13.172s] -- Set runtime path of "/home/vincent/pfe/ws/install/skid_drive_controller/lib/libskid_drive_controller.so" to ""
[13.172s] -- Installing: /home/vincent/pfe/ws/install/skid_drive_controller/share/skid_drive_controller/environment/library_path.sh
[13.173s] -- Installing: /home/vincent/pfe/ws/install/skid_drive_controller/share/skid_drive_controller/environment/library_path.dsv
[13.173s] -- Installing: /home/vincent/pfe/ws/install/skid_drive_controller/share/ament_index/resource_index/package_run_dependencies/skid_drive_controller
[13.173s] -- Installing: /home/vincent/pfe/ws/install/skid_drive_controller/share/ament_index/resource_index/parent_prefix_path/skid_drive_controller
[13.173s] -- Installing: /home/vincent/pfe/ws/install/skid_drive_controller/share/skid_drive_controller/environment/ament_prefix_path.sh
[13.173s] -- Installing: /home/vincent/pfe/ws/install/skid_drive_controller/share/skid_drive_controller/environment/ament_prefix_path.dsv
[13.173s] -- Installing: /home/vincent/pfe/ws/install/skid_drive_controller/share/skid_drive_controller/environment/path.sh
[13.173s] -- Installing: /home/vincent/pfe/ws/install/skid_drive_controller/share/skid_drive_controller/environment/path.dsv
[13.173s] -- Installing: /home/vincent/pfe/ws/install/skid_drive_controller/share/skid_drive_controller/local_setup.bash
[13.173s] -- Installing: /home/vincent/pfe/ws/install/skid_drive_controller/share/skid_drive_controller/local_setup.sh
[13.173s] -- Installing: /home/vincent/pfe/ws/install/skid_drive_controller/share/skid_drive_controller/local_setup.zsh
[13.173s] -- Installing: /home/vincent/pfe/ws/install/skid_drive_controller/share/skid_drive_controller/local_setup.dsv
[13.174s] -- Installing: /home/vincent/pfe/ws/install/skid_drive_controller/share/skid_drive_controller/package.dsv
[13.174s] -- Installing: /home/vincent/pfe/ws/install/skid_drive_controller/share/ament_index/resource_index/packages/skid_drive_controller
[13.174s] -- Installing: /home/vincent/pfe/ws/install/skid_drive_controller/share/ament_index/resource_index/controller_interface__pluginlib__plugin/skid_drive_controller
[13.174s] -- Installing: /home/vincent/pfe/ws/install/skid_drive_controller/share/skid_drive_controller/cmake/export_skid_drive_controllerExport.cmake
[13.174s] -- Installing: /home/vincent/pfe/ws/install/skid_drive_controller/share/skid_drive_controller/cmake/export_skid_drive_controllerExport-noconfig.cmake
[13.174s] -- Installing: /home/vincent/pfe/ws/install/skid_drive_controller/share/skid_drive_controller/cmake/ament_cmake_export_targets-extras.cmake
[13.175s] -- Installing: /home/vincent/pfe/ws/install/skid_drive_controller/share/skid_drive_controller/cmake/ament_cmake_export_dependencies-extras.cmake
[13.175s] -- Installing: /home/vincent/pfe/ws/install/skid_drive_controller/share/skid_drive_controller/cmake/skid_drive_controllerConfig.cmake
[13.175s] -- Installing: /home/vincent/pfe/ws/install/skid_drive_controller/share/skid_drive_controller/cmake/skid_drive_controllerConfig-version.cmake
[13.175s] -- Installing: /home/vincent/pfe/ws/install/skid_drive_controller/share/skid_drive_controller/package.xml
[13.178s] Invoked command in '/home/vincent/pfe/ws/build/skid_drive_controller' returned '0': CMAKE_PREFIX_PATH=${CMAKE_PREFIX_PATH}:/opt/ros/humble /usr/bin/cmake --install /home/vincent/pfe/ws/build/skid_drive_controller
