[ 20%] Built target skid_drive_controller_parameters
[100%] Built target skid_drive_controller
-- Install configuration: "RelWithDebInfo"
-- Execute custom install script
-- Up-to-date symlink: /home/vincent/pfe/ws/install/skid_drive_controller/include/skid_drive_controller_parameters/skid_drive_controller_parameters.hpp
-- Up-to-date symlink: /home/vincent/pfe/ws/install/skid_drive_controller/share/skid_drive_controller//skid_drive_plugin.xml
-- Up-to-date symlink: /home/vincent/pfe/ws/install/skid_drive_controller/include/skid_drive_controller/skid_drive_controller/odometry.hpp
-- Up-to-date symlink: /home/vincent/pfe/ws/install/skid_drive_controller/include/skid_drive_controller/skid_drive_controller/skid_drive_controller.hpp
-- Up-to-date symlink: /home/vincent/pfe/ws/install/skid_drive_controller/include/skid_drive_controller/skid_drive_controller/speed_limiter.hpp
-- Up-to-date symlink: /home/vincent/pfe/ws/install/skid_drive_controller/include/skid_drive_controller/skid_drive_controller/visibility_control.h
-- Up-to-date symlink: /home/vincent/pfe/ws/install/skid_drive_controller/share/skid_drive_controller/environment/library_path.sh
-- Up-to-date symlink: /home/vincent/pfe/ws/install/skid_drive_controller/share/skid_drive_controller/environment/library_path.dsv
-- Up-to-date symlink: /home/vincent/pfe/ws/install/skid_drive_controller/share/ament_index/resource_index/package_run_dependencies/skid_drive_controller
-- Up-to-date symlink: /home/vincent/pfe/ws/install/skid_drive_controller/share/ament_index/resource_index/parent_prefix_path/skid_drive_controller
-- Up-to-date symlink: /home/vincent/pfe/ws/install/skid_drive_controller/share/skid_drive_controller/environment/ament_prefix_path.sh
-- Up-to-date symlink: /home/vincent/pfe/ws/install/skid_drive_controller/share/skid_drive_controller/environment/ament_prefix_path.dsv
-- Up-to-date symlink: /home/vincent/pfe/ws/install/skid_drive_controller/share/skid_drive_controller/environment/path.sh
-- Up-to-date symlink: /home/vincent/pfe/ws/install/skid_drive_controller/share/skid_drive_controller/environment/path.dsv
-- Up-to-date symlink: /home/vincent/pfe/ws/install/skid_drive_controller/share/skid_drive_controller/local_setup.bash
-- Up-to-date symlink: /home/vincent/pfe/ws/install/skid_drive_controller/share/skid_drive_controller/local_setup.sh
-- Up-to-date symlink: /home/vincent/pfe/ws/install/skid_drive_controller/share/skid_drive_controller/local_setup.zsh
-- Up-to-date symlink: /home/vincent/pfe/ws/install/skid_drive_controller/share/skid_drive_controller/local_setup.dsv
-- Symlinking: /home/vincent/pfe/ws/install/skid_drive_controller/share/skid_drive_controller/package.dsv
-- Up-to-date symlink: /home/vincent/pfe/ws/install/skid_drive_controller/share/ament_index/resource_index/packages/skid_drive_controller
-- Up-to-date symlink: /home/vincent/pfe/ws/install/skid_drive_controller/share/ament_index/resource_index/controller_interface__pluginlib__plugin/skid_drive_controller
-- Up-to-date symlink: /home/vincent/pfe/ws/install/skid_drive_controller/share/skid_drive_controller/cmake/ament_cmake_export_targets-extras.cmake
-- Up-to-date symlink: /home/vincent/pfe/ws/install/skid_drive_controller/share/skid_drive_controller/cmake/ament_cmake_export_dependencies-extras.cmake
-- Up-to-date symlink: /home/vincent/pfe/ws/install/skid_drive_controller/share/skid_drive_controller/cmake/skid_drive_controllerConfig.cmake
-- Up-to-date symlink: /home/vincent/pfe/ws/install/skid_drive_controller/share/skid_drive_controller/cmake/skid_drive_controllerConfig-version.cmake
-- Up-to-date symlink: /home/vincent/pfe/ws/install/skid_drive_controller/share/skid_drive_controller/package.xml
-- Up-to-date: /home/vincent/pfe/ws/install/skid_drive_controller/lib/libskid_drive_controller.so
-- Up-to-date: /home/vincent/pfe/ws/install/skid_drive_controller/share/skid_drive_controller/cmake/export_skid_drive_controllerExport.cmake
-- Up-to-date: /home/vincent/pfe/ws/install/skid_drive_controller/share/skid_drive_controller/cmake/export_skid_drive_controllerExport-relwithdebinfo.cmake
