[0.012s] Invoking command in '/home/vincent/ws_livox/build/fast_lio': CMAKE_PREFIX_PATH=/home/vincent/ws_livox/install/livox_ros_driver2:/home/vincent/ws_livox/install/fast_lio:/home/vincent/ros2_ws/install/zed_interfaces:/opt/ros/humble LD_LIBRARY_PATH=/home/vincent/ws_livox/install/livox_ros_driver2/lib:/home/vincent/ws_livox/install/fast_lio/lib:/home/vincent/ros2_ws/install/zed_interfaces/lib:/opt/ros/humble/opt/rviz_ogre_vendor/lib:/opt/ros/humble/lib/x86_64-linux-gnu:/opt/ros/humble/lib /usr/bin/cmake /home/vincent/ws_livox/src/FAST_LIO -DROS_EDITION=ROS2 -DHUMBLE_ROS=humble -DAMENT_CMAKE_SYMLINK_INSTALL=1 -DCMAKE_INSTALL_PREFIX=/home/vincent/ws_livox/install/fast_lio
[0.074s] -- The C compiler identification is GNU 11.4.0
[0.132s] -- The CXX compiler identification is GNU 11.4.0
[0.140s] -- Detecting C compiler ABI info
[0.217s] -- Detecting C compiler ABI info - done
[0.223s] -- Check for working C compiler: /usr/bin/cc - skipped
[0.224s] -- Detecting C compile features
[0.224s] -- Detecting C compile features - done
[0.229s] -- Detecting CXX compiler ABI info
[0.321s] -- Detecting CXX compiler ABI info - done
[0.328s] -- Check for working CXX compiler: /usr/bin/c++ - skipped
[0.328s] -- Detecting CXX compile features
[0.329s] -- Detecting CXX compile features - done
[0.329s] [0mCurrent CPU archtecture: x86_64[0m
[0.337s] [0mProcesser number:  16[0m
[0.337s] [0mcore for MP: 3[0m
[0.730s] -- Found PythonLibs: /usr/lib/x86_64-linux-gnu/libpython3.10.so (found version "3.10.12") 
[0.734s] -- Found ament_cmake: 1.3.9 (/opt/ros/humble/share/ament_cmake/cmake)
[0.889s] -- Found Python3: /usr/bin/python3 (found version "3.10.12") found components: Interpreter 
[0.945s] -- Override CMake install command with custom implementation using symlinks instead of copying resources
[0.989s] -- Found rclcpp: 16.0.9 (/opt/ros/humble/share/rclcpp/cmake)
[1.037s] -- Found rosidl_generator_c: 3.1.5 (/opt/ros/humble/share/rosidl_generator_c/cmake)
[1.044s] -- Found rosidl_adapter: 3.1.5 (/opt/ros/humble/share/rosidl_adapter/cmake)
[1.054s] -- Found rosidl_generator_cpp: 3.1.5 (/opt/ros/humble/share/rosidl_generator_cpp/cmake)
[1.070s] -- Using all available rosidl_typesupport_c: rosidl_typesupport_fastrtps_c;rosidl_typesupport_introspection_c
[1.092s] -- Using all available rosidl_typesupport_cpp: rosidl_typesupport_fastrtps_cpp;rosidl_typesupport_introspection_cpp
[1.163s] -- Found rmw_implementation_cmake: 6.1.2 (/opt/ros/humble/share/rmw_implementation_cmake/cmake)
[1.167s] -- Found rmw_fastrtps_cpp: 6.2.6 (/opt/ros/humble/share/rmw_fastrtps_cpp/cmake)
[1.292s] -- Found OpenSSL: /usr/lib/x86_64-linux-gnu/libcrypto.so (found version "3.0.2")  
[1.330s] -- Found FastRTPS: /opt/ros/humble/include  
[1.385s] -- Using RMW implementation 'rmw_fastrtps_cpp' as default
[1.399s] -- Looking for pthread.h
[1.482s] -- Looking for pthread.h - found
[1.483s] -- Performing Test CMAKE_HAVE_LIBC_PTHREAD
[1.573s] -- Performing Test CMAKE_HAVE_LIBC_PTHREAD - Success
[1.573s] -- Found Threads: TRUE  
[1.741s] -- Found rclcpp_components: 16.0.9 (/opt/ros/humble/share/rclcpp_components/cmake)
[1.804s] -- Found geometry_msgs: 4.2.4 (/opt/ros/humble/share/geometry_msgs/cmake)
[1.839s] -- Found nav_msgs: 4.2.4 (/opt/ros/humble/share/nav_msgs/cmake)
[1.906s] -- Found sensor_msgs: 4.2.4 (/opt/ros/humble/share/sensor_msgs/cmake)
[1.971s] -- Found std_srvs: 4.2.4 (/opt/ros/humble/share/std_srvs/cmake)
[1.988s] -- Found visualization_msgs: 4.2.4 (/opt/ros/humble/share/visualization_msgs/cmake)
[2.084s] -- Found pcl_ros: 2.4.0 (/opt/ros/humble/share/pcl_ros/cmake)
[2.340s] -- Found eigen3_cmake_module: 0.1.1 (/opt/ros/humble/share/eigen3_cmake_module/cmake)
[2.342s] -- Found Eigen3: TRUE (found version "3.4.0") 
[2.342s] -- Ensuring Eigen3 include directory is part of orocos-kdl CMake target
[2.612s] -- Checking for module 'eigen3'
[2.633s] --   Found eigen3, version 3.4.0
[2.682s] -- Found Eigen: /usr/include/eigen3 (Required is at least version "3.1") 
[2.682s] -- Eigen found (include: /usr/include/eigen3, version: 3.4.0)
[2.732s] -- Checking for module 'flann'
[2.751s] --   Found flann, version 1.9.1
[2.813s] -- Found FLANN: /usr/lib/x86_64-linux-gnu/libflann_cpp.so  
[2.813s] -- FLANN found (include: /usr/include, lib: /usr/lib/x86_64-linux-gnu/libflann_cpp.so)
[3.944s] -- Checking for module 'libusb-1.0'
[3.963s] --   Found libusb-1.0, version 1.0.25
[4.012s] -- Found libusb: /usr/lib/x86_64-linux-gnu/libusb-1.0.so  
[4.013s] -- OpenNI found (version: 1.5.4.0, include: /usr/include/ni, lib: /usr/lib/libOpenNI.so;libusb::libusb)
[4.090s] -- OpenNI2 found (version: 2.2.0.33, include: /usr/include/openni2, lib: /usr/lib/x86_64-linux-gnu/libOpenNI2.so;libusb::libusb)
[4.236s] -- Eigen found (include: /usr/include/eigen3, version: 3.4.0)
[4.244s] -- OpenNI found (version: 1.5.4.0, include: /usr/include/ni, lib: /usr/lib/libOpenNI.so;libusb::libusb)
[4.252s] -- OpenNI2 found (version: 2.2.0.33, include: /usr/include/openni2, lib: /usr/lib/x86_64-linux-gnu/libOpenNI2.so;libusb::libusb)
[4.400s] -- Found Qhull version 8.0.2
[4.547s] -- OpenNI found (version: 1.5.4.0, include: /usr/include/ni, lib: /usr/lib/libOpenNI.so;libusb::libusb)
[4.682s] -- Found PCL_COMMON: /usr/lib/x86_64-linux-gnu/libpcl_common.so  
[4.683s] -- Found PCL_KDTREE: /usr/lib/x86_64-linux-gnu/libpcl_kdtree.so  
[4.683s] -- Found PCL_OCTREE: /usr/lib/x86_64-linux-gnu/libpcl_octree.so  
[4.684s] -- Found PCL_SEARCH: /usr/lib/x86_64-linux-gnu/libpcl_search.so  
[4.685s] -- Found PCL_SAMPLE_CONSENSUS: /usr/lib/x86_64-linux-gnu/libpcl_sample_consensus.so  
[4.685s] -- Found PCL_FILTERS: /usr/lib/x86_64-linux-gnu/libpcl_filters.so  
[4.686s] -- Found PCL_2D: /usr/include/pcl-1.12  
[4.686s] -- Found PCL_GEOMETRY: /usr/include/pcl-1.12  
[4.687s] -- Found PCL_IO: /usr/lib/x86_64-linux-gnu/libpcl_io.so  
[4.688s] -- Found PCL_FEATURES: /usr/lib/x86_64-linux-gnu/libpcl_features.so  
[4.688s] -- Found PCL_ML: /usr/lib/x86_64-linux-gnu/libpcl_ml.so  
[4.689s] -- Found PCL_SEGMENTATION: /usr/lib/x86_64-linux-gnu/libpcl_segmentation.so  
[4.690s] -- Found PCL_VISUALIZATION: /usr/lib/x86_64-linux-gnu/libpcl_visualization.so  
[4.691s] -- Found PCL_SURFACE: /usr/lib/x86_64-linux-gnu/libpcl_surface.so  
[4.691s] -- Found PCL_REGISTRATION: /usr/lib/x86_64-linux-gnu/libpcl_registration.so  
[4.692s] -- Found PCL_KEYPOINTS: /usr/lib/x86_64-linux-gnu/libpcl_keypoints.so  
[4.693s] -- Found PCL_TRACKING: /usr/lib/x86_64-linux-gnu/libpcl_tracking.so  
[4.694s] -- Found PCL_RECOGNITION: /usr/lib/x86_64-linux-gnu/libpcl_recognition.so  
[4.694s] -- Found PCL_STEREO: /usr/lib/x86_64-linux-gnu/libpcl_stereo.so  
[4.695s] -- Found PCL_APPS: /usr/lib/x86_64-linux-gnu/libpcl_apps.so  
[4.696s] -- Found PCL_IN_HAND_SCANNER: /usr/include/pcl-1.12  
[4.696s] -- Found PCL_MODELER: /usr/include/pcl-1.12  
[4.696s] -- Found PCL_POINT_CLOUD_EDITOR: /usr/include/pcl-1.12  
[4.700s] -- Found PCL_OUTOFCORE: /usr/lib/x86_64-linux-gnu/libpcl_outofcore.so  
[4.700s] -- Found PCL_PEOPLE: /usr/lib/x86_64-linux-gnu/libpcl_people.so  
[4.718s] -- Found livox_ros_driver2: 1.0.0 (/home/vincent/ws_livox/install/livox_ros_driver2/share/livox_ros_driver2/cmake)
[4.873s] -- Found rosidl_default_generators: 1.2.0 (/opt/ros/humble/share/rosidl_default_generators/cmake)
[4.890s] [33mCMake Warning (dev) at CMakeLists.txt:81 (find_package):
[4.890s]   Policy CMP0074 is not set: find_package uses <PackageName>_ROOT variables.
[4.891s]   Run "cmake --help-policy CMP0074" for policy details.  Use the cmake_policy
[4.891s]   command to set the policy and suppress this warning.
[4.891s] 
[4.891s]   CMake variable PCL_ROOT is set to:
[4.891s] 
[4.891s]     /usr
[4.891s] 
[4.891s]   For compatibility, CMake is ignoring the variable.
[4.891s] This warning is for project developers.  Use -Wno-dev to suppress it.
[4.891s] [0m
[4.901s] [0mEigen:/usr/include/eigen3[0m
[4.901s] -- PCL: /usr/include/pcl-1.12
[5.141s] -- Found ament_cmake_ros: 0.10.0 (/opt/ros/humble/share/ament_cmake_ros/cmake)
[5.412s] -- Using all available rosidl_typesupport_c: rosidl_typesupport_fastrtps_c;rosidl_typesupport_introspection_c
[5.522s] -- Using all available rosidl_typesupport_cpp: rosidl_typesupport_fastrtps_cpp;rosidl_typesupport_introspection_cpp
[5.545s] -- Found PythonInterp: /usr/bin/python3 (found suitable version "3.10.12", minimum required is "3.6") 
[5.547s] -- Found python_cmake_module: 0.10.0 (/opt/ros/humble/share/python_cmake_module/cmake)
[5.568s] -- Found PythonLibs: /usr/lib/x86_64-linux-gnu/libpython3.10.so (found suitable version "3.10.12", minimum required is "3.5") 
[5.568s] -- Using PYTHON_EXECUTABLE: /usr/bin/python3
[5.568s] -- Using PYTHON_INCLUDE_DIRS: /usr/include/python3.10
[5.568s] -- Using PYTHON_LIBRARIES: /usr/lib/x86_64-linux-gnu/libpython3.10.so
[5.588s] -- Found PythonExtra: .so  
[5.686s] -- Configuring done
[5.770s] -- Generating done
[5.774s] [33mCMake Warning:
[5.774s]   Manually-specified variables were not used by the project:
[5.775s] 
[5.775s]     HUMBLE_ROS
[5.775s]     ROS_EDITION
[5.775s] 
[5.775s] [0m
[5.776s] -- Build files have been written to: /home/vincent/ws_livox/build/fast_lio
[5.806s] Invoked command in '/home/vincent/ws_livox/build/fast_lio' returned '0': CMAKE_PREFIX_PATH=/home/vincent/ws_livox/install/livox_ros_driver2:/home/vincent/ws_livox/install/fast_lio:/home/vincent/ros2_ws/install/zed_interfaces:/opt/ros/humble LD_LIBRARY_PATH=/home/vincent/ws_livox/install/livox_ros_driver2/lib:/home/vincent/ws_livox/install/fast_lio/lib:/home/vincent/ros2_ws/install/zed_interfaces/lib:/opt/ros/humble/opt/rviz_ogre_vendor/lib:/opt/ros/humble/lib/x86_64-linux-gnu:/opt/ros/humble/lib /usr/bin/cmake /home/vincent/ws_livox/src/FAST_LIO -DROS_EDITION=ROS2 -DHUMBLE_ROS=humble -DAMENT_CMAKE_SYMLINK_INSTALL=1 -DCMAKE_INSTALL_PREFIX=/home/vincent/ws_livox/install/fast_lio
[5.807s] Invoking command in '/home/vincent/ws_livox/build/fast_lio': CMAKE_PREFIX_PATH=/home/vincent/ws_livox/install/livox_ros_driver2:/home/vincent/ws_livox/install/fast_lio:/home/vincent/ros2_ws/install/zed_interfaces:/opt/ros/humble LD_LIBRARY_PATH=/home/vincent/ws_livox/install/livox_ros_driver2/lib:/home/vincent/ws_livox/install/fast_lio/lib:/home/vincent/ros2_ws/install/zed_interfaces/lib:/opt/ros/humble/opt/rviz_ogre_vendor/lib:/opt/ros/humble/lib/x86_64-linux-gnu:/opt/ros/humble/lib /usr/bin/cmake --build /home/vincent/ws_livox/build/fast_lio -- -j16 -l16
[5.859s] [  2%] [34m[1mGenerating C code for ROS interfaces[0m
[5.871s] [  5%] [34m[1mGenerating C++ code for ROS interfaces[0m
[5.884s] [  5%] Built target ament_cmake_python_symlink_fast_lio
[6.149s] [  5%] Built target fast_lio__cpp
[6.157s] [  8%] [32mBuilding C object CMakeFiles/fast_lio__rosidl_generator_c.dir/rosidl_generator_c/fast_lio/msg/detail/pose6_d__functions.c.o[0m
[6.161s] [ 14%] [34m[1mGenerating C++ type support for eProsima Fast-RTPS[0m
[6.162s] [ 14%] [34m[1mGenerating C++ introspection for ROS interfaces[0m
[6.162s] [ 17%] [34m[1mGenerating C++ type support dispatch for ROS interfaces[0m
[6.186s] running egg_info
[6.187s] creating fast_lio.egg-info
[6.187s] writing fast_lio.egg-info/PKG-INFO
[6.187s] writing dependency_links to fast_lio.egg-info/dependency_links.txt
[6.187s] writing top-level names to fast_lio.egg-info/top_level.txt
[6.187s] writing manifest file 'fast_lio.egg-info/SOURCES.txt'
[6.189s] reading manifest file 'fast_lio.egg-info/SOURCES.txt'
[6.190s] writing manifest file 'fast_lio.egg-info/SOURCES.txt'
[6.231s] [ 17%] Built target ament_cmake_python_build_fast_lio_egg
[6.270s] [ 20%] [32m[1mLinking C shared library libfast_lio__rosidl_generator_c.so[0m
[6.317s] [ 20%] Built target fast_lio__rosidl_generator_c
[6.331s] [ 25%] [34m[1mGenerating C introspection for ROS interfaces[0m
[6.332s] [ 25%] [34m[1mGenerating C type support for eProsima Fast-RTPS[0m
[6.332s] [ 28%] [34m[1mGenerating C type support dispatch for ROS interfaces[0m
[6.469s] [ 31%] [32mBuilding CXX object CMakeFiles/fast_lio__rosidl_typesupport_cpp.dir/rosidl_typesupport_cpp/fast_lio/msg/pose6_d__type_support.cpp.o[0m
[6.518s] [ 34%] [32mBuilding CXX object CMakeFiles/fast_lio__rosidl_typesupport_introspection_cpp.dir/rosidl_typesupport_introspection_cpp/fast_lio/msg/detail/pose6_d__type_support.cpp.o[0m
[6.528s] [ 37%] [32mBuilding CXX object CMakeFiles/fast_lio__rosidl_typesupport_fastrtps_cpp.dir/rosidl_typesupport_fastrtps_cpp/fast_lio/msg/detail/dds_fastrtps/pose6_d__type_support.cpp.o[0m
[6.637s] [ 40%] [32mBuilding C object CMakeFiles/fast_lio__rosidl_typesupport_introspection_c.dir/rosidl_typesupport_introspection_c/fast_lio/msg/detail/pose6_d__type_support.c.o[0m
[6.651s] [ 42%] [32mBuilding CXX object CMakeFiles/fast_lio__rosidl_typesupport_fastrtps_c.dir/rosidl_typesupport_fastrtps_c/fast_lio/msg/detail/pose6_d__type_support_c.cpp.o[0m
[6.666s] [ 45%] [32mBuilding CXX object CMakeFiles/fast_lio__rosidl_typesupport_c.dir/rosidl_typesupport_c/fast_lio/msg/pose6_d__type_support.cpp.o[0m
[6.705s] [ 51%] [32m[1mLinking CXX shared library libfast_lio__rosidl_typesupport_c.so[0m
[6.705s] [ 51%] [32m[1mLinking C shared library libfast_lio__rosidl_typesupport_introspection_c.so[0m
[6.746s] [ 51%] Built target fast_lio__rosidl_typesupport_introspection_c
[6.758s] [ 51%] Built target fast_lio__rosidl_typesupport_c
[6.777s] [ 54%] [32m[1mLinking CXX shared library libfast_lio__rosidl_typesupport_cpp.so[0m
[6.826s] [ 54%] Built target fast_lio__rosidl_typesupport_cpp
[6.856s] [ 60%] [32mBuilding CXX object CMakeFiles/fastlio_mapping.dir/src/laserMapping.cpp.o[0m
[6.856s] [ 60%] [32mBuilding CXX object CMakeFiles/fastlio_mapping.dir/include/ikd-Tree/ikd_Tree.cpp.o[0m
[6.860s] [ 62%] [32mBuilding CXX object CMakeFiles/fastlio_mapping.dir/src/preprocess.cpp.o[0m
[6.956s] [ 65%] [32m[1mLinking CXX shared library libfast_lio__rosidl_typesupport_fastrtps_cpp.so[0m
[6.969s] [ 68%] [32m[1mLinking CXX shared library libfast_lio__rosidl_typesupport_introspection_cpp.so[0m
[7.028s] [ 68%] Built target fast_lio__rosidl_typesupport_introspection_cpp
[7.054s] [ 71%] [32m[1mLinking CXX shared library libfast_lio__rosidl_typesupport_fastrtps_c.so[0m
[7.056s] [ 71%] Built target fast_lio__rosidl_typesupport_fastrtps_cpp
[7.141s] [ 71%] Built target fast_lio__rosidl_typesupport_fastrtps_c
[7.169s] [ 71%] Built target fast_lio
[7.195s] [ 74%] [34m[1mGenerating Python code for ROS interfaces[0m
[7.595s] [ 74%] Built target fast_lio__py
[7.623s] [ 77%] [32mBuilding C object CMakeFiles/fast_lio__rosidl_generator_py.dir/rosidl_generator_py/fast_lio/msg/_pose6_d_s.c.o[0m
[7.810s] [ 80%] [32m[1mLinking C shared library rosidl_generator_py/fast_lio/libfast_lio__rosidl_generator_py.so[0m
[7.856s] [ 80%] Built target fast_lio__rosidl_generator_py
[7.883s] [ 88%] [32mBuilding C object CMakeFiles/fast_lio__rosidl_typesupport_fastrtps_c__pyext.dir/rosidl_generator_py/fast_lio/_fast_lio_s.ep.rosidl_typesupport_fastrtps_c.c.o[0m
[7.883s] [ 88%] [32mBuilding C object CMakeFiles/fast_lio__rosidl_typesupport_introspection_c__pyext.dir/rosidl_generator_py/fast_lio/_fast_lio_s.ep.rosidl_typesupport_introspection_c.c.o[0m
[7.883s] [ 88%] [32mBuilding C object CMakeFiles/fast_lio__rosidl_typesupport_c__pyext.dir/rosidl_generator_py/fast_lio/_fast_lio_s.ep.rosidl_typesupport_c.c.o[0m
[8.001s] [ 91%] [32m[1mLinking C shared library rosidl_generator_py/fast_lio/fast_lio_s__rosidl_typesupport_introspection_c.cpython-310-x86_64-linux-gnu.so[0m
[8.002s] [ 94%] [32m[1mLinking C shared library rosidl_generator_py/fast_lio/fast_lio_s__rosidl_typesupport_c.cpython-310-x86_64-linux-gnu.so[0m
[8.012s] [ 97%] [32m[1mLinking C shared library rosidl_generator_py/fast_lio/fast_lio_s__rosidl_typesupport_fastrtps_c.cpython-310-x86_64-linux-gnu.so[0m
[8.044s] [ 97%] Built target fast_lio__rosidl_typesupport_introspection_c__pyext
[8.044s] [ 97%] Built target fast_lio__rosidl_typesupport_c__pyext
[8.058s] [ 97%] Built target fast_lio__rosidl_typesupport_fastrtps_c__pyext
[13.434s] In file included from [01m[K/usr/include/boost/smart_ptr/detail/sp_thread_sleep.hpp:22[m[K,
[13.434s]                  from [01m[K/usr/include/boost/smart_ptr/detail/yield_k.hpp:23[m[K,
[13.434s]                  from [01m[K/usr/include/boost/smart_ptr/detail/spinlock_gcc_atomic.hpp:14[m[K,
[13.434s]                  from [01m[K/usr/include/boost/smart_ptr/detail/spinlock.hpp:42[m[K,
[13.435s]                  from [01m[K/usr/include/boost/smart_ptr/detail/spinlock_pool.hpp:25[m[K,
[13.435s]                  from [01m[K/usr/include/boost/smart_ptr/shared_ptr.hpp:29[m[K,
[13.435s]                  from [01m[K/usr/include/boost/shared_ptr.hpp:17[m[K,
[13.435s]                  from [01m[K/usr/include/boost/date_time/microsec_time_clock.hpp:18[m[K,
[13.435s]                  from [01m[K/usr/include/boost/interprocess/detail/posix_time_types_wrk.hpp:31[m[K,
[13.435s]                  from [01m[K/usr/include/boost/interprocess/detail/os_thread_functions.hpp:36[m[K,
[13.435s]                  from [01m[K/usr/include/boost/interprocess/sync/file_lock.hpp:26[m[K,
[13.435s]                  from [01m[K/usr/include/pcl-1.12/pcl/io/pcd_io.h:46[m[K,
[13.435s]                  from [01m[K/opt/ros/humble/include/pcl_conversions/pcl_conversions.h:72[m[K,
[13.435s]                  from [01m[K/home/vincent/ws_livox/src/FAST_LIO/src/IMU_Processing.hpp:18[m[K,
[13.435s]                  from [01m[K/home/vincent/ws_livox/src/FAST_LIO/src/laserMapping.cpp:47[m[K:
[13.436s] [01m[K/usr/include/boost/bind.hpp:36:1:[m[K [01;36m[Knote: [m[K‘[01m[K#pragma message: The practice of declaring the Bind placeholders (_1, _2, ...) in the global namespace is deprecated. Please use <boost/bind/bind.hpp> + using namespace boost::placeholders, or define BOOST_BIND_GLOBAL_PLACEHOLDERS to retain the current behavior.[m[K’
[13.436s]    36 | [01;36m[KBOOST_PRAGMA_MESSAGE[m[K(
[13.436s]       | [01;36m[K^~~~~~~~~~~~~~~~~~~~[m[K
[69.089s] [100%] [32m[1mLinking CXX executable fastlio_mapping[0m
[70.459s] [100%] Built target fastlio_mapping
[70.478s] Invoked command in '/home/vincent/ws_livox/build/fast_lio' returned '0': CMAKE_PREFIX_PATH=/home/vincent/ws_livox/install/livox_ros_driver2:/home/vincent/ws_livox/install/fast_lio:/home/vincent/ros2_ws/install/zed_interfaces:/opt/ros/humble LD_LIBRARY_PATH=/home/vincent/ws_livox/install/livox_ros_driver2/lib:/home/vincent/ws_livox/install/fast_lio/lib:/home/vincent/ros2_ws/install/zed_interfaces/lib:/opt/ros/humble/opt/rviz_ogre_vendor/lib:/opt/ros/humble/lib/x86_64-linux-gnu:/opt/ros/humble/lib /usr/bin/cmake --build /home/vincent/ws_livox/build/fast_lio -- -j16 -l16
[70.573s] Invoking command in '/home/vincent/ws_livox/build/fast_lio': CMAKE_PREFIX_PATH=/home/vincent/ws_livox/install/livox_ros_driver2:/home/vincent/ws_livox/install/fast_lio:/home/vincent/ros2_ws/install/zed_interfaces:/opt/ros/humble LD_LIBRARY_PATH=/home/vincent/ws_livox/install/livox_ros_driver2/lib:/home/vincent/ws_livox/install/fast_lio/lib:/home/vincent/ros2_ws/install/zed_interfaces/lib:/opt/ros/humble/opt/rviz_ogre_vendor/lib:/opt/ros/humble/lib/x86_64-linux-gnu:/opt/ros/humble/lib /usr/bin/cmake --install /home/vincent/ws_livox/build/fast_lio
[70.583s] -- Install configuration: "Release"
[70.584s] -- Execute custom install script
[70.585s] -- Symlinking: /home/vincent/ws_livox/install/fast_lio/share/ament_index/resource_index/rosidl_interfaces/fast_lio
[70.598s] -- Symlinking: /home/vincent/ws_livox/install/fast_lio/include/fast_lio/fast_lio/msg/detail/pose6_d__functions.h
[70.609s] -- Symlinking: /home/vincent/ws_livox/install/fast_lio/include/fast_lio/fast_lio/msg/detail/pose6_d__struct.h
[70.621s] -- Symlinking: /home/vincent/ws_livox/install/fast_lio/include/fast_lio/fast_lio/msg/detail/pose6_d__type_support.h
[70.632s] -- Symlinking: /home/vincent/ws_livox/install/fast_lio/include/fast_lio/fast_lio/msg/pose6_d.h
[70.643s] -- Symlinking: /home/vincent/ws_livox/install/fast_lio/include/fast_lio/fast_lio/msg/rosidl_generator_c__visibility_control.h
[70.654s] -- Symlinking: /home/vincent/ws_livox/install/fast_lio/share/fast_lio/environment/library_path.sh
[70.665s] -- Symlinking: /home/vincent/ws_livox/install/fast_lio/share/fast_lio/environment/library_path.dsv
[70.677s] -- Symlinking: /home/vincent/ws_livox/install/fast_lio/include/fast_lio/fast_lio/msg/detail/pose6_d__rosidl_typesupport_fastrtps_c.h
[70.688s] -- Symlinking: /home/vincent/ws_livox/install/fast_lio/include/fast_lio/fast_lio/msg/rosidl_typesupport_fastrtps_c__visibility_control.h
[70.701s] -- Symlinking: /home/vincent/ws_livox/install/fast_lio/include/fast_lio/fast_lio/msg/detail/pose6_d__builder.hpp
[70.712s] -- Symlinking: /home/vincent/ws_livox/install/fast_lio/include/fast_lio/fast_lio/msg/detail/pose6_d__struct.hpp
[70.723s] -- Symlinking: /home/vincent/ws_livox/install/fast_lio/include/fast_lio/fast_lio/msg/detail/pose6_d__traits.hpp
[70.734s] -- Symlinking: /home/vincent/ws_livox/install/fast_lio/include/fast_lio/fast_lio/msg/pose6_d.hpp
[70.746s] -- Symlinking: /home/vincent/ws_livox/install/fast_lio/include/fast_lio/fast_lio/msg/detail/pose6_d__rosidl_typesupport_fastrtps_cpp.hpp
[70.758s] -- Symlinking: /home/vincent/ws_livox/install/fast_lio/include/fast_lio/fast_lio/msg/rosidl_typesupport_fastrtps_cpp__visibility_control.h
[70.772s] -- Symlinking: /home/vincent/ws_livox/install/fast_lio/include/fast_lio/fast_lio/msg/detail/pose6_d__rosidl_typesupport_introspection_c.h
[70.783s] -- Symlinking: /home/vincent/ws_livox/install/fast_lio/include/fast_lio/fast_lio/msg/rosidl_typesupport_introspection_c__visibility_control.h
[70.795s] -- Symlinking: /home/vincent/ws_livox/install/fast_lio/include/fast_lio/fast_lio/msg/detail/pose6_d__rosidl_typesupport_introspection_cpp.hpp
[70.807s] -- Symlinking: /home/vincent/ws_livox/install/fast_lio/share/fast_lio/environment/pythonpath.sh
[70.818s] -- Symlinking: /home/vincent/ws_livox/install/fast_lio/share/fast_lio/environment/pythonpath.dsv
[70.829s] -- Symlinking: /home/vincent/ws_livox/install/fast_lio/local/lib/python3.10/dist-packages/fast_lio-0.0.0-py3.10.egg-info/PKG-INFO
[70.839s] -- Symlinking: /home/vincent/ws_livox/install/fast_lio/local/lib/python3.10/dist-packages/fast_lio-0.0.0-py3.10.egg-info/SOURCES.txt
[70.850s] -- Symlinking: /home/vincent/ws_livox/install/fast_lio/local/lib/python3.10/dist-packages/fast_lio-0.0.0-py3.10.egg-info/dependency_links.txt
[70.862s] -- Symlinking: /home/vincent/ws_livox/install/fast_lio/local/lib/python3.10/dist-packages/fast_lio-0.0.0-py3.10.egg-info/top_level.txt
[70.873s] -- Symlinking: /home/vincent/ws_livox/install/fast_lio/local/lib/python3.10/dist-packages/fast_lio/__init__.py
[70.883s] -- Symlinking: /home/vincent/ws_livox/install/fast_lio/local/lib/python3.10/dist-packages/fast_lio/_fast_lio_s.ep.rosidl_typesupport_c.c
[70.893s] -- Symlinking: /home/vincent/ws_livox/install/fast_lio/local/lib/python3.10/dist-packages/fast_lio/_fast_lio_s.ep.rosidl_typesupport_fastrtps_c.c
[70.903s] -- Symlinking: /home/vincent/ws_livox/install/fast_lio/local/lib/python3.10/dist-packages/fast_lio/_fast_lio_s.ep.rosidl_typesupport_introspection_c.c
[70.914s] -- Symlinking: /home/vincent/ws_livox/install/fast_lio/local/lib/python3.10/dist-packages/fast_lio/fast_lio_s__rosidl_typesupport_c.cpython-310-x86_64-linux-gnu.so
[70.925s] -- Symlinking: /home/vincent/ws_livox/install/fast_lio/local/lib/python3.10/dist-packages/fast_lio/fast_lio_s__rosidl_typesupport_fastrtps_c.cpython-310-x86_64-linux-gnu.so
[70.935s] -- Symlinking: /home/vincent/ws_livox/install/fast_lio/local/lib/python3.10/dist-packages/fast_lio/fast_lio_s__rosidl_typesupport_introspection_c.cpython-310-x86_64-linux-gnu.so
[70.945s] -- Symlinking: /home/vincent/ws_livox/install/fast_lio/local/lib/python3.10/dist-packages/fast_lio/libfast_lio__rosidl_generator_py.so
[70.956s] -- Symlinking: /home/vincent/ws_livox/install/fast_lio/local/lib/python3.10/dist-packages/fast_lio/msg/__init__.py
[70.967s] -- Symlinking: /home/vincent/ws_livox/install/fast_lio/local/lib/python3.10/dist-packages/fast_lio/msg/_pose6_d.py
[70.977s] -- Symlinking: /home/vincent/ws_livox/install/fast_lio/local/lib/python3.10/dist-packages/fast_lio/msg/_pose6_d_s.c
[70.988s] -- Up-to-date symlink: /home/vincent/ws_livox/install/fast_lio/local/lib/python3.10/dist-packages/fast_lio/fast_lio_s__rosidl_typesupport_fastrtps_c.cpython-310-x86_64-linux-gnu.so
[70.988s] -- Up-to-date symlink: /home/vincent/ws_livox/install/fast_lio/local/lib/python3.10/dist-packages/fast_lio/fast_lio_s__rosidl_typesupport_introspection_c.cpython-310-x86_64-linux-gnu.so
[70.989s] -- Up-to-date symlink: /home/vincent/ws_livox/install/fast_lio/local/lib/python3.10/dist-packages/fast_lio/fast_lio_s__rosidl_typesupport_c.cpython-310-x86_64-linux-gnu.so
[70.989s] -- Symlinking: /home/vincent/ws_livox/install/fast_lio/share/fast_lio/msg/Pose6D.idl
[71.000s] -- Symlinking: /home/vincent/ws_livox/install/fast_lio/share/fast_lio/msg/Pose6D.msg
[71.012s] -- Symlinking: /home/vincent/ws_livox/install/fast_lio/lib/fast_lio/fastlio_mapping
[71.022s] -- Symlinking: /home/vincent/ws_livox/install/fast_lio/share/fast_lio/config/avia.yaml
[71.032s] -- Symlinking: /home/vincent/ws_livox/install/fast_lio/share/fast_lio/config/horizon.yaml
[71.042s] -- Symlinking: /home/vincent/ws_livox/install/fast_lio/share/fast_lio/config/mid360.yaml
[71.051s] -- Symlinking: /home/vincent/ws_livox/install/fast_lio/share/fast_lio/config/ouster64.yaml
[71.060s] -- Symlinking: /home/vincent/ws_livox/install/fast_lio/share/fast_lio/config/velodyne.yaml
[71.069s] -- Symlinking: /home/vincent/ws_livox/install/fast_lio/share/fast_lio/launch/gdb_debug_example.launch
[71.080s] -- Symlinking: /home/vincent/ws_livox/install/fast_lio/share/fast_lio/launch/mapping.launch.py
[71.090s] -- Symlinking: /home/vincent/ws_livox/install/fast_lio/share/fast_lio/rviz/fastlio.rviz
[71.099s] -- Symlinking: /home/vincent/ws_livox/install/fast_lio/share/ament_index/resource_index/package_run_dependencies/fast_lio
[71.109s] -- Symlinking: /home/vincent/ws_livox/install/fast_lio/share/ament_index/resource_index/parent_prefix_path/fast_lio
[71.121s] -- Symlinking: /home/vincent/ws_livox/install/fast_lio/share/fast_lio/environment/ament_prefix_path.sh
[71.131s] -- Symlinking: /home/vincent/ws_livox/install/fast_lio/share/fast_lio/environment/ament_prefix_path.dsv
[71.141s] -- Symlinking: /home/vincent/ws_livox/install/fast_lio/share/fast_lio/environment/path.sh
[71.151s] -- Symlinking: /home/vincent/ws_livox/install/fast_lio/share/fast_lio/environment/path.dsv
[71.160s] -- Symlinking: /home/vincent/ws_livox/install/fast_lio/share/fast_lio/local_setup.bash
[71.169s] -- Symlinking: /home/vincent/ws_livox/install/fast_lio/share/fast_lio/local_setup.sh
[71.181s] -- Symlinking: /home/vincent/ws_livox/install/fast_lio/share/fast_lio/local_setup.zsh
[71.190s] -- Symlinking: /home/vincent/ws_livox/install/fast_lio/share/fast_lio/local_setup.dsv
[71.199s] -- Symlinking: /home/vincent/ws_livox/install/fast_lio/share/fast_lio/package.dsv
[71.209s] -- Symlinking: /home/vincent/ws_livox/install/fast_lio/share/ament_index/resource_index/packages/fast_lio
[71.221s] -- Symlinking: /home/vincent/ws_livox/install/fast_lio/share/fast_lio/cmake/rosidl_cmake-extras.cmake
[71.232s] -- Symlinking: /home/vincent/ws_livox/install/fast_lio/share/fast_lio/cmake/ament_cmake_export_include_directories-extras.cmake
[71.242s] -- Symlinking: /home/vincent/ws_livox/install/fast_lio/share/fast_lio/cmake/ament_cmake_export_libraries-extras.cmake
[71.252s] -- Symlinking: /home/vincent/ws_livox/install/fast_lio/share/fast_lio/cmake/ament_cmake_export_targets-extras.cmake
[71.261s] -- Symlinking: /home/vincent/ws_livox/install/fast_lio/share/fast_lio/cmake/rosidl_cmake_export_typesupport_targets-extras.cmake
[71.272s] -- Symlinking: /home/vincent/ws_livox/install/fast_lio/share/fast_lio/cmake/ament_cmake_export_dependencies-extras.cmake
[71.282s] -- Symlinking: /home/vincent/ws_livox/install/fast_lio/share/fast_lio/cmake/rosidl_cmake_export_typesupport_libraries-extras.cmake
[71.291s] -- Symlinking: /home/vincent/ws_livox/install/fast_lio/share/fast_lio/cmake/fast_lioConfig.cmake
[71.300s] -- Symlinking: /home/vincent/ws_livox/install/fast_lio/share/fast_lio/cmake/fast_lioConfig-version.cmake
[71.310s] -- Symlinking: /home/vincent/ws_livox/install/fast_lio/share/fast_lio/package.xml
[71.321s] -- Installing: /home/vincent/ws_livox/install/fast_lio/lib/libfast_lio__rosidl_generator_c.so
[71.321s] -- Set runtime path of "/home/vincent/ws_livox/install/fast_lio/lib/libfast_lio__rosidl_generator_c.so" to ""
[71.322s] -- Installing: /home/vincent/ws_livox/install/fast_lio/lib/libfast_lio__rosidl_typesupport_fastrtps_c.so
[71.322s] -- Set runtime path of "/home/vincent/ws_livox/install/fast_lio/lib/libfast_lio__rosidl_typesupport_fastrtps_c.so" to ""
[71.322s] -- Installing: /home/vincent/ws_livox/install/fast_lio/lib/libfast_lio__rosidl_typesupport_fastrtps_cpp.so
[71.322s] -- Set runtime path of "/home/vincent/ws_livox/install/fast_lio/lib/libfast_lio__rosidl_typesupport_fastrtps_cpp.so" to ""
[71.322s] -- Installing: /home/vincent/ws_livox/install/fast_lio/lib/libfast_lio__rosidl_typesupport_introspection_c.so
[71.322s] -- Set runtime path of "/home/vincent/ws_livox/install/fast_lio/lib/libfast_lio__rosidl_typesupport_introspection_c.so" to ""
[71.323s] -- Installing: /home/vincent/ws_livox/install/fast_lio/lib/libfast_lio__rosidl_typesupport_c.so
[71.323s] -- Set runtime path of "/home/vincent/ws_livox/install/fast_lio/lib/libfast_lio__rosidl_typesupport_c.so" to ""
[71.323s] -- Installing: /home/vincent/ws_livox/install/fast_lio/lib/libfast_lio__rosidl_typesupport_introspection_cpp.so
[71.323s] -- Set runtime path of "/home/vincent/ws_livox/install/fast_lio/lib/libfast_lio__rosidl_typesupport_introspection_cpp.so" to ""
[71.323s] -- Installing: /home/vincent/ws_livox/install/fast_lio/lib/libfast_lio__rosidl_typesupport_cpp.so
[71.324s] -- Set runtime path of "/home/vincent/ws_livox/install/fast_lio/lib/libfast_lio__rosidl_typesupport_cpp.so" to ""
[71.375s] Listing '/home/vincent/ws_livox/install/fast_lio/local/lib/python3.10/dist-packages/fast_lio'...
[71.376s] Compiling '/home/vincent/ws_livox/install/fast_lio/local/lib/python3.10/dist-packages/fast_lio/__init__.py'...
[71.376s] Listing '/home/vincent/ws_livox/install/fast_lio/local/lib/python3.10/dist-packages/fast_lio/msg'...
[71.376s] Compiling '/home/vincent/ws_livox/install/fast_lio/local/lib/python3.10/dist-packages/fast_lio/msg/__init__.py'...
[71.376s] Compiling '/home/vincent/ws_livox/install/fast_lio/local/lib/python3.10/dist-packages/fast_lio/msg/_pose6_d.py'...
[71.380s] -- Installing: /home/vincent/ws_livox/install/fast_lio/lib/libfast_lio__rosidl_generator_py.so
[71.380s] -- Set runtime path of "/home/vincent/ws_livox/install/fast_lio/lib/libfast_lio__rosidl_generator_py.so" to ""
[71.380s] -- Installing: /home/vincent/ws_livox/install/fast_lio/share/fast_lio/cmake/export_fast_lio__rosidl_generator_cExport.cmake
[71.381s] -- Installing: /home/vincent/ws_livox/install/fast_lio/share/fast_lio/cmake/export_fast_lio__rosidl_generator_cExport-release.cmake
[71.381s] -- Installing: /home/vincent/ws_livox/install/fast_lio/share/fast_lio/cmake/export_fast_lio__rosidl_typesupport_fastrtps_cExport.cmake
[71.382s] -- Installing: /home/vincent/ws_livox/install/fast_lio/share/fast_lio/cmake/export_fast_lio__rosidl_typesupport_fastrtps_cExport-release.cmake
[71.382s] -- Installing: /home/vincent/ws_livox/install/fast_lio/share/fast_lio/cmake/export_fast_lio__rosidl_generator_cppExport.cmake
[71.382s] -- Installing: /home/vincent/ws_livox/install/fast_lio/share/fast_lio/cmake/export_fast_lio__rosidl_typesupport_fastrtps_cppExport.cmake
[71.382s] -- Installing: /home/vincent/ws_livox/install/fast_lio/share/fast_lio/cmake/export_fast_lio__rosidl_typesupport_fastrtps_cppExport-release.cmake
[71.382s] -- Installing: /home/vincent/ws_livox/install/fast_lio/share/fast_lio/cmake/fast_lio__rosidl_typesupport_introspection_cExport.cmake
[71.383s] -- Installing: /home/vincent/ws_livox/install/fast_lio/share/fast_lio/cmake/fast_lio__rosidl_typesupport_introspection_cExport-release.cmake
[71.383s] -- Installing: /home/vincent/ws_livox/install/fast_lio/share/fast_lio/cmake/fast_lio__rosidl_typesupport_cExport.cmake
[71.383s] -- Installing: /home/vincent/ws_livox/install/fast_lio/share/fast_lio/cmake/fast_lio__rosidl_typesupport_cExport-release.cmake
[71.383s] -- Installing: /home/vincent/ws_livox/install/fast_lio/share/fast_lio/cmake/fast_lio__rosidl_typesupport_introspection_cppExport.cmake
[71.384s] -- Installing: /home/vincent/ws_livox/install/fast_lio/share/fast_lio/cmake/fast_lio__rosidl_typesupport_introspection_cppExport-release.cmake
[71.384s] -- Installing: /home/vincent/ws_livox/install/fast_lio/share/fast_lio/cmake/fast_lio__rosidl_typesupport_cppExport.cmake
[71.384s] -- Installing: /home/vincent/ws_livox/install/fast_lio/share/fast_lio/cmake/fast_lio__rosidl_typesupport_cppExport-release.cmake
[71.384s] -- Installing: /home/vincent/ws_livox/install/fast_lio/share/fast_lio/cmake/export_fast_lio__rosidl_generator_pyExport.cmake
[71.384s] -- Installing: /home/vincent/ws_livox/install/fast_lio/share/fast_lio/cmake/export_fast_lio__rosidl_generator_pyExport-release.cmake
[71.388s] Invoked command in '/home/vincent/ws_livox/build/fast_lio' returned '0': CMAKE_PREFIX_PATH=/home/vincent/ws_livox/install/livox_ros_driver2:/home/vincent/ws_livox/install/fast_lio:/home/vincent/ros2_ws/install/zed_interfaces:/opt/ros/humble LD_LIBRARY_PATH=/home/vincent/ws_livox/install/livox_ros_driver2/lib:/home/vincent/ws_livox/install/fast_lio/lib:/home/vincent/ros2_ws/install/zed_interfaces/lib:/opt/ros/humble/opt/rviz_ogre_vendor/lib:/opt/ros/humble/lib/x86_64-linux-gnu:/opt/ros/humble/lib /usr/bin/cmake --install /home/vincent/ws_livox/build/fast_lio
