[0.017s] Invoking command in '/home/vincent/pfe/open-manipulator/build/open_manipulator_x_controller': CMAKE_PREFIX_PATH=/home/vincent/pfe/open-manipulator/install/open_manipulator_x_libs:/home/vincent/pfe/open-manipulator/install/robotis_manipulator:/home/vincent/pfe/open-manipulator/install/open_manipulator_msgs:/home/vincent/pfe/open-manipulator/install/cmake_modules:/home/vincent/pfe/open-manipulator/install/open-manipulator-moveit:/home/vincent/pfe/open-manipulator/install/open_manipulator:/home/vincent/pfe/open-manipulator/install/open_manipulator_x_controller:/home/vincent/pfe/open-manipulator/install/open_manipulator_x_description:/home/vincent/turtlebot3_manipulation/install/turtlebot3_manipulation:/home/vincent/turtlebot3_manipulation/install/turtlebot3_manipulation_teleop:/home/vincent/turtlebot3_manipulation/install/turtlebot3_manipulation_navigation2:/home/vincent/turtlebot3_manipulation/install/turtlebot3_manipulation_moveit_config:/home/vincent/turtlebot3_manipulation/install/turtlebot3_manipulation_hardware:/home/vincent/turtlebot3_manipulation/install/turtlebot3_manipulation_bringup:/home/vincent/turtlebot3_manipulation/install/turtlebot3_manipulation_description:/home/vincent/turtlebot3_manipulation/install/turtlebot3_manipulation_cartographer:/home/vincent/ros2_ws/install/zed_interfaces:/home/vincent/pfe/open-manipulator/install/open_manipulator_x_teleop:/opt/ros/humble /usr/bin/cmake /home/vincent/pfe/open-manipulator/open_manipulator/open_manipulator_x_controller -DAMENT_CMAKE_SYMLINK_INSTALL=1 -DCMAKE_INSTALL_PREFIX=/home/vincent/pfe/open-manipulator/install/open_manipulator_x_controller
[0.072s] -- The C compiler identification is GNU 11.4.0
[0.125s] -- The CXX compiler identification is GNU 11.4.0
[0.132s] -- Detecting C compiler ABI info
[0.206s] -- Detecting C compiler ABI info - done
[0.211s] -- Check for working C compiler: /usr/bin/cc - skipped
[0.211s] -- Detecting C compile features
[0.211s] -- Detecting C compile features - done
[0.213s] -- Detecting CXX compiler ABI info
[0.296s] -- Detecting CXX compiler ABI info - done
[0.302s] -- Check for working CXX compiler: /usr/bin/c++ - skipped
[0.302s] -- Detecting CXX compile features
[0.302s] -- Detecting CXX compile features - done
[0.308s] -- Found ament_cmake: 1.3.9 (/opt/ros/humble/share/ament_cmake/cmake)
[0.481s] -- Found Python3: /usr/bin/python3 (found version "3.10.12") found components: Interpreter 
[0.554s] -- Override CMake install command with custom implementation using symlinks instead of copying resources
[0.612s] -- Found geometry_msgs: 4.2.4 (/opt/ros/humble/share/geometry_msgs/cmake)
[0.663s] -- Found rosidl_generator_c: 3.1.5 (/opt/ros/humble/share/rosidl_generator_c/cmake)
[0.670s] -- Found rosidl_adapter: 3.1.5 (/opt/ros/humble/share/rosidl_adapter/cmake)
[0.681s] -- Found rosidl_generator_cpp: 3.1.5 (/opt/ros/humble/share/rosidl_generator_cpp/cmake)
[0.695s] -- Using all available rosidl_typesupport_c: rosidl_typesupport_fastrtps_c;rosidl_typesupport_introspection_c
[0.715s] -- Using all available rosidl_typesupport_cpp: rosidl_typesupport_fastrtps_cpp;rosidl_typesupport_introspection_cpp
[0.803s] -- Found open_manipulator_msgs: 2.2.0 (/home/vincent/pfe/open-manipulator/install/open_manipulator_msgs/share/open_manipulator_msgs/cmake)
[0.859s] -- Found open_manipulator_x_libs: 2.3.0 (/home/vincent/pfe/open-manipulator/install/open_manipulator_x_libs/share/open_manipulator_x_libs/cmake)
[0.941s] -- Found rmw_implementation_cmake: 6.1.2 (/opt/ros/humble/share/rmw_implementation_cmake/cmake)
[0.945s] -- Found rmw_fastrtps_cpp: 6.2.6 (/opt/ros/humble/share/rmw_fastrtps_cpp/cmake)
[1.094s] -- Found OpenSSL: /usr/lib/x86_64-linux-gnu/libcrypto.so (found version "3.0.2")  
[1.131s] -- Found FastRTPS: /opt/ros/humble/include  
[1.190s] -- Using RMW implementation 'rmw_fastrtps_cpp' as default
[1.211s] -- Looking for pthread.h
[1.290s] -- Looking for pthread.h - found
[1.290s] -- Performing Test CMAKE_HAVE_LIBC_PTHREAD
[1.367s] -- Performing Test CMAKE_HAVE_LIBC_PTHREAD - Success
[1.368s] -- Found Threads: TRUE  
[1.489s] -- Found sensor_msgs: 4.2.4 (/opt/ros/humble/share/sensor_msgs/cmake)
[1.550s] -- Found trajectory_msgs: 4.2.4 (/opt/ros/humble/share/trajectory_msgs/cmake)
[1.681s] -- Configuring done
[1.697s] -- Generating done
[1.698s] -- Build files have been written to: /home/vincent/pfe/open-manipulator/build/open_manipulator_x_controller
[1.708s] Invoked command in '/home/vincent/pfe/open-manipulator/build/open_manipulator_x_controller' returned '0': CMAKE_PREFIX_PATH=/home/vincent/pfe/open-manipulator/install/open_manipulator_x_libs:/home/vincent/pfe/open-manipulator/install/robotis_manipulator:/home/vincent/pfe/open-manipulator/install/open_manipulator_msgs:/home/vincent/pfe/open-manipulator/install/cmake_modules:/home/vincent/pfe/open-manipulator/install/open-manipulator-moveit:/home/vincent/pfe/open-manipulator/install/open_manipulator:/home/vincent/pfe/open-manipulator/install/open_manipulator_x_controller:/home/vincent/pfe/open-manipulator/install/open_manipulator_x_description:/home/vincent/turtlebot3_manipulation/install/turtlebot3_manipulation:/home/vincent/turtlebot3_manipulation/install/turtlebot3_manipulation_teleop:/home/vincent/turtlebot3_manipulation/install/turtlebot3_manipulation_navigation2:/home/vincent/turtlebot3_manipulation/install/turtlebot3_manipulation_moveit_config:/home/vincent/turtlebot3_manipulation/install/turtlebot3_manipulation_hardware:/home/vincent/turtlebot3_manipulation/install/turtlebot3_manipulation_bringup:/home/vincent/turtlebot3_manipulation/install/turtlebot3_manipulation_description:/home/vincent/turtlebot3_manipulation/install/turtlebot3_manipulation_cartographer:/home/vincent/ros2_ws/install/zed_interfaces:/home/vincent/pfe/open-manipulator/install/open_manipulator_x_teleop:/opt/ros/humble /usr/bin/cmake /home/vincent/pfe/open-manipulator/open_manipulator/open_manipulator_x_controller -DAMENT_CMAKE_SYMLINK_INSTALL=1 -DCMAKE_INSTALL_PREFIX=/home/vincent/pfe/open-manipulator/install/open_manipulator_x_controller
[1.709s] Invoking command in '/home/vincent/pfe/open-manipulator/build/open_manipulator_x_controller': CMAKE_PREFIX_PATH=/home/vincent/pfe/open-manipulator/install/open_manipulator_x_libs:/home/vincent/pfe/open-manipulator/install/robotis_manipulator:/home/vincent/pfe/open-manipulator/install/open_manipulator_msgs:/home/vincent/pfe/open-manipulator/install/cmake_modules:/home/vincent/pfe/open-manipulator/install/open-manipulator-moveit:/home/vincent/pfe/open-manipulator/install/open_manipulator:/home/vincent/pfe/open-manipulator/install/open_manipulator_x_controller:/home/vincent/pfe/open-manipulator/install/open_manipulator_x_description:/home/vincent/turtlebot3_manipulation/install/turtlebot3_manipulation:/home/vincent/turtlebot3_manipulation/install/turtlebot3_manipulation_teleop:/home/vincent/turtlebot3_manipulation/install/turtlebot3_manipulation_navigation2:/home/vincent/turtlebot3_manipulation/install/turtlebot3_manipulation_moveit_config:/home/vincent/turtlebot3_manipulation/install/turtlebot3_manipulation_hardware:/home/vincent/turtlebot3_manipulation/install/turtlebot3_manipulation_bringup:/home/vincent/turtlebot3_manipulation/install/turtlebot3_manipulation_description:/home/vincent/turtlebot3_manipulation/install/turtlebot3_manipulation_cartographer:/home/vincent/ros2_ws/install/zed_interfaces:/home/vincent/pfe/open-manipulator/install/open_manipulator_x_teleop:/opt/ros/humble /usr/bin/cmake --build /home/vincent/pfe/open-manipulator/build/open_manipulator_x_controller -- -j16 -l16
[1.765s] [ 50%] [32mBuilding CXX object CMakeFiles/open_manipulator_x_controller.dir/src/open_manipulator_x_controller.cpp.o[0m
[4.269s] [01m[K/home/vincent/pfe/open-manipulator/open_manipulator/open_manipulator_x_controller/src/open_manipulator_x_controller.cpp:[m[K In member function ‘[01m[Kvoid open_manipulator_x_controller::OpenManipulatorXController::init_publisher()[m[K’:
[4.269s] [01m[K/home/vincent/pfe/open-manipulator/open_manipulator/open_manipulator_x_controller/src/open_manipulator_x_controller.cpp:103:21:[m[K [01;35m[Kwarning: [m[Kunused variable ‘[01m[Kname[m[K’ [[01;35m[K]8;;https://gcc.gnu.org/onlinedocs/gcc/Warning-Options.html#index-Wunused-variable-Wunused-variable]8;;[m[K]
[4.269s]   103 |   for (auto const & [01;35m[Kname[m[K:tools_name)
[4.269s]       |                     [01;35m[K^~~~[m[K
[11.975s] [100%] [32m[1mLinking CXX executable open_manipulator_x_controller[0m
[12.559s] [100%] Built target open_manipulator_x_controller
[12.571s] Invoked command in '/home/vincent/pfe/open-manipulator/build/open_manipulator_x_controller' returned '0': CMAKE_PREFIX_PATH=/home/vincent/pfe/open-manipulator/install/open_manipulator_x_libs:/home/vincent/pfe/open-manipulator/install/robotis_manipulator:/home/vincent/pfe/open-manipulator/install/open_manipulator_msgs:/home/vincent/pfe/open-manipulator/install/cmake_modules:/home/vincent/pfe/open-manipulator/install/open-manipulator-moveit:/home/vincent/pfe/open-manipulator/install/open_manipulator:/home/vincent/pfe/open-manipulator/install/open_manipulator_x_controller:/home/vincent/pfe/open-manipulator/install/open_manipulator_x_description:/home/vincent/turtlebot3_manipulation/install/turtlebot3_manipulation:/home/vincent/turtlebot3_manipulation/install/turtlebot3_manipulation_teleop:/home/vincent/turtlebot3_manipulation/install/turtlebot3_manipulation_navigation2:/home/vincent/turtlebot3_manipulation/install/turtlebot3_manipulation_moveit_config:/home/vincent/turtlebot3_manipulation/install/turtlebot3_manipulation_hardware:/home/vincent/turtlebot3_manipulation/install/turtlebot3_manipulation_bringup:/home/vincent/turtlebot3_manipulation/install/turtlebot3_manipulation_description:/home/vincent/turtlebot3_manipulation/install/turtlebot3_manipulation_cartographer:/home/vincent/ros2_ws/install/zed_interfaces:/home/vincent/pfe/open-manipulator/install/open_manipulator_x_teleop:/opt/ros/humble /usr/bin/cmake --build /home/vincent/pfe/open-manipulator/build/open_manipulator_x_controller -- -j16 -l16
[12.607s] Invoking command in '/home/vincent/pfe/open-manipulator/build/open_manipulator_x_controller': CMAKE_PREFIX_PATH=/home/vincent/pfe/open-manipulator/install/open_manipulator_x_libs:/home/vincent/pfe/open-manipulator/install/robotis_manipulator:/home/vincent/pfe/open-manipulator/install/open_manipulator_msgs:/home/vincent/pfe/open-manipulator/install/cmake_modules:/home/vincent/pfe/open-manipulator/install/open-manipulator-moveit:/home/vincent/pfe/open-manipulator/install/open_manipulator:/home/vincent/pfe/open-manipulator/install/open_manipulator_x_controller:/home/vincent/pfe/open-manipulator/install/open_manipulator_x_description:/home/vincent/turtlebot3_manipulation/install/turtlebot3_manipulation:/home/vincent/turtlebot3_manipulation/install/turtlebot3_manipulation_teleop:/home/vincent/turtlebot3_manipulation/install/turtlebot3_manipulation_navigation2:/home/vincent/turtlebot3_manipulation/install/turtlebot3_manipulation_moveit_config:/home/vincent/turtlebot3_manipulation/install/turtlebot3_manipulation_hardware:/home/vincent/turtlebot3_manipulation/install/turtlebot3_manipulation_bringup:/home/vincent/turtlebot3_manipulation/install/turtlebot3_manipulation_description:/home/vincent/turtlebot3_manipulation/install/turtlebot3_manipulation_cartographer:/home/vincent/ros2_ws/install/zed_interfaces:/home/vincent/pfe/open-manipulator/install/open_manipulator_x_teleop:/opt/ros/humble /usr/bin/cmake --install /home/vincent/pfe/open-manipulator/build/open_manipulator_x_controller
[12.615s] -- Install configuration: ""
[12.615s] -- Execute custom install script
[12.615s] -- Symlinking: /home/vincent/pfe/open-manipulator/install/open_manipulator_x_controller/lib/open_manipulator_x_controller/open_manipulator_x_controller
[12.625s] -- Symlinking: /home/vincent/pfe/open-manipulator/install/open_manipulator_x_controller/share/open_manipulator_x_controller/99-open-manipulator-cdc.rules
[12.634s] -- Symlinking: /home/vincent/pfe/open-manipulator/install/open_manipulator_x_controller/share/open_manipulator_x_controller/launch/open_manipulator_x_controller.launch.py
[12.644s] -- Symlinking: /home/vincent/pfe/open-manipulator/install/open_manipulator_x_controller/share/open_manipulator_x_controller/param/open_manipulator_x_controller_params.yaml
[12.654s] -- Symlinking: /home/vincent/pfe/open-manipulator/install/open_manipulator_x_controller/lib/open_manipulator_x_controller/create_udev_rules
[12.665s] -- Symlinking: /home/vincent/pfe/open-manipulator/install/open_manipulator_x_controller/share/ament_index/resource_index/package_run_dependencies/open_manipulator_x_controller
[12.675s] -- Symlinking: /home/vincent/pfe/open-manipulator/install/open_manipulator_x_controller/share/ament_index/resource_index/parent_prefix_path/open_manipulator_x_controller
[12.685s] -- Symlinking: /home/vincent/pfe/open-manipulator/install/open_manipulator_x_controller/share/open_manipulator_x_controller/environment/ament_prefix_path.sh
[12.695s] -- Symlinking: /home/vincent/pfe/open-manipulator/install/open_manipulator_x_controller/share/open_manipulator_x_controller/environment/ament_prefix_path.dsv
[12.705s] -- Symlinking: /home/vincent/pfe/open-manipulator/install/open_manipulator_x_controller/share/open_manipulator_x_controller/environment/path.sh
[12.714s] -- Symlinking: /home/vincent/pfe/open-manipulator/install/open_manipulator_x_controller/share/open_manipulator_x_controller/environment/path.dsv
[12.724s] -- Symlinking: /home/vincent/pfe/open-manipulator/install/open_manipulator_x_controller/share/open_manipulator_x_controller/local_setup.bash
[12.732s] -- Symlinking: /home/vincent/pfe/open-manipulator/install/open_manipulator_x_controller/share/open_manipulator_x_controller/local_setup.sh
[12.741s] -- Symlinking: /home/vincent/pfe/open-manipulator/install/open_manipulator_x_controller/share/open_manipulator_x_controller/local_setup.zsh
[12.750s] -- Symlinking: /home/vincent/pfe/open-manipulator/install/open_manipulator_x_controller/share/open_manipulator_x_controller/local_setup.dsv
[12.758s] -- Symlinking: /home/vincent/pfe/open-manipulator/install/open_manipulator_x_controller/share/open_manipulator_x_controller/package.dsv
[12.767s] -- Symlinking: /home/vincent/pfe/open-manipulator/install/open_manipulator_x_controller/share/ament_index/resource_index/packages/open_manipulator_x_controller
[12.775s] -- Symlinking: /home/vincent/pfe/open-manipulator/install/open_manipulator_x_controller/share/open_manipulator_x_controller/cmake/ament_cmake_export_include_directories-extras.cmake
[12.785s] -- Symlinking: /home/vincent/pfe/open-manipulator/install/open_manipulator_x_controller/share/open_manipulator_x_controller/cmake/ament_cmake_export_dependencies-extras.cmake
[12.793s] -- Symlinking: /home/vincent/pfe/open-manipulator/install/open_manipulator_x_controller/share/open_manipulator_x_controller/cmake/open_manipulator_x_controllerConfig.cmake
[12.804s] -- Symlinking: /home/vincent/pfe/open-manipulator/install/open_manipulator_x_controller/share/open_manipulator_x_controller/cmake/open_manipulator_x_controllerConfig-version.cmake
[12.813s] -- Symlinking: /home/vincent/pfe/open-manipulator/install/open_manipulator_x_controller/share/open_manipulator_x_controller/package.xml
[12.825s] Invoked command in '/home/vincent/pfe/open-manipulator/build/open_manipulator_x_controller' returned '0': CMAKE_PREFIX_PATH=/home/vincent/pfe/open-manipulator/install/open_manipulator_x_libs:/home/vincent/pfe/open-manipulator/install/robotis_manipulator:/home/vincent/pfe/open-manipulator/install/open_manipulator_msgs:/home/vincent/pfe/open-manipulator/install/cmake_modules:/home/vincent/pfe/open-manipulator/install/open-manipulator-moveit:/home/vincent/pfe/open-manipulator/install/open_manipulator:/home/vincent/pfe/open-manipulator/install/open_manipulator_x_controller:/home/vincent/pfe/open-manipulator/install/open_manipulator_x_description:/home/vincent/turtlebot3_manipulation/install/turtlebot3_manipulation:/home/vincent/turtlebot3_manipulation/install/turtlebot3_manipulation_teleop:/home/vincent/turtlebot3_manipulation/install/turtlebot3_manipulation_navigation2:/home/vincent/turtlebot3_manipulation/install/turtlebot3_manipulation_moveit_config:/home/vincent/turtlebot3_manipulation/install/turtlebot3_manipulation_hardware:/home/vincent/turtlebot3_manipulation/install/turtlebot3_manipulation_bringup:/home/vincent/turtlebot3_manipulation/install/turtlebot3_manipulation_description:/home/vincent/turtlebot3_manipulation/install/turtlebot3_manipulation_cartographer:/home/vincent/ros2_ws/install/zed_interfaces:/home/vincent/pfe/open-manipulator/install/open_manipulator_x_teleop:/opt/ros/humble /usr/bin/cmake --install /home/vincent/pfe/open-manipulator/build/open_manipulator_x_controller
