[0.017s] Invoking command in '/home/vincent/pfe/ws/build/crawler': CMAKE_PREFIX_PATH=${CMAKE_PREFIX_PATH}:/opt/ros/humble /usr/bin/cmake --build /home/vincent/pfe/ws/build/crawler -- -j16 -l16
[0.052s] Invoked command in '/home/vincent/pfe/ws/build/crawler' returned '0': CMAKE_PREFIX_PATH=${CMAKE_PREFIX_PATH}:/opt/ros/humble /usr/bin/cmake --build /home/vincent/pfe/ws/build/crawler -- -j16 -l16
[0.086s] Invoking command in '/home/vincent/pfe/ws/build/crawler': CMAKE_PREFIX_PATH=${CMAKE_PREFIX_PATH}:/opt/ros/humble /usr/bin/cmake --install /home/vincent/pfe/ws/build/crawler
[0.093s] -- Install configuration: ""
[0.093s] -- Up-to-date: /home/vincent/pfe/ws/install/crawler/share/crawler/description
[0.093s] -- Up-to-date: /home/vincent/pfe/ws/install/crawler/share/crawler/description/ros2_control.xacro
[0.093s] -- Up-to-date: /home/vincent/pfe/ws/install/crawler/share/crawler/description/robot_core.xacro
[0.093s] -- Up-to-date: /home/vincent/pfe/ws/install/crawler/share/crawler/description/robot.urdf.xacro
[0.093s] -- Up-to-date: /home/vincent/pfe/ws/install/crawler/share/crawler/launch
[0.093s] -- Installing: /home/vincent/pfe/ws/install/crawler/share/crawler/launch/robot.launch.py
[0.093s] -- Up-to-date: /home/vincent/pfe/ws/install/crawler/share/crawler/launch/rsp.launch.py
[0.094s] -- Up-to-date: /home/vincent/pfe/ws/install/crawler/share/crawler/meshes
[0.094s] -- Up-to-date: /home/vincent/pfe/ws/install/crawler/share/crawler/meshes/chassis.dae
[0.094s] -- Up-to-date: /home/vincent/pfe/ws/install/crawler/share/crawler/meshes/chassis.stl
[0.094s] -- Up-to-date: /home/vincent/pfe/ws/install/crawler/share/ament_index/resource_index/package_run_dependencies/crawler
[0.094s] -- Up-to-date: /home/vincent/pfe/ws/install/crawler/share/ament_index/resource_index/parent_prefix_path/crawler
[0.094s] -- Up-to-date: /home/vincent/pfe/ws/install/crawler/share/crawler/environment/ament_prefix_path.sh
[0.094s] -- Up-to-date: /home/vincent/pfe/ws/install/crawler/share/crawler/environment/ament_prefix_path.dsv
[0.094s] -- Up-to-date: /home/vincent/pfe/ws/install/crawler/share/crawler/environment/path.sh
[0.095s] -- Up-to-date: /home/vincent/pfe/ws/install/crawler/share/crawler/environment/path.dsv
[0.095s] -- Up-to-date: /home/vincent/pfe/ws/install/crawler/share/crawler/local_setup.bash
[0.095s] -- Up-to-date: /home/vincent/pfe/ws/install/crawler/share/crawler/local_setup.sh
[0.095s] -- Up-to-date: /home/vincent/pfe/ws/install/crawler/share/crawler/local_setup.zsh
[0.095s] -- Up-to-date: /home/vincent/pfe/ws/install/crawler/share/crawler/local_setup.dsv
[0.095s] -- Installing: /home/vincent/pfe/ws/install/crawler/share/crawler/package.dsv
[0.095s] -- Up-to-date: /home/vincent/pfe/ws/install/crawler/share/ament_index/resource_index/packages/crawler
[0.095s] -- Up-to-date: /home/vincent/pfe/ws/install/crawler/share/crawler/cmake/crawlerConfig.cmake
[0.095s] -- Up-to-date: /home/vincent/pfe/ws/install/crawler/share/crawler/cmake/crawlerConfig-version.cmake
[0.095s] -- Up-to-date: /home/vincent/pfe/ws/install/crawler/share/crawler/package.xml
[0.096s] Invoked command in '/home/vincent/pfe/ws/build/crawler' returned '0': CMAKE_PREFIX_PATH=${CMAKE_PREFIX_PATH}:/opt/ros/humble /usr/bin/cmake --install /home/vincent/pfe/ws/build/crawler
