[0.012s] Invoking command in '/home/vincent/pfe/open-manipulator/build/open_manipulator_x_description': CMAKE_PREFIX_PATH=${CMAKE_PREFIX_PATH}:/home/vincent/pfe/open-manipulator/install/open_manipulator_x_teleop:/opt/ros/humble /usr/bin/cmake /home/vincent/pfe/open-manipulator/open_manipulator/open_manipulator_x_description -DAMENT_CMAKE_SYMLINK_INSTALL=1 -DCMAKE_INSTALL_PREFIX=/home/vincent/pfe/open-manipulator/install/open_manipulator_x_description
[0.066s] -- The C compiler identification is GNU 11.4.0
[0.118s] -- The CXX compiler identification is GNU 11.4.0
[0.124s] -- Detecting C compiler ABI info
[0.190s] -- Detecting C compiler ABI info - done
[0.196s] -- Check for working C compiler: /usr/bin/cc - skipped
[0.196s] -- Detecting C compile features
[0.196s] -- Detecting C compile features - done
[0.198s] -- Detecting CXX compiler ABI info
[0.276s] -- Detecting CXX compiler ABI info - done
[0.281s] -- Check for working CXX compiler: /usr/bin/c++ - skipped
[0.281s] -- Detecting CXX compile features
[0.282s] -- Detecting CXX compile features - done
[0.285s] -- Found ament_cmake: 1.3.9 (/opt/ros/humble/share/ament_cmake/cmake)
[0.446s] -- Found Python3: /usr/bin/python3 (found version "3.10.12") found components: Interpreter 
[0.517s] -- Override CMake install command with custom implementation using symlinks instead of copying resources
[0.631s] -- Configuring done
[0.633s] -- Generating done
[0.634s] -- Build files have been written to: /home/vincent/pfe/open-manipulator/build/open_manipulator_x_description
[0.639s] Invoked command in '/home/vincent/pfe/open-manipulator/build/open_manipulator_x_description' returned '0': CMAKE_PREFIX_PATH=${CMAKE_PREFIX_PATH}:/home/vincent/pfe/open-manipulator/install/open_manipulator_x_teleop:/opt/ros/humble /usr/bin/cmake /home/vincent/pfe/open-manipulator/open_manipulator/open_manipulator_x_description -DAMENT_CMAKE_SYMLINK_INSTALL=1 -DCMAKE_INSTALL_PREFIX=/home/vincent/pfe/open-manipulator/install/open_manipulator_x_description
[0.641s] Invoking command in '/home/vincent/pfe/open-manipulator/build/open_manipulator_x_description': CMAKE_PREFIX_PATH=${CMAKE_PREFIX_PATH}:/home/vincent/pfe/open-manipulator/install/open_manipulator_x_teleop:/opt/ros/humble /usr/bin/cmake --build /home/vincent/pfe/open-manipulator/build/open_manipulator_x_description -- -j16 -l16
[0.680s] Invoked command in '/home/vincent/pfe/open-manipulator/build/open_manipulator_x_description' returned '0': CMAKE_PREFIX_PATH=${CMAKE_PREFIX_PATH}:/home/vincent/pfe/open-manipulator/install/open_manipulator_x_teleop:/opt/ros/humble /usr/bin/cmake --build /home/vincent/pfe/open-manipulator/build/open_manipulator_x_description -- -j16 -l16
[0.717s] Invoking command in '/home/vincent/pfe/open-manipulator/build/open_manipulator_x_description': CMAKE_PREFIX_PATH=${CMAKE_PREFIX_PATH}:/home/vincent/pfe/open-manipulator/install/open_manipulator_x_teleop:/opt/ros/humble /usr/bin/cmake --install /home/vincent/pfe/open-manipulator/build/open_manipulator_x_description
[0.723s] -- Install configuration: ""
[0.724s] -- Execute custom install script
[0.724s] -- Symlinking: /home/vincent/pfe/open-manipulator/install/open_manipulator_x_description/share/open_manipulator_x_description/launch/.DS_Store
[0.733s] -- Symlinking: /home/vincent/pfe/open-manipulator/install/open_manipulator_x_description/share/open_manipulator_x_description/launch/open_manipulator_x_rviz.launch.py
[0.742s] -- Symlinking: /home/vincent/pfe/open-manipulator/install/open_manipulator_x_description/share/open_manipulator_x_description/meshes/chain_link1.stl
[0.751s] -- Symlinking: /home/vincent/pfe/open-manipulator/install/open_manipulator_x_description/share/open_manipulator_x_description/meshes/chain_link2.stl
[0.760s] -- Symlinking: /home/vincent/pfe/open-manipulator/install/open_manipulator_x_description/share/open_manipulator_x_description/meshes/chain_link3.stl
[0.769s] -- Symlinking: /home/vincent/pfe/open-manipulator/install/open_manipulator_x_description/share/open_manipulator_x_description/meshes/chain_link4.stl
[0.779s] -- Symlinking: /home/vincent/pfe/open-manipulator/install/open_manipulator_x_description/share/open_manipulator_x_description/meshes/chain_link5.stl
[0.788s] -- Symlinking: /home/vincent/pfe/open-manipulator/install/open_manipulator_x_description/share/open_manipulator_x_description/meshes/chain_link_grip_l.stl
[0.799s] -- Symlinking: /home/vincent/pfe/open-manipulator/install/open_manipulator_x_description/share/open_manipulator_x_description/meshes/chain_link_grip_r.stl
[0.809s] -- Symlinking: /home/vincent/pfe/open-manipulator/install/open_manipulator_x_description/share/open_manipulator_x_description/rviz/open_manipulator_x.rviz
[0.820s] -- Symlinking: /home/vincent/pfe/open-manipulator/install/open_manipulator_x_description/share/open_manipulator_x_description/urdf/materials.xacro
[0.834s] -- Symlinking: /home/vincent/pfe/open-manipulator/install/open_manipulator_x_description/share/open_manipulator_x_description/urdf/open_manipulator_x.gazebo.xacro
[0.845s] -- Symlinking: /home/vincent/pfe/open-manipulator/install/open_manipulator_x_description/share/open_manipulator_x_description/urdf/open_manipulator_x.transmission.xacro
[0.856s] -- Symlinking: /home/vincent/pfe/open-manipulator/install/open_manipulator_x_description/share/open_manipulator_x_description/urdf/open_manipulator_x.urdf.xacro
[0.870s] -- Symlinking: /home/vincent/pfe/open-manipulator/install/open_manipulator_x_description/share/open_manipulator_x_description/urdf/open_manipulator_x_robot.urdf.xacro
[0.882s] -- Symlinking: /home/vincent/pfe/open-manipulator/install/open_manipulator_x_description/share/ament_index/resource_index/package_run_dependencies/open_manipulator_x_description
[0.892s] -- Symlinking: /home/vincent/pfe/open-manipulator/install/open_manipulator_x_description/share/ament_index/resource_index/parent_prefix_path/open_manipulator_x_description
[0.905s] -- Symlinking: /home/vincent/pfe/open-manipulator/install/open_manipulator_x_description/share/open_manipulator_x_description/environment/ament_prefix_path.sh
[0.919s] -- Symlinking: /home/vincent/pfe/open-manipulator/install/open_manipulator_x_description/share/open_manipulator_x_description/environment/ament_prefix_path.dsv
[0.930s] -- Symlinking: /home/vincent/pfe/open-manipulator/install/open_manipulator_x_description/share/open_manipulator_x_description/environment/path.sh
[0.941s] -- Symlinking: /home/vincent/pfe/open-manipulator/install/open_manipulator_x_description/share/open_manipulator_x_description/environment/path.dsv
[0.955s] -- Symlinking: /home/vincent/pfe/open-manipulator/install/open_manipulator_x_description/share/open_manipulator_x_description/local_setup.bash
[0.967s] -- Symlinking: /home/vincent/pfe/open-manipulator/install/open_manipulator_x_description/share/open_manipulator_x_description/local_setup.sh
[0.977s] -- Symlinking: /home/vincent/pfe/open-manipulator/install/open_manipulator_x_description/share/open_manipulator_x_description/local_setup.zsh
[0.990s] -- Symlinking: /home/vincent/pfe/open-manipulator/install/open_manipulator_x_description/share/open_manipulator_x_description/local_setup.dsv
[1.003s] -- Symlinking: /home/vincent/pfe/open-manipulator/install/open_manipulator_x_description/share/open_manipulator_x_description/package.dsv
[1.015s] -- Symlinking: /home/vincent/pfe/open-manipulator/install/open_manipulator_x_description/share/ament_index/resource_index/packages/open_manipulator_x_description
[1.027s] -- Symlinking: /home/vincent/pfe/open-manipulator/install/open_manipulator_x_description/share/open_manipulator_x_description/cmake/open_manipulator_x_descriptionConfig.cmake
[1.041s] -- Symlinking: /home/vincent/pfe/open-manipulator/install/open_manipulator_x_description/share/open_manipulator_x_description/cmake/open_manipulator_x_descriptionConfig-version.cmake
[1.054s] -- Symlinking: /home/vincent/pfe/open-manipulator/install/open_manipulator_x_description/share/open_manipulator_x_description/package.xml
[1.070s] Invoked command in '/home/vincent/pfe/open-manipulator/build/open_manipulator_x_description' returned '0': CMAKE_PREFIX_PATH=${CMAKE_PREFIX_PATH}:/home/vincent/pfe/open-manipulator/install/open_manipulator_x_teleop:/opt/ros/humble /usr/bin/cmake --install /home/vincent/pfe/open-manipulator/build/open_manipulator_x_description
