[0.492s] Invoking command in '/home/vincent/pfe/open-manipulator/build/open_manipulator_x_teleop': CMAKE_PREFIX_PATH=/home/vincent/pfe/open-manipulator/install/open_manipulator_msgs:/home/vincent/pfe/open-manipulator/install/open-manipulator-moveit:/home/vincent/pfe/open-manipulator/install/open_manipulator:/home/vincent/pfe/open-manipulator/install/open_manipulator_x_controller:/home/vincent/pfe/open-manipulator/install/open_manipulator_x_libs:/home/vincent/pfe/open-manipulator/install/robotis_manipulator:/home/vincent/pfe/open-manipulator/install/open_manipulator_x_description:/home/vincent/pfe/open-manipulator/install/cmake_modules:/home/vincent/turtlebot3_manipulation/install/turtlebot3_manipulation:/home/vincent/turtlebot3_manipulation/install/turtlebot3_manipulation_teleop:/home/vincent/turtlebot3_manipulation/install/turtlebot3_manipulation_navigation2:/home/vincent/turtlebot3_manipulation/install/turtlebot3_manipulation_moveit_config:/home/vincent/turtlebot3_manipulation/install/turtlebot3_manipulation_hardware:/home/vincent/turtlebot3_manipulation/install/turtlebot3_manipulation_bringup:/home/vincent/turtlebot3_manipulation/install/turtlebot3_manipulation_description:/home/vincent/turtlebot3_manipulation/install/turtlebot3_manipulation_cartographer:/home/vincent/ros2_ws/install/zed_interfaces LD_LIBRARY_PATH=/home/vincent/pfe/open-manipulator/install/open_manipulator_msgs/lib:/home/vincent/pfe/open-manipulator/install/open_manipulator_x_libs/lib:/home/vincent/pfe/open-manipulator/install/robotis_manipulator/lib:/home/vincent/turtlebot3_manipulation/install/turtlebot3_manipulation_hardware/lib:/home/vincent/ros2_ws/install/zed_interfaces/lib:/usr/lib/x86_64-linux-gnu/gazebo-11/plugins:/opt/ros/humble/opt/rviz_ogre_vendor/lib:/opt/ros/humble/lib/x86_64-linux-gnu:/opt/ros/humble/lib PYTHONPATH=/home/vincent/pfe/open-manipulator/build/open_manipulator_x_teleop/prefix_override:/home/vincent/pfe/open-manipulator/install/open_manipulator_x_teleop/lib/python3.10/site-packages:${PYTHONPATH} /usr/bin/python3 -W ignore:setup.py install is deprecated setup.py develop --editable --build-directory /home/vincent/pfe/open-manipulator/build/open_manipulator_x_teleop/build --no-deps symlink_data
[0.733s] running develop
[0.734s] /usr/lib/python3/dist-packages/setuptools/command/easy_install.py:158: EasyInstallDeprecationWarning: easy_install command is deprecated. Use build and pip and other standards-based tools.
[0.734s]   warnings.warn(
[0.898s] running egg_info
[0.899s] creating open_manipulator_x_teleop.egg-info
[0.899s] writing open_manipulator_x_teleop.egg-info/PKG-INFO
[0.899s] writing dependency_links to open_manipulator_x_teleop.egg-info/dependency_links.txt
[0.899s] writing entry points to open_manipulator_x_teleop.egg-info/entry_points.txt
[0.899s] writing requirements to open_manipulator_x_teleop.egg-info/requires.txt
[0.899s] writing top-level names to open_manipulator_x_teleop.egg-info/top_level.txt
[0.900s] writing manifest file 'open_manipulator_x_teleop.egg-info/SOURCES.txt'
[0.902s] reading manifest file 'open_manipulator_x_teleop.egg-info/SOURCES.txt'
[0.902s] writing manifest file 'open_manipulator_x_teleop.egg-info/SOURCES.txt'
[0.903s] running build_ext
[0.904s] Creating /home/vincent/pfe/open-manipulator/install/open_manipulator_x_teleop/lib/python3.10/site-packages/open-manipulator-x-teleop.egg-link (link to .)
[0.905s] Installing teleop_keyboard script to /home/vincent/pfe/open-manipulator/install/open_manipulator_x_teleop/lib/open_manipulator_x_teleop
[0.905s] 
[0.905s] Installed /home/vincent/pfe/open-manipulator/build/open_manipulator_x_teleop
[0.905s] running symlink_data
[0.905s] creating /home/vincent/pfe/open-manipulator/install/open_manipulator_x_teleop/share/ament_index
[0.905s] creating /home/vincent/pfe/open-manipulator/install/open_manipulator_x_teleop/share/ament_index/resource_index
[0.905s] creating /home/vincent/pfe/open-manipulator/install/open_manipulator_x_teleop/share/ament_index/resource_index/packages
[0.905s] symbolically linking /home/vincent/pfe/open-manipulator/build/open_manipulator_x_teleop/resource/open_manipulator_x_teleop -> /home/vincent/pfe/open-manipulator/install/open_manipulator_x_teleop/share/ament_index/resource_index/packages
[0.905s] symbolically linking /home/vincent/pfe/open-manipulator/build/open_manipulator_x_teleop/package.xml -> /home/vincent/pfe/open-manipulator/install/open_manipulator_x_teleop/share/open_manipulator_x_teleop
[0.957s] Invoked command in '/home/vincent/pfe/open-manipulator/build/open_manipulator_x_teleop' returned '0': CMAKE_PREFIX_PATH=/home/vincent/pfe/open-manipulator/install/open_manipulator_msgs:/home/vincent/pfe/open-manipulator/install/open-manipulator-moveit:/home/vincent/pfe/open-manipulator/install/open_manipulator:/home/vincent/pfe/open-manipulator/install/open_manipulator_x_controller:/home/vincent/pfe/open-manipulator/install/open_manipulator_x_libs:/home/vincent/pfe/open-manipulator/install/robotis_manipulator:/home/vincent/pfe/open-manipulator/install/open_manipulator_x_description:/home/vincent/pfe/open-manipulator/install/cmake_modules:/home/vincent/turtlebot3_manipulation/install/turtlebot3_manipulation:/home/vincent/turtlebot3_manipulation/install/turtlebot3_manipulation_teleop:/home/vincent/turtlebot3_manipulation/install/turtlebot3_manipulation_navigation2:/home/vincent/turtlebot3_manipulation/install/turtlebot3_manipulation_moveit_config:/home/vincent/turtlebot3_manipulation/install/turtlebot3_manipulation_hardware:/home/vincent/turtlebot3_manipulation/install/turtlebot3_manipulation_bringup:/home/vincent/turtlebot3_manipulation/install/turtlebot3_manipulation_description:/home/vincent/turtlebot3_manipulation/install/turtlebot3_manipulation_cartographer:/home/vincent/ros2_ws/install/zed_interfaces LD_LIBRARY_PATH=/home/vincent/pfe/open-manipulator/install/open_manipulator_msgs/lib:/home/vincent/pfe/open-manipulator/install/open_manipulator_x_libs/lib:/home/vincent/pfe/open-manipulator/install/robotis_manipulator/lib:/home/vincent/turtlebot3_manipulation/install/turtlebot3_manipulation_hardware/lib:/home/vincent/ros2_ws/install/zed_interfaces/lib:/usr/lib/x86_64-linux-gnu/gazebo-11/plugins:/opt/ros/humble/opt/rviz_ogre_vendor/lib:/opt/ros/humble/lib/x86_64-linux-gnu:/opt/ros/humble/lib PYTHONPATH=/home/vincent/pfe/open-manipulator/build/open_manipulator_x_teleop/prefix_override:/home/vincent/pfe/open-manipulator/install/open_manipulator_x_teleop/lib/python3.10/site-packages:${PYTHONPATH} /usr/bin/python3 -W ignore:setup.py install is deprecated setup.py develop --editable --build-directory /home/vincent/pfe/open-manipulator/build/open_manipulator_x_teleop/build --no-deps symlink_data
