[0.016s] Invoking command in '/home/vincent/pfe/ws/build/crawler': CMAKE_PREFIX_PATH=${CMAKE_PREFIX_PATH}:/opt/ros/humble /usr/bin/cmake /home/vincent/pfe/ws/crawler -DAMENT_CMAKE_SYMLINK_INSTALL=1 -DCMAKE_INSTALL_PREFIX=/home/vincent/pfe/ws/install/crawler
[0.028s] -- Found ament_cmake: 1.3.9 (/opt/ros/humble/share/ament_cmake/cmake)
[0.135s] -- Override CMake install command with custom implementation using symlinks instead of copying resources
[0.198s] -- Configuring done
[0.201s] -- Generating done
[0.202s] -- Build files have been written to: /home/vincent/pfe/ws/build/crawler
[0.206s] Invoked command in '/home/vincent/pfe/ws/build/crawler' returned '0': CMAKE_PREFIX_PATH=${CMAKE_PREFIX_PATH}:/opt/ros/humble /usr/bin/cmake /home/vincent/pfe/ws/crawler -DAMENT_CMAKE_SYMLINK_INSTALL=1 -DCMAKE_INSTALL_PREFIX=/home/vincent/pfe/ws/install/crawler
[0.208s] Invoking command in '/home/vincent/pfe/ws/build/crawler': CMAKE_PREFIX_PATH=${CMAKE_PREFIX_PATH}:/opt/ros/humble /usr/bin/cmake --build /home/vincent/pfe/ws/build/crawler -- -j16 -l16
[0.253s] Invoked command in '/home/vincent/pfe/ws/build/crawler' returned '0': CMAKE_PREFIX_PATH=${CMAKE_PREFIX_PATH}:/opt/ros/humble /usr/bin/cmake --build /home/vincent/pfe/ws/build/crawler -- -j16 -l16
[0.295s] Invoking command in '/home/vincent/pfe/ws/build/crawler': CMAKE_PREFIX_PATH=${CMAKE_PREFIX_PATH}:/opt/ros/humble /usr/bin/cmake --install /home/vincent/pfe/ws/build/crawler
[0.303s] -- Install configuration: ""
[0.303s] -- Execute custom install script
[0.303s] -- Symlinking: /home/vincent/pfe/ws/install/crawler/share/crawler/description/robot.urdf.xacro
[0.315s] -- Symlinking: /home/vincent/pfe/ws/install/crawler/share/crawler/description/robot_core.xacro
[0.328s] -- Symlinking: /home/vincent/pfe/ws/install/crawler/share/crawler/description/ros2_control.xacro
[0.339s] -- Symlinking: /home/vincent/pfe/ws/install/crawler/share/crawler/launch/robot.launch.py
[0.349s] -- Symlinking: /home/vincent/pfe/ws/install/crawler/share/crawler/launch/rsp.launch.py
[0.361s] -- Symlinking: /home/vincent/pfe/ws/install/crawler/share/crawler/meshes/chassis.dae
[0.375s] -- Symlinking: /home/vincent/pfe/ws/install/crawler/share/crawler/meshes/chassis.stl
[0.388s] -- Symlinking: /home/vincent/pfe/ws/install/crawler/share/ament_index/resource_index/package_run_dependencies/crawler
[0.401s] -- Symlinking: /home/vincent/pfe/ws/install/crawler/share/ament_index/resource_index/parent_prefix_path/crawler
[0.416s] -- Symlinking: /home/vincent/pfe/ws/install/crawler/share/crawler/environment/ament_prefix_path.sh
[0.430s] -- Symlinking: /home/vincent/pfe/ws/install/crawler/share/crawler/environment/ament_prefix_path.dsv
[0.443s] -- Symlinking: /home/vincent/pfe/ws/install/crawler/share/crawler/environment/path.sh
[0.457s] -- Symlinking: /home/vincent/pfe/ws/install/crawler/share/crawler/environment/path.dsv
[0.471s] -- Symlinking: /home/vincent/pfe/ws/install/crawler/share/crawler/local_setup.bash
[0.485s] -- Symlinking: /home/vincent/pfe/ws/install/crawler/share/crawler/local_setup.sh
[0.498s] -- Symlinking: /home/vincent/pfe/ws/install/crawler/share/crawler/local_setup.zsh
[0.509s] -- Symlinking: /home/vincent/pfe/ws/install/crawler/share/crawler/local_setup.dsv
[0.522s] -- Symlinking: /home/vincent/pfe/ws/install/crawler/share/crawler/package.dsv
[0.533s] -- Symlinking: /home/vincent/pfe/ws/install/crawler/share/ament_index/resource_index/packages/crawler
[0.544s] -- Symlinking: /home/vincent/pfe/ws/install/crawler/share/crawler/cmake/crawlerConfig.cmake
[0.554s] -- Symlinking: /home/vincent/pfe/ws/install/crawler/share/crawler/cmake/crawlerConfig-version.cmake
[0.566s] -- Symlinking: /home/vincent/pfe/ws/install/crawler/share/crawler/package.xml
[0.580s] Invoked command in '/home/vincent/pfe/ws/build/crawler' returned '0': CMAKE_PREFIX_PATH=${CMAKE_PREFIX_PATH}:/opt/ros/humble /usr/bin/cmake --install /home/vincent/pfe/ws/build/crawler
