[0.018s] Invoking command in '/home/vincent/pfe/open-manipulator/build/robotis_manipulator': CMAKE_PREFIX_PATH=/home/vincent/pfe/open-manipulator/install/cmake_modules:/home/vincent/pfe/open-manipulator/install/open-manipulator-moveit:/home/vincent/pfe/open-manipulator/install/open_manipulator:/home/vincent/pfe/open-manipulator/install/open_manipulator_x_controller:/home/vincent/pfe/open-manipulator/install/open_manipulator_x_libs:/home/vincent/pfe/open-manipulator/install/robotis_manipulator:/home/vincent/pfe/open-manipulator/install/open_manipulator_x_description:/home/vincent/pfe/open-manipulator/install/open_manipulator_msgs:/home/vincent/turtlebot3_manipulation/install/turtlebot3_manipulation:/home/vincent/turtlebot3_manipulation/install/turtlebot3_manipulation_teleop:/home/vincent/turtlebot3_manipulation/install/turtlebot3_manipulation_navigation2:/home/vincent/turtlebot3_manipulation/install/turtlebot3_manipulation_moveit_config:/home/vincent/turtlebot3_manipulation/install/turtlebot3_manipulation_hardware:/home/vincent/turtlebot3_manipulation/install/turtlebot3_manipulation_bringup:/home/vincent/turtlebot3_manipulation/install/turtlebot3_manipulation_description:/home/vincent/turtlebot3_manipulation/install/turtlebot3_manipulation_cartographer:/home/vincent/ros2_ws/install/zed_interfaces:/home/vincent/pfe/open-manipulator/install/open_manipulator_x_teleop:/opt/ros/humble /usr/bin/cmake /home/vincent/pfe/open-manipulator/robotis_manipulator -DAMENT_CMAKE_SYMLINK_INSTALL=1 -DCMAKE_INSTALL_PREFIX=/home/vincent/pfe/open-manipulator/install/robotis_manipulator
[0.085s] -- The C compiler identification is GNU 11.4.0
[0.155s] -- The CXX compiler identification is GNU 11.4.0
[0.165s] -- Detecting C compiler ABI info
[0.268s] -- Detecting C compiler ABI info - done
[0.275s] -- Check for working C compiler: /usr/bin/cc - skipped
[0.275s] -- Detecting C compile features
[0.275s] -- Detecting C compile features - done
[0.278s] -- Detecting CXX compiler ABI info
[0.387s] -- Detecting CXX compiler ABI info - done
[0.398s] -- Check for working CXX compiler: /usr/bin/c++ - skipped
[0.399s] -- Detecting CXX compile features
[0.399s] -- Detecting CXX compile features - done
[0.414s] -- Found ament_cmake: 1.3.9 (/opt/ros/humble/share/ament_cmake/cmake)
[0.591s] -- Found Python3: /usr/bin/python3 (found version "3.10.12") found components: Interpreter 
[0.661s] -- Override CMake install command with custom implementation using symlinks instead of copying resources
[0.710s] -- Found cmake_modules: 0.4.1 (/home/vincent/pfe/open-manipulator/install/cmake_modules/share/cmake_modules/cmake)
[0.713s] -- Found rclcpp: 16.0.9 (/opt/ros/humble/share/rclcpp/cmake)
[0.776s] -- Found rosidl_generator_c: 3.1.5 (/opt/ros/humble/share/rosidl_generator_c/cmake)
[0.783s] -- Found rosidl_adapter: 3.1.5 (/opt/ros/humble/share/rosidl_adapter/cmake)
[0.794s] -- Found rosidl_generator_cpp: 3.1.5 (/opt/ros/humble/share/rosidl_generator_cpp/cmake)
[0.810s] -- Using all available rosidl_typesupport_c: rosidl_typesupport_fastrtps_c;rosidl_typesupport_introspection_c
[0.829s] -- Using all available rosidl_typesupport_cpp: rosidl_typesupport_fastrtps_cpp;rosidl_typesupport_introspection_cpp
[0.896s] -- Found rmw_implementation_cmake: 6.1.2 (/opt/ros/humble/share/rmw_implementation_cmake/cmake)
[0.900s] -- Found rmw_fastrtps_cpp: 6.2.6 (/opt/ros/humble/share/rmw_fastrtps_cpp/cmake)
[1.005s] -- Found OpenSSL: /usr/lib/x86_64-linux-gnu/libcrypto.so (found version "3.0.2")  
[1.025s] -- Found FastRTPS: /opt/ros/humble/include  
[1.056s] -- Using RMW implementation 'rmw_fastrtps_cpp' as default
[1.070s] -- Looking for pthread.h
[1.148s] -- Looking for pthread.h - found
[1.149s] -- Performing Test CMAKE_HAVE_LIBC_PTHREAD
[1.224s] -- Performing Test CMAKE_HAVE_LIBC_PTHREAD - Success
[1.226s] -- Found Threads: TRUE  
[1.424s] -- Configuring done
[1.434s] -- Generating done
[1.436s] -- Build files have been written to: /home/vincent/pfe/open-manipulator/build/robotis_manipulator
[1.447s] Invoked command in '/home/vincent/pfe/open-manipulator/build/robotis_manipulator' returned '0': CMAKE_PREFIX_PATH=/home/vincent/pfe/open-manipulator/install/cmake_modules:/home/vincent/pfe/open-manipulator/install/open-manipulator-moveit:/home/vincent/pfe/open-manipulator/install/open_manipulator:/home/vincent/pfe/open-manipulator/install/open_manipulator_x_controller:/home/vincent/pfe/open-manipulator/install/open_manipulator_x_libs:/home/vincent/pfe/open-manipulator/install/robotis_manipulator:/home/vincent/pfe/open-manipulator/install/open_manipulator_x_description:/home/vincent/pfe/open-manipulator/install/open_manipulator_msgs:/home/vincent/turtlebot3_manipulation/install/turtlebot3_manipulation:/home/vincent/turtlebot3_manipulation/install/turtlebot3_manipulation_teleop:/home/vincent/turtlebot3_manipulation/install/turtlebot3_manipulation_navigation2:/home/vincent/turtlebot3_manipulation/install/turtlebot3_manipulation_moveit_config:/home/vincent/turtlebot3_manipulation/install/turtlebot3_manipulation_hardware:/home/vincent/turtlebot3_manipulation/install/turtlebot3_manipulation_bringup:/home/vincent/turtlebot3_manipulation/install/turtlebot3_manipulation_description:/home/vincent/turtlebot3_manipulation/install/turtlebot3_manipulation_cartographer:/home/vincent/ros2_ws/install/zed_interfaces:/home/vincent/pfe/open-manipulator/install/open_manipulator_x_teleop:/opt/ros/humble /usr/bin/cmake /home/vincent/pfe/open-manipulator/robotis_manipulator -DAMENT_CMAKE_SYMLINK_INSTALL=1 -DCMAKE_INSTALL_PREFIX=/home/vincent/pfe/open-manipulator/install/robotis_manipulator
[1.449s] Invoking command in '/home/vincent/pfe/open-manipulator/build/robotis_manipulator': CMAKE_PREFIX_PATH=/home/vincent/pfe/open-manipulator/install/cmake_modules:/home/vincent/pfe/open-manipulator/install/open-manipulator-moveit:/home/vincent/pfe/open-manipulator/install/open_manipulator:/home/vincent/pfe/open-manipulator/install/open_manipulator_x_controller:/home/vincent/pfe/open-manipulator/install/open_manipulator_x_libs:/home/vincent/pfe/open-manipulator/install/robotis_manipulator:/home/vincent/pfe/open-manipulator/install/open_manipulator_x_description:/home/vincent/pfe/open-manipulator/install/open_manipulator_msgs:/home/vincent/turtlebot3_manipulation/install/turtlebot3_manipulation:/home/vincent/turtlebot3_manipulation/install/turtlebot3_manipulation_teleop:/home/vincent/turtlebot3_manipulation/install/turtlebot3_manipulation_navigation2:/home/vincent/turtlebot3_manipulation/install/turtlebot3_manipulation_moveit_config:/home/vincent/turtlebot3_manipulation/install/turtlebot3_manipulation_hardware:/home/vincent/turtlebot3_manipulation/install/turtlebot3_manipulation_bringup:/home/vincent/turtlebot3_manipulation/install/turtlebot3_manipulation_description:/home/vincent/turtlebot3_manipulation/install/turtlebot3_manipulation_cartographer:/home/vincent/ros2_ws/install/zed_interfaces:/home/vincent/pfe/open-manipulator/install/open_manipulator_x_teleop:/opt/ros/humble /usr/bin/cmake --build /home/vincent/pfe/open-manipulator/build/robotis_manipulator -- -j16 -l16
[1.507s] [ 85%] [32mBuilding CXX object CMakeFiles/robotis_manipulator.dir/src/robotis_manipulator/robotis_manipulator_trajectory_generator.cpp.o[0m
[1.507s] [ 85%] [32mBuilding CXX object CMakeFiles/robotis_manipulator.dir/src/robotis_manipulator/robotis_manipulator_common.cpp.o[0m
[1.507s] [ 85%] [32mBuilding CXX object CMakeFiles/robotis_manipulator.dir/src/robotis_manipulator/robotis_manipulator_log.cpp.o[0m
[1.507s] [ 85%] [32mBuilding CXX object CMakeFiles/robotis_manipulator.dir/src/robotis_manipulator/robotis_manipulator_math.cpp.o[0m
[1.507s] [ 85%] [32mBuilding CXX object CMakeFiles/robotis_manipulator.dir/src/robotis_manipulator/robotis_manipulator_manager.cpp.o[0m
[1.507s] [ 85%] [32mBuilding CXX object CMakeFiles/robotis_manipulator.dir/src/robotis_manipulator/robotis_manipulator.cpp.o[0m
[8.563s] [100%] [32m[1mLinking CXX shared library librobotis_manipulator.so[0m
[8.861s] [100%] Built target robotis_manipulator
[9.061s] Invoked command in '/home/vincent/pfe/open-manipulator/build/robotis_manipulator' returned '0': CMAKE_PREFIX_PATH=/home/vincent/pfe/open-manipulator/install/cmake_modules:/home/vincent/pfe/open-manipulator/install/open-manipulator-moveit:/home/vincent/pfe/open-manipulator/install/open_manipulator:/home/vincent/pfe/open-manipulator/install/open_manipulator_x_controller:/home/vincent/pfe/open-manipulator/install/open_manipulator_x_libs:/home/vincent/pfe/open-manipulator/install/robotis_manipulator:/home/vincent/pfe/open-manipulator/install/open_manipulator_x_description:/home/vincent/pfe/open-manipulator/install/open_manipulator_msgs:/home/vincent/turtlebot3_manipulation/install/turtlebot3_manipulation:/home/vincent/turtlebot3_manipulation/install/turtlebot3_manipulation_teleop:/home/vincent/turtlebot3_manipulation/install/turtlebot3_manipulation_navigation2:/home/vincent/turtlebot3_manipulation/install/turtlebot3_manipulation_moveit_config:/home/vincent/turtlebot3_manipulation/install/turtlebot3_manipulation_hardware:/home/vincent/turtlebot3_manipulation/install/turtlebot3_manipulation_bringup:/home/vincent/turtlebot3_manipulation/install/turtlebot3_manipulation_description:/home/vincent/turtlebot3_manipulation/install/turtlebot3_manipulation_cartographer:/home/vincent/ros2_ws/install/zed_interfaces:/home/vincent/pfe/open-manipulator/install/open_manipulator_x_teleop:/opt/ros/humble /usr/bin/cmake --build /home/vincent/pfe/open-manipulator/build/robotis_manipulator -- -j16 -l16
[9.114s] Invoking command in '/home/vincent/pfe/open-manipulator/build/robotis_manipulator': CMAKE_PREFIX_PATH=/home/vincent/pfe/open-manipulator/install/cmake_modules:/home/vincent/pfe/open-manipulator/install/open-manipulator-moveit:/home/vincent/pfe/open-manipulator/install/open_manipulator:/home/vincent/pfe/open-manipulator/install/open_manipulator_x_controller:/home/vincent/pfe/open-manipulator/install/open_manipulator_x_libs:/home/vincent/pfe/open-manipulator/install/robotis_manipulator:/home/vincent/pfe/open-manipulator/install/open_manipulator_x_description:/home/vincent/pfe/open-manipulator/install/open_manipulator_msgs:/home/vincent/turtlebot3_manipulation/install/turtlebot3_manipulation:/home/vincent/turtlebot3_manipulation/install/turtlebot3_manipulation_teleop:/home/vincent/turtlebot3_manipulation/install/turtlebot3_manipulation_navigation2:/home/vincent/turtlebot3_manipulation/install/turtlebot3_manipulation_moveit_config:/home/vincent/turtlebot3_manipulation/install/turtlebot3_manipulation_hardware:/home/vincent/turtlebot3_manipulation/install/turtlebot3_manipulation_bringup:/home/vincent/turtlebot3_manipulation/install/turtlebot3_manipulation_description:/home/vincent/turtlebot3_manipulation/install/turtlebot3_manipulation_cartographer:/home/vincent/ros2_ws/install/zed_interfaces:/home/vincent/pfe/open-manipulator/install/open_manipulator_x_teleop:/opt/ros/humble /usr/bin/cmake --install /home/vincent/pfe/open-manipulator/build/robotis_manipulator
[9.122s] -- Install configuration: ""
[9.122s] -- Execute custom install script
[9.122s] -- Symlinking: /home/vincent/pfe/open-manipulator/install/robotis_manipulator/lib/librobotis_manipulator.so
[9.133s] -- Symlinking: /home/vincent/pfe/open-manipulator/install/robotis_manipulator/include//robotis_manipulator/robotis_manipulator.h
[9.142s] -- Symlinking: /home/vincent/pfe/open-manipulator/install/robotis_manipulator/include//robotis_manipulator/robotis_manipulator_common.h
[9.152s] -- Symlinking: /home/vincent/pfe/open-manipulator/install/robotis_manipulator/include//robotis_manipulator/robotis_manipulator_log.h
[9.162s] -- Symlinking: /home/vincent/pfe/open-manipulator/install/robotis_manipulator/include//robotis_manipulator/robotis_manipulator_manager.h
[9.173s] -- Symlinking: /home/vincent/pfe/open-manipulator/install/robotis_manipulator/include//robotis_manipulator/robotis_manipulator_math.h
[9.182s] -- Symlinking: /home/vincent/pfe/open-manipulator/install/robotis_manipulator/include//robotis_manipulator/robotis_manipulator_trajectory_generator.h
[9.191s] -- Symlinking: /home/vincent/pfe/open-manipulator/install/robotis_manipulator/share/robotis_manipulator/environment/library_path.sh
[9.199s] -- Symlinking: /home/vincent/pfe/open-manipulator/install/robotis_manipulator/share/robotis_manipulator/environment/library_path.dsv
[9.210s] -- Symlinking: /home/vincent/pfe/open-manipulator/install/robotis_manipulator/share/ament_index/resource_index/package_run_dependencies/robotis_manipulator
[9.219s] -- Symlinking: /home/vincent/pfe/open-manipulator/install/robotis_manipulator/share/ament_index/resource_index/parent_prefix_path/robotis_manipulator
[9.229s] -- Symlinking: /home/vincent/pfe/open-manipulator/install/robotis_manipulator/share/robotis_manipulator/environment/ament_prefix_path.sh
[9.238s] -- Symlinking: /home/vincent/pfe/open-manipulator/install/robotis_manipulator/share/robotis_manipulator/environment/ament_prefix_path.dsv
[9.247s] -- Symlinking: /home/vincent/pfe/open-manipulator/install/robotis_manipulator/share/robotis_manipulator/environment/path.sh
[9.257s] -- Symlinking: /home/vincent/pfe/open-manipulator/install/robotis_manipulator/share/robotis_manipulator/environment/path.dsv
[9.268s] -- Symlinking: /home/vincent/pfe/open-manipulator/install/robotis_manipulator/share/robotis_manipulator/local_setup.bash
[9.278s] -- Symlinking: /home/vincent/pfe/open-manipulator/install/robotis_manipulator/share/robotis_manipulator/local_setup.sh
[9.288s] -- Symlinking: /home/vincent/pfe/open-manipulator/install/robotis_manipulator/share/robotis_manipulator/local_setup.zsh
[9.298s] -- Symlinking: /home/vincent/pfe/open-manipulator/install/robotis_manipulator/share/robotis_manipulator/local_setup.dsv
[9.308s] -- Symlinking: /home/vincent/pfe/open-manipulator/install/robotis_manipulator/share/robotis_manipulator/package.dsv
[9.318s] -- Symlinking: /home/vincent/pfe/open-manipulator/install/robotis_manipulator/share/ament_index/resource_index/packages/robotis_manipulator
[9.328s] -- Symlinking: /home/vincent/pfe/open-manipulator/install/robotis_manipulator/share/robotis_manipulator/cmake/ament_cmake_export_include_directories-extras.cmake
[9.338s] -- Symlinking: /home/vincent/pfe/open-manipulator/install/robotis_manipulator/share/robotis_manipulator/cmake/ament_cmake_export_dependencies-extras.cmake
[9.348s] -- Symlinking: /home/vincent/pfe/open-manipulator/install/robotis_manipulator/share/robotis_manipulator/cmake/ament_cmake_export_libraries-extras.cmake
[9.358s] -- Symlinking: /home/vincent/pfe/open-manipulator/install/robotis_manipulator/share/robotis_manipulator/cmake/robotis_manipulatorConfig.cmake
[9.368s] -- Symlinking: /home/vincent/pfe/open-manipulator/install/robotis_manipulator/share/robotis_manipulator/cmake/robotis_manipulatorConfig-version.cmake
[9.379s] -- Symlinking: /home/vincent/pfe/open-manipulator/install/robotis_manipulator/share/robotis_manipulator/package.xml
[9.392s] Invoked command in '/home/vincent/pfe/open-manipulator/build/robotis_manipulator' returned '0': CMAKE_PREFIX_PATH=/home/vincent/pfe/open-manipulator/install/cmake_modules:/home/vincent/pfe/open-manipulator/install/open-manipulator-moveit:/home/vincent/pfe/open-manipulator/install/open_manipulator:/home/vincent/pfe/open-manipulator/install/open_manipulator_x_controller:/home/vincent/pfe/open-manipulator/install/open_manipulator_x_libs:/home/vincent/pfe/open-manipulator/install/robotis_manipulator:/home/vincent/pfe/open-manipulator/install/open_manipulator_x_description:/home/vincent/pfe/open-manipulator/install/open_manipulator_msgs:/home/vincent/turtlebot3_manipulation/install/turtlebot3_manipulation:/home/vincent/turtlebot3_manipulation/install/turtlebot3_manipulation_teleop:/home/vincent/turtlebot3_manipulation/install/turtlebot3_manipulation_navigation2:/home/vincent/turtlebot3_manipulation/install/turtlebot3_manipulation_moveit_config:/home/vincent/turtlebot3_manipulation/install/turtlebot3_manipulation_hardware:/home/vincent/turtlebot3_manipulation/install/turtlebot3_manipulation_bringup:/home/vincent/turtlebot3_manipulation/install/turtlebot3_manipulation_description:/home/vincent/turtlebot3_manipulation/install/turtlebot3_manipulation_cartographer:/home/vincent/ros2_ws/install/zed_interfaces:/home/vincent/pfe/open-manipulator/install/open_manipulator_x_teleop:/opt/ros/humble /usr/bin/cmake --install /home/vincent/pfe/open-manipulator/build/robotis_manipulator
