[0.011s] Invoking command in '/home/vincent/pfe/ws/src/skid_drive_controller/build/skid_drive_controller': CMAKE_PREFIX_PATH=${CMAKE_PREFIX_PATH}:/opt/ros/humble /usr/bin/cmake /home/vincent/pfe/ws/src/skid_drive_controller -DCMAKE_INSTALL_PREFIX=/home/vincent/pfe/ws/src/skid_drive_controller/install/skid_drive_controller
[0.072s] -- The CXX compiler identification is GNU 11.4.0
[0.079s] -- Detecting CXX compiler ABI info
[0.159s] -- Detecting CXX compiler ABI info - done
[0.164s] -- Check for working CXX compiler: /usr/bin/c++ - skipped
[0.164s] -- Detecting CXX compile features
[0.164s] -- Detecting CXX compile features - done
[0.167s] -- Found ament_cmake: 1.3.9 (/opt/ros/humble/share/ament_cmake/cmake)
[0.291s] -- Found Python3: /usr/bin/python3 (found version "3.10.12") found components: Interpreter 
[0.366s] -- Found backward_ros: 1.0.2 (/opt/ros/humble/share/backward_ros/cmake)
[0.377s] -- Found libdw: /usr/lib/x86_64-linux-gnu/libdw.so  
[0.383s] -- Could NOT find libbfd (missing: LIBBFD_LIBRARY LIBBFD_INCLUDE_DIR) 
[0.383s] -- BACKWARD_HAS_UNWIND=1
[0.384s] -- BACKWARD_HAS_BACKTRACE=0
[0.384s] -- BACKWARD_HAS_BACKTRACE_SYMBOL=0
[0.384s] -- BACKWARD_HAS_DW=1
[0.384s] -- BACKWARD_HAS_BFD=0
[0.384s] -- Found Backward: /opt/ros/humble/share/backward_ros/cmake  
[0.386s] -- Found controller_interface: 2.41.0 (/opt/ros/humble/share/controller_interface/cmake)
[0.421s] -- Found rosidl_generator_c: 3.1.5 (/opt/ros/humble/share/rosidl_generator_c/cmake)
[0.425s] -- Found rosidl_adapter: 3.1.5 (/opt/ros/humble/share/rosidl_adapter/cmake)
[0.433s] -- Found rosidl_generator_cpp: 3.1.5 (/opt/ros/humble/share/rosidl_generator_cpp/cmake)
[0.444s] -- Using all available rosidl_typesupport_c: rosidl_typesupport_fastrtps_c;rosidl_typesupport_introspection_c
[0.460s] -- Using all available rosidl_typesupport_cpp: rosidl_typesupport_fastrtps_cpp;rosidl_typesupport_introspection_cpp
[0.950s] -- Found rmw_implementation_cmake: 6.1.2 (/opt/ros/humble/share/rmw_implementation_cmake/cmake)
[0.952s] -- Found rmw_fastrtps_cpp: 6.2.6 (/opt/ros/humble/share/rmw_fastrtps_cpp/cmake)
[0.982s] -- Found TinyXML2 via Config file: TinyXML2_DIR-NOTFOUND
[1.048s] -- Found OpenSSL: /usr/lib/x86_64-linux-gnu/libcrypto.so (found version "3.0.2")  
[1.050s] -- Found TinyXML2 via Config file: TinyXML2_DIR-NOTFOUND
[1.062s] -- Found FastRTPS: /opt/ros/humble/include  
[1.068s] -- Found TinyXML2 via Config file: TinyXML2_DIR-NOTFOUND
[1.076s] -- Found TinyXML2 via Config file: TinyXML2_DIR-NOTFOUND
[1.086s] -- Using RMW implementation 'rmw_fastrtps_cpp' as default
[1.096s] -- Looking for C++ include pthread.h
[1.202s] -- Looking for C++ include pthread.h - found
[1.202s] -- Performing Test CMAKE_HAVE_LIBC_PTHREAD
[1.305s] -- Performing Test CMAKE_HAVE_LIBC_PTHREAD - Success
[1.306s] -- Found Threads: TRUE  
[1.492s] -- Found generate_parameter_library: 0.3.8 (/opt/ros/humble/share/generate_parameter_library/cmake)
[1.494s] -- Found parameter_traits: 0.3.8 (/opt/ros/humble/share/parameter_traits/cmake)
[1.517s] -- Found nav_msgs: 4.2.4 (/opt/ros/humble/share/nav_msgs/cmake)
[1.577s] -- Found realtime_tools: 2.5.0 (/opt/ros/humble/share/realtime_tools/cmake)
[1.613s] -- Found tf2: 0.25.7 (/opt/ros/humble/share/tf2/cmake)
[1.621s] -- Found tf2_msgs: 0.25.7 (/opt/ros/humble/share/tf2_msgs/cmake)
[1.865s] -- Found ament_cmake_gmock: 1.3.9 (/opt/ros/humble/share/ament_cmake_gmock/cmake)
[1.867s] -- Found controller_manager: 2.41.0 (/opt/ros/humble/share/controller_manager/cmake)
[2.062s] -- Found ros2_control_test_assets: 2.41.0 (/opt/ros/humble/share/ros2_control_test_assets/cmake)
[2.064s] -- Found gmock sources under '/opt/ros/humble/src/gmock_vendor': C++ tests using 'Google Mock' will be built
[2.102s] -- The C compiler identification is GNU 11.4.0
[2.109s] -- Detecting C compiler ABI info
[2.199s] -- Detecting C compiler ABI info - done
[2.204s] -- Check for working C compiler: /usr/bin/cc - skipped
[2.204s] -- Detecting C compile features
[2.205s] -- Detecting C compile features - done
[2.209s] -- Found ament_cmake_gtest: 1.3.9 (/opt/ros/humble/share/ament_cmake_gtest/cmake)
[2.210s] -- Found gtest sources under '/opt/ros/humble/src/gtest_vendor': C++ tests using 'Google Test' will be built
[2.566s] -- Configuring done
[2.571s] [31mCMake Error at /opt/ros/humble/share/ament_cmake_gmock/cmake/ament_add_gmock.cmake:69 (add_executable):
[2.571s]   Cannot find source file:
[2.572s] 
[2.572s]     test/test_skid_drive_controller.cpp
[2.572s] 
[2.572s]   Tried extensions .c .C .c++ .cc .cpp .cxx .cu .mpp .m .M .mm .ixx .cppm .h
[2.572s]   .hh .h++ .hm .hpp .hxx .in .txx .f .F .for .f77 .f90 .f95 .f03 .hip .ispc
[2.572s] Call Stack (most recent call first):
[2.572s]   /opt/ros/humble/share/ament_cmake_gmock/cmake/ament_add_gmock.cmake:52 (_ament_add_gmock)
[2.572s]   CMakeLists.txt:55 (ament_add_gmock)
[2.573s] 
[2.573s] [0m
[2.573s] [31mCMake Error at /opt/ros/humble/share/generate_parameter_library/cmake/generate_parameter_library.cmake:154 (add_executable):
[2.573s]   Cannot find source file:
[2.573s] 
[2.573s]     test/test_load_skid_drive_controller.cpp
[2.573s] 
[2.573s]   Tried extensions .c .C .c++ .cc .cpp .cxx .cu .mpp .m .M .mm .ixx .cppm .h
[2.573s]   .hh .h++ .hm .hpp .hxx .in .txx .f .F .for .f77 .f90 .f95 .f03 .hip .ispc
[2.573s] Call Stack (most recent call first):
[2.573s]   CMakeLists.txt:71 (add_rostest_with_parameters_gmock)
[2.573s] 
[2.573s] [0m
[2.573s] [31mCMake Error at /opt/ros/humble/share/ament_cmake_gmock/cmake/ament_add_gmock.cmake:69 (add_executable):
[2.573s]   No SOURCES given to target: test_skid_drive_controller
[2.573s] Call Stack (most recent call first):
[2.574s]   /opt/ros/humble/share/ament_cmake_gmock/cmake/ament_add_gmock.cmake:52 (_ament_add_gmock)
[2.574s]   CMakeLists.txt:55 (ament_add_gmock)
[2.574s] 
[2.574s] [0m
[2.574s] [31mCMake Error at /opt/ros/humble/share/generate_parameter_library/cmake/generate_parameter_library.cmake:154 (add_executable):
[2.574s]   No SOURCES given to target: test_load_skid_drive_controller
[2.574s] Call Stack (most recent call first):
[2.574s]   CMakeLists.txt:71 (add_rostest_with_parameters_gmock)
[2.574s] 
[2.574s] [0m
[2.574s] [0mCMake Generate step failed.  Build files cannot be regenerated correctly.[0m
[2.585s] Invoked command in '/home/vincent/pfe/ws/src/skid_drive_controller/build/skid_drive_controller' returned '1': CMAKE_PREFIX_PATH=${CMAKE_PREFIX_PATH}:/opt/ros/humble /usr/bin/cmake /home/vincent/pfe/ws/src/skid_drive_controller -DCMAKE_INSTALL_PREFIX=/home/vincent/pfe/ws/src/skid_drive_controller/install/skid_drive_controller
