[0.013s] Invoking command in '/home/vincent/pfe/ws/build/skid_drive_controller': CMAKE_PREFIX_PATH=${CMAKE_PREFIX_PATH}:/opt/ros/humble /usr/bin/cmake /home/vincent/pfe/ws/src/skid_drive_controller -DCMAKE_BUILD_TYPE=RelWithDebInfo -DAMENT_CMAKE_SYMLINK_INSTALL=1 -DCMAKE_INSTALL_PREFIX=/home/vincent/pfe/ws/install/skid_drive_controller
[0.022s] -- Found ament_cmake: 1.3.9 (/opt/ros/humble/share/ament_cmake/cmake)
[0.125s] -- Override CMake install command with custom implementation using symlinks instead of copying resources
[0.133s] -- Found backward_ros: 1.0.2 (/opt/ros/humble/share/backward_ros/cmake)
[0.150s] -- Could NOT find libbfd (missing: LIBBFD_LIBRARY LIBBFD_INCLUDE_DIR) 
[0.150s] -- BACKWARD_HAS_UNWIND=1
[0.150s] -- BACKWARD_HAS_BACKTRACE=0
[0.151s] -- BACKWARD_HAS_BACKTRACE_SYMBOL=0
[0.151s] -- BACKWARD_HAS_DW=1
[0.151s] -- BACKWARD_HAS_BFD=0
[0.151s] -- Found Backward: /opt/ros/humble/share/backward_ros/cmake  
[0.151s] -- Found controller_interface: 2.41.0 (/opt/ros/humble/share/controller_interface/cmake)
[0.170s] -- Found rosidl_generator_c: 3.1.5 (/opt/ros/humble/share/rosidl_generator_c/cmake)
[0.173s] -- Found rosidl_adapter: 3.1.5 (/opt/ros/humble/share/rosidl_adapter/cmake)
[0.178s] -- Found rosidl_generator_cpp: 3.1.5 (/opt/ros/humble/share/rosidl_generator_cpp/cmake)
[0.190s] -- Using all available rosidl_typesupport_c: rosidl_typesupport_fastrtps_c;rosidl_typesupport_introspection_c
[0.206s] -- Using all available rosidl_typesupport_cpp: rosidl_typesupport_fastrtps_cpp;rosidl_typesupport_introspection_cpp
[0.694s] -- Found rmw_implementation_cmake: 6.1.2 (/opt/ros/humble/share/rmw_implementation_cmake/cmake)
[0.696s] -- Found rmw_fastrtps_cpp: 6.2.6 (/opt/ros/humble/share/rmw_fastrtps_cpp/cmake)
[0.719s] -- Found TinyXML2 via Config file: TinyXML2_DIR-NOTFOUND
[0.728s] -- Found TinyXML2 via Config file: TinyXML2_DIR-NOTFOUND
[0.747s] -- Found TinyXML2 via Config file: TinyXML2_DIR-NOTFOUND
[0.755s] -- Found TinyXML2 via Config file: TinyXML2_DIR-NOTFOUND
[0.766s] -- Using RMW implementation 'rmw_fastrtps_cpp' as default
[0.982s] -- Found generate_parameter_library: 0.3.8 (/opt/ros/humble/share/generate_parameter_library/cmake)
[0.983s] -- Found parameter_traits: 0.3.8 (/opt/ros/humble/share/parameter_traits/cmake)
[0.994s] -- Found nav_msgs: 4.2.4 (/opt/ros/humble/share/nav_msgs/cmake)
[1.065s] -- Found realtime_tools: 2.5.0 (/opt/ros/humble/share/realtime_tools/cmake)
[1.092s] -- Found tf2: 0.25.7 (/opt/ros/humble/share/tf2/cmake)
[1.098s] -- Found tf2_msgs: 0.25.7 (/opt/ros/humble/share/tf2_msgs/cmake)
[1.421s] -- Configuring done
[1.451s] -- Generating done
[1.453s] -- Build files have been written to: /home/vincent/pfe/ws/build/skid_drive_controller
[1.464s] Invoked command in '/home/vincent/pfe/ws/build/skid_drive_controller' returned '0': CMAKE_PREFIX_PATH=${CMAKE_PREFIX_PATH}:/opt/ros/humble /usr/bin/cmake /home/vincent/pfe/ws/src/skid_drive_controller -DCMAKE_BUILD_TYPE=RelWithDebInfo -DAMENT_CMAKE_SYMLINK_INSTALL=1 -DCMAKE_INSTALL_PREFIX=/home/vincent/pfe/ws/install/skid_drive_controller
[1.465s] Invoking command in '/home/vincent/pfe/ws/build/skid_drive_controller': CMAKE_PREFIX_PATH=${CMAKE_PREFIX_PATH}:/opt/ros/humble /usr/bin/cmake --build /home/vincent/pfe/ws/build/skid_drive_controller -- -j16 -l16
[1.525s] [ 20%] Built target skid_drive_controller_parameters
[1.538s] [35m[1mConsolidate compiler generated dependencies of target skid_drive_controller[0m
[1.565s] [ 80%] [32mBuilding CXX object CMakeFiles/skid_drive_controller.dir/src/skid_drive_controller.cpp.o[0m
[1.565s] [ 80%] [32mBuilding CXX object CMakeFiles/skid_drive_controller.dir/src/speed_limiter.cpp.o[0m
[1.566s] [ 80%] [32mBuilding CXX object CMakeFiles/skid_drive_controller.dir/src/odometry.cpp.o[0m
[27.118s] [100%] [32m[1mLinking CXX shared library libskid_drive_controller.so[0m
[27.535s] [100%] Built target skid_drive_controller
[27.547s] Invoked command in '/home/vincent/pfe/ws/build/skid_drive_controller' returned '0': CMAKE_PREFIX_PATH=${CMAKE_PREFIX_PATH}:/opt/ros/humble /usr/bin/cmake --build /home/vincent/pfe/ws/build/skid_drive_controller -- -j16 -l16
[27.591s] Invoking command in '/home/vincent/pfe/ws/build/skid_drive_controller': CMAKE_PREFIX_PATH=${CMAKE_PREFIX_PATH}:/opt/ros/humble /usr/bin/cmake --install /home/vincent/pfe/ws/build/skid_drive_controller
[27.598s] -- Install configuration: "RelWithDebInfo"
[27.598s] -- Execute custom install script
[27.599s] -- Up-to-date symlink: /home/vincent/pfe/ws/install/skid_drive_controller/include/skid_drive_controller_parameters/skid_drive_controller_parameters.hpp
[27.599s] -- Up-to-date symlink: /home/vincent/pfe/ws/install/skid_drive_controller/share/skid_drive_controller//skid_drive_plugin.xml
[27.599s] -- Up-to-date symlink: /home/vincent/pfe/ws/install/skid_drive_controller/include/skid_drive_controller/skid_drive_controller/odometry.hpp
[27.599s] -- Up-to-date symlink: /home/vincent/pfe/ws/install/skid_drive_controller/include/skid_drive_controller/skid_drive_controller/skid_drive_controller.hpp
[27.599s] -- Up-to-date symlink: /home/vincent/pfe/ws/install/skid_drive_controller/include/skid_drive_controller/skid_drive_controller/speed_limiter.hpp
[27.599s] -- Up-to-date symlink: /home/vincent/pfe/ws/install/skid_drive_controller/include/skid_drive_controller/skid_drive_controller/visibility_control.h
[27.599s] -- Up-to-date symlink: /home/vincent/pfe/ws/install/skid_drive_controller/share/skid_drive_controller/environment/library_path.sh
[27.599s] -- Up-to-date symlink: /home/vincent/pfe/ws/install/skid_drive_controller/share/skid_drive_controller/environment/library_path.dsv
[27.599s] -- Up-to-date symlink: /home/vincent/pfe/ws/install/skid_drive_controller/share/ament_index/resource_index/package_run_dependencies/skid_drive_controller
[27.599s] -- Up-to-date symlink: /home/vincent/pfe/ws/install/skid_drive_controller/share/ament_index/resource_index/parent_prefix_path/skid_drive_controller
[27.600s] -- Up-to-date symlink: /home/vincent/pfe/ws/install/skid_drive_controller/share/skid_drive_controller/environment/ament_prefix_path.sh
[27.600s] -- Up-to-date symlink: /home/vincent/pfe/ws/install/skid_drive_controller/share/skid_drive_controller/environment/ament_prefix_path.dsv
[27.600s] -- Up-to-date symlink: /home/vincent/pfe/ws/install/skid_drive_controller/share/skid_drive_controller/environment/path.sh
[27.600s] -- Up-to-date symlink: /home/vincent/pfe/ws/install/skid_drive_controller/share/skid_drive_controller/environment/path.dsv
[27.600s] -- Up-to-date symlink: /home/vincent/pfe/ws/install/skid_drive_controller/share/skid_drive_controller/local_setup.bash
[27.600s] -- Up-to-date symlink: /home/vincent/pfe/ws/install/skid_drive_controller/share/skid_drive_controller/local_setup.sh
[27.600s] -- Up-to-date symlink: /home/vincent/pfe/ws/install/skid_drive_controller/share/skid_drive_controller/local_setup.zsh
[27.600s] -- Up-to-date symlink: /home/vincent/pfe/ws/install/skid_drive_controller/share/skid_drive_controller/local_setup.dsv
[27.600s] -- Symlinking: /home/vincent/pfe/ws/install/skid_drive_controller/share/skid_drive_controller/package.dsv
[27.610s] -- Up-to-date symlink: /home/vincent/pfe/ws/install/skid_drive_controller/share/ament_index/resource_index/packages/skid_drive_controller
[27.610s] -- Up-to-date symlink: /home/vincent/pfe/ws/install/skid_drive_controller/share/ament_index/resource_index/controller_interface__pluginlib__plugin/skid_drive_controller
[27.610s] -- Up-to-date symlink: /home/vincent/pfe/ws/install/skid_drive_controller/share/skid_drive_controller/cmake/ament_cmake_export_targets-extras.cmake
[27.610s] -- Up-to-date symlink: /home/vincent/pfe/ws/install/skid_drive_controller/share/skid_drive_controller/cmake/ament_cmake_export_dependencies-extras.cmake
[27.610s] -- Up-to-date symlink: /home/vincent/pfe/ws/install/skid_drive_controller/share/skid_drive_controller/cmake/skid_drive_controllerConfig.cmake
[27.611s] -- Up-to-date symlink: /home/vincent/pfe/ws/install/skid_drive_controller/share/skid_drive_controller/cmake/skid_drive_controllerConfig-version.cmake
[27.611s] -- Up-to-date symlink: /home/vincent/pfe/ws/install/skid_drive_controller/share/skid_drive_controller/package.xml
[27.611s] -- Installing: /home/vincent/pfe/ws/install/skid_drive_controller/lib/libskid_drive_controller.so
[27.666s] -- Set runtime path of "/home/vincent/pfe/ws/install/skid_drive_controller/lib/libskid_drive_controller.so" to ""
[27.666s] -- Up-to-date: /home/vincent/pfe/ws/install/skid_drive_controller/share/skid_drive_controller/cmake/export_skid_drive_controllerExport.cmake
[27.666s] -- Installing: /home/vincent/pfe/ws/install/skid_drive_controller/share/skid_drive_controller/cmake/export_skid_drive_controllerExport-relwithdebinfo.cmake
[27.669s] Invoked command in '/home/vincent/pfe/ws/build/skid_drive_controller' returned '0': CMAKE_PREFIX_PATH=${CMAKE_PREFIX_PATH}:/opt/ros/humble /usr/bin/cmake --install /home/vincent/pfe/ws/build/skid_drive_controller
