[0.043s] Invoking command in '/home/vincent/pfe/ws/build/skid_drive_controller': CMAKE_PREFIX_PATH=${CMAKE_PREFIX_PATH}:/opt/ros/humble /usr/bin/cmake --build /home/vincent/pfe/ws/build/skid_drive_controller -- -j16 -l16
[0.193s] [ 20%] Built target skid_drive_controller_parameters
[0.277s] [ 40%] [32mBuilding CXX object CMakeFiles/skid_drive_controller.dir/src/skid_drive_controller.cpp.o[0m
[6.330s] [01m[K/home/vincent/pfe/ws/src/skid_drive_controller/src/skid_drive_controller.cpp:[m[K In member function ‘[01m[Kvirtual controller_interface::return_type skid_drive_controller::SkidDriveController::update(const rclcpp::Time&, const rclcpp::Duration&)[m[K’:
[6.330s] [01m[K/home/vincent/pfe/ws/src/skid_drive_controller/src/skid_drive_controller.cpp:245:37:[m[K [01;31m[Kerror: [m[K‘[01m[Kmeasured_odom_[m[K’ was not declared in this scope; did you mean ‘[01m[Kmeasured_odom_twist_[m[K’?
[6.330s]   245 |   linear_command = linear_command + [01;31m[Kmeasured_odom_[m[K;
[6.330s]       |                                     [01;31m[K^~~~~~~~~~~~~~[m[K
[6.331s]       |                                     [32m[Kmeasured_odom_twist_[m[K
[6.354s] [01m[K/home/vincent/pfe/ws/src/skid_drive_controller/src/skid_drive_controller.cpp:[m[K In lambda function:
[6.354s] [01m[K/home/vincent/pfe/ws/src/skid_drive_controller/src/skid_drive_controller.cpp:407:41:[m[K [01;31m[Kerror: [m[Kno match for ‘[01m[Koperator=[m[K’ (operand types are ‘[01m[Krealtime_tools::RealtimeBox<std::shared_ptr<geometry_msgs::msg::TwistStamped_<std::allocator<void> > > >[m[K’ and ‘[01m[Kgeometry_msgs::msg::TwistWithCovariance_<std::allocator<void> >::_twist_type[m[K’ {aka ‘[01m[Kgeometry_msgs::msg::Twist_<std::allocator<void> >[m[K’})
[6.355s]   407 |       measured_odom_twist_ = msg->twist.[01;31m[Ktwist[m[K;
[6.355s]       |                                         [01;31m[K^~~~~[m[K
[6.355s] In file included from [01m[K/home/vincent/pfe/ws/src/skid_drive_controller/include/skid_drive_controller/skid_drive_controller.hpp:40[m[K,
[6.355s]                  from [01m[K/home/vincent/pfe/ws/src/skid_drive_controller/src/skid_drive_controller.cpp:25[m[K:
[6.355s] [01m[K/opt/ros/humble/include/realtime_tools/realtime_tools/realtime_box.h:46:7:[m[K [01;36m[Knote: [m[Kcandidate: ‘[01m[Krealtime_tools::RealtimeBox<std::shared_ptr<geometry_msgs::msg::TwistStamped_<std::allocator<void> > > >& realtime_tools::RealtimeBox<std::shared_ptr<geometry_msgs::msg::TwistStamped_<std::allocator<void> > > >::operator=(const realtime_tools::RealtimeBox<std::shared_ptr<geometry_msgs::msg::TwistStamped_<std::allocator<void> > > >&)[m[K’ (deleted)
[6.356s]    46 | class [01;36m[KRealtimeBox[m[K
[6.356s]       |       [01;36m[K^~~~~~~~~~~[m[K
[6.356s] [01m[K/opt/ros/humble/include/realtime_tools/realtime_tools/realtime_box.h:46:7:[m[K [01;36m[Knote: [m[K  no known conversion for argument 1 from ‘[01m[Kgeometry_msgs::msg::TwistWithCovariance_<std::allocator<void> >::_twist_type[m[K’ {aka ‘[01m[Kgeometry_msgs::msg::Twist_<std::allocator<void> >[m[K’} to ‘[01m[Kconst realtime_tools::RealtimeBox<std::shared_ptr<geometry_msgs::msg::TwistStamped_<std::allocator<void> > > >&[m[K’
[6.356s] [01m[K/opt/ros/humble/include/realtime_tools/realtime_tools/realtime_box.h:46:7:[m[K [01;36m[Knote: [m[Kcandidate: ‘[01m[Krealtime_tools::RealtimeBox<std::shared_ptr<geometry_msgs::msg::TwistStamped_<std::allocator<void> > > >& realtime_tools::RealtimeBox<std::shared_ptr<geometry_msgs::msg::TwistStamped_<std::allocator<void> > > >::operator=(realtime_tools::RealtimeBox<std::shared_ptr<geometry_msgs::msg::TwistStamped_<std::allocator<void> > > >&&)[m[K’ (deleted)
[6.356s] [01m[K/opt/ros/humble/include/realtime_tools/realtime_tools/realtime_box.h:46:7:[m[K [01;36m[Knote: [m[K  no known conversion for argument 1 from ‘[01m[Kgeometry_msgs::msg::TwistWithCovariance_<std::allocator<void> >::_twist_type[m[K’ {aka ‘[01m[Kgeometry_msgs::msg::Twist_<std::allocator<void> >[m[K’} to ‘[01m[Krealtime_tools::RealtimeBox<std::shared_ptr<geometry_msgs::msg::TwistStamped_<std::allocator<void> > > >&&[m[K’
[10.871s] gmake[2]: *** [CMakeFiles/skid_drive_controller.dir/build.make:76: CMakeFiles/skid_drive_controller.dir/src/skid_drive_controller.cpp.o] Error 1
[10.872s] gmake[1]: *** [CMakeFiles/Makefile2:165: CMakeFiles/skid_drive_controller.dir/all] Error 2
[10.872s] gmake: *** [Makefile:146: all] Error 2
[10.876s] Invoked command in '/home/vincent/pfe/ws/build/skid_drive_controller' returned '2': CMAKE_PREFIX_PATH=${CMAKE_PREFIX_PATH}:/opt/ros/humble /usr/bin/cmake --build /home/vincent/pfe/ws/build/skid_drive_controller -- -j16 -l16
