[ 20%] Built target skid_drive_controller_parameters
[35m[1mConsolidate compiler generated dependencies of target skid_drive_controller[0m
[ 40%] [32mBuilding CXX object CMakeFiles/skid_drive_controller.dir/src/skid_drive_controller.cpp.o[0m
[ 60%] [32m[1mLinking CXX shared library libskid_drive_controller.so[0m
[100%] Built target skid_drive_controller
-- Install configuration: ""
-- Up-to-date: /home/vincent/pfe/ws/install/skid_drive_controller/include/skid_drive_controller_parameters
-- Up-to-date: /home/vincent/pfe/ws/install/skid_drive_controller/include/skid_drive_controller_parameters/skid_drive_controller_parameters.hpp
-- Up-to-date: /home/vincent/pfe/ws/install/skid_drive_controller/share/skid_drive_controller/skid_drive_plugin.xml
-- Up-to-date: /home/vincent/pfe/ws/install/skid_drive_controller/include/skid_drive_controller
-- Up-to-date: /home/vincent/pfe/ws/install/skid_drive_controller/include/skid_drive_controller/skid_drive_controller
-- Up-to-date: /home/vincent/pfe/ws/install/skid_drive_controller/include/skid_drive_controller/skid_drive_controller/odometry.hpp
-- Up-to-date: /home/vincent/pfe/ws/install/skid_drive_controller/include/skid_drive_controller/skid_drive_controller/visibility_control.h
-- Up-to-date: /home/vincent/pfe/ws/install/skid_drive_controller/include/skid_drive_controller/skid_drive_controller/skid_drive_controller.hpp
-- Up-to-date: /home/vincent/pfe/ws/install/skid_drive_controller/include/skid_drive_controller/skid_drive_controller/speed_limiter.hpp
-- Installing: /home/vincent/pfe/ws/install/skid_drive_controller/lib/libskid_drive_controller.so
-- Set runtime path of "/home/vincent/pfe/ws/install/skid_drive_controller/lib/libskid_drive_controller.so" to ""
-- Up-to-date: /home/vincent/pfe/ws/install/skid_drive_controller/share/skid_drive_controller/environment/library_path.sh
-- Up-to-date: /home/vincent/pfe/ws/install/skid_drive_controller/share/skid_drive_controller/environment/library_path.dsv
-- Up-to-date: /home/vincent/pfe/ws/install/skid_drive_controller/share/ament_index/resource_index/package_run_dependencies/skid_drive_controller
-- Up-to-date: /home/vincent/pfe/ws/install/skid_drive_controller/share/ament_index/resource_index/parent_prefix_path/skid_drive_controller
-- Up-to-date: /home/vincent/pfe/ws/install/skid_drive_controller/share/skid_drive_controller/environment/ament_prefix_path.sh
-- Up-to-date: /home/vincent/pfe/ws/install/skid_drive_controller/share/skid_drive_controller/environment/ament_prefix_path.dsv
-- Up-to-date: /home/vincent/pfe/ws/install/skid_drive_controller/share/skid_drive_controller/environment/path.sh
-- Up-to-date: /home/vincent/pfe/ws/install/skid_drive_controller/share/skid_drive_controller/environment/path.dsv
-- Up-to-date: /home/vincent/pfe/ws/install/skid_drive_controller/share/skid_drive_controller/local_setup.bash
-- Up-to-date: /home/vincent/pfe/ws/install/skid_drive_controller/share/skid_drive_controller/local_setup.sh
-- Up-to-date: /home/vincent/pfe/ws/install/skid_drive_controller/share/skid_drive_controller/local_setup.zsh
-- Up-to-date: /home/vincent/pfe/ws/install/skid_drive_controller/share/skid_drive_controller/local_setup.dsv
-- Installing: /home/vincent/pfe/ws/install/skid_drive_controller/share/skid_drive_controller/package.dsv
-- Up-to-date: /home/vincent/pfe/ws/install/skid_drive_controller/share/ament_index/resource_index/packages/skid_drive_controller
-- Up-to-date: /home/vincent/pfe/ws/install/skid_drive_controller/share/ament_index/resource_index/controller_interface__pluginlib__plugin/skid_drive_controller
-- Up-to-date: /home/vincent/pfe/ws/install/skid_drive_controller/share/skid_drive_controller/cmake/export_skid_drive_controllerExport.cmake
-- Up-to-date: /home/vincent/pfe/ws/install/skid_drive_controller/share/skid_drive_controller/cmake/export_skid_drive_controllerExport-noconfig.cmake
-- Up-to-date: /home/vincent/pfe/ws/install/skid_drive_controller/share/skid_drive_controller/cmake/ament_cmake_export_targets-extras.cmake
-- Up-to-date: /home/vincent/pfe/ws/install/skid_drive_controller/share/skid_drive_controller/cmake/ament_cmake_export_dependencies-extras.cmake
-- Up-to-date: /home/vincent/pfe/ws/install/skid_drive_controller/share/skid_drive_controller/cmake/skid_drive_controllerConfig.cmake
-- Up-to-date: /home/vincent/pfe/ws/install/skid_drive_controller/share/skid_drive_controller/cmake/skid_drive_controllerConfig-version.cmake
-- Up-to-date: /home/vincent/pfe/ws/install/skid_drive_controller/share/skid_drive_controller/package.xml
