[0.009s] Invoking command in '/home/vincent/pfe/ws/build/skid_drive_controller': CMAKE_PREFIX_PATH=${CMAKE_PREFIX_PATH}:/opt/ros/humble /usr/bin/cmake --build /home/vincent/pfe/ws/build/skid_drive_controller -- -j16 -l16
[0.065s] [ 20%] Built target skid_drive_controller_parameters
[0.078s] [35m[1mConsolidate compiler generated dependencies of target skid_drive_controller[0m
[0.104s] [ 40%] [32mBuilding CXX object CMakeFiles/skid_drive_controller.dir/src/skid_drive_controller.cpp.o[0m
[12.099s] [ 60%] [32m[1mLinking CXX shared library libskid_drive_controller.so[0m
[12.848s] [100%] Built target skid_drive_controller
[12.861s] Invoked command in '/home/vincent/pfe/ws/build/skid_drive_controller' returned '0': CMAKE_PREFIX_PATH=${CMAKE_PREFIX_PATH}:/opt/ros/humble /usr/bin/cmake --build /home/vincent/pfe/ws/build/skid_drive_controller -- -j16 -l16
[12.901s] Invoking command in '/home/vincent/pfe/ws/build/skid_drive_controller': CMAKE_PREFIX_PATH=${CMAKE_PREFIX_PATH}:/opt/ros/humble /usr/bin/cmake --install /home/vincent/pfe/ws/build/skid_drive_controller
[12.909s] -- Install configuration: ""
[12.909s] -- Up-to-date: /home/vincent/pfe/ws/install/skid_drive_controller/include/skid_drive_controller_parameters
[12.909s] -- Up-to-date: /home/vincent/pfe/ws/install/skid_drive_controller/include/skid_drive_controller_parameters/skid_drive_controller_parameters.hpp
[12.909s] -- Up-to-date: /home/vincent/pfe/ws/install/skid_drive_controller/share/skid_drive_controller/skid_drive_plugin.xml
[12.910s] -- Up-to-date: /home/vincent/pfe/ws/install/skid_drive_controller/include/skid_drive_controller
[12.910s] -- Up-to-date: /home/vincent/pfe/ws/install/skid_drive_controller/include/skid_drive_controller/skid_drive_controller
[12.910s] -- Up-to-date: /home/vincent/pfe/ws/install/skid_drive_controller/include/skid_drive_controller/skid_drive_controller/odometry.hpp
[12.910s] -- Up-to-date: /home/vincent/pfe/ws/install/skid_drive_controller/include/skid_drive_controller/skid_drive_controller/visibility_control.h
[12.910s] -- Up-to-date: /home/vincent/pfe/ws/install/skid_drive_controller/include/skid_drive_controller/skid_drive_controller/skid_drive_controller.hpp
[12.910s] -- Up-to-date: /home/vincent/pfe/ws/install/skid_drive_controller/include/skid_drive_controller/skid_drive_controller/speed_limiter.hpp
[12.910s] -- Installing: /home/vincent/pfe/ws/install/skid_drive_controller/lib/libskid_drive_controller.so
[12.937s] -- Set runtime path of "/home/vincent/pfe/ws/install/skid_drive_controller/lib/libskid_drive_controller.so" to ""
[12.938s] -- Up-to-date: /home/vincent/pfe/ws/install/skid_drive_controller/share/skid_drive_controller/environment/library_path.sh
[12.938s] -- Up-to-date: /home/vincent/pfe/ws/install/skid_drive_controller/share/skid_drive_controller/environment/library_path.dsv
[12.938s] -- Up-to-date: /home/vincent/pfe/ws/install/skid_drive_controller/share/ament_index/resource_index/package_run_dependencies/skid_drive_controller
[12.938s] -- Up-to-date: /home/vincent/pfe/ws/install/skid_drive_controller/share/ament_index/resource_index/parent_prefix_path/skid_drive_controller
[12.938s] -- Up-to-date: /home/vincent/pfe/ws/install/skid_drive_controller/share/skid_drive_controller/environment/ament_prefix_path.sh
[12.938s] -- Up-to-date: /home/vincent/pfe/ws/install/skid_drive_controller/share/skid_drive_controller/environment/ament_prefix_path.dsv
[12.938s] -- Up-to-date: /home/vincent/pfe/ws/install/skid_drive_controller/share/skid_drive_controller/environment/path.sh
[12.938s] -- Up-to-date: /home/vincent/pfe/ws/install/skid_drive_controller/share/skid_drive_controller/environment/path.dsv
[12.938s] -- Up-to-date: /home/vincent/pfe/ws/install/skid_drive_controller/share/skid_drive_controller/local_setup.bash
[12.938s] -- Up-to-date: /home/vincent/pfe/ws/install/skid_drive_controller/share/skid_drive_controller/local_setup.sh
[12.939s] -- Up-to-date: /home/vincent/pfe/ws/install/skid_drive_controller/share/skid_drive_controller/local_setup.zsh
[12.939s] -- Up-to-date: /home/vincent/pfe/ws/install/skid_drive_controller/share/skid_drive_controller/local_setup.dsv
[12.939s] -- Installing: /home/vincent/pfe/ws/install/skid_drive_controller/share/skid_drive_controller/package.dsv
[12.939s] -- Up-to-date: /home/vincent/pfe/ws/install/skid_drive_controller/share/ament_index/resource_index/packages/skid_drive_controller
[12.939s] -- Up-to-date: /home/vincent/pfe/ws/install/skid_drive_controller/share/ament_index/resource_index/controller_interface__pluginlib__plugin/skid_drive_controller
[12.939s] -- Up-to-date: /home/vincent/pfe/ws/install/skid_drive_controller/share/skid_drive_controller/cmake/export_skid_drive_controllerExport.cmake
[12.939s] -- Up-to-date: /home/vincent/pfe/ws/install/skid_drive_controller/share/skid_drive_controller/cmake/export_skid_drive_controllerExport-noconfig.cmake
[12.939s] -- Up-to-date: /home/vincent/pfe/ws/install/skid_drive_controller/share/skid_drive_controller/cmake/ament_cmake_export_targets-extras.cmake
[12.939s] -- Up-to-date: /home/vincent/pfe/ws/install/skid_drive_controller/share/skid_drive_controller/cmake/ament_cmake_export_dependencies-extras.cmake
[12.939s] -- Up-to-date: /home/vincent/pfe/ws/install/skid_drive_controller/share/skid_drive_controller/cmake/skid_drive_controllerConfig.cmake
[12.939s] -- Up-to-date: /home/vincent/pfe/ws/install/skid_drive_controller/share/skid_drive_controller/cmake/skid_drive_controllerConfig-version.cmake
[12.939s] -- Up-to-date: /home/vincent/pfe/ws/install/skid_drive_controller/share/skid_drive_controller/package.xml
[12.940s] Invoked command in '/home/vincent/pfe/ws/build/skid_drive_controller' returned '0': CMAKE_PREFIX_PATH=${CMAKE_PREFIX_PATH}:/opt/ros/humble /usr/bin/cmake --install /home/vincent/pfe/ws/build/skid_drive_controller
