[0.017s] Invoking command in '/home/vincent/pfe/open-manipulator/build/cmake_modules': CMAKE_PREFIX_PATH=${CMAKE_PREFIX_PATH}:/home/vincent/pfe/open-manipulator/install/open_manipulator_x_teleop:/opt/ros/humble /usr/bin/cmake /home/vincent/pfe/open-manipulator/open_manipulator_dependencies/cmake_modules -DAMENT_CMAKE_SYMLINK_INSTALL=1 -DCMAKE_INSTALL_PREFIX=/home/vincent/pfe/open-manipulator/install/cmake_modules
[0.074s] -- The C compiler identification is GNU 11.4.0
[0.128s] -- The CXX compiler identification is GNU 11.4.0
[0.134s] -- Detecting C compiler ABI info
[0.200s] -- Detecting C compiler ABI info - done
[0.209s] -- Check for working C compiler: /usr/bin/cc - skipped
[0.209s] -- Detecting C compile features
[0.210s] -- Detecting C compile features - done
[0.213s] -- Detecting CXX compiler ABI info
[0.287s] -- Detecting CXX compiler ABI info - done
[0.292s] -- Check for working CXX compiler: /usr/bin/c++ - skipped
[0.292s] -- Detecting CXX compile features
[0.292s] -- Detecting CXX compile features - done
[0.296s] -- Found ament_cmake: 1.3.9 (/opt/ros/humble/share/ament_cmake/cmake)
[0.456s] -- Found Python3: /usr/bin/python3 (found version "3.10.12") found components: Interpreter 
[0.534s] -- Override CMake install command with custom implementation using symlinks instead of copying resources
[0.644s] -- Configuring done
[0.647s] -- Generating done
[0.648s] -- Build files have been written to: /home/vincent/pfe/open-manipulator/build/cmake_modules
[0.652s] Invoked command in '/home/vincent/pfe/open-manipulator/build/cmake_modules' returned '0': CMAKE_PREFIX_PATH=${CMAKE_PREFIX_PATH}:/home/vincent/pfe/open-manipulator/install/open_manipulator_x_teleop:/opt/ros/humble /usr/bin/cmake /home/vincent/pfe/open-manipulator/open_manipulator_dependencies/cmake_modules -DAMENT_CMAKE_SYMLINK_INSTALL=1 -DCMAKE_INSTALL_PREFIX=/home/vincent/pfe/open-manipulator/install/cmake_modules
[0.653s] Invoking command in '/home/vincent/pfe/open-manipulator/build/cmake_modules': CMAKE_PREFIX_PATH=${CMAKE_PREFIX_PATH}:/home/vincent/pfe/open-manipulator/install/open_manipulator_x_teleop:/opt/ros/humble /usr/bin/cmake --build /home/vincent/pfe/open-manipulator/build/cmake_modules -- -j16 -l16
[0.691s] Invoked command in '/home/vincent/pfe/open-manipulator/build/cmake_modules' returned '0': CMAKE_PREFIX_PATH=${CMAKE_PREFIX_PATH}:/home/vincent/pfe/open-manipulator/install/open_manipulator_x_teleop:/opt/ros/humble /usr/bin/cmake --build /home/vincent/pfe/open-manipulator/build/cmake_modules -- -j16 -l16
[0.726s] Invoking command in '/home/vincent/pfe/open-manipulator/build/cmake_modules': CMAKE_PREFIX_PATH=${CMAKE_PREFIX_PATH}:/home/vincent/pfe/open-manipulator/install/open_manipulator_x_teleop:/opt/ros/humble /usr/bin/cmake --install /home/vincent/pfe/open-manipulator/build/cmake_modules
[0.733s] -- Install configuration: ""
[0.734s] -- Execute custom install script
[0.734s] -- Symlinking: /home/vincent/pfe/open-manipulator/install/cmake_modules/share/cmake_modules/cmake/Modules/FindGSL.cmake
[0.743s] -- Symlinking: /home/vincent/pfe/open-manipulator/install/cmake_modules/share/cmake_modules/cmake/Modules/FindGflags.cmake
[0.751s] -- Symlinking: /home/vincent/pfe/open-manipulator/install/cmake_modules/share/cmake_modules/cmake/Modules/FindNUMPY.cmake
[0.761s] -- Symlinking: /home/vincent/pfe/open-manipulator/install/cmake_modules/share/cmake_modules/cmake/Modules/FindPoco.cmake
[0.770s] -- Symlinking: /home/vincent/pfe/open-manipulator/install/cmake_modules/share/cmake_modules/cmake/Modules/FindTBB.cmake
[0.779s] -- Symlinking: /home/vincent/pfe/open-manipulator/install/cmake_modules/share/cmake_modules/cmake/Modules/FindTinyXML.cmake
[0.791s] -- Symlinking: /home/vincent/pfe/open-manipulator/install/cmake_modules/share/cmake_modules/cmake/Modules/FindTinyXML2.cmake
[0.799s] -- Symlinking: /home/vincent/pfe/open-manipulator/install/cmake_modules/share/cmake_modules/cmake/Modules/FindUUID.cmake
[0.810s] -- Symlinking: /home/vincent/pfe/open-manipulator/install/cmake_modules/share/cmake_modules/cmake/Modules/FindXenomai.cmake
[0.819s] -- Symlinking: /home/vincent/pfe/open-manipulator/install/cmake_modules/share/ament_index/resource_index/package_run_dependencies/cmake_modules
[0.830s] -- Symlinking: /home/vincent/pfe/open-manipulator/install/cmake_modules/share/ament_index/resource_index/parent_prefix_path/cmake_modules
[0.845s] -- Symlinking: /home/vincent/pfe/open-manipulator/install/cmake_modules/share/cmake_modules/environment/ament_prefix_path.sh
[0.855s] -- Symlinking: /home/vincent/pfe/open-manipulator/install/cmake_modules/share/cmake_modules/environment/ament_prefix_path.dsv
[0.866s] -- Symlinking: /home/vincent/pfe/open-manipulator/install/cmake_modules/share/cmake_modules/environment/path.sh
[0.880s] -- Symlinking: /home/vincent/pfe/open-manipulator/install/cmake_modules/share/cmake_modules/environment/path.dsv
[0.892s] -- Symlinking: /home/vincent/pfe/open-manipulator/install/cmake_modules/share/cmake_modules/local_setup.bash
[0.902s] -- Symlinking: /home/vincent/pfe/open-manipulator/install/cmake_modules/share/cmake_modules/local_setup.sh
[0.916s] -- Symlinking: /home/vincent/pfe/open-manipulator/install/cmake_modules/share/cmake_modules/local_setup.zsh
[0.929s] -- Symlinking: /home/vincent/pfe/open-manipulator/install/cmake_modules/share/cmake_modules/local_setup.dsv
[0.940s] -- Symlinking: /home/vincent/pfe/open-manipulator/install/cmake_modules/share/cmake_modules/package.dsv
[0.951s] -- Symlinking: /home/vincent/pfe/open-manipulator/install/cmake_modules/share/ament_index/resource_index/packages/cmake_modules
[0.967s] -- Symlinking: /home/vincent/pfe/open-manipulator/install/cmake_modules/share/cmake_modules/cmake/cmake_modules-extras.cmake
[0.977s] -- Symlinking: /home/vincent/pfe/open-manipulator/install/cmake_modules/share/cmake_modules/cmake/ament_cmake_export_dependencies-extras.cmake
[0.987s] -- Symlinking: /home/vincent/pfe/open-manipulator/install/cmake_modules/share/cmake_modules/cmake/cmake_modulesConfig.cmake
[1.001s] -- Symlinking: /home/vincent/pfe/open-manipulator/install/cmake_modules/share/cmake_modules/cmake/cmake_modulesConfig-version.cmake
[1.014s] -- Symlinking: /home/vincent/pfe/open-manipulator/install/cmake_modules/share/cmake_modules/package.xml
[1.027s] Invoked command in '/home/vincent/pfe/open-manipulator/build/cmake_modules' returned '0': CMAKE_PREFIX_PATH=${CMAKE_PREFIX_PATH}:/home/vincent/pfe/open-manipulator/install/open_manipulator_x_teleop:/opt/ros/humble /usr/bin/cmake --install /home/vincent/pfe/open-manipulator/build/cmake_modules
