[0.087s] DEBUG:colcon:Command line arguments: ['/usr/bin/colcon', 'build', '--symlink-install', '--cmake-args', '-DCMAKE_BUILD_TYPE=RelWithDebInfo']
[0.087s] DEBUG:colcon:Parsed command line arguments: Namespace(log_base=None, log_level=None, verb_name='build', build_base='build', install_base='install', merge_install=False, symlink_install=True, test_result_base=None, continue_on_error=False, executor='parallel', parallel_workers=16, event_handlers=None, ignore_user_meta=False, metas=['./colcon.meta'], base_paths=['.'], packages_ignore=None, packages_ignore_regex=None, paths=None, packages_up_to=None, packages_up_to_regex=None, packages_above=None, packages_above_and_dependencies=None, packages_above_depth=None, packages_select_by_dep=None, packages_skip_by_dep=None, packages_skip_up_to=None, packages_select_build_failed=False, packages_skip_build_finished=False, packages_select_test_failures=False, packages_skip_test_passed=False, packages_select=None, packages_skip=None, packages_select_regex=None, packages_skip_regex=None, packages_start=None, packages_end=None, allow_overriding=[], cmake_args=['-DCMAKE_BUILD_TYPE=RelWithDebInfo'], cmake_target=None, cmake_target_skip_unavailable=False, cmake_clean_cache=False, cmake_clean_first=False, cmake_force_configure=False, ament_cmake_args=None, catkin_cmake_args=None, catkin_skip_building_tests=False, mixin_files=None, mixin=None, verb_parser=<colcon_mixin.mixin.mixin_argument.MixinArgumentDecorator object at 0x7812dcf16b60>, verb_extension=<colcon_core.verb.build.BuildVerb object at 0x7812dd063220>, main=<bound method BuildVerb.main of <colcon_core.verb.build.BuildVerb object at 0x7812dd063220>>, mixin_verb=('build',))
[0.233s] Level 1:colcon.colcon_core.package_discovery:discover_packages(colcon_meta) check parameters
[0.233s] Level 1:colcon.colcon_core.package_discovery:discover_packages(recursive) check parameters
[0.233s] Level 1:colcon.colcon_core.package_discovery:discover_packages(ignore) check parameters
[0.233s] Level 1:colcon.colcon_core.package_discovery:discover_packages(path) check parameters
[0.233s] Level 1:colcon.colcon_core.package_discovery:discover_packages(colcon_meta) discover
[0.233s] Level 1:colcon.colcon_core.package_discovery:discover_packages(recursive) discover
[0.233s] INFO:colcon.colcon_core.package_discovery:Crawling recursively for packages in '/home/vincent/pfe/ws'
[0.233s] Level 1:colcon.colcon_core.package_identification:_identify(.) by extensions ['ignore', 'ignore_ament_install']
[0.233s] Level 1:colcon.colcon_core.package_identification:_identify(.) by extension 'ignore'
[0.233s] Level 1:colcon.colcon_core.package_identification:_identify(.) by extension 'ignore_ament_install'
[0.233s] Level 1:colcon.colcon_core.package_identification:_identify(.) by extensions ['colcon_pkg']
[0.233s] Level 1:colcon.colcon_core.package_identification:_identify(.) by extension 'colcon_pkg'
[0.233s] Level 1:colcon.colcon_core.package_identification:_identify(.) by extensions ['colcon_meta']
[0.233s] Level 1:colcon.colcon_core.package_identification:_identify(.) by extension 'colcon_meta'
[0.233s] Level 1:colcon.colcon_core.package_identification:_identify(.) by extensions ['ros']
[0.233s] Level 1:colcon.colcon_core.package_identification:_identify(.) by extension 'ros'
[0.242s] Level 1:colcon.colcon_core.package_identification:_identify(.) by extensions ['cmake', 'python']
[0.242s] Level 1:colcon.colcon_core.package_identification:_identify(.) by extension 'cmake'
[0.242s] Level 1:colcon.colcon_core.package_identification:_identify(.) by extension 'python'
[0.242s] Level 1:colcon.colcon_core.package_identification:_identify(.) by extensions ['python_setup_py']
[0.242s] Level 1:colcon.colcon_core.package_identification:_identify(.) by extension 'python_setup_py'
[0.242s] Level 1:colcon.colcon_core.package_identification:_identify(build) by extensions ['ignore', 'ignore_ament_install']
[0.242s] Level 1:colcon.colcon_core.package_identification:_identify(build) by extension 'ignore'
[0.242s] Level 1:colcon.colcon_core.package_identification:_identify(build) ignored
[0.242s] Level 1:colcon.colcon_core.package_identification:_identify(crawler) by extensions ['ignore', 'ignore_ament_install']
[0.242s] Level 1:colcon.colcon_core.package_identification:_identify(crawler) by extension 'ignore'
[0.242s] Level 1:colcon.colcon_core.package_identification:_identify(crawler) by extension 'ignore_ament_install'
[0.242s] Level 1:colcon.colcon_core.package_identification:_identify(crawler) by extensions ['colcon_pkg']
[0.242s] Level 1:colcon.colcon_core.package_identification:_identify(crawler) by extension 'colcon_pkg'
[0.242s] Level 1:colcon.colcon_core.package_identification:_identify(crawler) by extensions ['colcon_meta']
[0.243s] Level 1:colcon.colcon_core.package_identification:_identify(crawler) by extension 'colcon_meta'
[0.243s] Level 1:colcon.colcon_core.package_identification:_identify(crawler) by extensions ['ros']
[0.243s] Level 1:colcon.colcon_core.package_identification:_identify(crawler) by extension 'ros'
[0.244s] DEBUG:colcon.colcon_core.package_identification:Package 'crawler' with type 'ros.ament_cmake' and name 'crawler'
[0.245s] Level 1:colcon.colcon_core.package_identification:_identify(install) by extensions ['ignore', 'ignore_ament_install']
[0.245s] Level 1:colcon.colcon_core.package_identification:_identify(install) by extension 'ignore'
[0.245s] Level 1:colcon.colcon_core.package_identification:_identify(install) ignored
[0.245s] Level 1:colcon.colcon_core.package_identification:_identify(log) by extensions ['ignore', 'ignore_ament_install']
[0.245s] Level 1:colcon.colcon_core.package_identification:_identify(log) by extension 'ignore'
[0.245s] Level 1:colcon.colcon_core.package_identification:_identify(log) ignored
[0.245s] Level 1:colcon.colcon_core.package_identification:_identify(src) by extensions ['ignore', 'ignore_ament_install']
[0.245s] Level 1:colcon.colcon_core.package_identification:_identify(src) by extension 'ignore'
[0.245s] Level 1:colcon.colcon_core.package_identification:_identify(src) by extension 'ignore_ament_install'
[0.245s] Level 1:colcon.colcon_core.package_identification:_identify(src) by extensions ['colcon_pkg']
[0.245s] Level 1:colcon.colcon_core.package_identification:_identify(src) by extension 'colcon_pkg'
[0.245s] Level 1:colcon.colcon_core.package_identification:_identify(src) by extensions ['colcon_meta']
[0.245s] Level 1:colcon.colcon_core.package_identification:_identify(src) by extension 'colcon_meta'
[0.245s] Level 1:colcon.colcon_core.package_identification:_identify(src) by extensions ['ros']
[0.245s] Level 1:colcon.colcon_core.package_identification:_identify(src) by extension 'ros'
[0.245s] Level 1:colcon.colcon_core.package_identification:_identify(src) by extensions ['cmake', 'python']
[0.245s] Level 1:colcon.colcon_core.package_identification:_identify(src) by extension 'cmake'
[0.246s] Level 1:colcon.colcon_core.package_identification:_identify(src) by extension 'python'
[0.246s] Level 1:colcon.colcon_core.package_identification:_identify(src) by extensions ['python_setup_py']
[0.246s] Level 1:colcon.colcon_core.package_identification:_identify(src) by extension 'python_setup_py'
[0.246s] Level 1:colcon.colcon_core.package_identification:_identify(src/diffdrive_arduino) by extensions ['ignore', 'ignore_ament_install']
[0.246s] Level 1:colcon.colcon_core.package_identification:_identify(src/diffdrive_arduino) by extension 'ignore'
[0.246s] Level 1:colcon.colcon_core.package_identification:_identify(src/diffdrive_arduino) by extension 'ignore_ament_install'
[0.246s] Level 1:colcon.colcon_core.package_identification:_identify(src/diffdrive_arduino) by extensions ['colcon_pkg']
[0.246s] Level 1:colcon.colcon_core.package_identification:_identify(src/diffdrive_arduino) by extension 'colcon_pkg'
[0.246s] Level 1:colcon.colcon_core.package_identification:_identify(src/diffdrive_arduino) by extensions ['colcon_meta']
[0.246s] Level 1:colcon.colcon_core.package_identification:_identify(src/diffdrive_arduino) by extension 'colcon_meta'
[0.246s] Level 1:colcon.colcon_core.package_identification:_identify(src/diffdrive_arduino) by extensions ['ros']
[0.246s] Level 1:colcon.colcon_core.package_identification:_identify(src/diffdrive_arduino) by extension 'ros'
[0.247s] DEBUG:colcon.colcon_core.package_identification:Package 'src/diffdrive_arduino' with type 'ros.ament_cmake' and name 'diffdrive_arduino'
[0.247s] Level 1:colcon.colcon_core.package_identification:_identify(src/skid_drive_controller) by extensions ['ignore', 'ignore_ament_install']
[0.247s] Level 1:colcon.colcon_core.package_identification:_identify(src/skid_drive_controller) by extension 'ignore'
[0.247s] Level 1:colcon.colcon_core.package_identification:_identify(src/skid_drive_controller) by extension 'ignore_ament_install'
[0.247s] Level 1:colcon.colcon_core.package_identification:_identify(src/skid_drive_controller) by extensions ['colcon_pkg']
[0.247s] Level 1:colcon.colcon_core.package_identification:_identify(src/skid_drive_controller) by extension 'colcon_pkg'
[0.247s] Level 1:colcon.colcon_core.package_identification:_identify(src/skid_drive_controller) by extensions ['colcon_meta']
[0.247s] Level 1:colcon.colcon_core.package_identification:_identify(src/skid_drive_controller) by extension 'colcon_meta'
[0.247s] Level 1:colcon.colcon_core.package_identification:_identify(src/skid_drive_controller) by extensions ['ros']
[0.247s] Level 1:colcon.colcon_core.package_identification:_identify(src/skid_drive_controller) by extension 'ros'
[0.248s] DEBUG:colcon.colcon_core.package_identification:Package 'src/skid_drive_controller' with type 'ros.ament_cmake' and name 'skid_drive_controller'
[0.248s] Level 1:colcon.colcon_core.package_discovery:discover_packages(recursive) using defaults
[0.248s] Level 1:colcon.colcon_core.package_discovery:discover_packages(ignore) discover
[0.248s] Level 1:colcon.colcon_core.package_discovery:discover_packages(ignore) using defaults
[0.248s] Level 1:colcon.colcon_core.package_discovery:discover_packages(path) discover
[0.248s] Level 1:colcon.colcon_core.package_discovery:discover_packages(path) using defaults
[0.277s] Level 1:colcon.colcon_core.package_discovery:discover_packages(prefix_path) check parameters
[0.277s] Level 1:colcon.colcon_core.package_discovery:discover_packages(prefix_path) discover
[0.278s] DEBUG:colcon.colcon_installed_package_information.package_discovery:Found 3 installed packages in /home/vincent/pfe/ws/install
[0.279s] DEBUG:colcon.colcon_installed_package_information.package_discovery:Found 2 installed packages in /home/vincent/ros2_ws/install
[0.280s] DEBUG:colcon.colcon_installed_package_information.package_discovery:Found 443 installed packages in /opt/ros/humble
[0.282s] Level 1:colcon.colcon_core.package_discovery:discover_packages(prefix_path) using defaults
[0.323s] Level 5:colcon.colcon_core.verb:set package 'crawler' build argument 'cmake_args' from command line to '['-DCMAKE_BUILD_TYPE=RelWithDebInfo']'
[0.323s] Level 5:colcon.colcon_core.verb:set package 'crawler' build argument 'cmake_target' from command line to 'None'
[0.323s] Level 5:colcon.colcon_core.verb:set package 'crawler' build argument 'cmake_target_skip_unavailable' from command line to 'False'
[0.323s] Level 5:colcon.colcon_core.verb:set package 'crawler' build argument 'cmake_clean_cache' from command line to 'False'
[0.323s] Level 5:colcon.colcon_core.verb:set package 'crawler' build argument 'cmake_clean_first' from command line to 'False'
[0.323s] Level 5:colcon.colcon_core.verb:set package 'crawler' build argument 'cmake_force_configure' from command line to 'False'
[0.323s] Level 5:colcon.colcon_core.verb:set package 'crawler' build argument 'ament_cmake_args' from command line to 'None'
[0.323s] Level 5:colcon.colcon_core.verb:set package 'crawler' build argument 'catkin_cmake_args' from command line to 'None'
[0.323s] Level 5:colcon.colcon_core.verb:set package 'crawler' build argument 'catkin_skip_building_tests' from command line to 'False'
[0.323s] DEBUG:colcon.colcon_core.verb:Building package 'crawler' with the following arguments: {'ament_cmake_args': None, 'build_base': '/home/vincent/pfe/ws/build/crawler', 'catkin_cmake_args': None, 'catkin_skip_building_tests': False, 'cmake_args': ['-DCMAKE_BUILD_TYPE=RelWithDebInfo'], 'cmake_clean_cache': False, 'cmake_clean_first': False, 'cmake_force_configure': False, 'cmake_target': None, 'cmake_target_skip_unavailable': False, 'install_base': '/home/vincent/pfe/ws/install/crawler', 'merge_install': False, 'path': '/home/vincent/pfe/ws/crawler', 'symlink_install': True, 'test_result_base': None}
[0.324s] Level 5:colcon.colcon_core.verb:set package 'diffdrive_arduino' build argument 'cmake_args' from command line to '['-DCMAKE_BUILD_TYPE=RelWithDebInfo']'
[0.324s] Level 5:colcon.colcon_core.verb:set package 'diffdrive_arduino' build argument 'cmake_target' from command line to 'None'
[0.324s] Level 5:colcon.colcon_core.verb:set package 'diffdrive_arduino' build argument 'cmake_target_skip_unavailable' from command line to 'False'
[0.324s] Level 5:colcon.colcon_core.verb:set package 'diffdrive_arduino' build argument 'cmake_clean_cache' from command line to 'False'
[0.324s] Level 5:colcon.colcon_core.verb:set package 'diffdrive_arduino' build argument 'cmake_clean_first' from command line to 'False'
[0.324s] Level 5:colcon.colcon_core.verb:set package 'diffdrive_arduino' build argument 'cmake_force_configure' from command line to 'False'
[0.324s] Level 5:colcon.colcon_core.verb:set package 'diffdrive_arduino' build argument 'ament_cmake_args' from command line to 'None'
[0.324s] Level 5:colcon.colcon_core.verb:set package 'diffdrive_arduino' build argument 'catkin_cmake_args' from command line to 'None'
[0.324s] Level 5:colcon.colcon_core.verb:set package 'diffdrive_arduino' build argument 'catkin_skip_building_tests' from command line to 'False'
[0.324s] DEBUG:colcon.colcon_core.verb:Building package 'diffdrive_arduino' with the following arguments: {'ament_cmake_args': None, 'build_base': '/home/vincent/pfe/ws/build/diffdrive_arduino', 'catkin_cmake_args': None, 'catkin_skip_building_tests': False, 'cmake_args': ['-DCMAKE_BUILD_TYPE=RelWithDebInfo'], 'cmake_clean_cache': False, 'cmake_clean_first': False, 'cmake_force_configure': False, 'cmake_target': None, 'cmake_target_skip_unavailable': False, 'install_base': '/home/vincent/pfe/ws/install/diffdrive_arduino', 'merge_install': False, 'path': '/home/vincent/pfe/ws/src/diffdrive_arduino', 'symlink_install': True, 'test_result_base': None}
[0.324s] Level 5:colcon.colcon_core.verb:set package 'skid_drive_controller' build argument 'cmake_args' from command line to '['-DCMAKE_BUILD_TYPE=RelWithDebInfo']'
[0.324s] Level 5:colcon.colcon_core.verb:set package 'skid_drive_controller' build argument 'cmake_target' from command line to 'None'
[0.324s] Level 5:colcon.colcon_core.verb:set package 'skid_drive_controller' build argument 'cmake_target_skip_unavailable' from command line to 'False'
[0.324s] Level 5:colcon.colcon_core.verb:set package 'skid_drive_controller' build argument 'cmake_clean_cache' from command line to 'False'
[0.324s] Level 5:colcon.colcon_core.verb:set package 'skid_drive_controller' build argument 'cmake_clean_first' from command line to 'False'
[0.324s] Level 5:colcon.colcon_core.verb:set package 'skid_drive_controller' build argument 'cmake_force_configure' from command line to 'False'
[0.324s] Level 5:colcon.colcon_core.verb:set package 'skid_drive_controller' build argument 'ament_cmake_args' from command line to 'None'
[0.324s] Level 5:colcon.colcon_core.verb:set package 'skid_drive_controller' build argument 'catkin_cmake_args' from command line to 'None'
[0.324s] Level 5:colcon.colcon_core.verb:set package 'skid_drive_controller' build argument 'catkin_skip_building_tests' from command line to 'False'
[0.324s] DEBUG:colcon.colcon_core.verb:Building package 'skid_drive_controller' with the following arguments: {'ament_cmake_args': None, 'build_base': '/home/vincent/pfe/ws/build/skid_drive_controller', 'catkin_cmake_args': None, 'catkin_skip_building_tests': False, 'cmake_args': ['-DCMAKE_BUILD_TYPE=RelWithDebInfo'], 'cmake_clean_cache': False, 'cmake_clean_first': False, 'cmake_force_configure': False, 'cmake_target': None, 'cmake_target_skip_unavailable': False, 'install_base': '/home/vincent/pfe/ws/install/skid_drive_controller', 'merge_install': False, 'path': '/home/vincent/pfe/ws/src/skid_drive_controller', 'symlink_install': True, 'test_result_base': None}
[0.325s] INFO:colcon.colcon_core.executor:Executing jobs using 'parallel' executor
[0.325s] DEBUG:colcon.colcon_parallel_executor.executor.parallel:run_until_complete
[0.326s] INFO:colcon.colcon_ros.task.ament_cmake.build:Building ROS package in '/home/vincent/pfe/ws/crawler' with build type 'ament_cmake'
[0.326s] INFO:colcon.colcon_cmake.task.cmake.build:Building CMake package in '/home/vincent/pfe/ws/crawler'
[0.328s] INFO:colcon.colcon_core.plugin_system:Skipping extension 'colcon_core.shell.bat': Not used on non-Windows systems
[0.328s] INFO:colcon.colcon_core.shell:Skip shell extension 'powershell' for command environment: Not usable outside of PowerShell
[0.328s] DEBUG:colcon.colcon_core.shell:Skip shell extension 'dsv' for command environment
[0.332s] INFO:colcon.colcon_ros.task.ament_cmake.build:Building ROS package in '/home/vincent/pfe/ws/src/diffdrive_arduino' with build type 'ament_cmake'
[0.332s] INFO:colcon.colcon_cmake.task.cmake.build:Building CMake package in '/home/vincent/pfe/ws/src/diffdrive_arduino'
[0.332s] INFO:colcon.colcon_core.shell:Skip shell extension 'powershell' for command environment: Not usable outside of PowerShell
[0.332s] DEBUG:colcon.colcon_core.shell:Skip shell extension 'dsv' for command environment
[0.336s] INFO:colcon.colcon_ros.task.ament_cmake.build:Building ROS package in '/home/vincent/pfe/ws/src/skid_drive_controller' with build type 'ament_cmake'
[0.336s] INFO:colcon.colcon_cmake.task.cmake.build:Building CMake package in '/home/vincent/pfe/ws/src/skid_drive_controller'
[0.336s] INFO:colcon.colcon_core.shell:Skip shell extension 'powershell' for command environment: Not usable outside of PowerShell
[0.336s] DEBUG:colcon.colcon_core.shell:Skip shell extension 'dsv' for command environment
[0.345s] DEBUG:colcon.colcon_core.event_handler.log_command:Invoking command in '/home/vincent/pfe/ws/build/crawler': CMAKE_PREFIX_PATH=${CMAKE_PREFIX_PATH}:/opt/ros/humble /usr/bin/cmake --build /home/vincent/pfe/ws/build/crawler -- -j16 -l16
[0.349s] DEBUG:colcon.colcon_core.event_handler.log_command:Invoking command in '/home/vincent/pfe/ws/build/diffdrive_arduino': CMAKE_PREFIX_PATH=${CMAKE_PREFIX_PATH}:/opt/ros/humble /usr/bin/cmake --build /home/vincent/pfe/ws/build/diffdrive_arduino -- -j16 -l16
[0.353s] DEBUG:colcon.colcon_core.event_handler.log_command:Invoking command in '/home/vincent/pfe/ws/build/skid_drive_controller': CMAKE_PREFIX_PATH=${CMAKE_PREFIX_PATH}:/opt/ros/humble /usr/bin/cmake --build /home/vincent/pfe/ws/build/skid_drive_controller -- -j16 -l16
[0.393s] DEBUG:colcon.colcon_core.event_handler.log_command:Invoked command in '/home/vincent/pfe/ws/build/crawler' returned '0': CMAKE_PREFIX_PATH=${CMAKE_PREFIX_PATH}:/opt/ros/humble /usr/bin/cmake --build /home/vincent/pfe/ws/build/crawler -- -j16 -l16
[0.437s] DEBUG:colcon.colcon_core.event_handler.log_command:Invoking command in '/home/vincent/pfe/ws/build/crawler': CMAKE_PREFIX_PATH=${CMAKE_PREFIX_PATH}:/opt/ros/humble /usr/bin/cmake --install /home/vincent/pfe/ws/build/crawler
[0.438s] DEBUG:colcon.colcon_core.event_handler.log_command:Invoked command in '/home/vincent/pfe/ws/build/diffdrive_arduino' returned '0': CMAKE_PREFIX_PATH=${CMAKE_PREFIX_PATH}:/opt/ros/humble /usr/bin/cmake --build /home/vincent/pfe/ws/build/diffdrive_arduino -- -j16 -l16
[0.466s] Level 1:colcon.colcon_core.environment:create_environment_scripts_only(crawler)
[0.467s] DEBUG:colcon.colcon_core.event_handler.log_command:Invoked command in '/home/vincent/pfe/ws/build/crawler' returned '0': CMAKE_PREFIX_PATH=${CMAKE_PREFIX_PATH}:/opt/ros/humble /usr/bin/cmake --install /home/vincent/pfe/ws/build/crawler
[0.470s] Level 1:colcon.colcon_core.environment:checking '/home/vincent/pfe/ws/install/crawler' for CMake module files
[0.471s] Level 1:colcon.colcon_core.environment:checking '/home/vincent/pfe/ws/install/crawler' for CMake config files
[0.471s] Level 1:colcon.colcon_core.shell:create_environment_hook('crawler', 'cmake_prefix_path')
[0.471s] INFO:colcon.colcon_core.shell:Creating environment hook '/home/vincent/pfe/ws/install/crawler/share/crawler/hook/cmake_prefix_path.ps1'
[0.472s] INFO:colcon.colcon_core.shell:Creating environment descriptor '/home/vincent/pfe/ws/install/crawler/share/crawler/hook/cmake_prefix_path.dsv'
[0.473s] INFO:colcon.colcon_core.shell:Creating environment hook '/home/vincent/pfe/ws/install/crawler/share/crawler/hook/cmake_prefix_path.sh'
[0.474s] Level 1:colcon.colcon_core.environment:checking '/home/vincent/pfe/ws/install/crawler/bin'
[0.474s] Level 1:colcon.colcon_core.environment:checking '/home/vincent/pfe/ws/install/crawler/lib/pkgconfig/crawler.pc'
[0.474s] Level 1:colcon.colcon_core.environment:checking '/home/vincent/pfe/ws/install/crawler/lib/python3.10/site-packages'
[0.474s] Level 1:colcon.colcon_core.environment:checking '/home/vincent/pfe/ws/install/crawler/bin'
[0.475s] INFO:colcon.colcon_core.shell:Creating package script '/home/vincent/pfe/ws/install/crawler/share/crawler/package.ps1'
[0.476s] INFO:colcon.colcon_core.shell:Creating package descriptor '/home/vincent/pfe/ws/install/crawler/share/crawler/package.dsv'
[0.476s] INFO:colcon.colcon_core.shell:Creating package script '/home/vincent/pfe/ws/install/crawler/share/crawler/package.sh'
[0.477s] INFO:colcon.colcon_core.shell:Creating package script '/home/vincent/pfe/ws/install/crawler/share/crawler/package.bash'
[0.478s] INFO:colcon.colcon_core.shell:Creating package script '/home/vincent/pfe/ws/install/crawler/share/crawler/package.zsh'
[0.479s] Level 1:colcon.colcon_core.environment:create_file_with_runtime_dependencies(/home/vincent/pfe/ws/install/crawler/share/colcon-core/packages/crawler)
[0.482s] DEBUG:colcon.colcon_core.event_handler.log_command:Invoking command in '/home/vincent/pfe/ws/build/diffdrive_arduino': CMAKE_PREFIX_PATH=${CMAKE_PREFIX_PATH}:/opt/ros/humble /usr/bin/cmake --install /home/vincent/pfe/ws/build/diffdrive_arduino
[0.516s] Level 1:colcon.colcon_core.environment:create_environment_scripts_only(diffdrive_arduino)
[0.516s] Level 1:colcon.colcon_core.environment:checking '/home/vincent/pfe/ws/install/diffdrive_arduino' for CMake module files
[0.517s] DEBUG:colcon.colcon_core.event_handler.log_command:Invoked command in '/home/vincent/pfe/ws/build/diffdrive_arduino' returned '0': CMAKE_PREFIX_PATH=${CMAKE_PREFIX_PATH}:/opt/ros/humble /usr/bin/cmake --install /home/vincent/pfe/ws/build/diffdrive_arduino
[0.518s] Level 1:colcon.colcon_core.environment:checking '/home/vincent/pfe/ws/install/diffdrive_arduino' for CMake config files
[0.518s] Level 1:colcon.colcon_core.shell:create_environment_hook('diffdrive_arduino', 'cmake_prefix_path')
[0.518s] INFO:colcon.colcon_core.shell:Creating environment hook '/home/vincent/pfe/ws/install/diffdrive_arduino/share/diffdrive_arduino/hook/cmake_prefix_path.ps1'
[0.519s] INFO:colcon.colcon_core.shell:Creating environment descriptor '/home/vincent/pfe/ws/install/diffdrive_arduino/share/diffdrive_arduino/hook/cmake_prefix_path.dsv'
[0.519s] INFO:colcon.colcon_core.shell:Creating environment hook '/home/vincent/pfe/ws/install/diffdrive_arduino/share/diffdrive_arduino/hook/cmake_prefix_path.sh'
[0.520s] Level 1:colcon.colcon_core.environment:checking '/home/vincent/pfe/ws/install/diffdrive_arduino/lib'
[0.520s] Level 1:colcon.colcon_core.shell:create_environment_hook('diffdrive_arduino', 'ld_library_path_lib')
[0.520s] INFO:colcon.colcon_core.shell:Creating environment hook '/home/vincent/pfe/ws/install/diffdrive_arduino/share/diffdrive_arduino/hook/ld_library_path_lib.ps1'
[0.521s] INFO:colcon.colcon_core.shell:Creating environment descriptor '/home/vincent/pfe/ws/install/diffdrive_arduino/share/diffdrive_arduino/hook/ld_library_path_lib.dsv'
[0.521s] INFO:colcon.colcon_core.shell:Creating environment hook '/home/vincent/pfe/ws/install/diffdrive_arduino/share/diffdrive_arduino/hook/ld_library_path_lib.sh'
[0.521s] Level 1:colcon.colcon_core.environment:checking '/home/vincent/pfe/ws/install/diffdrive_arduino/bin'
[0.521s] Level 1:colcon.colcon_core.environment:checking '/home/vincent/pfe/ws/install/diffdrive_arduino/lib/pkgconfig/diffdrive_arduino.pc'
[0.522s] Level 1:colcon.colcon_core.environment:checking '/home/vincent/pfe/ws/install/diffdrive_arduino/lib/python3.10/site-packages'
[0.522s] Level 1:colcon.colcon_core.environment:checking '/home/vincent/pfe/ws/install/diffdrive_arduino/bin'
[0.522s] INFO:colcon.colcon_core.shell:Creating package script '/home/vincent/pfe/ws/install/diffdrive_arduino/share/diffdrive_arduino/package.ps1'
[0.523s] INFO:colcon.colcon_core.shell:Creating package descriptor '/home/vincent/pfe/ws/install/diffdrive_arduino/share/diffdrive_arduino/package.dsv'
[0.523s] INFO:colcon.colcon_core.shell:Creating package script '/home/vincent/pfe/ws/install/diffdrive_arduino/share/diffdrive_arduino/package.sh'
[0.524s] INFO:colcon.colcon_core.shell:Creating package script '/home/vincent/pfe/ws/install/diffdrive_arduino/share/diffdrive_arduino/package.bash'
[0.524s] INFO:colcon.colcon_core.shell:Creating package script '/home/vincent/pfe/ws/install/diffdrive_arduino/share/diffdrive_arduino/package.zsh'
[0.524s] Level 1:colcon.colcon_core.environment:create_file_with_runtime_dependencies(/home/vincent/pfe/ws/install/diffdrive_arduino/share/colcon-core/packages/diffdrive_arduino)
[0.526s] Level 1:colcon.colcon_core.environment:create_environment_scripts_only(crawler)
[0.526s] Level 1:colcon.colcon_core.environment:checking '/home/vincent/pfe/ws/install/crawler' for CMake module files
[0.527s] Level 1:colcon.colcon_core.environment:checking '/home/vincent/pfe/ws/install/crawler' for CMake config files
[0.528s] Level 1:colcon.colcon_core.shell:create_environment_hook('crawler', 'cmake_prefix_path')
[0.528s] INFO:colcon.colcon_core.shell:Creating environment hook '/home/vincent/pfe/ws/install/crawler/share/crawler/hook/cmake_prefix_path.ps1'
[0.528s] INFO:colcon.colcon_core.shell:Creating environment descriptor '/home/vincent/pfe/ws/install/crawler/share/crawler/hook/cmake_prefix_path.dsv'
[0.529s] INFO:colcon.colcon_core.shell:Creating environment hook '/home/vincent/pfe/ws/install/crawler/share/crawler/hook/cmake_prefix_path.sh'
[0.530s] Level 1:colcon.colcon_core.environment:checking '/home/vincent/pfe/ws/install/crawler/bin'
[0.530s] Level 1:colcon.colcon_core.environment:checking '/home/vincent/pfe/ws/install/crawler/lib/pkgconfig/crawler.pc'
[0.530s] Level 1:colcon.colcon_core.environment:checking '/home/vincent/pfe/ws/install/crawler/lib/python3.10/site-packages'
[0.530s] Level 1:colcon.colcon_core.environment:checking '/home/vincent/pfe/ws/install/crawler/bin'
[0.530s] INFO:colcon.colcon_core.shell:Creating package script '/home/vincent/pfe/ws/install/crawler/share/crawler/package.ps1'
[0.531s] INFO:colcon.colcon_core.shell:Creating package descriptor '/home/vincent/pfe/ws/install/crawler/share/crawler/package.dsv'
[0.531s] INFO:colcon.colcon_core.shell:Creating package script '/home/vincent/pfe/ws/install/crawler/share/crawler/package.sh'
[0.532s] INFO:colcon.colcon_core.shell:Creating package script '/home/vincent/pfe/ws/install/crawler/share/crawler/package.bash'
[0.532s] INFO:colcon.colcon_core.shell:Creating package script '/home/vincent/pfe/ws/install/crawler/share/crawler/package.zsh'
[0.532s] Level 1:colcon.colcon_core.environment:create_file_with_runtime_dependencies(/home/vincent/pfe/ws/install/crawler/share/colcon-core/packages/crawler)
[0.570s] Level 1:colcon.colcon_core.environment:create_environment_scripts_only(diffdrive_arduino)
[0.570s] Level 1:colcon.colcon_core.environment:checking '/home/vincent/pfe/ws/install/diffdrive_arduino' for CMake module files
[0.571s] Level 1:colcon.colcon_core.environment:checking '/home/vincent/pfe/ws/install/diffdrive_arduino' for CMake config files
[0.571s] Level 1:colcon.colcon_core.shell:create_environment_hook('diffdrive_arduino', 'cmake_prefix_path')
[0.571s] INFO:colcon.colcon_core.shell:Creating environment hook '/home/vincent/pfe/ws/install/diffdrive_arduino/share/diffdrive_arduino/hook/cmake_prefix_path.ps1'
[0.572s] INFO:colcon.colcon_core.shell:Creating environment descriptor '/home/vincent/pfe/ws/install/diffdrive_arduino/share/diffdrive_arduino/hook/cmake_prefix_path.dsv'
[0.572s] INFO:colcon.colcon_core.shell:Creating environment hook '/home/vincent/pfe/ws/install/diffdrive_arduino/share/diffdrive_arduino/hook/cmake_prefix_path.sh'
[0.573s] Level 1:colcon.colcon_core.environment:checking '/home/vincent/pfe/ws/install/diffdrive_arduino/lib'
[0.573s] Level 1:colcon.colcon_core.shell:create_environment_hook('diffdrive_arduino', 'ld_library_path_lib')
[0.573s] INFO:colcon.colcon_core.shell:Creating environment hook '/home/vincent/pfe/ws/install/diffdrive_arduino/share/diffdrive_arduino/hook/ld_library_path_lib.ps1'
[0.574s] INFO:colcon.colcon_core.shell:Creating environment descriptor '/home/vincent/pfe/ws/install/diffdrive_arduino/share/diffdrive_arduino/hook/ld_library_path_lib.dsv'
[0.574s] INFO:colcon.colcon_core.shell:Creating environment hook '/home/vincent/pfe/ws/install/diffdrive_arduino/share/diffdrive_arduino/hook/ld_library_path_lib.sh'
[0.574s] Level 1:colcon.colcon_core.environment:checking '/home/vincent/pfe/ws/install/diffdrive_arduino/bin'
[0.575s] Level 1:colcon.colcon_core.environment:checking '/home/vincent/pfe/ws/install/diffdrive_arduino/lib/pkgconfig/diffdrive_arduino.pc'
[0.575s] Level 1:colcon.colcon_core.environment:checking '/home/vincent/pfe/ws/install/diffdrive_arduino/lib/python3.10/site-packages'
[0.575s] Level 1:colcon.colcon_core.environment:checking '/home/vincent/pfe/ws/install/diffdrive_arduino/bin'
[0.575s] INFO:colcon.colcon_core.shell:Creating package script '/home/vincent/pfe/ws/install/diffdrive_arduino/share/diffdrive_arduino/package.ps1'
[0.576s] INFO:colcon.colcon_core.shell:Creating package descriptor '/home/vincent/pfe/ws/install/diffdrive_arduino/share/diffdrive_arduino/package.dsv'
[0.576s] INFO:colcon.colcon_core.shell:Creating package script '/home/vincent/pfe/ws/install/diffdrive_arduino/share/diffdrive_arduino/package.sh'
[0.577s] INFO:colcon.colcon_core.shell:Creating package script '/home/vincent/pfe/ws/install/diffdrive_arduino/share/diffdrive_arduino/package.bash'
[0.577s] INFO:colcon.colcon_core.shell:Creating package script '/home/vincent/pfe/ws/install/diffdrive_arduino/share/diffdrive_arduino/package.zsh'
[0.578s] Level 1:colcon.colcon_core.environment:create_file_with_runtime_dependencies(/home/vincent/pfe/ws/install/diffdrive_arduino/share/colcon-core/packages/diffdrive_arduino)
[8.044s] DEBUG:colcon.colcon_core.event_handler.log_command:Invoked command in '/home/vincent/pfe/ws/build/skid_drive_controller' returned '2': CMAKE_PREFIX_PATH=${CMAKE_PREFIX_PATH}:/opt/ros/humble /usr/bin/cmake --build /home/vincent/pfe/ws/build/skid_drive_controller -- -j16 -l16
[8.089s] Level 1:colcon.colcon_core.environment:create_environment_scripts_only(skid_drive_controller)
[8.090s] Level 1:colcon.colcon_core.environment:checking '/home/vincent/pfe/ws/install/skid_drive_controller' for CMake module files
[8.090s] Level 1:colcon.colcon_core.environment:checking '/home/vincent/pfe/ws/install/skid_drive_controller' for CMake config files
[8.091s] Level 1:colcon.colcon_core.shell:create_environment_hook('skid_drive_controller', 'cmake_prefix_path')
[8.091s] INFO:colcon.colcon_core.shell:Creating environment hook '/home/vincent/pfe/ws/install/skid_drive_controller/share/skid_drive_controller/hook/cmake_prefix_path.ps1'
[8.091s] INFO:colcon.colcon_core.shell:Creating environment descriptor '/home/vincent/pfe/ws/install/skid_drive_controller/share/skid_drive_controller/hook/cmake_prefix_path.dsv'
[8.091s] INFO:colcon.colcon_core.shell:Creating environment hook '/home/vincent/pfe/ws/install/skid_drive_controller/share/skid_drive_controller/hook/cmake_prefix_path.sh'
[8.092s] Level 1:colcon.colcon_core.environment:checking '/home/vincent/pfe/ws/install/skid_drive_controller/lib'
[8.092s] Level 1:colcon.colcon_core.shell:create_environment_hook('skid_drive_controller', 'ld_library_path_lib')
[8.092s] INFO:colcon.colcon_core.shell:Creating environment hook '/home/vincent/pfe/ws/install/skid_drive_controller/share/skid_drive_controller/hook/ld_library_path_lib.ps1'
[8.093s] INFO:colcon.colcon_core.shell:Creating environment descriptor '/home/vincent/pfe/ws/install/skid_drive_controller/share/skid_drive_controller/hook/ld_library_path_lib.dsv'
[8.093s] INFO:colcon.colcon_core.shell:Creating environment hook '/home/vincent/pfe/ws/install/skid_drive_controller/share/skid_drive_controller/hook/ld_library_path_lib.sh'
[8.093s] Level 1:colcon.colcon_core.environment:checking '/home/vincent/pfe/ws/install/skid_drive_controller/bin'
[8.093s] Level 1:colcon.colcon_core.environment:checking '/home/vincent/pfe/ws/install/skid_drive_controller/lib/pkgconfig/skid_drive_controller.pc'
[8.093s] Level 1:colcon.colcon_core.environment:checking '/home/vincent/pfe/ws/install/skid_drive_controller/lib/python3.10/site-packages'
[8.094s] Level 1:colcon.colcon_core.environment:checking '/home/vincent/pfe/ws/install/skid_drive_controller/bin'
[8.094s] INFO:colcon.colcon_core.shell:Creating package script '/home/vincent/pfe/ws/install/skid_drive_controller/share/skid_drive_controller/package.ps1'
[8.094s] INFO:colcon.colcon_core.shell:Creating package descriptor '/home/vincent/pfe/ws/install/skid_drive_controller/share/skid_drive_controller/package.dsv'
[8.095s] INFO:colcon.colcon_core.shell:Creating package script '/home/vincent/pfe/ws/install/skid_drive_controller/share/skid_drive_controller/package.sh'
[8.095s] INFO:colcon.colcon_core.shell:Creating package script '/home/vincent/pfe/ws/install/skid_drive_controller/share/skid_drive_controller/package.bash'
[8.096s] INFO:colcon.colcon_core.shell:Creating package script '/home/vincent/pfe/ws/install/skid_drive_controller/share/skid_drive_controller/package.zsh'
[8.096s] Level 1:colcon.colcon_core.environment:create_file_with_runtime_dependencies(/home/vincent/pfe/ws/install/skid_drive_controller/share/colcon-core/packages/skid_drive_controller)
[8.107s] DEBUG:colcon.colcon_parallel_executor.executor.parallel:closing loop
[8.107s] DEBUG:colcon.colcon_parallel_executor.executor.parallel:loop closed
[8.107s] DEBUG:colcon.colcon_parallel_executor.executor.parallel:run_until_complete finished with '2'
[8.107s] DEBUG:colcon.colcon_core.event_reactor:joining thread
[8.113s] INFO:colcon.colcon_core.plugin_system:Skipping extension 'colcon_notification.desktop_notification.notify_send': Could not find 'notify-send'
[8.113s] INFO:colcon.colcon_core.plugin_system:Skipping extension 'colcon_notification.desktop_notification.terminal_notifier': Not used on non-Darwin systems
[8.113s] INFO:colcon.colcon_core.plugin_system:Skipping extension 'colcon_notification.desktop_notification.win32': Not used on non-Windows systems
[8.113s] INFO:colcon.colcon_notification.desktop_notification:Sending desktop notification using 'notify2'
[8.133s] DEBUG:colcon.colcon_core.event_reactor:joined thread
[8.134s] INFO:colcon.colcon_core.shell:Creating prefix script '/home/vincent/pfe/ws/install/local_setup.ps1'
[8.135s] INFO:colcon.colcon_core.shell:Creating prefix util module '/home/vincent/pfe/ws/install/_local_setup_util_ps1.py'
[8.136s] INFO:colcon.colcon_core.shell:Creating prefix chain script '/home/vincent/pfe/ws/install/setup.ps1'
[8.137s] INFO:colcon.colcon_core.shell:Creating prefix script '/home/vincent/pfe/ws/install/local_setup.sh'
[8.138s] INFO:colcon.colcon_core.shell:Creating prefix util module '/home/vincent/pfe/ws/install/_local_setup_util_sh.py'
[8.138s] INFO:colcon.colcon_core.shell:Creating prefix chain script '/home/vincent/pfe/ws/install/setup.sh'
[8.139s] INFO:colcon.colcon_core.shell:Creating prefix script '/home/vincent/pfe/ws/install/local_setup.bash'
[8.140s] INFO:colcon.colcon_core.shell:Creating prefix chain script '/home/vincent/pfe/ws/install/setup.bash'
[8.140s] INFO:colcon.colcon_core.shell:Creating prefix script '/home/vincent/pfe/ws/install/local_setup.zsh'
[8.141s] INFO:colcon.colcon_core.shell:Creating prefix chain script '/home/vincent/pfe/ws/install/setup.zsh'
